[2023-03-26 22:41:45,462]: ---mrmd 3.0 start----
[2023-03-26 22:41:49,243]: ANOVA start...
[2023-03-26 22:41:49,287]: ANOVA  end.
[2023-03-26 22:41:49,287]: chi2 start...
[2023-03-26 22:41:49,333]: chi2 end.
[2023-03-26 22:41:49,333]: MI start...
[2023-03-26 22:41:53,695]: MI end.
[2023-03-26 22:41:53,696]: mrmd start...
[2023-03-26 22:41:55,637]: mrmd end.
[2023-03-26 22:41:55,637]: mrmr start...
[2023-03-26 22:42:05,394]: mrmr importance end.
[2023-03-26 22:42:05,395]: linear model start...
[2023-03-26 22:42:11,026]: linear model end.
[2023-03-26 22:42:11,026]: ref start...
[2023-03-26 22:45:00,391]: ref end.
[2023-03-26 22:45:00,393]: tree feature importance start...
[2023-03-26 22:45:26,912]: tree feature importance  end.
[2023-03-26 22:45:27,289]: The final  rank is
[2023-03-26 22:45:27,289]: 111 : 0.004339411053730876
[2023-03-26 22:45:27,289]: 232 : 0.004307038409437878
[2023-03-26 22:45:27,289]: 8 : 0.004245983819393701
[2023-03-26 22:45:27,289]: 276 : 0.0042402744233949125
[2023-03-26 22:45:27,289]: 176 : 0.004238042646709297
[2023-03-26 22:45:27,289]: 2 : 0.004219913661666607
[2023-03-26 22:45:27,289]: 257 : 0.004219903008196671
[2023-03-26 22:45:27,289]: 13 : 0.00421456927507436
[2023-03-26 22:45:27,289]: 77 : 0.004196159378169593
[2023-03-26 22:45:27,290]: 16 : 0.004191516262654978
[2023-03-26 22:45:27,290]: 208 : 0.004190454370796576
[2023-03-26 22:45:27,290]: 11 : 0.004185037192326334
[2023-03-26 22:45:27,290]: 149 : 0.004179980932293751
[2023-03-26 22:45:27,290]: 188 : 0.004175528840999583
[2023-03-26 22:45:27,290]: 228 : 0.004174757407008613
[2023-03-26 22:45:27,290]: 100 : 0.004174572243119584
[2023-03-26 22:45:27,290]: 195 : 0.004160936521367324
[2023-03-26 22:45:27,290]: 227 : 0.004147224651007719
[2023-03-26 22:45:27,290]: 246 : 0.004143736686347884
[2023-03-26 22:45:27,290]: 80 : 0.004141159057367795
[2023-03-26 22:45:27,290]: 198 : 0.004138960720305041
[2023-03-26 22:45:27,290]: 245 : 0.004106813373534326
[2023-03-26 22:45:27,290]: 201 : 0.004105343183742624
[2023-03-26 22:45:27,290]: 267 : 0.004103682903932394
[2023-03-26 22:45:27,290]: 202 : 0.0041012183519008325
[2023-03-26 22:45:27,290]: 175 : 0.004095851044751442
[2023-03-26 22:45:27,290]: 211 : 0.004085098329079829
[2023-03-26 22:45:27,290]: 255 : 0.004079590159716065
[2023-03-26 22:45:27,290]: 261 : 0.004077228398741322
[2023-03-26 22:45:27,290]: 75 : 0.004076109879385999
[2023-03-26 22:45:27,290]: 265 : 0.004073748125375649
[2023-03-26 22:45:27,290]: 237 : 0.004069387712374593
[2023-03-26 22:45:27,290]: 259 : 0.004068104578508373
[2023-03-26 22:45:27,290]: 39 : 0.004052463444291501
[2023-03-26 22:45:27,290]: 3 : 0.004044703928387206
[2023-03-26 22:45:27,290]: 115 : 0.004042768108257418
[2023-03-26 22:45:27,290]: 5 : 0.004041777229545194
[2023-03-26 22:45:27,290]: 12 : 0.004041301160107091
[2023-03-26 22:45:27,290]: 0 : 0.004036703279736594
[2023-03-26 22:45:27,290]: 44 : 0.00402644873693257
[2023-03-26 22:45:27,290]: 205 : 0.004010718195731426
[2023-03-26 22:45:27,290]: 247 : 0.004008609856436383
[2023-03-26 22:45:27,290]: 65 : 0.003999805517912112
[2023-03-26 22:45:27,290]: 102 : 0.0039979380232704215
[2023-03-26 22:45:27,290]: 170 : 0.0039927759494371995
[2023-03-26 22:45:27,290]: 219 : 0.003987938159543956
[2023-03-26 22:45:27,290]: 152 : 0.003982757096974255
[2023-03-26 22:45:27,290]: 92 : 0.003981414798565931
[2023-03-26 22:45:27,290]: 110 : 0.0039781099704410535
[2023-03-26 22:45:27,290]: 168 : 0.003976097053269753
[2023-03-26 22:45:27,290]: 242 : 0.003974941642006493
[2023-03-26 22:45:27,290]: 226 : 0.0039740639580574
[2023-03-26 22:45:27,290]: 244 : 0.003969353356675921
[2023-03-26 22:45:27,290]: 28 : 0.0039676922519721256
[2023-03-26 22:45:27,290]: 53 : 0.003965215410201815
[2023-03-26 22:45:27,290]: 140 : 0.003965122479906529
[2023-03-26 22:45:27,290]: 275 : 0.003956248300478492
[2023-03-26 22:45:27,290]: 123 : 0.003954984065900236
[2023-03-26 22:45:27,290]: 86 : 0.003952204903425542
[2023-03-26 22:45:27,291]: 159 : 0.003950830204727238
[2023-03-26 22:45:27,291]: 268 : 0.003947356842726266
[2023-03-26 22:45:27,291]: 212 : 0.003947206535234682
[2023-03-26 22:45:27,291]: 169 : 0.003946857125132487
[2023-03-26 22:45:27,291]: 17 : 0.003943919010191506
[2023-03-26 22:45:27,291]: 40 : 0.0039422721072785915
[2023-03-26 22:45:27,291]: 248 : 0.0039419299189734115
[2023-03-26 22:45:27,291]: 262 : 0.003939196091621278
[2023-03-26 22:45:27,291]: 240 : 0.00393715958468212
[2023-03-26 22:45:27,291]: 192 : 0.003937159365034333
[2023-03-26 22:45:27,291]: 230 : 0.003935526501152684
[2023-03-26 22:45:27,291]: 51 : 0.003932242741988762
[2023-03-26 22:45:27,291]: 167 : 0.0039295286377467814
[2023-03-26 22:45:27,291]: 32 : 0.003925207059399976
[2023-03-26 22:45:27,291]: 166 : 0.003924820868488856
[2023-03-26 22:45:27,291]: 116 : 0.0039039528014748943
[2023-03-26 22:45:27,291]: 56 : 0.003896256765470186
[2023-03-26 22:45:27,291]: 177 : 0.0038954433910054894
[2023-03-26 22:45:27,291]: 249 : 0.0038918188975938972
[2023-03-26 22:45:27,291]: 256 : 0.0038914967205076973
[2023-03-26 22:45:27,291]: 258 : 0.0038877273298680414
[2023-03-26 22:45:27,291]: 148 : 0.003878274683561365
[2023-03-26 22:45:27,291]: 68 : 0.003876853539984394
[2023-03-26 22:45:27,291]: 1 : 0.0038730483325091873
[2023-03-26 22:45:27,291]: 214 : 0.0038725305404306884
[2023-03-26 22:45:27,291]: 209 : 0.0038685754412213858
[2023-03-26 22:45:27,291]: 206 : 0.0038681214196938673
[2023-03-26 22:45:27,291]: 165 : 0.0038680609388299196
[2023-03-26 22:45:27,291]: 224 : 0.0038657026326470363
[2023-03-26 22:45:27,291]: 180 : 0.0038647402395726583
[2023-03-26 22:45:27,291]: 171 : 0.0038627558387743315
[2023-03-26 22:45:27,291]: 199 : 0.0038623449140778895
[2023-03-26 22:45:27,291]: 125 : 0.003859683789845152
[2023-03-26 22:45:27,291]: 104 : 0.0038585038102585748
[2023-03-26 22:45:27,291]: 222 : 0.0038572338569448053
[2023-03-26 22:45:27,291]: 269 : 0.0038570096847247996
[2023-03-26 22:45:27,291]: 160 : 0.0038561009189010927
[2023-03-26 22:45:27,291]: 119 : 0.0038556824459229353
[2023-03-26 22:45:27,291]: 7 : 0.0038547605937430127
[2023-03-26 22:45:27,291]: 225 : 0.003849796721768396
[2023-03-26 22:45:27,291]: 113 : 0.003848422369369184
[2023-03-26 22:45:27,291]: 271 : 0.0038429819529124036
[2023-03-26 22:45:27,291]: 10 : 0.0038411403564100662
[2023-03-26 22:45:27,292]: 197 : 0.003837339586709864
[2023-03-26 22:45:27,292]: 229 : 0.0038336158231688138
[2023-03-26 22:45:27,292]: 134 : 0.003828937139349212
[2023-03-26 22:45:27,292]: 278 : 0.0038287943084281185
[2023-03-26 22:45:27,292]: 253 : 0.0038272406702996712
[2023-03-26 22:45:27,292]: 91 : 0.0038251932499859535
[2023-03-26 22:45:27,292]: 181 : 0.0038215421157627746
[2023-03-26 22:45:27,292]: 191 : 0.0038211127698981454
[2023-03-26 22:45:27,292]: 236 : 0.003814462537518425
[2023-03-26 22:45:27,292]: 161 : 0.003813392068694293
[2023-03-26 22:45:27,292]: 135 : 0.00381325051351135
[2023-03-26 22:45:27,292]: 215 : 0.0038042232693882364
[2023-03-26 22:45:27,292]: 252 : 0.00380378642469367
[2023-03-26 22:45:27,292]: 101 : 0.0037997274014988174
[2023-03-26 22:45:27,292]: 9 : 0.0037921217508084166
[2023-03-26 22:45:27,292]: 210 : 0.003791680643938851
[2023-03-26 22:45:27,292]: 260 : 0.003790206986073768
[2023-03-26 22:45:27,292]: 251 : 0.0037891090069761724
[2023-03-26 22:45:27,292]: 81 : 0.0037863582996570497
[2023-03-26 22:45:27,292]: 54 : 0.0037827747785713285
[2023-03-26 22:45:27,292]: 64 : 0.0037792367260288074
[2023-03-26 22:45:27,292]: 158 : 0.0037767999627836947
[2023-03-26 22:45:27,292]: 33 : 0.003764954520953365
[2023-03-26 22:45:27,292]: 127 : 0.0037625902576182155
[2023-03-26 22:45:27,292]: 235 : 0.0037589193957155193
[2023-03-26 22:45:27,292]: 178 : 0.003757667626869207
[2023-03-26 22:45:27,292]: 124 : 0.003753055476544075
[2023-03-26 22:45:27,292]: 162 : 0.003753025823648755
[2023-03-26 22:45:27,292]: 241 : 0.003745804591542189
[2023-03-26 22:45:27,292]: 112 : 0.0037426820858422194
[2023-03-26 22:45:27,292]: 216 : 0.0037388938187264127
[2023-03-26 22:45:27,292]: 174 : 0.003738630683712239
[2023-03-26 22:45:27,292]: 76 : 0.0037327257169581245
[2023-03-26 22:45:27,292]: 194 : 0.0037327058508431752
[2023-03-26 22:45:27,292]: 220 : 0.003724796309750931
[2023-03-26 22:45:27,292]: 189 : 0.003715291642973359
[2023-03-26 22:45:27,292]: 93 : 0.003707908162346065
[2023-03-26 22:45:27,292]: 277 : 0.003707776890896541
[2023-03-26 22:45:27,292]: 266 : 0.003707059606897405
[2023-03-26 22:45:27,292]: 15 : 0.0037069864342183616
[2023-03-26 22:45:27,292]: 221 : 0.003706071797619439
[2023-03-26 22:45:27,292]: 179 : 0.0037056412316880624
[2023-03-26 22:45:27,292]: 273 : 0.0036975193545469927
[2023-03-26 22:45:27,292]: 29 : 0.0036973231361244955
[2023-03-26 22:45:27,292]: 239 : 0.0036918632482775575
[2023-03-26 22:45:27,292]: 190 : 0.003689985460915124
[2023-03-26 22:45:27,292]: 250 : 0.0036888367380295303
[2023-03-26 22:45:27,292]: 42 : 0.0036853493946204176
[2023-03-26 22:45:27,292]: 185 : 0.0036845594247365485
[2023-03-26 22:45:27,292]: 87 : 0.0036842176600774498
[2023-03-26 22:45:27,293]: 150 : 0.0036827830393182078
[2023-03-26 22:45:27,293]: 95 : 0.0036761404860153994
[2023-03-26 22:45:27,293]: 94 : 0.0036670984213459257
[2023-03-26 22:45:27,293]: 193 : 0.0036666746832845322
[2023-03-26 22:45:27,293]: 31 : 0.0036449761331287314
[2023-03-26 22:45:27,293]: 66 : 0.003642100069374885
[2023-03-26 22:45:27,293]: 41 : 0.0036400142009491375
[2023-03-26 22:45:27,293]: 99 : 0.0036375525800042582
[2023-03-26 22:45:27,293]: 223 : 0.0036371298499411984
[2023-03-26 22:45:27,293]: 147 : 0.0036361670071872352
[2023-03-26 22:45:27,293]: 137 : 0.0036344792280681
[2023-03-26 22:45:27,293]: 218 : 0.003634463519317059
[2023-03-26 22:45:27,293]: 117 : 0.003633585447859172
[2023-03-26 22:45:27,293]: 38 : 0.0036274897166102917
[2023-03-26 22:45:27,293]: 120 : 0.0036257073663155857
[2023-03-26 22:45:27,293]: 203 : 0.0036241298835107917
[2023-03-26 22:45:27,293]: 4 : 0.0036230015823889156
[2023-03-26 22:45:27,293]: 20 : 0.003619334320853206
[2023-03-26 22:45:27,293]: 272 : 0.0036187856888231173
[2023-03-26 22:45:27,293]: 254 : 0.0036158142552933396
[2023-03-26 22:45:27,293]: 146 : 0.003614352535324571
[2023-03-26 22:45:27,293]: 90 : 0.0036128108674978025
[2023-03-26 22:45:27,293]: 89 : 0.0035997702064327593
[2023-03-26 22:45:27,293]: 114 : 0.003593542928327965
[2023-03-26 22:45:27,293]: 196 : 0.003589442310168445
[2023-03-26 22:45:27,293]: 234 : 0.0035866934200247465
[2023-03-26 22:45:27,293]: 6 : 0.0035860943369443493
[2023-03-26 22:45:27,293]: 207 : 0.0035860576491142594
[2023-03-26 22:45:27,293]: 187 : 0.0035775476294698516
[2023-03-26 22:45:27,293]: 186 : 0.003575448559398468
[2023-03-26 22:45:27,293]: 118 : 0.003574373322889152
[2023-03-26 22:45:27,293]: 182 : 0.0035740306257395914
[2023-03-26 22:45:27,293]: 52 : 0.0035690134013824236
[2023-03-26 22:45:27,293]: 163 : 0.0035656946758787053
[2023-03-26 22:45:27,293]: 63 : 0.003565675561448187
[2023-03-26 22:45:27,293]: 136 : 0.0035624466495436193
[2023-03-26 22:45:27,293]: 30 : 0.0035581233037329375
[2023-03-26 22:45:27,293]: 213 : 0.003551519599012675
[2023-03-26 22:45:27,293]: 128 : 0.0035417790348897154
[2023-03-26 22:45:27,293]: 58 : 0.0035353363340984577
[2023-03-26 22:45:27,293]: 109 : 0.003531064275571308
[2023-03-26 22:45:27,293]: 231 : 0.0035282204497908416
[2023-03-26 22:45:27,293]: 238 : 0.0035223349467739676
[2023-03-26 22:45:27,293]: 62 : 0.0035103868300490173
[2023-03-26 22:45:27,293]: 126 : 0.003508673297425742
[2023-03-26 22:45:27,293]: 133 : 0.0035038398182047244
[2023-03-26 22:45:27,293]: 107 : 0.003502202911714811
[2023-03-26 22:45:27,293]: 74 : 0.0034919863483029072
[2023-03-26 22:45:27,293]: 35 : 0.0034806696436893154
[2023-03-26 22:45:27,293]: 200 : 0.0034674532490343657
[2023-03-26 22:45:27,293]: 57 : 0.003442148866924956
[2023-03-26 22:45:27,294]: 233 : 0.003434496477649704
[2023-03-26 22:45:27,294]: 106 : 0.003425645031804486
[2023-03-26 22:45:27,294]: 121 : 0.003424188141081447
[2023-03-26 22:45:27,294]: 46 : 0.0034211906737509745
[2023-03-26 22:45:27,294]: 88 : 0.0034186473300189648
[2023-03-26 22:45:27,294]: 24 : 0.0034152078834691897
[2023-03-26 22:45:27,294]: 59 : 0.003413272925805067
[2023-03-26 22:45:27,294]: 27 : 0.00340748029431795
[2023-03-26 22:45:27,294]: 34 : 0.003403393328922613
[2023-03-26 22:45:27,294]: 61 : 0.003376972847943138
[2023-03-26 22:45:27,294]: 79 : 0.003360201694528591
[2023-03-26 22:45:27,294]: 142 : 0.0033507444639146984
[2023-03-26 22:45:27,294]: 105 : 0.0033467603331545828
[2023-03-26 22:45:27,294]: 18 : 0.003334945537754099
[2023-03-26 22:45:27,294]: 98 : 0.0033345012570798176
[2023-03-26 22:45:27,294]: 103 : 0.00331006006261666
[2023-03-26 22:45:27,294]: 184 : 0.0033000755210024703
[2023-03-26 22:45:27,294]: 82 : 0.0032802093190109384
[2023-03-26 22:45:27,294]: 48 : 0.003271590846874563
[2023-03-26 22:45:27,294]: 23 : 0.003264791409670893
[2023-03-26 22:45:27,294]: 122 : 0.0032574994185757293
[2023-03-26 22:45:27,294]: 97 : 0.003243479033883341
[2023-03-26 22:45:27,294]: 26 : 0.003241087983347566
[2023-03-26 22:45:27,294]: 172 : 0.0032286680850815135
[2023-03-26 22:45:27,294]: 78 : 0.003225844973758044
[2023-03-26 22:45:27,294]: 217 : 0.003225078333749704
[2023-03-26 22:45:27,294]: 73 : 0.0032243239072820406
[2023-03-26 22:45:27,294]: 70 : 0.0032183733339344023
[2023-03-26 22:45:27,294]: 36 : 0.0032089006404523576
[2023-03-26 22:45:27,294]: 173 : 0.003201369516766559
[2023-03-26 22:45:27,294]: 270 : 0.0031930448072794463
[2023-03-26 22:45:27,294]: 60 : 0.003183247887283618
[2023-03-26 22:45:27,294]: 183 : 0.0031765107019656883
[2023-03-26 22:45:27,294]: 14 : 0.0031688497589886628
[2023-03-26 22:45:27,294]: 243 : 0.0031680192719621353
[2023-03-26 22:45:27,294]: 130 : 0.0031622677995947392
[2023-03-26 22:45:27,294]: 129 : 0.0031410014292342294
[2023-03-26 22:45:27,294]: 204 : 0.003137748751800069
[2023-03-26 22:45:27,294]: 71 : 0.003126043396198987
[2023-03-26 22:45:27,294]: 50 : 0.0031003729751819887
[2023-03-26 22:45:27,294]: 138 : 0.0030970074743932627
[2023-03-26 22:45:27,294]: 96 : 0.0030879997412356494
[2023-03-26 22:45:27,294]: 43 : 0.0030730666392942726
[2023-03-26 22:45:27,294]: 108 : 0.003069190219724057
[2023-03-26 22:45:27,294]: 55 : 0.0030592906164046427
[2023-03-26 22:45:27,294]: 37 : 0.00304244224987012
[2023-03-26 22:45:27,294]: 25 : 0.003019359151909059
[2023-03-26 22:45:27,294]: 154 : 0.0029420394333471494
[2023-03-26 22:45:27,294]: 263 : 0.002917318753213327
[2023-03-26 22:45:27,294]: 49 : 0.0028585918401358695
[2023-03-26 22:45:27,294]: 22 : 0.002832228865288499
[2023-03-26 22:45:27,294]: 153 : 0.0027998174589058296
[2023-03-26 22:45:27,295]: 72 : 0.002782163243907314
[2023-03-26 22:45:27,295]: 21 : 0.0027347133321281203
[2023-03-26 22:45:27,295]: 155 : 0.002710505201752183
[2023-03-26 22:45:27,295]: 144 : 0.0026643217790121025
[2023-03-26 22:45:27,295]: 84 : 0.0026399598807081517
[2023-03-26 22:45:27,295]: 45 : 0.0026302494162690265
[2023-03-26 22:45:27,295]: 19 : 0.00252454918590285
[2023-03-26 22:45:27,295]: 164 : 0.002489958855348912
[2023-03-26 22:45:27,295]: 85 : 0.0024607604304132005
[2023-03-26 22:45:27,295]: 151 : 0.0024131056499788455
[2023-03-26 22:45:27,295]: 83 : 0.0023638657931995288
[2023-03-26 22:45:27,295]: 47 : 0.0023579263562005987
[2023-03-26 22:45:27,295]: 132 : 0.0023474466608873618
[2023-03-26 22:45:27,295]: 69 : 0.002295299304689197
[2023-03-26 22:45:27,295]: 264 : 0.0022850055976103693
[2023-03-26 22:45:27,295]: 274 : 0.00206938377536842
[2023-03-26 22:45:27,295]: 67 : 0.0020121298310853946
[2023-03-26 22:45:27,295]: 141 : 0.0019593763571778364
[2023-03-26 22:45:27,295]: 145 : 0.0018821054214720207
[2023-03-26 22:45:27,295]: 143 : 0.001837610317859797
[2023-03-26 22:45:27,295]: 157 : 0.0018165035830980613
[2023-03-26 22:45:27,295]: 131 : 0.0017580448548088828
[2023-03-26 22:45:27,295]: 156 : 0.0016917154931270525
[2023-03-26 22:45:27,295]: 139 : 0.001069203400475003
[2023-03-26 22:45:27,380]: rank result:
[2023-03-26 22:45:27,380]: ['111', '232', '8', '276', '176', '2', '257', '13', '77', '16', '208', '11', '149', '188', '228', '100', '195', '227', '246', '80', '198', '245', '201', '267', '202', '175', '211', '255', '261', '75', '265', '237', '259', '39', '3', '115', '5', '12', '0', '44', '205', '247', '65', '102', '170', '219', '152', '92', '110', '168', '242', '226', '244', '28', '53', '140', '275', '123', '86', '159', '268', '212', '169', '17', '40', '248', '262', '240', '192', '230', '51', '167', '32', '166', '116', '56', '177', '249', '256', '258', '148', '68', '1', '214', '209', '206', '165', '224', '180', '171', '199', '125', '104', '222', '269', '160', '119', '7', '225', '113', '271', '10', '197', '229', '134', '278', '253', '91', '181', '191', '236', '161', '135', '215', '252', '101', '9', '210', '260', '251', '81', '54', '64', '158', '33', '127', '235', '178', '124', '162', '241', '112', '216', '174', '76', '194', '220', '189', '93', '277', '266', '15', '221', '179', '273', '29', '239', '190', '250', '42', '185', '87', '150', '95', '94', '193', '31', '66', '41', '99', '223', '147', '137', '218', '117', '38', '120', '203', '4', '20', '272', '254', '146', '90', '89', '114', '196', '234', '6', '207', '187', '186', '118', '182', '52', '163', '63', '136', '30', '213', '128', '58', '109', '231', '238', '62', '126', '133', '107', '74', '35', '200', '57', '233', '106', '121', '46', '88', '24', '59', '27', '34', '61', '79', '142', '105', '18', '98', '103', '184', '82', '48', '23', '122', '97', '26', '172', '78', '217', '73', '70', '36', '173', '270', '60', '183', '14', '243', '130', '129', '204', '71', '50', '138', '96', '43', '108', '55', '37', '25', '154', '263', '49', '22', '153', '72', '21', '155', '144', '84', '45', '19', '164', '85', '151', '83', '47', '132', '69', '264', '274', '67', '141', '145', '143', '157', '131', '156', '139']
[2023-03-26 22:45:27,380]: Start dimension reduction ...
[2023-03-26 22:45:28,300]: length=1 f1=0.0000 accuarcy=0.0000 precision=0.0000 recall=0.0000 auc=0.0000 
[2023-03-26 22:45:28,709]: length=2 f1=0.0638 accuarcy=0.0376 precision=0.2349 recall=0.0376 auc=0.0000 
[2023-03-26 22:45:29,103]: length=3 f1=0.0692 accuarcy=0.0420 precision=0.3341 recall=0.0420 auc=0.0000 
[2023-03-26 22:45:29,496]: length=4 f1=0.0534 accuarcy=0.0332 precision=0.1513 recall=0.0332 auc=0.0000 
[2023-03-26 22:45:29,619]: length=5 f1=0.0292 accuarcy=0.0177 precision=0.0834 recall=0.0177 auc=0.0000 
[2023-03-26 22:45:29,741]: length=6 f1=0.0413 accuarcy=0.0265 precision=0.1051 recall=0.0265 auc=0.0000 
[2023-03-26 22:45:29,853]: length=7 f1=0.0340 accuarcy=0.0221 precision=0.0897 recall=0.0221 auc=0.0000 
[2023-03-26 22:45:29,975]: length=8 f1=0.0320 accuarcy=0.0199 precision=0.0859 recall=0.0199 auc=0.0000 
[2023-03-26 22:45:30,122]: length=9 f1=0.0404 accuarcy=0.0265 precision=0.1028 recall=0.0265 auc=0.0000 
[2023-03-26 22:45:30,253]: length=10 f1=0.0334 accuarcy=0.0221 precision=0.0883 recall=0.0221 auc=0.0000 
[2023-03-26 22:45:30,375]: length=11 f1=0.0303 accuarcy=0.0199 precision=0.0794 recall=0.0199 auc=0.0000 
[2023-03-26 22:45:30,491]: length=12 f1=0.0339 accuarcy=0.0221 precision=0.0966 recall=0.0221 auc=0.0000 
[2023-03-26 22:45:30,623]: length=13 f1=0.0376 accuarcy=0.0243 precision=0.1022 recall=0.0243 auc=0.0000 
[2023-03-26 22:45:30,760]: length=14 f1=0.0360 accuarcy=0.0221 precision=0.0992 recall=0.0221 auc=0.0000 
[2023-03-26 22:45:30,882]: length=15 f1=0.0376 accuarcy=0.0243 precision=0.1032 recall=0.0243 auc=0.0000 
[2023-03-26 22:45:31,008]: length=16 f1=0.0444 accuarcy=0.0288 precision=0.1198 recall=0.0288 auc=0.0000 
[2023-03-26 22:45:31,140]: length=17 f1=0.0361 accuarcy=0.0221 precision=0.0986 recall=0.0221 auc=0.0000 
[2023-03-26 22:45:31,263]: length=18 f1=0.0292 accuarcy=0.0177 precision=0.0834 recall=0.0177 auc=0.0000 
[2023-03-26 22:45:31,415]: length=19 f1=0.0297 accuarcy=0.0177 precision=0.0949 recall=0.0177 auc=0.0000 
[2023-03-26 22:45:31,560]: length=20 f1=0.0301 accuarcy=0.0177 precision=0.1008 recall=0.0177 auc=0.0000 
[2023-03-26 22:45:31,719]: length=21 f1=0.0364 accuarcy=0.0221 precision=0.1068 recall=0.0221 auc=0.0000 
[2023-03-26 22:45:31,876]: length=22 f1=0.0330 accuarcy=0.0199 precision=0.1015 recall=0.0199 auc=0.0000 
[2023-03-26 22:45:32,015]: length=23 f1=0.0263 accuarcy=0.0155 precision=0.0862 recall=0.0155 auc=0.0000 
[2023-03-26 22:45:32,147]: length=24 f1=0.0260 accuarcy=0.0155 precision=0.0807 recall=0.0155 auc=0.0000 
[2023-03-26 22:45:32,300]: length=25 f1=0.0338 accuarcy=0.0199 precision=0.1109 recall=0.0199 auc=0.0000 
[2023-03-26 22:45:32,619]: length=26 f1=0.0293 accuarcy=0.0177 precision=0.0897 recall=0.0177 auc=0.0000 
[2023-03-26 22:45:32,770]: length=27 f1=0.0262 accuarcy=0.0155 precision=0.0843 recall=0.0155 auc=0.0000 
[2023-03-26 22:45:32,937]: length=28 f1=0.0263 accuarcy=0.0155 precision=0.0882 recall=0.0155 auc=0.0000 
[2023-03-26 22:45:33,079]: length=29 f1=0.0262 accuarcy=0.0155 precision=0.0843 recall=0.0155 auc=0.0000 
[2023-03-26 22:45:33,235]: length=30 f1=0.0334 accuarcy=0.0199 precision=0.1087 recall=0.0199 auc=0.0000 
[2023-03-26 22:45:33,374]: length=31 f1=0.0271 accuarcy=0.0177 precision=0.0868 recall=0.0177 auc=0.0000 
[2023-03-26 22:45:33,516]: length=32 f1=0.0264 accuarcy=0.0155 precision=0.0903 recall=0.0155 auc=0.0000 
[2023-03-26 22:45:33,657]: length=33 f1=0.0300 accuarcy=0.0177 precision=0.0986 recall=0.0177 auc=0.0000 
[2023-03-26 22:45:33,791]: length=34 f1=0.0263 accuarcy=0.0155 precision=0.0862 recall=0.0155 auc=0.0000 
[2023-03-26 22:45:33,916]: length=35 f1=0.0299 accuarcy=0.0177 precision=0.0964 recall=0.0177 auc=0.0000 
[2023-03-26 22:45:34,051]: length=36 f1=0.0297 accuarcy=0.0177 precision=0.0923 recall=0.0177 auc=0.0000 
[2023-03-26 22:45:34,187]: length=37 f1=0.0263 accuarcy=0.0155 precision=0.0862 recall=0.0155 auc=0.0000 
[2023-03-26 22:45:34,331]: length=38 f1=0.0227 accuarcy=0.0133 precision=0.0793 recall=0.0133 auc=0.0000 
[2023-03-26 22:45:34,507]: length=39 f1=0.0269 accuarcy=0.0177 precision=0.0830 recall=0.0177 auc=0.0000 
[2023-03-26 22:45:34,666]: length=40 f1=0.0301 accuarcy=0.0177 precision=0.1008 recall=0.0177 auc=0.0000 
[2023-03-26 22:45:34,804]: length=41 f1=0.0263 accuarcy=0.0155 precision=0.0862 recall=0.0155 auc=0.0000 
[2023-03-26 22:45:34,940]: length=42 f1=0.0228 accuarcy=0.0133 precision=0.0813 recall=0.0133 auc=0.0000 
[2023-03-26 22:45:35,075]: length=43 f1=0.0227 accuarcy=0.0133 precision=0.0793 recall=0.0133 auc=0.0000 
[2023-03-26 22:45:35,218]: length=44 f1=0.0264 accuarcy=0.0155 precision=0.0903 recall=0.0155 auc=0.0000 
[2023-03-26 22:45:35,369]: length=45 f1=0.0263 accuarcy=0.0155 precision=0.0862 recall=0.0155 auc=0.0000 
[2023-03-26 22:45:35,516]: length=46 f1=0.0266 accuarcy=0.0155 precision=0.0949 recall=0.0155 auc=0.0000 
[2023-03-26 22:45:35,655]: length=47 f1=0.0230 accuarcy=0.0133 precision=0.0856 recall=0.0133 auc=0.0000 
[2023-03-26 22:45:35,794]: length=48 f1=0.0228 accuarcy=0.0133 precision=0.0813 recall=0.0133 auc=0.0000 
[2023-03-26 22:45:35,937]: length=49 f1=0.0227 accuarcy=0.0133 precision=0.0774 recall=0.0133 auc=0.0000 
[2023-03-26 22:45:36,074]: length=50 f1=0.0333 accuarcy=0.0199 precision=0.1016 recall=0.0199 auc=0.0000 
[2023-03-26 22:45:36,233]: length=51 f1=0.0227 accuarcy=0.0133 precision=0.0793 recall=0.0133 auc=0.0000 
[2023-03-26 22:45:36,381]: length=52 f1=0.0299 accuarcy=0.0177 precision=0.0964 recall=0.0177 auc=0.0000 
[2023-03-26 22:45:36,528]: length=53 f1=0.0372 accuarcy=0.0221 precision=0.1201 recall=0.0221 auc=0.0000 
[2023-03-26 22:45:36,678]: length=54 f1=0.0265 accuarcy=0.0155 precision=0.0925 recall=0.0155 auc=0.0000 
[2023-03-26 22:45:36,819]: length=55 f1=0.0262 accuarcy=0.0155 precision=0.0843 recall=0.0155 auc=0.0000 
[2023-03-26 22:45:36,963]: length=56 f1=0.0265 accuarcy=0.0155 precision=0.0925 recall=0.0155 auc=0.0000 
[2023-03-26 22:45:37,119]: length=57 f1=0.0263 accuarcy=0.0155 precision=0.0882 recall=0.0155 auc=0.0000 
[2023-03-26 22:45:37,264]: length=58 f1=0.0261 accuarcy=0.0155 precision=0.0860 recall=0.0155 auc=0.0000 
[2023-03-26 22:45:37,408]: length=59 f1=0.0227 accuarcy=0.0133 precision=0.0774 recall=0.0133 auc=0.0000 
[2023-03-26 22:45:37,562]: length=60 f1=0.0226 accuarcy=0.0133 precision=0.0756 recall=0.0133 auc=0.0000 
[2023-03-26 22:45:37,703]: length=61 f1=0.0301 accuarcy=0.0177 precision=0.1008 recall=0.0177 auc=0.0000 
[2023-03-26 22:45:37,865]: length=62 f1=0.0267 accuarcy=0.0155 precision=0.0973 recall=0.0155 auc=0.0000 
[2023-03-26 22:45:38,015]: length=63 f1=0.0192 accuarcy=0.0111 precision=0.0713 recall=0.0111 auc=0.0000 
[2023-03-26 22:45:38,175]: length=64 f1=0.0266 accuarcy=0.0155 precision=0.0949 recall=0.0155 auc=0.0000 
[2023-03-26 22:45:38,339]: length=65 f1=0.0266 accuarcy=0.0155 precision=0.0949 recall=0.0155 auc=0.0000 
[2023-03-26 22:45:38,491]: length=66 f1=0.0265 accuarcy=0.0155 precision=0.0925 recall=0.0155 auc=0.0000 
[2023-03-26 22:45:38,653]: length=67 f1=0.0192 accuarcy=0.0111 precision=0.0732 recall=0.0111 auc=0.0000 
[2023-03-26 22:45:38,808]: length=68 f1=0.0302 accuarcy=0.0177 precision=0.1032 recall=0.0177 auc=0.0000 
[2023-03-26 22:45:38,977]: length=69 f1=0.0227 accuarcy=0.0133 precision=0.0774 recall=0.0133 auc=0.0000 
[2023-03-26 22:45:39,137]: length=70 f1=0.0227 accuarcy=0.0133 precision=0.0793 recall=0.0133 auc=0.0000 
[2023-03-26 22:45:39,281]: length=71 f1=0.0266 accuarcy=0.0155 precision=0.0949 recall=0.0155 auc=0.0000 
[2023-03-26 22:45:39,422]: length=72 f1=0.0229 accuarcy=0.0133 precision=0.0834 recall=0.0133 auc=0.0000 
[2023-03-26 22:45:39,573]: length=73 f1=0.0189 accuarcy=0.0111 precision=0.0645 recall=0.0111 auc=0.0000 
[2023-03-26 22:45:39,718]: length=74 f1=0.0267 accuarcy=0.0155 precision=0.0973 recall=0.0155 auc=0.0000 
[2023-03-26 22:45:39,873]: length=75 f1=0.0230 accuarcy=0.0133 precision=0.0856 recall=0.0133 auc=0.0000 
[2023-03-26 22:45:40,021]: length=76 f1=0.0305 accuarcy=0.0177 precision=0.1112 recall=0.0177 auc=0.0000 
[2023-03-26 22:45:40,191]: length=77 f1=0.0266 accuarcy=0.0155 precision=0.0949 recall=0.0155 auc=0.0000 
[2023-03-26 22:45:40,361]: length=78 f1=0.0265 accuarcy=0.0155 precision=0.0925 recall=0.0155 auc=0.0000 
[2023-03-26 22:45:40,526]: length=79 f1=0.0302 accuarcy=0.0177 precision=0.1032 recall=0.0177 auc=0.0000 
[2023-03-26 22:45:40,683]: length=80 f1=0.0264 accuarcy=0.0155 precision=0.0903 recall=0.0155 auc=0.0000 
[2023-03-26 22:45:40,848]: length=81 f1=0.0267 accuarcy=0.0155 precision=0.0973 recall=0.0155 auc=0.0000 
[2023-03-26 22:45:41,020]: length=82 f1=0.0267 accuarcy=0.0155 precision=0.0973 recall=0.0155 auc=0.0000 
[2023-03-26 22:45:41,187]: length=83 f1=0.0264 accuarcy=0.0155 precision=0.0903 recall=0.0155 auc=0.0000 
[2023-03-26 22:45:41,337]: length=84 f1=0.0264 accuarcy=0.0155 precision=0.0903 recall=0.0155 auc=0.0000 
[2023-03-26 22:45:41,490]: length=85 f1=0.0263 accuarcy=0.0155 precision=0.0862 recall=0.0155 auc=0.0000 
[2023-03-26 22:45:41,654]: length=86 f1=0.0264 accuarcy=0.0155 precision=0.0903 recall=0.0155 auc=0.0000 
[2023-03-26 22:45:41,813]: length=87 f1=0.0264 accuarcy=0.0155 precision=0.0903 recall=0.0155 auc=0.0000 
[2023-03-26 22:45:41,963]: length=88 f1=0.0266 accuarcy=0.0155 precision=0.0949 recall=0.0155 auc=0.0000 
[2023-03-26 22:45:42,127]: length=89 f1=0.0263 accuarcy=0.0155 precision=0.0882 recall=0.0155 auc=0.0000 
[2023-03-26 22:45:42,282]: length=90 f1=0.0263 accuarcy=0.0155 precision=0.0882 recall=0.0155 auc=0.0000 
[2023-03-26 22:45:42,450]: length=91 f1=0.0267 accuarcy=0.0155 precision=0.0973 recall=0.0155 auc=0.0000 
[2023-03-26 22:45:42,601]: length=92 f1=0.0264 accuarcy=0.0155 precision=0.0903 recall=0.0155 auc=0.0000 
[2023-03-26 22:45:42,757]: length=93 f1=0.0270 accuarcy=0.0155 precision=0.1054 recall=0.0155 auc=0.0000 
[2023-03-26 22:45:42,909]: length=94 f1=0.0304 accuarcy=0.0177 precision=0.1084 recall=0.0177 auc=0.0000 
[2023-03-26 22:45:43,082]: length=95 f1=0.0334 accuarcy=0.0199 precision=0.1038 recall=0.0199 auc=0.0000 
[2023-03-26 22:45:43,235]: length=96 f1=0.0344 accuarcy=0.0199 precision=0.1251 recall=0.0199 auc=0.0000 
[2023-03-26 22:45:43,389]: length=97 f1=0.0263 accuarcy=0.0155 precision=0.0882 recall=0.0155 auc=0.0000 
[2023-03-26 22:45:43,542]: length=98 f1=0.0273 accuarcy=0.0177 precision=0.0930 recall=0.0177 auc=0.0000 
[2023-03-26 22:45:43,691]: length=99 f1=0.0264 accuarcy=0.0155 precision=0.0903 recall=0.0155 auc=0.0000 
[2023-03-26 22:45:43,847]: length=100 f1=0.0261 accuarcy=0.0155 precision=0.0825 recall=0.0155 auc=0.0000 
[2023-03-26 22:45:44,004]: length=101 f1=0.0274 accuarcy=0.0177 precision=0.0953 recall=0.0177 auc=0.0000 
[2023-03-26 22:45:44,174]: length=102 f1=0.0263 accuarcy=0.0155 precision=0.0882 recall=0.0155 auc=0.0000 
[2023-03-26 22:45:44,326]: length=103 f1=0.0266 accuarcy=0.0155 precision=0.0949 recall=0.0155 auc=0.0000 
[2023-03-26 22:45:44,494]: length=104 f1=0.0304 accuarcy=0.0177 precision=0.1084 recall=0.0177 auc=0.0000 
[2023-03-26 22:45:44,653]: length=105 f1=0.0265 accuarcy=0.0155 precision=0.0925 recall=0.0155 auc=0.0000 
[2023-03-26 22:45:44,814]: length=106 f1=0.0266 accuarcy=0.0155 precision=0.0949 recall=0.0155 auc=0.0000 
[2023-03-26 22:45:44,976]: length=107 f1=0.0269 accuarcy=0.0155 precision=0.1025 recall=0.0155 auc=0.0000 
[2023-03-26 22:45:45,147]: length=108 f1=0.0265 accuarcy=0.0155 precision=0.0925 recall=0.0155 auc=0.0000 
[2023-03-26 22:45:45,319]: length=109 f1=0.0275 accuarcy=0.0177 precision=0.0931 recall=0.0177 auc=0.0000 
[2023-03-26 22:45:45,487]: length=110 f1=0.0228 accuarcy=0.0133 precision=0.0813 recall=0.0133 auc=0.0000 
[2023-03-26 22:45:45,647]: length=111 f1=0.0267 accuarcy=0.0155 precision=0.0973 recall=0.0155 auc=0.0000 
[2023-03-26 22:45:45,802]: length=112 f1=0.0267 accuarcy=0.0155 precision=0.0973 recall=0.0155 auc=0.0000 
[2023-03-26 22:45:45,959]: length=113 f1=0.0273 accuarcy=0.0177 precision=0.0909 recall=0.0177 auc=0.0000 
[2023-03-26 22:45:46,135]: length=114 f1=0.0264 accuarcy=0.0155 precision=0.0903 recall=0.0155 auc=0.0000 
[2023-03-26 22:45:46,292]: length=115 f1=0.0263 accuarcy=0.0155 precision=0.0882 recall=0.0155 auc=0.0000 
[2023-03-26 22:45:46,456]: length=116 f1=0.0305 accuarcy=0.0177 precision=0.1112 recall=0.0177 auc=0.0000 
[2023-03-26 22:45:46,618]: length=117 f1=0.0266 accuarcy=0.0155 precision=0.0949 recall=0.0155 auc=0.0000 
[2023-03-26 22:45:46,786]: length=118 f1=0.0314 accuarcy=0.0199 precision=0.1117 recall=0.0199 auc=0.0000 
[2023-03-26 22:45:46,947]: length=119 f1=0.0264 accuarcy=0.0155 precision=0.0903 recall=0.0155 auc=0.0000 
[2023-03-26 22:45:47,102]: length=120 f1=0.0229 accuarcy=0.0133 precision=0.0834 recall=0.0133 auc=0.0000 
[2023-03-26 22:45:47,278]: length=121 f1=0.0266 accuarcy=0.0155 precision=0.0949 recall=0.0155 auc=0.0000 
[2023-03-26 22:45:47,474]: length=122 f1=0.0266 accuarcy=0.0155 precision=0.0949 recall=0.0155 auc=0.0000 
[2023-03-26 22:45:47,645]: length=123 f1=0.0263 accuarcy=0.0155 precision=0.0882 recall=0.0155 auc=0.0000 
[2023-03-26 22:45:47,806]: length=124 f1=0.0264 accuarcy=0.0155 precision=0.0903 recall=0.0155 auc=0.0000 
[2023-03-26 22:45:47,969]: length=125 f1=0.0265 accuarcy=0.0155 precision=0.0925 recall=0.0155 auc=0.0000 
[2023-03-26 22:45:48,137]: length=126 f1=0.0263 accuarcy=0.0155 precision=0.0882 recall=0.0155 auc=0.0000 
[2023-03-26 22:45:48,309]: length=127 f1=0.0306 accuarcy=0.0177 precision=0.1141 recall=0.0177 auc=0.0000 
[2023-03-26 22:45:48,466]: length=128 f1=0.0269 accuarcy=0.0155 precision=0.1025 recall=0.0155 auc=0.0000 
[2023-03-26 22:45:48,632]: length=129 f1=0.0269 accuarcy=0.0155 precision=0.1025 recall=0.0155 auc=0.0000 
[2023-03-26 22:45:48,806]: length=130 f1=0.0301 accuarcy=0.0177 precision=0.1008 recall=0.0177 auc=0.0000 
[2023-03-26 22:45:48,967]: length=131 f1=0.0269 accuarcy=0.0155 precision=0.1025 recall=0.0155 auc=0.0000 
[2023-03-26 22:45:49,134]: length=132 f1=0.0269 accuarcy=0.0155 precision=0.1025 recall=0.0155 auc=0.0000 
[2023-03-26 22:45:49,309]: length=133 f1=0.0231 accuarcy=0.0133 precision=0.0879 recall=0.0133 auc=0.0000 
[2023-03-26 22:45:49,470]: length=134 f1=0.0314 accuarcy=0.0199 precision=0.1117 recall=0.0199 auc=0.0000 
[2023-03-26 22:45:49,644]: length=135 f1=0.0265 accuarcy=0.0155 precision=0.0925 recall=0.0155 auc=0.0000 
[2023-03-26 22:45:49,834]: length=136 f1=0.0303 accuarcy=0.0177 precision=0.1058 recall=0.0177 auc=0.0000 
[2023-03-26 22:45:49,999]: length=137 f1=0.0267 accuarcy=0.0155 precision=0.0973 recall=0.0155 auc=0.0000 
[2023-03-26 22:45:50,160]: length=138 f1=0.0277 accuarcy=0.0177 precision=0.1004 recall=0.0177 auc=0.0000 
[2023-03-26 22:45:50,323]: length=139 f1=0.0268 accuarcy=0.0155 precision=0.0998 recall=0.0155 auc=0.0000 
[2023-03-26 22:45:50,487]: length=140 f1=0.0267 accuarcy=0.0155 precision=0.0973 recall=0.0155 auc=0.0000 
[2023-03-26 22:45:50,651]: length=141 f1=0.0276 accuarcy=0.0177 precision=0.0978 recall=0.0177 auc=0.0000 
[2023-03-26 22:45:50,858]: length=142 f1=0.0263 accuarcy=0.0155 precision=0.0882 recall=0.0155 auc=0.0000 
[2023-03-26 22:45:51,024]: length=143 f1=0.0265 accuarcy=0.0155 precision=0.0925 recall=0.0155 auc=0.0000 
[2023-03-26 22:45:51,231]: length=144 f1=0.0266 accuarcy=0.0155 precision=0.0949 recall=0.0155 auc=0.0000 
[2023-03-26 22:45:51,414]: length=145 f1=0.0277 accuarcy=0.0177 precision=0.1004 recall=0.0177 auc=0.0000 
[2023-03-26 22:45:51,580]: length=146 f1=0.0267 accuarcy=0.0155 precision=0.0973 recall=0.0155 auc=0.0000 
[2023-03-26 22:45:51,761]: length=147 f1=0.0263 accuarcy=0.0155 precision=0.0882 recall=0.0155 auc=0.0000 
[2023-03-26 22:45:51,955]: length=148 f1=0.0263 accuarcy=0.0155 precision=0.0882 recall=0.0155 auc=0.0000 
[2023-03-26 22:45:52,129]: length=149 f1=0.0263 accuarcy=0.0155 precision=0.0862 recall=0.0155 auc=0.0000 
[2023-03-26 22:45:52,298]: length=150 f1=0.0265 accuarcy=0.0155 precision=0.0925 recall=0.0155 auc=0.0000 
[2023-03-26 22:45:52,472]: length=151 f1=0.0299 accuarcy=0.0177 precision=0.0964 recall=0.0177 auc=0.0000 
[2023-03-26 22:45:52,662]: length=152 f1=0.0298 accuarcy=0.0177 precision=0.0943 recall=0.0177 auc=0.0000 
[2023-03-26 22:45:52,834]: length=153 f1=0.0298 accuarcy=0.0177 precision=0.0943 recall=0.0177 auc=0.0000 
[2023-03-26 22:45:53,015]: length=154 f1=0.0268 accuarcy=0.0155 precision=0.0998 recall=0.0155 auc=0.0000 
[2023-03-26 22:45:53,204]: length=155 f1=0.0274 accuarcy=0.0177 precision=0.0931 recall=0.0177 auc=0.0000 
[2023-03-26 22:45:53,375]: length=156 f1=0.0263 accuarcy=0.0155 precision=0.0882 recall=0.0155 auc=0.0000 
[2023-03-26 22:45:53,583]: length=157 f1=0.0238 accuarcy=0.0155 precision=0.0840 recall=0.0155 auc=0.0000 
[2023-03-26 22:45:53,756]: length=158 f1=0.0261 accuarcy=0.0155 precision=0.0825 recall=0.0155 auc=0.0000 
[2023-03-26 22:45:53,936]: length=159 f1=0.0264 accuarcy=0.0155 precision=0.0903 recall=0.0155 auc=0.0000 
[2023-03-26 22:45:54,104]: length=160 f1=0.0264 accuarcy=0.0155 precision=0.0903 recall=0.0155 auc=0.0000 
[2023-03-26 22:45:54,284]: length=161 f1=0.0302 accuarcy=0.0177 precision=0.1032 recall=0.0177 auc=0.0000 
[2023-03-26 22:45:54,452]: length=162 f1=0.0299 accuarcy=0.0177 precision=0.0964 recall=0.0177 auc=0.0000 
[2023-03-26 22:45:54,622]: length=163 f1=0.0263 accuarcy=0.0155 precision=0.0862 recall=0.0155 auc=0.0000 
[2023-03-26 22:45:54,799]: length=164 f1=0.0271 accuarcy=0.0155 precision=0.1084 recall=0.0155 auc=0.0000 
[2023-03-26 22:45:54,964]: length=165 f1=0.0265 accuarcy=0.0155 precision=0.0925 recall=0.0155 auc=0.0000 
[2023-03-26 22:45:55,132]: length=166 f1=0.0266 accuarcy=0.0155 precision=0.0949 recall=0.0155 auc=0.0000 
[2023-03-26 22:45:55,319]: length=167 f1=0.0264 accuarcy=0.0155 precision=0.0903 recall=0.0155 auc=0.0000 
[2023-03-26 22:45:55,489]: length=168 f1=0.0300 accuarcy=0.0177 precision=0.0986 recall=0.0177 auc=0.0000 
[2023-03-26 22:45:55,679]: length=169 f1=0.0263 accuarcy=0.0155 precision=0.0862 recall=0.0155 auc=0.0000 
[2023-03-26 22:45:55,845]: length=170 f1=0.0266 accuarcy=0.0155 precision=0.0949 recall=0.0155 auc=0.0000 
[2023-03-26 22:45:56,009]: length=171 f1=0.0266 accuarcy=0.0155 precision=0.0949 recall=0.0155 auc=0.0000 
[2023-03-26 22:45:56,180]: length=172 f1=0.0266 accuarcy=0.0155 precision=0.0949 recall=0.0155 auc=0.0000 
[2023-03-26 22:45:56,347]: length=173 f1=0.0264 accuarcy=0.0155 precision=0.0903 recall=0.0155 auc=0.0000 
[2023-03-26 22:45:56,516]: length=174 f1=0.0266 accuarcy=0.0155 precision=0.0949 recall=0.0155 auc=0.0000 
[2023-03-26 22:45:56,688]: length=175 f1=0.0265 accuarcy=0.0155 precision=0.0925 recall=0.0155 auc=0.0000 
[2023-03-26 22:45:56,856]: length=176 f1=0.0269 accuarcy=0.0155 precision=0.1025 recall=0.0155 auc=0.0000 
[2023-03-26 22:45:57,038]: length=177 f1=0.0298 accuarcy=0.0177 precision=0.0943 recall=0.0177 auc=0.0000 
[2023-03-26 22:45:57,204]: length=178 f1=0.0263 accuarcy=0.0155 precision=0.0882 recall=0.0155 auc=0.0000 
[2023-03-26 22:45:57,377]: length=179 f1=0.0300 accuarcy=0.0177 precision=0.0986 recall=0.0177 auc=0.0000 
[2023-03-26 22:45:57,551]: length=180 f1=0.0267 accuarcy=0.0155 precision=0.0973 recall=0.0155 auc=0.0000 
[2023-03-26 22:45:57,742]: length=181 f1=0.0298 accuarcy=0.0177 precision=0.0943 recall=0.0177 auc=0.0000 
[2023-03-26 22:45:57,913]: length=182 f1=0.0265 accuarcy=0.0155 precision=0.0925 recall=0.0155 auc=0.0000 
[2023-03-26 22:45:58,093]: length=183 f1=0.0262 accuarcy=0.0155 precision=0.0843 recall=0.0155 auc=0.0000 
[2023-03-26 22:45:58,259]: length=184 f1=0.0300 accuarcy=0.0177 precision=0.0986 recall=0.0177 auc=0.0000 
[2023-03-26 22:45:58,433]: length=185 f1=0.0264 accuarcy=0.0155 precision=0.0903 recall=0.0155 auc=0.0000 
[2023-03-26 22:45:58,599]: length=186 f1=0.0264 accuarcy=0.0155 precision=0.0903 recall=0.0155 auc=0.0000 
[2023-03-26 22:45:58,778]: length=187 f1=0.0264 accuarcy=0.0155 precision=0.0903 recall=0.0155 auc=0.0000 
[2023-03-26 22:45:58,962]: length=188 f1=0.0266 accuarcy=0.0155 precision=0.0949 recall=0.0155 auc=0.0000 
[2023-03-26 22:45:59,123]: length=189 f1=0.0263 accuarcy=0.0155 precision=0.0862 recall=0.0155 auc=0.0000 
[2023-03-26 22:45:59,295]: length=190 f1=0.0264 accuarcy=0.0155 precision=0.0903 recall=0.0155 auc=0.0000 
[2023-03-26 22:45:59,456]: length=191 f1=0.0265 accuarcy=0.0155 precision=0.0925 recall=0.0155 auc=0.0000 
[2023-03-26 22:45:59,625]: length=192 f1=0.0266 accuarcy=0.0155 precision=0.0949 recall=0.0155 auc=0.0000 
[2023-03-26 22:45:59,792]: length=193 f1=0.0263 accuarcy=0.0155 precision=0.0862 recall=0.0155 auc=0.0000 
[2023-03-26 22:45:59,975]: length=194 f1=0.0263 accuarcy=0.0155 precision=0.0882 recall=0.0155 auc=0.0000 
[2023-03-26 22:46:00,159]: length=195 f1=0.0262 accuarcy=0.0155 precision=0.0843 recall=0.0155 auc=0.0000 
[2023-03-26 22:46:00,333]: length=196 f1=0.0339 accuarcy=0.0199 precision=0.1134 recall=0.0199 auc=0.0000 
[2023-03-26 22:46:00,532]: length=197 f1=0.0338 accuarcy=0.0199 precision=0.1109 recall=0.0199 auc=0.0000 
[2023-03-26 22:46:00,704]: length=198 f1=0.0299 accuarcy=0.0177 precision=0.0964 recall=0.0177 auc=0.0000 
[2023-03-26 22:46:00,885]: length=199 f1=0.0266 accuarcy=0.0155 precision=0.0949 recall=0.0155 auc=0.0000 
[2023-03-26 22:46:01,092]: length=200 f1=0.0263 accuarcy=0.0155 precision=0.0882 recall=0.0155 auc=0.0000 
[2023-03-26 22:46:01,261]: length=201 f1=0.0304 accuarcy=0.0177 precision=0.1084 recall=0.0177 auc=0.0000 
[2023-03-26 22:46:01,432]: length=202 f1=0.0264 accuarcy=0.0155 precision=0.0903 recall=0.0155 auc=0.0000 
[2023-03-26 22:46:01,596]: length=203 f1=0.0301 accuarcy=0.0177 precision=0.1008 recall=0.0177 auc=0.0000 
[2023-03-26 22:46:01,762]: length=204 f1=0.0264 accuarcy=0.0155 precision=0.0903 recall=0.0155 auc=0.0000 
[2023-03-26 22:46:01,928]: length=205 f1=0.0266 accuarcy=0.0155 precision=0.0949 recall=0.0155 auc=0.0000 
[2023-03-26 22:46:02,103]: length=206 f1=0.0262 accuarcy=0.0155 precision=0.0843 recall=0.0155 auc=0.0000 
[2023-03-26 22:46:02,278]: length=207 f1=0.0301 accuarcy=0.0177 precision=0.1008 recall=0.0177 auc=0.0000 
[2023-03-26 22:46:02,453]: length=208 f1=0.0264 accuarcy=0.0155 precision=0.0903 recall=0.0155 auc=0.0000 
[2023-03-26 22:46:02,634]: length=209 f1=0.0264 accuarcy=0.0155 precision=0.0903 recall=0.0155 auc=0.0000 
[2023-03-26 22:46:02,817]: length=210 f1=0.0264 accuarcy=0.0155 precision=0.0903 recall=0.0155 auc=0.0000 
[2023-03-26 22:46:03,001]: length=211 f1=0.0302 accuarcy=0.0177 precision=0.1032 recall=0.0177 auc=0.0000 
[2023-03-26 22:46:03,178]: length=212 f1=0.0268 accuarcy=0.0155 precision=0.0998 recall=0.0155 auc=0.0000 
[2023-03-26 22:46:03,341]: length=213 f1=0.0301 accuarcy=0.0177 precision=0.1008 recall=0.0177 auc=0.0000 
[2023-03-26 22:46:03,512]: length=214 f1=0.0301 accuarcy=0.0177 precision=0.1008 recall=0.0177 auc=0.0000 
[2023-03-26 22:46:03,689]: length=215 f1=0.0264 accuarcy=0.0155 precision=0.0903 recall=0.0155 auc=0.0000 
[2023-03-26 22:46:03,852]: length=216 f1=0.0264 accuarcy=0.0155 precision=0.0903 recall=0.0155 auc=0.0000 
[2023-03-26 22:46:04,059]: length=217 f1=0.0302 accuarcy=0.0177 precision=0.1032 recall=0.0177 auc=0.0000 
[2023-03-26 22:46:04,217]: length=218 f1=0.0266 accuarcy=0.0155 precision=0.0949 recall=0.0155 auc=0.0000 
[2023-03-26 22:46:04,391]: length=219 f1=0.0267 accuarcy=0.0155 precision=0.0973 recall=0.0155 auc=0.0000 
[2023-03-26 22:46:04,579]: length=220 f1=0.0266 accuarcy=0.0155 precision=0.0949 recall=0.0155 auc=0.0000 
[2023-03-26 22:46:04,740]: length=221 f1=0.0266 accuarcy=0.0155 precision=0.0949 recall=0.0155 auc=0.0000 
[2023-03-26 22:46:04,907]: length=222 f1=0.0264 accuarcy=0.0155 precision=0.0903 recall=0.0155 auc=0.0000 
[2023-03-26 22:46:05,099]: length=223 f1=0.0262 accuarcy=0.0155 precision=0.0843 recall=0.0155 auc=0.0000 
[2023-03-26 22:46:05,271]: length=224 f1=0.0230 accuarcy=0.0133 precision=0.0856 recall=0.0133 auc=0.0000 
[2023-03-26 22:46:05,455]: length=225 f1=0.0265 accuarcy=0.0155 precision=0.0925 recall=0.0155 auc=0.0000 
[2023-03-26 22:46:05,626]: length=226 f1=0.0298 accuarcy=0.0177 precision=0.0943 recall=0.0177 auc=0.0000 
[2023-03-26 22:46:05,836]: length=227 f1=0.0301 accuarcy=0.0177 precision=0.1008 recall=0.0177 auc=0.0000 
[2023-03-26 22:46:06,004]: length=228 f1=0.0270 accuarcy=0.0177 precision=0.0886 recall=0.0177 auc=0.0000 
[2023-03-26 22:46:06,197]: length=229 f1=0.0265 accuarcy=0.0155 precision=0.0925 recall=0.0155 auc=0.0000 
[2023-03-26 22:46:06,360]: length=230 f1=0.0265 accuarcy=0.0155 precision=0.0925 recall=0.0155 auc=0.0000 
[2023-03-26 22:46:06,543]: length=231 f1=0.0265 accuarcy=0.0155 precision=0.0925 recall=0.0155 auc=0.0000 
[2023-03-26 22:46:06,725]: length=232 f1=0.0301 accuarcy=0.0177 precision=0.1008 recall=0.0177 auc=0.0000 
[2023-03-26 22:46:06,909]: length=233 f1=0.0263 accuarcy=0.0155 precision=0.0882 recall=0.0155 auc=0.0000 
[2023-03-26 22:46:07,086]: length=234 f1=0.0268 accuarcy=0.0155 precision=0.0998 recall=0.0155 auc=0.0000 
[2023-03-26 22:46:07,292]: length=235 f1=0.0301 accuarcy=0.0177 precision=0.1008 recall=0.0177 auc=0.0000 
[2023-03-26 22:46:07,469]: length=236 f1=0.0265 accuarcy=0.0155 precision=0.0925 recall=0.0155 auc=0.0000 
[2023-03-26 22:46:07,641]: length=237 f1=0.0263 accuarcy=0.0155 precision=0.0862 recall=0.0155 auc=0.0000 
[2023-03-26 22:46:07,807]: length=238 f1=0.0265 accuarcy=0.0155 precision=0.0925 recall=0.0155 auc=0.0000 
[2023-03-26 22:46:07,976]: length=239 f1=0.0301 accuarcy=0.0177 precision=0.1008 recall=0.0177 auc=0.0000 
[2023-03-26 22:46:08,160]: length=240 f1=0.0264 accuarcy=0.0155 precision=0.0903 recall=0.0155 auc=0.0000 
[2023-03-26 22:46:08,358]: length=241 f1=0.0301 accuarcy=0.0177 precision=0.1008 recall=0.0177 auc=0.0000 
[2023-03-26 22:46:08,521]: length=242 f1=0.0302 accuarcy=0.0177 precision=0.1032 recall=0.0177 auc=0.0000 
[2023-03-26 22:46:08,712]: length=243 f1=0.0265 accuarcy=0.0155 precision=0.0925 recall=0.0155 auc=0.0000 
[2023-03-26 22:46:08,878]: length=244 f1=0.0302 accuarcy=0.0177 precision=0.1032 recall=0.0177 auc=0.0000 
[2023-03-26 22:46:09,048]: length=245 f1=0.0265 accuarcy=0.0155 precision=0.0925 recall=0.0155 auc=0.0000 
[2023-03-26 22:46:09,209]: length=246 f1=0.0266 accuarcy=0.0155 precision=0.0949 recall=0.0155 auc=0.0000 
[2023-03-26 22:46:09,400]: length=247 f1=0.0267 accuarcy=0.0155 precision=0.0973 recall=0.0155 auc=0.0000 
[2023-03-26 22:46:09,569]: length=248 f1=0.0301 accuarcy=0.0177 precision=0.1008 recall=0.0177 auc=0.0000 
[2023-03-26 22:46:09,732]: length=249 f1=0.0265 accuarcy=0.0155 precision=0.0925 recall=0.0155 auc=0.0000 
[2023-03-26 22:46:09,905]: length=250 f1=0.0273 accuarcy=0.0177 precision=0.0930 recall=0.0177 auc=0.0000 
[2023-03-26 22:46:10,081]: length=251 f1=0.0302 accuarcy=0.0177 precision=0.1032 recall=0.0177 auc=0.0000 
[2023-03-26 22:46:10,243]: length=252 f1=0.0299 accuarcy=0.0177 precision=0.0964 recall=0.0177 auc=0.0000 
[2023-03-26 22:46:10,493]: length=253 f1=0.0263 accuarcy=0.0155 precision=0.0862 recall=0.0155 auc=0.0000 
[2023-03-26 22:46:10,690]: length=254 f1=0.0262 accuarcy=0.0155 precision=0.0843 recall=0.0155 auc=0.0000 
[2023-03-26 22:46:10,883]: length=255 f1=0.0341 accuarcy=0.0199 precision=0.1190 recall=0.0199 auc=0.0000 
[2023-03-26 22:46:11,053]: length=256 f1=0.0299 accuarcy=0.0177 precision=0.0964 recall=0.0177 auc=0.0000 
[2023-03-26 22:46:11,214]: length=257 f1=0.0301 accuarcy=0.0177 precision=0.1008 recall=0.0177 auc=0.0000 
[2023-03-26 22:46:11,397]: length=258 f1=0.0263 accuarcy=0.0155 precision=0.0882 recall=0.0155 auc=0.0000 
[2023-03-26 22:46:11,594]: length=259 f1=0.0263 accuarcy=0.0155 precision=0.0862 recall=0.0155 auc=0.0000 
[2023-03-26 22:46:11,770]: length=260 f1=0.0230 accuarcy=0.0133 precision=0.0856 recall=0.0133 auc=0.0000 
[2023-03-26 22:46:11,932]: length=261 f1=0.0263 accuarcy=0.0155 precision=0.0882 recall=0.0155 auc=0.0000 
[2023-03-26 22:46:12,114]: length=262 f1=0.0302 accuarcy=0.0177 precision=0.1032 recall=0.0177 auc=0.0000 
[2023-03-26 22:46:12,278]: length=263 f1=0.0268 accuarcy=0.0155 precision=0.0998 recall=0.0155 auc=0.0000 
[2023-03-26 22:46:12,456]: length=264 f1=0.0264 accuarcy=0.0155 precision=0.0903 recall=0.0155 auc=0.0000 
[2023-03-26 22:46:12,623]: length=265 f1=0.0265 accuarcy=0.0155 precision=0.0925 recall=0.0155 auc=0.0000 
[2023-03-26 22:46:12,809]: length=266 f1=0.0300 accuarcy=0.0177 precision=0.0986 recall=0.0177 auc=0.0000 
[2023-03-26 22:46:12,984]: length=267 f1=0.0263 accuarcy=0.0155 precision=0.0882 recall=0.0155 auc=0.0000 
[2023-03-26 22:46:13,168]: length=268 f1=0.0266 accuarcy=0.0155 precision=0.0949 recall=0.0155 auc=0.0000 
[2023-03-26 22:46:13,347]: length=269 f1=0.0267 accuarcy=0.0155 precision=0.0973 recall=0.0155 auc=0.0000 
[2023-03-26 22:46:13,520]: length=270 f1=0.0263 accuarcy=0.0155 precision=0.0882 recall=0.0155 auc=0.0000 
[2023-03-26 22:46:13,689]: length=271 f1=0.0264 accuarcy=0.0155 precision=0.0903 recall=0.0155 auc=0.0000 
[2023-03-26 22:46:13,854]: length=272 f1=0.0228 accuarcy=0.0133 precision=0.0813 recall=0.0133 auc=0.0000 
[2023-03-26 22:46:14,024]: length=273 f1=0.0303 accuarcy=0.0177 precision=0.1058 recall=0.0177 auc=0.0000 
[2023-03-26 22:46:14,189]: length=274 f1=0.0266 accuarcy=0.0155 precision=0.0949 recall=0.0155 auc=0.0000 
[2023-03-26 22:46:14,372]: length=275 f1=0.0263 accuarcy=0.0155 precision=0.0882 recall=0.0155 auc=0.0000 
[2023-03-26 22:46:14,549]: length=276 f1=0.0299 accuarcy=0.0177 precision=0.0964 recall=0.0177 auc=0.0000 
[2023-03-26 22:46:14,706]: length=277 f1=0.0273 accuarcy=0.0177 precision=0.0953 recall=0.0177 auc=0.0000 
[2023-03-26 22:46:14,876]: length=278 f1=0.0264 accuarcy=0.0155 precision=0.0903 recall=0.0155 auc=0.0000 
[2023-03-26 22:46:15,041]: length=279 f1=0.0303 accuarcy=0.0177 precision=0.1058 recall=0.0177 auc=0.0000 
[2023-03-26 22:46:15,042]: ----------
[2023-03-26 22:46:15,042]: the max f1 = 0.0692
[2023-03-26 22:46:15,043]: IFS: ['111' '232' '8'],recommend length = 3
[2023-03-26 22:46:15,043]: -----------
[2023-03-26 22:46:15,176]: ***confusion matrix***
Predicted  1.0   2.0   3.0   4.0   5.0   ...  9.0   10.0  14.0  15.0  16.0
Actual                                   ...                              
1.0         189    15     0     5     2  ...     2    17     1     1     7
2.0          30     3     1     1     0  ...     1     3     0     1     2
3.0           0     1    13     0     0  ...     0     0     0     0     1
4.0           8     0     0     0     0  ...     0     3     0     0     0
5.0           7     2     1     0     0  ...     0     2     0     0     0
6.0          15     1     1     3     0  ...     1     1     0     0     2
7.0           2     0     0     0     0  ...     0     0     0     0     1
8.0           1     1     0     0     0  ...     0     0     0     0     0
9.0           3     0     0     0     1  ...     2     1     0     0     0
10.0         37     3     0     0     0  ...     0     7     1     0     1
14.0          2     1     0     0     0  ...     0     1     0     0     0
15.0          0     2     0     0     0  ...     0     0     0     2     0
16.0         17     1     1     0     0  ...     0     0     0     0     0

[13 rows x 12 columns]
[2023-03-26 22:46:15,177]: f1 =0.4343 
[2023-03-26 22:46:15,177]: accuarcy = 0.4801 
[2023-03-26 22:46:15,177]: precision =0.4016 
[2023-03-26 22:46:15,178]: recall =0.4801
[2023-03-26 22:46:15,180]: auc = 0.5634
[2023-03-26 22:46:15,184]: -----------
[2023-03-26 22:46:15,184]: The output by the terminal's log has been saved in the /Users/shida/Desktop/MRMD3.0-master/Logs/1.csv202303262241.log.
[2023-03-26 22:46:15,184]: metrics have been saved in the /Users/shida/Desktop/MRMD3.0-master/Results/1.metrics.csv.
[2023-03-26 22:46:20,219]: Scatter charts visualized by t-SNE dataset has been saved in the /Users/shida/Desktop/MRMD3.0-master/Results/1.tsne.png.
[2023-03-26 22:46:20,219]: Reduced dimensional dataset has been saved in the /Users/shida/Desktop/MRMD3.0-master/Results/out.csv.
[2023-03-26 22:46:21,319]: ---mrmd 3.0 end---
