[2020-05-14 21:04:52,821]: ---mrmd 2.0 start----
[2020-05-14 21:04:53,603]: ANOVA start...
[2020-05-14 21:04:53,621]: ANOVA  end.
[2020-05-14 21:04:53,621]: ANOVA start...
[2020-05-14 21:04:53,757]: ANOVA  end.
[2020-05-14 21:04:53,758]: mrmd start...
[2020-05-14 21:04:53,823]: mrmd end.
[2020-05-14 21:04:53,823]: mRMR start...
[2020-05-14 21:04:53,866]: mRMR end.
[2020-05-14 21:04:53,866]: lasso start...
[2020-05-14 21:04:53,888]: lasso end.
[2020-05-14 21:04:53,889]: chi2 start...
[2020-05-14 21:04:53,906]: chi2 end.
[2020-05-14 21:04:53,906]: ANOVA start...
[2020-05-14 21:04:53,920]: ANOVA  end.
[2020-05-14 21:04:53,920]: ref start...
[2020-05-14 21:05:02,640]: ref end.
[2020-05-14 21:05:02,668]: The final  rank is
[2020-05-14 21:05:02,669]: Q : 0.06102554008089825
[2020-05-14 21:05:02,669]: R : 0.05896609070446607
[2020-05-14 21:05:02,669]: T : 0.057997679216074544
[2020-05-14 21:05:02,669]: C : 0.05594956996983397
[2020-05-14 21:05:02,669]: K : 0.05535056172181803
[2020-05-14 21:05:02,669]: L : 0.05516097659035854
[2020-05-14 21:05:02,669]: G : 0.05404611601584147
[2020-05-14 21:05:02,669]: H : 0.05332588903520716
[2020-05-14 21:05:02,669]: S : 0.05331948984380816
[2020-05-14 21:05:02,670]: I : 0.05270889640285539
[2020-05-14 21:05:02,670]: A : 0.0520195950389278
[2020-05-14 21:05:02,670]: W : 0.05005414416731206
[2020-05-14 21:05:02,670]: Y : 0.04659765883364625
[2020-05-14 21:05:02,670]: E : 0.04628593090909676
[2020-05-14 21:05:02,670]: M : 0.04609348806572598
[2020-05-14 21:05:02,670]: P : 0.044493425782949375
[2020-05-14 21:05:02,670]: V : 0.04407133374902483
[2020-05-14 21:05:02,670]: D : 0.04053442271734764
[2020-05-14 21:05:02,671]: N : 0.03768153710033009
[2020-05-14 21:05:02,671]: F : 0.034317654054477786
[2020-05-14 21:05:02,696]: Start dimension reduction ...
[2020-05-14 21:05:06,346]: length=1 f1=0.3174 accuarcy=0.3562 precision=0.2906 recall=0.3562 auc=0.4605 
[2020-05-14 21:05:07,188]: length=2 f1=0.4503 accuarcy=0.4521 precision=0.4506 recall=0.4521 auc=0.5749 
[2020-05-14 21:05:07,987]: length=3 f1=0.4918 accuarcy=0.4932 precision=0.4908 recall=0.4932 auc=0.6034 
[2020-05-14 21:05:08,814]: length=4 f1=0.3991 accuarcy=0.3973 precision=0.4017 recall=0.3973 auc=0.5348 
[2020-05-14 21:05:09,115]: length=5 f1=0.4199 accuarcy=0.4247 precision=0.4176 recall=0.4247 auc=0.5479 
[2020-05-14 21:05:09,414]: length=6 f1=0.4409 accuarcy=0.4521 precision=0.4349 recall=0.4521 auc=0.5543 
[2020-05-14 21:05:09,718]: length=7 f1=0.4035 accuarcy=0.4110 precision=0.3995 recall=0.4110 auc=0.5451 
[2020-05-14 21:05:10,017]: length=8 f1=0.4266 accuarcy=0.4384 precision=0.4227 recall=0.4384 auc=0.5437 
[2020-05-14 21:05:10,318]: length=9 f1=0.4351 accuarcy=0.4384 precision=0.4344 recall=0.4384 auc=0.5490 
[2020-05-14 21:05:10,632]: length=10 f1=0.4112 accuarcy=0.4247 precision=0.4030 recall=0.4247 auc=0.5361 
[2020-05-14 21:05:10,935]: length=11 f1=0.4837 accuarcy=0.5068 precision=0.4908 recall=0.5068 auc=0.5763 
[2020-05-14 21:05:11,242]: length=12 f1=0.4118 accuarcy=0.4247 precision=0.4060 recall=0.4247 auc=0.5317 
[2020-05-14 21:05:11,542]: length=13 f1=0.4569 accuarcy=0.4932 precision=0.4307 recall=0.4932 auc=0.5705 
[2020-05-14 21:05:11,842]: length=14 f1=0.5159 accuarcy=0.5205 precision=0.5210 recall=0.5205 auc=0.6041 
[2020-05-14 21:05:12,149]: length=15 f1=0.4829 accuarcy=0.4932 precision=0.4904 recall=0.4932 auc=0.5778 
[2020-05-14 21:05:12,457]: length=16 f1=0.4694 accuarcy=0.4932 precision=0.4616 recall=0.4932 auc=0.5828 
[2020-05-14 21:05:12,759]: length=17 f1=0.4403 accuarcy=0.4521 precision=0.4376 recall=0.4521 auc=0.5491 
[2020-05-14 21:05:13,066]: length=18 f1=0.4467 accuarcy=0.4658 precision=0.4464 recall=0.4658 auc=0.5540 
[2020-05-14 21:05:13,367]: length=19 f1=0.3968 accuarcy=0.4110 precision=0.3941 recall=0.4110 auc=0.5180 
[2020-05-14 21:05:13,676]: length=20 f1=0.4497 accuarcy=0.4658 precision=0.4516 recall=0.4658 auc=0.5542 
[2020-05-14 21:05:13,676]: ----------
[2020-05-14 21:05:13,676]: the max f1 = 0.5159
[2020-05-14 21:05:13,677]: ['Q' 'R' 'T' 'C' 'K' 'L' 'G' 'H' 'S' 'I' 'A' 'W' 'Y' 'E'],length = 14
[2020-05-14 21:05:13,677]: -----------
[2020-05-14 21:05:14,019]: ***confusion matrix***
Predicted  0.0  1.0  2.0
Actual                  
0.0          3    0   14
1.0          2   13    6
2.0          9    4   22
[2020-05-14 21:05:14,021]: f1 =0.5159 
[2020-05-14 21:05:14,022]: accuarcy = 0.5205 
[2020-05-14 21:05:14,024]: precision =0.5210 
[2020-05-14 21:05:14,026]: recall =0.5205
[2020-05-14 21:05:14,031]: auc = 0.6041
[2020-05-14 21:05:14,040]: -----------
[2020-05-14 21:05:14,040]: The output by the terminal's log has been saved in the /home/heshida/pycharm_tmp2/Logs/202005142104.log.
[2020-05-14 21:05:14,040]: metrics have been saved in the /home/heshida/pycharm_tmp2/Results/m.csv.
[2020-05-14 21:05:15,186]: Scatter charts visualized by t-SNE dataset has been saved in the /home/heshida/pycharm_tmp2/Results/test.csv.png.
[2020-05-14 21:05:15,186]: Reduced dimensional dataset has been saved in the /home/heshida/pycharm_tmp2/Results/out.csv.
[2020-05-14 21:05:15,186]: ---mrmd 2.0 end---
