[2020-05-12 21:06:15,131]: ---mrmd 2.0 start----
[2020-05-12 21:06:15,904]: ANOVA start...
[2020-05-12 21:06:15,918]: ANOVA  end.
[2020-05-12 21:06:15,919]: ANOVA start...
[2020-05-12 21:06:16,038]: ANOVA  end.
[2020-05-12 21:06:16,038]: mrmd start...
[2020-05-12 21:06:16,062]: mrmd end.
[2020-05-12 21:06:16,062]: mRMR start...
[2020-05-12 21:06:16,104]: mRMR end.
[2020-05-12 21:06:16,104]: lasso start...
[2020-05-12 21:06:16,122]: lasso end.
[2020-05-12 21:06:16,122]: chi2 start...
[2020-05-12 21:06:16,137]: chi2 end.
[2020-05-12 21:06:16,138]: ref start...
[2020-05-12 21:06:16,208]: ref end.
[2020-05-12 21:06:16,233]: The final  rank is
[2020-05-12 21:06:16,233]: Q : 0.06531629034544155
[2020-05-12 21:06:16,233]: K : 0.06486434467790911
[2020-05-12 21:06:16,233]: I : 0.058564915149642155
[2020-05-12 21:06:16,233]: Y : 0.056381950044417
[2020-05-12 21:06:16,233]: R : 0.05629561359499321
[2020-05-12 21:06:16,233]: G : 0.05563091683924317
[2020-05-12 21:06:16,233]: A : 0.054403560379026536
[2020-05-12 21:06:16,233]: T : 0.054039580914479496
[2020-05-12 21:06:16,234]: W : 0.05267360747628996
[2020-05-12 21:06:16,234]: E : 0.049893274521562836
[2020-05-12 21:06:16,234]: C : 0.04905931499803087
[2020-05-12 21:06:16,234]: P : 0.04853921228440477
[2020-05-12 21:06:16,234]: M : 0.04647437637100756
[2020-05-12 21:06:16,234]: S : 0.04442633840886567
[2020-05-12 21:06:16,234]: D : 0.043686289831642605
[2020-05-12 21:06:16,234]: H : 0.04352704769784503
[2020-05-12 21:06:16,235]: V : 0.04245721962841531
[2020-05-12 21:06:16,235]: N : 0.04124683328255069
[2020-05-12 21:06:16,235]: F : 0.038728639927517905
[2020-05-12 21:06:16,235]: L : 0.033790673626714465
[2020-05-12 21:06:16,256]: Start dimension reduction ...
[2020-05-12 21:06:19,162]: length=1 f1=0.3174 accuarcy=0.3562 precision=0.2906 recall=0.3562 auc=0.4605 
[2020-05-12 21:06:19,940]: length=2 f1=0.3987 accuarcy=0.3973 precision=0.4077 recall=0.3973 auc=0.5240 
[2020-05-12 21:06:20,717]: length=3 f1=0.3496 accuarcy=0.3562 precision=0.3473 recall=0.3562 auc=0.4841 
[2020-05-12 21:06:21,030]: length=4 f1=0.3686 accuarcy=0.3836 precision=0.3710 recall=0.3836 auc=0.4951 
[2020-05-12 21:06:21,327]: length=5 f1=0.4630 accuarcy=0.4658 precision=0.4630 recall=0.4658 auc=0.5742 
[2020-05-12 21:06:21,620]: length=6 f1=0.4478 accuarcy=0.4521 precision=0.4454 recall=0.4521 auc=0.5647 
[2020-05-12 21:06:21,914]: length=7 f1=0.4404 accuarcy=0.4384 precision=0.4481 recall=0.4384 auc=0.5516 
[2020-05-12 21:06:22,207]: length=8 f1=0.4850 accuarcy=0.4932 precision=0.4841 recall=0.4932 auc=0.5881 
[2020-05-12 21:06:22,503]: length=9 f1=0.4472 accuarcy=0.4521 precision=0.4458 recall=0.4521 auc=0.5571 
[2020-05-12 21:06:22,797]: length=10 f1=0.5442 accuarcy=0.5479 precision=0.5415 recall=0.5479 auc=0.6378 
[2020-05-12 21:06:23,093]: length=11 f1=0.5388 accuarcy=0.5479 precision=0.5312 recall=0.5479 auc=0.6343 
[2020-05-12 21:06:23,390]: length=12 f1=0.5027 accuarcy=0.5068 precision=0.5016 recall=0.5068 auc=0.6037 
[2020-05-12 21:06:23,688]: length=13 f1=0.4668 accuarcy=0.4795 precision=0.4612 recall=0.4795 auc=0.5783 
[2020-05-12 21:06:23,982]: length=14 f1=0.5091 accuarcy=0.5205 precision=0.5062 recall=0.5205 auc=0.6036 
[2020-05-12 21:06:24,278]: length=15 f1=0.4090 accuarcy=0.4247 precision=0.4050 recall=0.4247 auc=0.5271 
[2020-05-12 21:06:24,572]: length=16 f1=0.4124 accuarcy=0.4247 precision=0.4140 recall=0.4247 auc=0.5262 
[2020-05-12 21:06:24,868]: length=17 f1=0.4661 accuarcy=0.4795 precision=0.4622 recall=0.4795 auc=0.5711 
[2020-05-12 21:06:25,165]: length=18 f1=0.4510 accuarcy=0.4658 precision=0.4534 recall=0.4658 auc=0.5570 
[2020-05-12 21:06:25,460]: length=19 f1=0.4162 accuarcy=0.4247 precision=0.4151 recall=0.4247 auc=0.5336 
[2020-05-12 21:06:25,754]: length=20 f1=0.4745 accuarcy=0.4932 precision=0.4790 recall=0.4932 auc=0.5713 
[2020-05-12 21:06:25,755]: ----------
[2020-05-12 21:06:25,755]: the max f1 = 0.5442
[2020-05-12 21:06:25,755]: ['Q' 'K' 'I' 'Y' 'R' 'G' 'A' 'T' 'W' 'E'],length = 10
[2020-05-12 21:06:25,756]: -----------
[2020-05-12 21:06:26,044]: ***confusion matrix***
[2020-05-12 21:06:26,045]:                pos_class      neg_class      
[2020-05-12 21:06:26,045]: pos_class      TP:14             FN:3              
[2020-05-12 21:06:26,045]: neg_class      FP:0              TN:5              
[2020-05-12 21:06:26,047]: f1 =0.5442 
[2020-05-12 21:06:26,048]: accuarcy = 0.5479 
[2020-05-12 21:06:26,049]: precision =0.5415 
[2020-05-12 21:06:26,051]: recall =0.5479
[2020-05-12 21:06:26,056]: auc = 0.6378
[2020-05-12 21:06:26,063]: -----------
[2020-05-12 21:06:26,063]: The output by the terminal's log has been saved in the /home/heshida/pycharm_tmp2/Logs/202005122106.log.
[2020-05-12 21:06:26,063]: metrics have been saved in the /home/heshida/pycharm_tmp2/Results/m.csv.
[2020-05-12 21:06:27,197]: Scatter charts visualized by t-SNE dataset has been saved in the /home/heshida/pycharm_tmp2/Results/test.csv.png.
[2020-05-12 21:06:27,198]: Reduced dimensional dataset has been saved in the /home/heshida/pycharm_tmp2/Results/out.csv.
[2020-05-12 21:06:27,198]: ---mrmd 2.0 end---
