[2020-05-09 20:10:51,091]: ---mrmd 2.0 start----
[2020-05-09 20:10:51,836]: ANOVA start...
[2020-05-09 20:10:51,838]: ANOVA end.
[2020-05-09 20:10:51,839]: mic start...
[2020-05-09 20:10:52,058]: mic end.
[2020-05-09 20:10:52,058]: mrmd start...
[2020-05-09 20:10:52,084]: mrmd end.
[2020-05-09 20:10:52,084]: mRMR start...
[2020-05-09 20:10:52,123]: mRMR end.
[2020-05-09 20:10:52,123]: lasso start...
[2020-05-09 20:10:52,140]: lasso end.
[2020-05-09 20:10:52,140]: chi2 start...
[2020-05-09 20:10:52,156]: chi2 end.
[2020-05-09 20:10:52,156]: ref start...
[2020-05-09 20:10:52,227]: ref end.
[2020-05-09 20:10:52,250]: The final  rank is
[2020-05-09 20:10:52,251]: R : 0.0743512305530921
[2020-05-09 20:10:52,251]: T : 0.06884952702223077
[2020-05-09 20:10:52,251]: K : 0.0662221238345784
[2020-05-09 20:10:52,251]: P : 0.06508716603111708
[2020-05-09 20:10:52,251]: V : 0.06341603422449169
[2020-05-09 20:10:52,251]: E : 0.062023921565027465
[2020-05-09 20:10:52,251]: Q : 0.05858590086388968
[2020-05-09 20:10:52,252]: A : 0.05529769910127908
[2020-05-09 20:10:52,252]: W : 0.05220064635653847
[2020-05-09 20:10:52,252]: Y : 0.051047963591525615
[2020-05-09 20:10:52,252]: C : 0.05029783431965944
[2020-05-09 20:10:52,252]: I : 0.04866869565615899
[2020-05-09 20:10:52,252]: S : 0.047064877964105765
[2020-05-09 20:10:52,252]: D : 0.044779462144828266
[2020-05-09 20:10:52,252]: N : 0.04331815964930798
[2020-05-09 20:10:52,252]: H : 0.039385658027168105
[2020-05-09 20:10:52,253]: G : 0.03190283188959601
[2020-05-09 20:10:52,253]: L : 0.030890751461250296
[2020-05-09 20:10:52,253]: M : 0.026179945174534487
[2020-05-09 20:10:52,253]: F : 0.020429570569620373
[2020-05-09 20:10:52,274]: Start dimension reduction ...
[2020-05-09 20:10:55,665]: length=1 f1=0.3200 accuarcy=0.3288 precision=0.3285 recall=0.3288 auc=0.4518 
[2020-05-09 20:10:56,441]: length=2 f1=0.4251 accuarcy=0.4247 precision=0.4257 recall=0.4247 auc=0.5573 
[2020-05-09 20:10:57,225]: length=3 f1=0.4145 accuarcy=0.4247 precision=0.4157 recall=0.4247 auc=0.5324 
[2020-05-09 20:10:57,989]: length=4 f1=0.4876 accuarcy=0.4932 precision=0.4893 recall=0.4932 auc=0.5896 
[2020-05-09 20:10:58,296]: length=5 f1=0.3731 accuarcy=0.3836 precision=0.3801 recall=0.3836 auc=0.4954 
[2020-05-09 20:10:58,587]: length=6 f1=0.4081 accuarcy=0.4110 precision=0.4092 recall=0.4110 auc=0.5308 
[2020-05-09 20:10:58,886]: length=7 f1=0.4234 accuarcy=0.4247 precision=0.4227 recall=0.4247 auc=0.5473 
[2020-05-09 20:10:59,178]: length=8 f1=0.4372 accuarcy=0.4384 precision=0.4362 recall=0.4384 auc=0.5580 
[2020-05-09 20:10:59,485]: length=9 f1=0.5050 accuarcy=0.5068 precision=0.5067 recall=0.5068 auc=0.6022 
[2020-05-09 20:10:59,779]: length=10 f1=0.5567 accuarcy=0.5616 precision=0.5550 recall=0.5616 auc=0.6443 
[2020-05-09 20:11:00,071]: length=11 f1=0.5048 accuarcy=0.5068 precision=0.5043 recall=0.5068 auc=0.6071 
[2020-05-09 20:11:00,365]: length=12 f1=0.4454 accuarcy=0.4521 precision=0.4402 recall=0.4521 auc=0.5642 
[2020-05-09 20:11:00,660]: length=13 f1=0.4409 accuarcy=0.4521 precision=0.4386 recall=0.4521 auc=0.5537 
[2020-05-09 20:11:00,953]: length=14 f1=0.4476 accuarcy=0.4658 precision=0.4420 recall=0.4658 auc=0.5566 
[2020-05-09 20:11:01,247]: length=15 f1=0.4297 accuarcy=0.4384 precision=0.4269 recall=0.4384 auc=0.5459 
[2020-05-09 20:11:01,551]: length=16 f1=0.4784 accuarcy=0.4932 precision=0.4733 recall=0.4932 auc=0.5803 
[2020-05-09 20:11:01,915]: length=17 f1=0.4540 accuarcy=0.4658 precision=0.4501 recall=0.4658 auc=0.5660 
[2020-05-09 20:11:02,207]: length=18 f1=0.4393 accuarcy=0.4658 precision=0.4350 recall=0.4658 auc=0.5478 
[2020-05-09 20:11:02,505]: length=19 f1=0.4258 accuarcy=0.4521 precision=0.4114 recall=0.4521 auc=0.5453 
[2020-05-09 20:11:02,809]: length=20 f1=0.4620 accuarcy=0.4932 precision=0.4723 recall=0.4932 auc=0.5661 
[2020-05-09 20:11:02,810]: ----------
[2020-05-09 20:11:02,810]: the max f1 = 0.5567
[2020-05-09 20:11:02,810]: ['R' 'T' 'K' 'P' 'V' 'E' 'Q' 'A' 'W' 'Y'],length = 10
[2020-05-09 20:11:02,810]: -----------
[2020-05-09 20:11:03,091]: ***confusion matrix***
[2020-05-09 20:11:03,092]:                pos_class      neg_class      
[2020-05-09 20:11:03,092]: pos_class      TP:14             FN:2              
[2020-05-09 20:11:03,092]: neg_class      FP:0              TN:5              
[2020-05-09 20:11:03,094]: f1 =0.5567 
[2020-05-09 20:11:03,094]: accuarcy = 0.5616 
[2020-05-09 20:11:03,096]: precision =0.5550 
[2020-05-09 20:11:03,098]: recall =0.5616
[2020-05-09 20:11:03,103]: auc = 0.6443
[2020-05-09 20:11:03,109]: -----------
[2020-05-09 20:11:03,109]: The output by the terminal's log has been saved in the /home/heshida/pycharm_tmp2/Logs/202005092010.log.
[2020-05-09 20:11:03,109]: metrics have been saved in the /home/heshida/pycharm_tmp2/Results/b.csv.
[2020-05-09 20:11:04,244]: Scatter charts visualized by t-SNE dataset has been saved in the /home/heshida/pycharm_tmp2/Results/test.csv.png.
[2020-05-09 20:11:04,244]: Reduced dimensional dataset has been saved in the /home/heshida/pycharm_tmp2/Results/a.csv.
[2020-05-09 20:11:04,245]: ---mrmd 2.0 end---
