[2020-05-08 19:33:04,934]: ---mrmd 2.0 start----
[2020-05-08 19:33:05,667]: ANOVA start...
[2020-05-08 19:33:05,670]: ANOVA end.
[2020-05-08 19:33:05,670]: mic start...
[2020-05-08 19:33:05,883]: mic end.
[2020-05-08 19:33:05,883]: mrmd start...
[2020-05-08 19:33:05,909]: mrmd end.
[2020-05-08 19:33:05,909]: mRMR start...
[2020-05-08 19:33:05,948]: mRMR end.
[2020-05-08 19:33:05,948]: lasso start...
[2020-05-08 19:33:05,965]: lasso end.
[2020-05-08 19:33:05,966]: chi2 start...
[2020-05-08 19:33:05,982]: chi2 end.
[2020-05-08 19:33:05,982]: ref start...
[2020-05-08 19:33:06,056]: ref end.
[2020-05-08 19:33:06,085]: Start dimension reduction ...
[2020-05-08 19:33:09,549]: length=1 f1=0.3200 accuarcy=0.3288 precision=0.3285 recall=0.3288 auc=0.4518 
[2020-05-08 19:33:10,351]: length=2 f1=0.4251 accuarcy=0.4247 precision=0.4257 recall=0.4247 auc=0.5573 
[2020-05-08 19:33:11,146]: length=3 f1=0.4915 accuarcy=0.4932 precision=0.4902 recall=0.4932 auc=0.6054 
[2020-05-08 19:33:11,457]: length=4 f1=0.4882 accuarcy=0.4932 precision=0.4855 recall=0.4932 auc=0.6001 
[2020-05-08 19:33:11,763]: length=5 f1=0.5207 accuarcy=0.5479 precision=0.5108 recall=0.5479 auc=0.6202 
[2020-05-08 19:33:12,063]: length=6 f1=0.5764 accuarcy=0.5890 precision=0.5696 recall=0.5890 auc=0.6625 
[2020-05-08 19:33:12,360]: length=7 f1=0.5271 accuarcy=0.5342 precision=0.5217 recall=0.5342 auc=0.6247 
[2020-05-08 19:33:12,656]: length=8 f1=0.5250 accuarcy=0.5479 precision=0.5104 recall=0.5479 auc=0.6262 
[2020-05-08 19:33:12,968]: length=9 f1=0.4820 accuarcy=0.4932 precision=0.4760 recall=0.4932 auc=0.5877 
[2020-05-08 19:33:13,267]: length=10 f1=0.5558 accuarcy=0.5616 precision=0.5605 recall=0.5616 auc=0.6351 
[2020-05-08 19:33:13,569]: length=11 f1=0.5588 accuarcy=0.5616 precision=0.5615 recall=0.5616 auc=0.6397 
[2020-05-08 19:33:13,874]: length=12 f1=0.4770 accuarcy=0.4795 precision=0.4748 recall=0.4795 auc=0.5890 
[2020-05-08 19:33:14,174]: length=13 f1=0.4940 accuarcy=0.5068 precision=0.4892 recall=0.5068 auc=0.5974 
[2020-05-08 19:33:14,471]: length=14 f1=0.4649 accuarcy=0.4795 precision=0.4652 recall=0.4795 auc=0.5694 
[2020-05-08 19:33:14,784]: length=15 f1=0.4727 accuarcy=0.5068 precision=0.4598 recall=0.5068 auc=0.5782 
[2020-05-08 19:33:15,083]: length=16 f1=0.4793 accuarcy=0.5068 precision=0.4875 recall=0.5068 auc=0.5774 
[2020-05-08 19:33:15,456]: length=17 f1=0.4377 accuarcy=0.4521 precision=0.4294 recall=0.4521 auc=0.5486 
[2020-05-08 19:33:15,755]: length=18 f1=0.5047 accuarcy=0.5342 precision=0.5080 recall=0.5342 auc=0.5989 
[2020-05-08 19:33:16,054]: length=19 f1=0.4742 accuarcy=0.4932 precision=0.4635 recall=0.4932 auc=0.5844 
[2020-05-08 19:33:16,353]: length=20 f1=0.4455 accuarcy=0.4658 precision=0.4513 recall=0.4658 auc=0.5496 
[2020-05-08 19:33:16,354]: ----------
[2020-05-08 19:33:16,354]: the max f1 = 0.5764
[2020-05-08 19:33:16,354]: ['R' 'T' 'S' 'C' 'Y' 'E'],length = 6
[2020-05-08 19:33:16,354]: -----------
[2020-05-08 19:33:16,641]: ***confusion matrix***
[2020-05-08 19:33:16,641]:                pos_class      neg_class      
[2020-05-08 19:33:16,641]: pos_class      TP:16             FN:1              
[2020-05-08 19:33:16,641]: neg_class      FP:1              TN:4              
[2020-05-08 19:33:16,643]: f1 =0.5764 
[2020-05-08 19:33:16,644]: accuarcy = 0.5890 
[2020-05-08 19:33:16,646]: precision =0.5696 
[2020-05-08 19:33:16,648]: recall =0.5890
[2020-05-08 19:33:16,653]: auc = 0.6625
[2020-05-08 19:33:16,658]: -----------
[2020-05-08 19:33:16,658]: The output by the terminal's log has been saved in the /home/heshida/pycharm_tmp2/Logs/202005081933.log.
[2020-05-08 19:33:16,659]: metrics have been saved in the /home/heshida/pycharm_tmp2/Results/b.csv.
[2020-05-08 19:33:17,785]: Scatter charts visualized by t-SNE dataset has been saved in the /home/heshida/pycharm_tmp2/Results/test.csv.png.
[2020-05-08 19:33:17,786]: Reduced dimensional dataset has been saved in the /home/heshida/pycharm_tmp2/Results/a.csv.
[2020-05-08 19:33:17,786]: ---mrmd 2.0 end---
