[2020-05-08 21:32:57,646]: ---mrmd 2.0 start----
[2020-05-08 21:32:58,373]: ANOVA start...
[2020-05-08 21:32:58,375]: ANOVA end.
[2020-05-08 21:32:58,376]: mic start...
[2020-05-08 21:32:58,590]: mic end.
[2020-05-08 21:32:58,591]: mrmd start...
[2020-05-08 21:32:58,618]: mrmd end.
[2020-05-08 21:32:58,618]: mRMR start...
[2020-05-08 21:32:58,657]: mRMR end.
[2020-05-08 21:32:58,657]: lasso start...
[2020-05-08 21:32:58,675]: lasso end.
[2020-05-08 21:32:58,675]: chi2 start...
[2020-05-08 21:32:58,691]: chi2 end.
[2020-05-08 21:32:58,691]: ref start...
[2020-05-08 21:32:58,765]: ref end.
[2020-05-08 21:32:58,772]: The final  rank is
[2020-05-08 21:32:58,773]: R : 0.06605347595728644
[2020-05-08 21:32:58,773]: T : 0.06558121834760403
[2020-05-08 21:32:58,773]: S : 0.06502499564640625
[2020-05-08 21:32:58,773]: C : 0.06437515748315642
[2020-05-08 21:32:58,773]: Y : 0.06361047219594917
[2020-05-08 21:32:58,773]: E : 0.06271067715089665
[2020-05-08 21:32:58,773]: Q : 0.0616519348302555
[2020-05-08 21:32:58,773]: W : 0.06040620204681271
[2020-05-08 21:32:58,773]: A : 0.05894048784859934
[2020-05-08 21:32:58,774]: K : 0.057215980471402375
[2020-05-08 21:32:58,774]: I : 0.055187020230237166
[2020-05-08 21:32:58,774]: P : 0.052799891162935944
[2020-05-08 21:32:58,774]: V : 0.04999139944135403
[2020-05-08 21:32:58,774]: N : 0.046687200921397436
[2020-05-08 21:32:58,774]: L : 0.0427998335627278
[2020-05-08 21:32:58,774]: H : 0.03822640263682678
[2020-05-08 21:32:58,774]: M : 0.03284585745131274
[2020-05-08 21:32:58,774]: G : 0.026515787505709494
[2020-05-08 21:32:58,775]: F : 0.019068653273054674
[2020-05-08 21:32:58,775]: D : 0.010307351836075132
[2020-05-08 21:32:58,796]: Start dimension reduction ...
[2020-05-08 21:33:02,240]: length=1 f1=0.3200 accuarcy=0.3288 precision=0.3285 recall=0.3288 auc=0.4518 
[2020-05-08 21:33:03,038]: length=2 f1=0.4251 accuarcy=0.4247 precision=0.4257 recall=0.4247 auc=0.5573 
[2020-05-08 21:33:03,855]: length=3 f1=0.4915 accuarcy=0.4932 precision=0.4902 recall=0.4932 auc=0.6054 
[2020-05-08 21:33:04,158]: length=4 f1=0.4882 accuarcy=0.4932 precision=0.4855 recall=0.4932 auc=0.6001 
[2020-05-08 21:33:04,458]: length=5 f1=0.5207 accuarcy=0.5479 precision=0.5108 recall=0.5479 auc=0.6202 
[2020-05-08 21:33:04,753]: length=6 f1=0.5764 accuarcy=0.5890 precision=0.5696 recall=0.5890 auc=0.6625 
[2020-05-08 21:33:05,048]: length=7 f1=0.5271 accuarcy=0.5342 precision=0.5217 recall=0.5342 auc=0.6247 
[2020-05-08 21:33:05,347]: length=8 f1=0.5250 accuarcy=0.5479 precision=0.5104 recall=0.5479 auc=0.6262 
[2020-05-08 21:33:05,642]: length=9 f1=0.4820 accuarcy=0.4932 precision=0.4760 recall=0.4932 auc=0.5877 
[2020-05-08 21:33:05,937]: length=10 f1=0.5558 accuarcy=0.5616 precision=0.5605 recall=0.5616 auc=0.6351 
[2020-05-08 21:33:06,235]: length=11 f1=0.5588 accuarcy=0.5616 precision=0.5615 recall=0.5616 auc=0.6397 
[2020-05-08 21:33:06,544]: length=12 f1=0.4770 accuarcy=0.4795 precision=0.4748 recall=0.4795 auc=0.5890 
[2020-05-08 21:33:06,846]: length=13 f1=0.4940 accuarcy=0.5068 precision=0.4892 recall=0.5068 auc=0.5974 
[2020-05-08 21:33:07,166]: length=14 f1=0.4649 accuarcy=0.4795 precision=0.4652 recall=0.4795 auc=0.5694 
[2020-05-08 21:33:07,467]: length=15 f1=0.4727 accuarcy=0.5068 precision=0.4598 recall=0.5068 auc=0.5782 
[2020-05-08 21:33:07,768]: length=16 f1=0.4793 accuarcy=0.5068 precision=0.4875 recall=0.5068 auc=0.5774 
[2020-05-08 21:33:08,062]: length=17 f1=0.4377 accuarcy=0.4521 precision=0.4294 recall=0.4521 auc=0.5486 
[2020-05-08 21:33:08,441]: length=18 f1=0.5047 accuarcy=0.5342 precision=0.5080 recall=0.5342 auc=0.5989 
[2020-05-08 21:33:08,743]: length=19 f1=0.4742 accuarcy=0.4932 precision=0.4635 recall=0.4932 auc=0.5844 
[2020-05-08 21:33:09,039]: length=20 f1=0.4455 accuarcy=0.4658 precision=0.4513 recall=0.4658 auc=0.5496 
[2020-05-08 21:33:09,040]: ----------
[2020-05-08 21:33:09,040]: the max f1 = 0.5764
[2020-05-08 21:33:09,040]: ['R' 'T' 'S' 'C' 'Y' 'E'],length = 6
[2020-05-08 21:33:09,040]: -----------
[2020-05-08 21:33:09,331]: ***confusion matrix***
[2020-05-08 21:33:09,331]:                pos_class      neg_class      
[2020-05-08 21:33:09,331]: pos_class      TP:16             FN:1              
[2020-05-08 21:33:09,331]: neg_class      FP:1              TN:4              
[2020-05-08 21:33:09,333]: f1 =0.5764 
[2020-05-08 21:33:09,334]: accuarcy = 0.5890 
[2020-05-08 21:33:09,336]: precision =0.5696 
[2020-05-08 21:33:09,338]: recall =0.5890
[2020-05-08 21:33:09,343]: auc = 0.6625
[2020-05-08 21:33:09,348]: -----------
[2020-05-08 21:33:09,348]: The output by the terminal's log has been saved in the /home/heshida/pycharm_tmp2/Logs/202005082132.log.
[2020-05-08 21:33:09,348]: metrics have been saved in the /home/heshida/pycharm_tmp2/Results/b.csv.
[2020-05-08 21:33:10,472]: Scatter charts visualized by t-SNE dataset has been saved in the /home/heshida/pycharm_tmp2/Results/test.csv.png.
[2020-05-08 21:33:10,473]: Reduced dimensional dataset has been saved in the /home/heshida/pycharm_tmp2/Results/a.csv.
[2020-05-08 21:33:10,473]: ---mrmd 2.0 end---
