[2020-09-07 17:08:31,185]: ---mrmd 3.0 start----
[2020-09-07 17:08:31,404]: ANOVA start...
[2020-09-07 17:08:31,488]: ANOVA  end.
[2020-09-07 17:08:31,489]: MI start...
[2020-09-07 17:08:33,182]: MI end.
[2020-09-07 17:08:33,183]: mrmd start...
[2020-09-07 17:08:38,664]: mrmd end.
[2020-09-07 17:08:38,664]: mRMR start...
[2020-09-07 17:08:43,910]: linear model start...
[2020-09-07 17:08:44,683]: linear model end.
[2020-09-07 17:08:44,683]: chi2 start...
[2020-09-07 17:08:44,765]: chi2 end.
[2020-09-07 17:08:44,766]: tree feature importance start...
[2020-09-07 17:08:46,132]: tree feature importance  end.
[2020-09-07 17:08:46,132]: F_value start...
[2020-09-07 17:08:46,223]: F_value  end.
[2020-09-07 17:08:46,223]: ref start...
[2020-09-07 17:08:46,699]: ref end.
[2020-09-07 17:08:49,975]: The final  rank is
[2020-09-07 17:08:49,975]: 13_t : 872
[2020-09-07 17:08:49,976]: 40_t : 868
[2020-09-07 17:08:49,976]: 51_g : 862
[2020-09-07 17:08:49,976]: 48_t : 861
[2020-09-07 17:08:49,976]: 14_c : 859
[2020-09-07 17:08:49,976]: 38_a : 857
[2020-09-07 17:08:49,977]: 38_c : 838
[2020-09-07 17:08:49,977]: 29_c : 836
[2020-09-07 17:08:49,977]: 25_t : 824
[2020-09-07 17:08:49,977]: 39_c : 819
[2020-09-07 17:08:49,977]: 9_a : 816
[2020-09-07 17:08:49,978]: 41_a : 813
[2020-09-07 17:08:49,978]: 36_a : 810
[2020-09-07 17:08:49,978]: 16_c : 807
[2020-09-07 17:08:49,978]: 32_t : 807
[2020-09-07 17:08:49,978]: 18_c : 806
[2020-09-07 17:08:49,979]: 22_a : 790
[2020-09-07 17:08:49,979]: 39_g : 778
[2020-09-07 17:08:49,979]: 7_c : 776
[2020-09-07 17:08:49,979]: 5_c : 772
[2020-09-07 17:08:49,979]: 8_t : 772
[2020-09-07 17:08:49,980]: 38_t : 766
[2020-09-07 17:08:49,980]: 15_a : 765
[2020-09-07 17:08:49,980]: 44_c : 755
[2020-09-07 17:08:49,980]: 7_t : 752
[2020-09-07 17:08:49,980]: 37_g : 746
[2020-09-07 17:08:49,980]: 5_g : 739
[2020-09-07 17:08:49,981]: 19_a : 738
[2020-09-07 17:08:49,981]: 26_c : 734
[2020-09-07 17:08:49,981]: 45_a : 730
[2020-09-07 17:08:49,981]: 31_t : 730
[2020-09-07 17:08:49,981]: 15_g : 730
[2020-09-07 17:08:49,982]: 43_g : 729
[2020-09-07 17:08:49,982]: 30_g : 724
[2020-09-07 17:08:49,982]: 11_t : 713
[2020-09-07 17:08:49,982]: 17_a : 712
[2020-09-07 17:08:49,982]: 41_t : 708
[2020-09-07 17:08:49,983]: 18_t : 699
[2020-09-07 17:08:49,983]: 49_c : 698
[2020-09-07 17:08:49,983]: 30_t : 694
[2020-09-07 17:08:49,983]: 45_c : 687
[2020-09-07 17:08:49,983]: 29_a : 687
[2020-09-07 17:08:49,984]: 11_g : 685
[2020-09-07 17:08:49,984]: 6_a : 680
[2020-09-07 17:08:49,984]: 36_t : 673
[2020-09-07 17:08:49,984]: 19_t : 663
[2020-09-07 17:08:49,984]: 28_a : 660
[2020-09-07 17:08:49,985]: 52_t : 650
[2020-09-07 17:08:49,985]: 19_c : 649
[2020-09-07 17:08:49,985]: 47_c : 648
[2020-09-07 17:08:49,985]: 44_a : 645
[2020-09-07 17:08:49,985]: 23_t : 636
[2020-09-07 17:08:49,986]: 36_g : 625
[2020-09-07 17:08:49,986]: 24_t : 617
[2020-09-07 17:08:49,986]: 25_g : 614
[2020-09-07 17:08:49,986]: 22_t : 608
[2020-09-07 17:08:49,986]: 39_t : 607
[2020-09-07 17:08:49,987]: 0_t : 607
[2020-09-07 17:08:49,987]: 13_c : 606
[2020-09-07 17:08:49,987]: 48_c : 605
[2020-09-07 17:08:49,987]: 9_c : 587
[2020-09-07 17:08:49,987]: 37_a : 587
[2020-09-07 17:08:49,988]: 29_g : 580
[2020-09-07 17:08:49,988]: 8_g : 580
[2020-09-07 17:08:49,988]: 24_g : 578
[2020-09-07 17:08:49,988]: 37_t : 576
[2020-09-07 17:08:49,988]: 42_t : 576
[2020-09-07 17:08:49,989]: 41_c : 574
[2020-09-07 17:08:49,989]: 37_c : 571
[2020-09-07 17:08:49,989]: 19_g : 570
[2020-09-07 17:08:49,989]: 15_c : 563
[2020-09-07 17:08:49,989]: 53_g : 561
[2020-09-07 17:08:49,990]: 54_a : 557
[2020-09-07 17:08:49,990]: 30_a : 554
[2020-09-07 17:08:49,990]: 10_c : 550
[2020-09-07 17:08:49,990]: 52_c : 549
[2020-09-07 17:08:49,990]: 18_g : 548
[2020-09-07 17:08:49,991]: 2_c : 545
[2020-09-07 17:08:49,991]: 55_c : 536
[2020-09-07 17:08:49,991]: 50_t : 536
[2020-09-07 17:08:49,991]: 13_g : 533
[2020-09-07 17:08:49,991]: 31_g : 528
[2020-09-07 17:08:49,992]: 1_c : 527
[2020-09-07 17:08:49,992]: 12_t : 527
[2020-09-07 17:08:49,992]: 47_a : 525
[2020-09-07 17:08:49,992]: 50_c : 523
[2020-09-07 17:08:49,992]: 53_a : 522
[2020-09-07 17:08:49,993]: 10_a : 518
[2020-09-07 17:08:49,993]: 16_t : 508
[2020-09-07 17:08:49,993]: 20_g : 506
[2020-09-07 17:08:49,993]: 17_t : 505
[2020-09-07 17:08:49,993]: 46_c : 504
[2020-09-07 17:08:49,993]: 33_t : 503
[2020-09-07 17:08:49,994]: 39_a : 503
[2020-09-07 17:08:49,994]: 7_a : 499
[2020-09-07 17:08:49,994]: 6_c : 497
[2020-09-07 17:08:49,994]: 32_g : 496
[2020-09-07 17:08:49,994]: 22_g : 492
[2020-09-07 17:08:49,995]: 51_a : 492
[2020-09-07 17:08:49,995]: 52_g : 489
[2020-09-07 17:08:49,995]: 54_c : 487
[2020-09-07 17:08:49,995]: 21_c : 481
[2020-09-07 17:08:49,995]: 44_g : 480
[2020-09-07 17:08:49,996]: 33_g : 480
[2020-09-07 17:08:49,996]: 4_a : 479
[2020-09-07 17:08:49,996]: 8_c : 475
[2020-09-07 17:08:49,996]: 25_c : 473
[2020-09-07 17:08:49,996]: 1_a : 471
[2020-09-07 17:08:49,996]: 20_a : 470
[2020-09-07 17:08:49,997]: 47_t : 459
[2020-09-07 17:08:49,997]: 56_t : 458
[2020-09-07 17:08:49,997]: 34_t : 453
[2020-09-07 17:08:49,997]: 53_t : 448
[2020-09-07 17:08:49,997]: 26_a : 439
[2020-09-07 17:08:49,998]: 49_t : 438
[2020-09-07 17:08:49,998]: 17_g : 434
[2020-09-07 17:08:49,998]: 47_g : 433
[2020-09-07 17:08:49,998]: 0_g : 431
[2020-09-07 17:08:49,998]: 40_c : 430
[2020-09-07 17:08:49,998]: 56_c : 428
[2020-09-07 17:08:49,999]: 56_g : 426
[2020-09-07 17:08:49,999]: 42_g : 425
[2020-09-07 17:08:49,999]: 20_c : 425
[2020-09-07 17:08:49,999]: 12_c : 421
[2020-09-07 17:08:49,999]: 43_t : 418
[2020-09-07 17:08:50,000]: 52_a : 417
[2020-09-07 17:08:50,000]: 4_g : 415
[2020-09-07 17:08:50,000]: 1_g : 414
[2020-09-07 17:08:50,000]: 36_c : 413
[2020-09-07 17:08:50,000]: 33_c : 413
[2020-09-07 17:08:50,000]: 4_t : 405
[2020-09-07 17:08:50,001]: 11_c : 405
[2020-09-07 17:08:50,001]: 2_t : 399
[2020-09-07 17:08:50,001]: 17_c : 395
[2020-09-07 17:08:50,001]: 1_t : 394
[2020-09-07 17:08:50,001]: 21_t : 394
[2020-09-07 17:08:50,002]: 31_c : 393
[2020-09-07 17:08:50,002]: 9_g : 391
[2020-09-07 17:08:50,002]: 10_t : 379
[2020-09-07 17:08:50,002]: 40_a : 377
[2020-09-07 17:08:50,002]: 28_t : 376
[2020-09-07 17:08:50,003]: 54_g : 372
[2020-09-07 17:08:50,003]: 40_g : 367
[2020-09-07 17:08:50,003]: 34_g : 358
[2020-09-07 17:08:50,003]: 50_g : 354
[2020-09-07 17:08:50,003]: 43_a : 348
[2020-09-07 17:08:50,003]: 55_a : 348
[2020-09-07 17:08:50,004]: 6_g : 345
[2020-09-07 17:08:50,004]: 7_g : 345
[2020-09-07 17:08:50,004]: 35_t : 344
[2020-09-07 17:08:50,004]: 35_a : 343
[2020-09-07 17:08:50,004]: 8_a : 336
[2020-09-07 17:08:50,005]: 14_g : 330
[2020-09-07 17:08:50,005]: 44_t : 328
[2020-09-07 17:08:50,005]: 31_a : 322
[2020-09-07 17:08:50,005]: 27_a : 320
[2020-09-07 17:08:50,005]: 22_c : 320
[2020-09-07 17:08:50,006]: 14_a : 319
[2020-09-07 17:08:50,006]: 51_c : 319
[2020-09-07 17:08:50,006]: 28_c : 318
[2020-09-07 17:08:50,006]: 33_a : 317
[2020-09-07 17:08:50,006]: 34_a : 311
[2020-09-07 17:08:50,006]: 12_g : 309
[2020-09-07 17:08:50,007]: 24_a : 308
[2020-09-07 17:08:50,007]: 54_t : 308
[2020-09-07 17:08:50,007]: 16_a : 307
[2020-09-07 17:08:50,007]: 23_c : 300
[2020-09-07 17:08:50,007]: 11_a : 299
[2020-09-07 17:08:50,008]: 5_t : 299
[2020-09-07 17:08:50,008]: 6_t : 299
[2020-09-07 17:08:50,008]: 26_g : 299
[2020-09-07 17:08:50,008]: 12_a : 296
[2020-09-07 17:08:50,008]: 2_a : 294
[2020-09-07 17:08:50,008]: 18_a : 284
[2020-09-07 17:08:50,009]: 45_g : 279
[2020-09-07 17:08:50,009]: 27_c : 277
[2020-09-07 17:08:50,009]: 0_a : 272
[2020-09-07 17:08:50,009]: 3_g : 270
[2020-09-07 17:08:50,009]: 53_c : 266
[2020-09-07 17:08:50,010]: 49_g : 266
[2020-09-07 17:08:50,010]: 46_g : 266
[2020-09-07 17:08:50,010]: 21_g : 266
[2020-09-07 17:08:50,010]: 34_c : 262
[2020-09-07 17:08:50,010]: 42_c : 259
[2020-09-07 17:08:50,011]: 3_t : 251
[2020-09-07 17:08:50,011]: 46_a : 247
[2020-09-07 17:08:50,011]: 3_a : 247
[2020-09-07 17:08:50,011]: 56_a : 244
[2020-09-07 17:08:50,011]: 0_c : 238
[2020-09-07 17:08:50,011]: 21_a : 229
[2020-09-07 17:08:50,012]: 25_a : 224
[2020-09-07 17:08:50,012]: 49_a : 224
[2020-09-07 17:08:50,012]: 35_c : 223
[2020-09-07 17:08:50,012]: 27_t : 207
[2020-09-07 17:08:50,012]: 3_c : 202
[2020-09-07 17:08:50,013]: 5_a : 198
[2020-09-07 17:08:50,013]: 43_c : 197
[2020-09-07 17:08:50,013]: 4_c : 196
[2020-09-07 17:08:50,013]: 48_a : 188
[2020-09-07 17:08:50,013]: 45_t : 181
[2020-09-07 17:08:50,013]: 50_a : 181
[2020-09-07 17:08:50,014]: 20_t : 181
[2020-09-07 17:08:50,014]: 32_c : 181
[2020-09-07 17:08:50,014]: 41_g : 177
[2020-09-07 17:08:50,014]: 24_c : 174
[2020-09-07 17:08:50,014]: 38_g : 173
[2020-09-07 17:08:50,015]: 51_t : 170
[2020-09-07 17:08:50,015]: 55_t : 164
[2020-09-07 17:08:50,015]: 16_g : 162
[2020-09-07 17:08:50,015]: 27_g : 160
[2020-09-07 17:08:50,015]: 10_g : 153
[2020-09-07 17:08:50,016]: 48_g : 150
[2020-09-07 17:08:50,016]: 28_g : 140
[2020-09-07 17:08:50,016]: 30_c : 137
[2020-09-07 17:08:50,016]: 46_t : 136
[2020-09-07 17:08:50,016]: 42_a : 134
[2020-09-07 17:08:50,016]: 23_a : 116
[2020-09-07 17:08:50,017]: 2_g : 115
[2020-09-07 17:08:50,017]: 23_g : 114
[2020-09-07 17:08:50,017]: 13_a : 97
[2020-09-07 17:08:50,017]: 14_t : 91
[2020-09-07 17:08:50,017]: 55_g : 88
[2020-09-07 17:08:50,018]: 32_a : 88
[2020-09-07 17:08:50,018]: 9_t : 79
[2020-09-07 17:08:50,018]: 29_t : 79
[2020-09-07 17:08:50,018]: 26_t : 74
[2020-09-07 17:08:50,018]: 35_g : 60
[2020-09-07 17:08:50,019]: 15_t : 19
[2020-09-07 17:08:50,180]: Start dimension reduction ...
[2020-09-07 17:08:54,014]: length=1 f1=0.5640 accuarcy=0.6038 precision=0.6633 recall=0.6038 auc=0.6038 
[2020-09-07 17:08:56,483]: length=2 f1=0.6839 accuarcy=0.6887 precision=0.7008 recall=0.6887 auc=0.6887 
[2020-09-07 17:08:58,557]: length=3 f1=0.6662 accuarcy=0.6698 precision=0.6775 recall=0.6698 auc=0.6698 
[2020-09-07 17:09:00,377]: length=4 f1=0.7355 accuarcy=0.7358 precision=0.7372 recall=0.7358 auc=0.7358 
[2020-09-07 17:09:02,851]: length=5 f1=0.7453 accuarcy=0.7453 precision=0.7454 recall=0.7453 auc=0.7453 
[2020-09-07 17:09:04,994]: length=6 f1=0.7453 accuarcy=0.7453 precision=0.7454 recall=0.7453 auc=0.7453 
[2020-09-07 17:09:07,021]: length=7 f1=0.7547 accuarcy=0.7547 precision=0.7547 recall=0.7547 auc=0.7547 
[2020-09-07 17:09:09,771]: length=8 f1=0.7544 accuarcy=0.7547 precision=0.7562 recall=0.7547 auc=0.7547 
[2020-09-07 17:09:11,738]: length=9 f1=0.7640 accuarcy=0.7642 precision=0.7650 recall=0.7642 auc=0.7642 
[2020-09-07 17:09:14,065]: length=10 f1=0.7169 accuarcy=0.7170 precision=0.7173 recall=0.7170 auc=0.7170 
[2020-09-07 17:09:16,095]: length=11 f1=0.7924 accuarcy=0.7925 precision=0.7929 recall=0.7925 auc=0.7925 
[2020-09-07 17:09:17,501]: length=12 f1=0.7640 accuarcy=0.7642 precision=0.7650 recall=0.7642 auc=0.7642 
[2020-09-07 17:09:18,831]: length=13 f1=0.7925 accuarcy=0.7925 precision=0.7925 recall=0.7925 auc=0.7925 
[2020-09-07 17:09:20,080]: length=14 f1=0.7924 accuarcy=0.7925 precision=0.7929 recall=0.7925 auc=0.7925 
[2020-09-07 17:09:21,050]: length=15 f1=0.8113 accuarcy=0.8113 precision=0.8113 recall=0.8113 auc=0.8113 
[2020-09-07 17:09:22,123]: length=16 f1=0.7636 accuarcy=0.7642 precision=0.7665 recall=0.7642 auc=0.7642 
[2020-09-07 17:09:23,464]: length=17 f1=0.7924 accuarcy=0.7925 precision=0.7929 recall=0.7925 auc=0.7925 
[2020-09-07 17:09:24,731]: length=18 f1=0.7925 accuarcy=0.7925 precision=0.7925 recall=0.7925 auc=0.7925 
[2020-09-07 17:09:26,148]: length=19 f1=0.8019 accuarcy=0.8019 precision=0.8020 recall=0.8019 auc=0.8019 
[2020-09-07 17:09:27,510]: length=20 f1=0.8017 accuarcy=0.8019 precision=0.8029 recall=0.8019 auc=0.8019 
[2020-09-07 17:09:28,678]: length=21 f1=0.8019 accuarcy=0.8019 precision=0.8020 recall=0.8019 auc=0.8019 
[2020-09-07 17:09:29,768]: length=22 f1=0.7922 accuarcy=0.7925 precision=0.7941 recall=0.7925 auc=0.7925 
[2020-09-07 17:09:30,606]: length=23 f1=0.7922 accuarcy=0.7925 precision=0.7941 recall=0.7925 auc=0.7925 
[2020-09-07 17:09:31,668]: length=24 f1=0.8111 accuarcy=0.8113 precision=0.8131 recall=0.8113 auc=0.8113 
[2020-09-07 17:09:32,755]: length=25 f1=0.7539 accuarcy=0.7547 precision=0.7580 recall=0.7547 auc=0.7547 
[2020-09-07 17:09:33,935]: length=26 f1=0.8207 accuarcy=0.8208 precision=0.8209 recall=0.8208 auc=0.8208 
[2020-09-07 17:09:34,764]: length=27 f1=0.7924 accuarcy=0.7925 precision=0.7929 recall=0.7925 auc=0.7925 
[2020-09-07 17:09:36,350]: length=28 f1=0.7922 accuarcy=0.7925 precision=0.7941 recall=0.7925 auc=0.7925 
[2020-09-07 17:09:38,180]: length=29 f1=0.8113 accuarcy=0.8113 precision=0.8118 recall=0.8113 auc=0.8113 
[2020-09-07 17:09:39,053]: length=30 f1=0.8301 accuarcy=0.8302 precision=0.8307 recall=0.8302 auc=0.8302 
[2020-09-07 17:09:40,118]: length=31 f1=0.8113 accuarcy=0.8113 precision=0.8118 recall=0.8113 auc=0.8113 
[2020-09-07 17:09:41,169]: length=32 f1=0.8395 accuarcy=0.8396 precision=0.8407 recall=0.8396 auc=0.8396 
[2020-09-07 17:09:42,315]: length=33 f1=0.8206 accuarcy=0.8208 precision=0.8218 recall=0.8208 auc=0.8208 
[2020-09-07 17:09:43,289]: length=34 f1=0.8111 accuarcy=0.8113 precision=0.8131 recall=0.8113 auc=0.8113 
[2020-09-07 17:09:44,469]: length=35 f1=0.8584 accuarcy=0.8585 precision=0.8596 recall=0.8585 auc=0.8585 
[2020-09-07 17:09:45,455]: length=36 f1=0.8019 accuarcy=0.8019 precision=0.8020 recall=0.8019 auc=0.8019 
[2020-09-07 17:09:46,275]: length=37 f1=0.7825 accuarcy=0.7830 precision=0.7856 recall=0.7830 auc=0.7830 
[2020-09-07 17:09:47,171]: length=38 f1=0.7922 accuarcy=0.7925 precision=0.7941 recall=0.7925 auc=0.7925 
[2020-09-07 17:09:48,237]: length=39 f1=0.7828 accuarcy=0.7830 precision=0.7839 recall=0.7830 auc=0.7830 
[2020-09-07 17:09:49,183]: length=40 f1=0.7922 accuarcy=0.7925 precision=0.7941 recall=0.7925 auc=0.7925 
[2020-09-07 17:09:51,093]: length=41 f1=0.7453 accuarcy=0.7453 precision=0.7454 recall=0.7453 auc=0.7453 
[2020-09-07 17:09:52,242]: length=42 f1=0.7924 accuarcy=0.7925 precision=0.7929 recall=0.7925 auc=0.7925 
[2020-09-07 17:09:53,250]: length=43 f1=0.7922 accuarcy=0.7925 precision=0.7941 recall=0.7925 auc=0.7925 
[2020-09-07 17:09:54,315]: length=44 f1=0.8017 accuarcy=0.8019 precision=0.8029 recall=0.8019 auc=0.8019 
[2020-09-07 17:09:55,532]: length=45 f1=0.7735 accuarcy=0.7736 precision=0.7740 recall=0.7736 auc=0.7736 
[2020-09-07 17:09:56,561]: length=46 f1=0.7924 accuarcy=0.7925 precision=0.7929 recall=0.7925 auc=0.7925 
[2020-09-07 17:09:57,648]: length=47 f1=0.8017 accuarcy=0.8019 precision=0.8029 recall=0.8019 auc=0.8019 
[2020-09-07 17:09:58,623]: length=48 f1=0.8019 accuarcy=0.8019 precision=0.8020 recall=0.8019 auc=0.8019 
[2020-09-07 17:09:59,474]: length=49 f1=0.8207 accuarcy=0.8208 precision=0.8209 recall=0.8208 auc=0.8208 
[2020-09-07 17:10:01,059]: length=50 f1=0.8019 accuarcy=0.8019 precision=0.8020 recall=0.8019 auc=0.8019 
[2020-09-07 17:10:02,361]: length=51 f1=0.7830 accuarcy=0.7830 precision=0.7831 recall=0.7830 auc=0.7830 
[2020-09-07 17:10:03,493]: length=52 f1=0.7924 accuarcy=0.7925 precision=0.7929 recall=0.7925 auc=0.7925 
[2020-09-07 17:10:04,584]: length=53 f1=0.7925 accuarcy=0.7925 precision=0.7925 recall=0.7925 auc=0.7925 
[2020-09-07 17:10:05,455]: length=54 f1=0.7925 accuarcy=0.7925 precision=0.7925 recall=0.7925 auc=0.7925 
[2020-09-07 17:10:06,410]: length=55 f1=0.7924 accuarcy=0.7925 precision=0.7929 recall=0.7925 auc=0.7925 
[2020-09-07 17:10:07,396]: length=56 f1=0.7830 accuarcy=0.7830 precision=0.7831 recall=0.7830 auc=0.7830 
[2020-09-07 17:10:08,687]: length=57 f1=0.7830 accuarcy=0.7830 precision=0.7831 recall=0.7830 auc=0.7830 
[2020-09-07 17:10:09,547]: length=58 f1=0.7736 accuarcy=0.7736 precision=0.7736 recall=0.7736 auc=0.7736 
[2020-09-07 17:10:10,442]: length=59 f1=0.8207 accuarcy=0.8208 precision=0.8209 recall=0.8208 auc=0.8208 
[2020-09-07 17:10:11,866]: length=60 f1=0.8207 accuarcy=0.8208 precision=0.8209 recall=0.8208 auc=0.8208 
[2020-09-07 17:10:13,363]: length=61 f1=0.7925 accuarcy=0.7925 precision=0.7925 recall=0.7925 auc=0.7925 
[2020-09-07 17:10:14,921]: length=62 f1=0.7640 accuarcy=0.7642 precision=0.7650 recall=0.7642 auc=0.7642 
[2020-09-07 17:10:16,426]: length=63 f1=0.7922 accuarcy=0.7925 precision=0.7941 recall=0.7925 auc=0.7925 
[2020-09-07 17:10:17,851]: length=64 f1=0.7641 accuarcy=0.7642 precision=0.7642 recall=0.7642 auc=0.7642 
[2020-09-07 17:10:18,764]: length=65 f1=0.7825 accuarcy=0.7830 precision=0.7856 recall=0.7830 auc=0.7830 
[2020-09-07 17:10:19,891]: length=66 f1=0.7161 accuarcy=0.7170 precision=0.7198 recall=0.7170 auc=0.7170 
[2020-09-07 17:10:21,085]: length=67 f1=0.7546 accuarcy=0.7547 precision=0.7551 recall=0.7547 auc=0.7547 
[2020-09-07 17:10:22,418]: length=68 f1=0.7924 accuarcy=0.7925 precision=0.7929 recall=0.7925 auc=0.7925 
[2020-09-07 17:10:23,442]: length=69 f1=0.8017 accuarcy=0.8019 precision=0.8029 recall=0.8019 auc=0.8019 
[2020-09-07 17:10:24,257]: length=70 f1=0.7925 accuarcy=0.7925 precision=0.7925 recall=0.7925 auc=0.7925 
[2020-09-07 17:10:25,174]: length=71 f1=0.7925 accuarcy=0.7925 precision=0.7925 recall=0.7925 auc=0.7925 
[2020-09-07 17:10:26,387]: length=72 f1=0.8113 accuarcy=0.8113 precision=0.8118 recall=0.8113 auc=0.8113 
[2020-09-07 17:10:27,759]: length=73 f1=0.8113 accuarcy=0.8113 precision=0.8113 recall=0.8113 auc=0.8113 
[2020-09-07 17:10:28,715]: length=74 f1=0.7733 accuarcy=0.7736 precision=0.7752 recall=0.7736 auc=0.7736 
[2020-09-07 17:10:29,803]: length=75 f1=0.7924 accuarcy=0.7925 precision=0.7929 recall=0.7925 auc=0.7925 
[2020-09-07 17:10:30,961]: length=76 f1=0.8113 accuarcy=0.8113 precision=0.8113 recall=0.8113 auc=0.8113 
[2020-09-07 17:10:32,102]: length=77 f1=0.8302 accuarcy=0.8302 precision=0.8302 recall=0.8302 auc=0.8302 
[2020-09-07 17:10:32,911]: length=78 f1=0.8207 accuarcy=0.8208 precision=0.8209 recall=0.8208 auc=0.8208 
[2020-09-07 17:10:33,981]: length=79 f1=0.8302 accuarcy=0.8302 precision=0.8302 recall=0.8302 auc=0.8302 
[2020-09-07 17:10:35,275]: length=80 f1=0.7918 accuarcy=0.7925 precision=0.7962 recall=0.7925 auc=0.7925 
[2020-09-07 17:10:36,934]: length=81 f1=0.7631 accuarcy=0.7642 precision=0.7688 recall=0.7642 auc=0.7642 
[2020-09-07 17:10:37,886]: length=82 f1=0.7925 accuarcy=0.7925 precision=0.7925 recall=0.7925 auc=0.7925 
[2020-09-07 17:10:38,770]: length=83 f1=0.8679 accuarcy=0.8679 precision=0.8684 recall=0.8679 auc=0.8679 
[2020-09-07 17:10:39,539]: length=84 f1=0.8017 accuarcy=0.8019 precision=0.8029 recall=0.8019 auc=0.8019 
[2020-09-07 17:10:40,421]: length=85 f1=0.7925 accuarcy=0.7925 precision=0.7925 recall=0.7925 auc=0.7925 
[2020-09-07 17:10:41,605]: length=86 f1=0.7640 accuarcy=0.7642 precision=0.7650 recall=0.7642 auc=0.7642 
[2020-09-07 17:10:42,959]: length=87 f1=0.8395 accuarcy=0.8396 precision=0.8407 recall=0.8396 auc=0.8396 
[2020-09-07 17:10:44,072]: length=88 f1=0.7546 accuarcy=0.7547 precision=0.7551 recall=0.7547 auc=0.7547 
[2020-09-07 17:10:45,046]: length=89 f1=0.7830 accuarcy=0.7830 precision=0.7831 recall=0.7830 auc=0.7830 
[2020-09-07 17:10:45,840]: length=90 f1=0.8207 accuarcy=0.8208 precision=0.8209 recall=0.8208 auc=0.8208 
[2020-09-07 17:10:46,676]: length=91 f1=0.8490 accuarcy=0.8491 precision=0.8496 recall=0.8491 auc=0.8491 
[2020-09-07 17:10:47,886]: length=92 f1=0.8017 accuarcy=0.8019 precision=0.8029 recall=0.8019 auc=0.8019 
[2020-09-07 17:10:48,864]: length=93 f1=0.7547 accuarcy=0.7547 precision=0.7547 recall=0.7547 auc=0.7547 
[2020-09-07 17:10:50,008]: length=94 f1=0.7631 accuarcy=0.7642 precision=0.7688 recall=0.7642 auc=0.7642 
[2020-09-07 17:10:50,848]: length=95 f1=0.8393 accuarcy=0.8396 precision=0.8427 recall=0.8396 auc=0.8396 
[2020-09-07 17:10:52,120]: length=96 f1=0.8113 accuarcy=0.8113 precision=0.8118 recall=0.8113 auc=0.8113 
[2020-09-07 17:10:53,264]: length=97 f1=0.8207 accuarcy=0.8208 precision=0.8209 recall=0.8208 auc=0.8208 
[2020-09-07 17:10:54,328]: length=98 f1=0.8395 accuarcy=0.8396 precision=0.8407 recall=0.8396 auc=0.8396 
[2020-09-07 17:10:55,522]: length=99 f1=0.7828 accuarcy=0.7830 precision=0.7839 recall=0.7830 auc=0.7830 
[2020-09-07 17:10:56,520]: length=100 f1=0.7918 accuarcy=0.7925 precision=0.7962 recall=0.7925 auc=0.7925 
[2020-09-07 17:10:57,396]: length=101 f1=0.7729 accuarcy=0.7736 precision=0.7771 recall=0.7736 auc=0.7736 
[2020-09-07 17:10:58,687]: length=102 f1=0.8677 accuarcy=0.8679 precision=0.8700 recall=0.8679 auc=0.8679 
[2020-09-07 17:10:59,370]: length=103 f1=0.8206 accuarcy=0.8208 precision=0.8218 recall=0.8208 auc=0.8208 
[2020-09-07 17:11:00,481]: length=104 f1=0.7735 accuarcy=0.7736 precision=0.7740 recall=0.7736 auc=0.7736 
[2020-09-07 17:11:01,451]: length=105 f1=0.8014 accuarcy=0.8019 precision=0.8046 recall=0.8019 auc=0.8019 
[2020-09-07 17:11:02,359]: length=106 f1=0.8014 accuarcy=0.8019 precision=0.8046 recall=0.8019 auc=0.8019 
[2020-09-07 17:11:03,312]: length=107 f1=0.7735 accuarcy=0.7736 precision=0.7740 recall=0.7736 auc=0.7736 
[2020-09-07 17:11:04,167]: length=108 f1=0.8207 accuarcy=0.8208 precision=0.8209 recall=0.8208 auc=0.8208 
[2020-09-07 17:11:05,444]: length=109 f1=0.8107 accuarcy=0.8113 precision=0.8154 recall=0.8113 auc=0.8113 
[2020-09-07 17:11:07,057]: length=110 f1=0.7825 accuarcy=0.7830 precision=0.7856 recall=0.7830 auc=0.7830 
[2020-09-07 17:11:08,403]: length=111 f1=0.7729 accuarcy=0.7736 precision=0.7771 recall=0.7736 auc=0.7736 
[2020-09-07 17:11:09,172]: length=112 f1=0.8302 accuarcy=0.8302 precision=0.8302 recall=0.8302 auc=0.8302 
[2020-09-07 17:11:10,123]: length=113 f1=0.8488 accuarcy=0.8491 precision=0.8511 recall=0.8491 auc=0.8491 
[2020-09-07 17:11:10,945]: length=114 f1=0.8111 accuarcy=0.8113 precision=0.8131 recall=0.8113 auc=0.8113 
[2020-09-07 17:11:12,063]: length=115 f1=0.7924 accuarcy=0.7925 precision=0.7929 recall=0.7925 auc=0.7925 
[2020-09-07 17:11:13,280]: length=116 f1=0.8490 accuarcy=0.8491 precision=0.8496 recall=0.8491 auc=0.8491 
[2020-09-07 17:11:14,363]: length=117 f1=0.8296 accuarcy=0.8302 precision=0.8345 recall=0.8302 auc=0.8302 
[2020-09-07 17:11:15,427]: length=118 f1=0.8301 accuarcy=0.8302 precision=0.8307 recall=0.8302 auc=0.8302 
[2020-09-07 17:11:16,817]: length=119 f1=0.8207 accuarcy=0.8208 precision=0.8209 recall=0.8208 auc=0.8208 
[2020-09-07 17:11:18,012]: length=120 f1=0.7924 accuarcy=0.7925 precision=0.7929 recall=0.7925 auc=0.7925 
[2020-09-07 17:11:19,119]: length=121 f1=0.7922 accuarcy=0.7925 precision=0.7941 recall=0.7925 auc=0.7925 
[2020-09-07 17:11:20,228]: length=122 f1=0.8585 accuarcy=0.8585 precision=0.8586 recall=0.8585 auc=0.8585 
[2020-09-07 17:11:21,273]: length=123 f1=0.8113 accuarcy=0.8113 precision=0.8113 recall=0.8113 auc=0.8113 
[2020-09-07 17:11:22,203]: length=124 f1=0.8296 accuarcy=0.8302 precision=0.8345 recall=0.8302 auc=0.8302 
[2020-09-07 17:11:23,195]: length=125 f1=0.8393 accuarcy=0.8396 precision=0.8427 recall=0.8396 auc=0.8396 
[2020-09-07 17:11:24,568]: length=126 f1=0.8019 accuarcy=0.8019 precision=0.8020 recall=0.8019 auc=0.8019 
[2020-09-07 17:11:25,713]: length=127 f1=0.8207 accuarcy=0.8208 precision=0.8209 recall=0.8208 auc=0.8208 
[2020-09-07 17:11:26,721]: length=128 f1=0.7825 accuarcy=0.7830 precision=0.7856 recall=0.7830 auc=0.7830 
[2020-09-07 17:11:28,011]: length=129 f1=0.8679 accuarcy=0.8679 precision=0.8684 recall=0.8679 auc=0.8679 
[2020-09-07 17:11:29,463]: length=130 f1=0.8584 accuarcy=0.8585 precision=0.8596 recall=0.8585 auc=0.8585 
[2020-09-07 17:11:30,443]: length=131 f1=0.8113 accuarcy=0.8113 precision=0.8118 recall=0.8113 auc=0.8113 
[2020-09-07 17:11:31,654]: length=132 f1=0.8961 accuarcy=0.8962 precision=0.8975 recall=0.8962 auc=0.8962 
[2020-09-07 17:11:32,939]: length=133 f1=0.8301 accuarcy=0.8302 precision=0.8307 recall=0.8302 auc=0.8302 
[2020-09-07 17:11:34,439]: length=134 f1=0.8019 accuarcy=0.8019 precision=0.8020 recall=0.8019 auc=0.8019 
[2020-09-07 17:11:35,912]: length=135 f1=0.8200 accuarcy=0.8208 precision=0.8264 recall=0.8208 auc=0.8208 
[2020-09-07 17:11:37,142]: length=136 f1=0.8111 accuarcy=0.8113 precision=0.8131 recall=0.8113 auc=0.8113 
[2020-09-07 17:11:38,213]: length=137 f1=0.8395 accuarcy=0.8396 precision=0.8407 recall=0.8396 auc=0.8396 
[2020-09-07 17:11:39,327]: length=138 f1=0.7828 accuarcy=0.7830 precision=0.7839 recall=0.7830 auc=0.7830 
[2020-09-07 17:11:40,252]: length=139 f1=0.7925 accuarcy=0.7925 precision=0.7925 recall=0.7925 auc=0.7925 
[2020-09-07 17:11:41,348]: length=140 f1=0.8204 accuarcy=0.8208 precision=0.8236 recall=0.8208 auc=0.8208 
[2020-09-07 17:11:42,538]: length=141 f1=0.8206 accuarcy=0.8208 precision=0.8218 recall=0.8208 auc=0.8208 
[2020-09-07 17:11:43,519]: length=142 f1=0.8019 accuarcy=0.8019 precision=0.8020 recall=0.8019 auc=0.8019 
[2020-09-07 17:11:44,701]: length=143 f1=0.7733 accuarcy=0.7736 precision=0.7752 recall=0.7736 auc=0.7736 
[2020-09-07 17:11:45,870]: length=144 f1=0.7821 accuarcy=0.7830 precision=0.7880 recall=0.7830 auc=0.7830 
[2020-09-07 17:11:46,516]: length=145 f1=0.7925 accuarcy=0.7925 precision=0.7925 recall=0.7925 auc=0.7925 
[2020-09-07 17:11:47,527]: length=146 f1=0.8206 accuarcy=0.8208 precision=0.8218 recall=0.8208 auc=0.8208 
[2020-09-07 17:11:48,852]: length=147 f1=0.7922 accuarcy=0.7925 precision=0.7941 recall=0.7925 auc=0.7925 
[2020-09-07 17:11:49,896]: length=148 f1=0.8113 accuarcy=0.8113 precision=0.8118 recall=0.8113 auc=0.8113 
[2020-09-07 17:11:51,365]: length=149 f1=0.8679 accuarcy=0.8679 precision=0.8684 recall=0.8679 auc=0.8679 
[2020-09-07 17:11:52,415]: length=150 f1=0.8579 accuarcy=0.8585 precision=0.8649 recall=0.8585 auc=0.8585 
[2020-09-07 17:11:53,577]: length=151 f1=0.7922 accuarcy=0.7925 precision=0.7941 recall=0.7925 auc=0.7925 
[2020-09-07 17:11:54,508]: length=152 f1=0.7733 accuarcy=0.7736 precision=0.7752 recall=0.7736 auc=0.7736 
[2020-09-07 17:11:55,668]: length=153 f1=0.7913 accuarcy=0.7925 precision=0.7993 recall=0.7925 auc=0.7925 
[2020-09-07 17:11:56,686]: length=154 f1=0.8299 accuarcy=0.8302 precision=0.8321 recall=0.8302 auc=0.8302 
[2020-09-07 17:11:57,544]: length=155 f1=0.7922 accuarcy=0.7925 precision=0.7941 recall=0.7925 auc=0.7925 
[2020-09-07 17:11:58,489]: length=156 f1=0.8019 accuarcy=0.8019 precision=0.8020 recall=0.8019 auc=0.8019 
[2020-09-07 17:11:59,993]: length=157 f1=0.8102 accuarcy=0.8113 precision=0.8186 recall=0.8113 auc=0.8113 
[2020-09-07 17:12:01,192]: length=158 f1=0.8396 accuarcy=0.8396 precision=0.8397 recall=0.8396 auc=0.8396 
[2020-09-07 17:12:02,042]: length=159 f1=0.7924 accuarcy=0.7925 precision=0.7929 recall=0.7925 auc=0.7925 
[2020-09-07 17:12:03,146]: length=160 f1=0.8301 accuarcy=0.8302 precision=0.8307 recall=0.8302 auc=0.8302 
[2020-09-07 17:12:04,791]: length=161 f1=0.8679 accuarcy=0.8679 precision=0.8684 recall=0.8679 auc=0.8679 
[2020-09-07 17:12:05,988]: length=162 f1=0.8490 accuarcy=0.8491 precision=0.8496 recall=0.8491 auc=0.8491 
[2020-09-07 17:12:07,255]: length=163 f1=0.8299 accuarcy=0.8302 precision=0.8321 recall=0.8302 auc=0.8302 
[2020-09-07 17:12:08,592]: length=164 f1=0.8773 accuarcy=0.8774 precision=0.8786 recall=0.8774 auc=0.8774 
[2020-09-07 17:12:09,660]: length=165 f1=0.8490 accuarcy=0.8491 precision=0.8496 recall=0.8491 auc=0.8491 
[2020-09-07 17:12:11,219]: length=166 f1=0.8206 accuarcy=0.8208 precision=0.8218 recall=0.8208 auc=0.8208 
[2020-09-07 17:12:12,287]: length=167 f1=0.8301 accuarcy=0.8302 precision=0.8307 recall=0.8302 auc=0.8302 
[2020-09-07 17:12:13,952]: length=168 f1=0.8207 accuarcy=0.8208 precision=0.8209 recall=0.8208 auc=0.8208 
[2020-09-07 17:12:15,611]: length=169 f1=0.8490 accuarcy=0.8491 precision=0.8496 recall=0.8491 auc=0.8491 
[2020-09-07 17:12:16,516]: length=170 f1=0.7924 accuarcy=0.7925 precision=0.7929 recall=0.7925 auc=0.7925 
[2020-09-07 17:12:17,442]: length=171 f1=0.8301 accuarcy=0.8302 precision=0.8307 recall=0.8302 auc=0.8302 
[2020-09-07 17:12:18,152]: length=172 f1=0.8299 accuarcy=0.8302 precision=0.8321 recall=0.8302 auc=0.8302 
[2020-09-07 17:12:19,454]: length=173 f1=0.8113 accuarcy=0.8113 precision=0.8118 recall=0.8113 auc=0.8113 
[2020-09-07 17:12:20,662]: length=174 f1=0.8490 accuarcy=0.8491 precision=0.8496 recall=0.8491 auc=0.8491 
[2020-09-07 17:12:21,599]: length=175 f1=0.8206 accuarcy=0.8208 precision=0.8218 recall=0.8208 auc=0.8208 
[2020-09-07 17:12:22,956]: length=176 f1=0.8679 accuarcy=0.8679 precision=0.8679 recall=0.8679 auc=0.8679 
[2020-09-07 17:12:24,097]: length=177 f1=0.8299 accuarcy=0.8302 precision=0.8321 recall=0.8302 auc=0.8302 
[2020-09-07 17:12:25,181]: length=178 f1=0.8111 accuarcy=0.8113 precision=0.8131 recall=0.8113 auc=0.8113 
[2020-09-07 17:12:26,259]: length=179 f1=0.8017 accuarcy=0.8019 precision=0.8029 recall=0.8019 auc=0.8019 
[2020-09-07 17:12:27,504]: length=180 f1=0.8396 accuarcy=0.8396 precision=0.8397 recall=0.8396 auc=0.8396 
[2020-09-07 17:12:28,516]: length=181 f1=0.8395 accuarcy=0.8396 precision=0.8407 recall=0.8396 auc=0.8396 
[2020-09-07 17:12:29,404]: length=182 f1=0.8207 accuarcy=0.8208 precision=0.8209 recall=0.8208 auc=0.8208 
[2020-09-07 17:12:30,447]: length=183 f1=0.8302 accuarcy=0.8302 precision=0.8302 recall=0.8302 auc=0.8302 
[2020-09-07 17:12:31,638]: length=184 f1=0.8207 accuarcy=0.8208 precision=0.8209 recall=0.8208 auc=0.8208 
[2020-09-07 17:12:33,022]: length=185 f1=0.8107 accuarcy=0.8113 precision=0.8154 recall=0.8113 auc=0.8113 
[2020-09-07 17:12:34,334]: length=186 f1=0.8488 accuarcy=0.8491 precision=0.8511 recall=0.8491 auc=0.8491 
[2020-09-07 17:12:35,109]: length=187 f1=0.8585 accuarcy=0.8585 precision=0.8586 recall=0.8585 auc=0.8585 
[2020-09-07 17:12:36,121]: length=188 f1=0.8301 accuarcy=0.8302 precision=0.8307 recall=0.8302 auc=0.8302 
[2020-09-07 17:12:37,424]: length=189 f1=0.7830 accuarcy=0.7830 precision=0.7831 recall=0.7830 auc=0.7830 
[2020-09-07 17:12:38,526]: length=190 f1=0.8396 accuarcy=0.8396 precision=0.8397 recall=0.8396 auc=0.8396 
[2020-09-07 17:12:39,690]: length=191 f1=0.8585 accuarcy=0.8585 precision=0.8586 recall=0.8585 auc=0.8585 
[2020-09-07 17:12:40,732]: length=192 f1=0.8206 accuarcy=0.8208 precision=0.8218 recall=0.8208 auc=0.8208 
[2020-09-07 17:12:42,252]: length=193 f1=0.8396 accuarcy=0.8396 precision=0.8397 recall=0.8396 auc=0.8396 
[2020-09-07 17:12:43,574]: length=194 f1=0.8111 accuarcy=0.8113 precision=0.8131 recall=0.8113 auc=0.8113 
[2020-09-07 17:12:44,767]: length=195 f1=0.8111 accuarcy=0.8113 precision=0.8131 recall=0.8113 auc=0.8113 
[2020-09-07 17:12:46,041]: length=196 f1=0.8107 accuarcy=0.8113 precision=0.8154 recall=0.8113 auc=0.8113 
[2020-09-07 17:12:46,806]: length=197 f1=0.7922 accuarcy=0.7925 precision=0.7941 recall=0.7925 auc=0.7925 
[2020-09-07 17:12:47,819]: length=198 f1=0.8111 accuarcy=0.8113 precision=0.8131 recall=0.8113 auc=0.8113 
[2020-09-07 17:12:48,971]: length=199 f1=0.8488 accuarcy=0.8491 precision=0.8511 recall=0.8491 auc=0.8491 
[2020-09-07 17:12:49,868]: length=200 f1=0.8393 accuarcy=0.8396 precision=0.8427 recall=0.8396 auc=0.8396 
[2020-09-07 17:12:50,870]: length=201 f1=0.8113 accuarcy=0.8113 precision=0.8113 recall=0.8113 auc=0.8113 
[2020-09-07 17:12:51,687]: length=202 f1=0.7828 accuarcy=0.7830 precision=0.7839 recall=0.7830 auc=0.7830 
[2020-09-07 17:12:52,739]: length=203 f1=0.8299 accuarcy=0.8302 precision=0.8321 recall=0.8302 auc=0.8302 
[2020-09-07 17:12:53,842]: length=204 f1=0.8019 accuarcy=0.8019 precision=0.8020 recall=0.8019 auc=0.8019 
[2020-09-07 17:12:54,675]: length=205 f1=0.7922 accuarcy=0.7925 precision=0.7941 recall=0.7925 auc=0.7925 
[2020-09-07 17:12:56,069]: length=206 f1=0.8679 accuarcy=0.8679 precision=0.8679 recall=0.8679 auc=0.8679 
[2020-09-07 17:12:57,687]: length=207 f1=0.8582 accuarcy=0.8585 precision=0.8617 recall=0.8585 auc=0.8585 
[2020-09-07 17:12:58,590]: length=208 f1=0.8111 accuarcy=0.8113 precision=0.8131 recall=0.8113 auc=0.8113 
[2020-09-07 17:12:59,995]: length=209 f1=0.8868 accuarcy=0.8868 precision=0.8873 recall=0.8868 auc=0.8868 
[2020-09-07 17:13:00,782]: length=210 f1=0.8962 accuarcy=0.8962 precision=0.8964 recall=0.8962 auc=0.8962 
[2020-09-07 17:13:01,634]: length=211 f1=0.8679 accuarcy=0.8679 precision=0.8684 recall=0.8679 auc=0.8679 
[2020-09-07 17:13:02,481]: length=212 f1=0.8490 accuarcy=0.8491 precision=0.8496 recall=0.8491 auc=0.8491 
[2020-09-07 17:13:03,414]: length=213 f1=0.8207 accuarcy=0.8208 precision=0.8209 recall=0.8208 auc=0.8208 
[2020-09-07 17:13:04,272]: length=214 f1=0.8773 accuarcy=0.8774 precision=0.8786 recall=0.8774 auc=0.8774 
[2020-09-07 17:13:05,692]: length=215 f1=0.8962 accuarcy=0.8962 precision=0.8964 recall=0.8962 auc=0.8962 
[2020-09-07 17:13:06,693]: length=216 f1=0.8868 accuarcy=0.8868 precision=0.8868 recall=0.8868 auc=0.8868 
[2020-09-07 17:13:08,054]: length=217 f1=0.8868 accuarcy=0.8868 precision=0.8868 recall=0.8868 auc=0.8868 
[2020-09-07 17:13:08,928]: length=218 f1=0.8679 accuarcy=0.8679 precision=0.8684 recall=0.8679 auc=0.8679 
[2020-09-07 17:13:10,023]: length=219 f1=0.8962 accuarcy=0.8962 precision=0.8964 recall=0.8962 auc=0.8962 
[2020-09-07 17:13:11,048]: length=220 f1=0.8866 accuarcy=0.8868 precision=0.8890 recall=0.8868 auc=0.8868 
[2020-09-07 17:13:11,827]: length=221 f1=0.8868 accuarcy=0.8868 precision=0.8873 recall=0.8868 auc=0.8868 
[2020-09-07 17:13:12,977]: length=222 f1=0.8679 accuarcy=0.8679 precision=0.8684 recall=0.8679 auc=0.8679 
[2020-09-07 17:13:13,967]: length=223 f1=0.8488 accuarcy=0.8491 precision=0.8511 recall=0.8491 auc=0.8491 
[2020-09-07 17:13:15,013]: length=224 f1=0.8771 accuarcy=0.8774 precision=0.8807 recall=0.8774 auc=0.8774 
[2020-09-07 17:13:15,840]: length=225 f1=0.8773 accuarcy=0.8774 precision=0.8786 recall=0.8774 auc=0.8774 
[2020-09-07 17:13:16,790]: length=226 f1=0.8677 accuarcy=0.8679 precision=0.8700 recall=0.8679 auc=0.8679 
[2020-09-07 17:13:17,615]: length=227 f1=0.8679 accuarcy=0.8679 precision=0.8684 recall=0.8679 auc=0.8679 
[2020-09-07 17:13:18,760]: length=228 f1=0.9245 accuarcy=0.9245 precision=0.9251 recall=0.9245 auc=0.9245 
[2020-09-07 17:13:18,760]: ----------
[2020-09-07 17:13:18,760]: the max f1 = 0.9245
[2020-09-07 17:13:18,761]: ['13_t' '40_t' '51_g' '48_t' '14_c' '38_a' '38_c' '29_c' '25_t' '39_c'
 '9_a' '41_a' '36_a' '16_c' '32_t' '18_c' '22_a' '39_g' '7_c' '5_c' '8_t'
 '38_t' '15_a' '44_c' '7_t' '37_g' '5_g' '19_a' '26_c' '45_a' '31_t'
 '15_g' '43_g' '30_g' '11_t' '17_a' '41_t' '18_t' '49_c' '30_t' '45_c'
 '29_a' '11_g' '6_a' '36_t' '19_t' '28_a' '52_t' '19_c' '47_c' '44_a'
 '23_t' '36_g' '24_t' '25_g' '22_t' '39_t' '0_t' '13_c' '48_c' '9_c'
 '37_a' '29_g' '8_g' '24_g' '37_t' '42_t' '41_c' '37_c' '19_g' '15_c'
 '53_g' '54_a' '30_a' '10_c' '52_c' '18_g' '2_c' '55_c' '50_t' '13_g'
 '31_g' '1_c' '12_t' '47_a' '50_c' '53_a' '10_a' '16_t' '20_g' '17_t'
 '46_c' '33_t' '39_a' '7_a' '6_c' '32_g' '22_g' '51_a' '52_g' '54_c'
 '21_c' '44_g' '33_g' '4_a' '8_c' '25_c' '1_a' '20_a' '47_t' '56_t' '34_t'
 '53_t' '26_a' '49_t' '17_g' '47_g' '0_g' '40_c' '56_c' '56_g' '42_g'
 '20_c' '12_c' '43_t' '52_a' '4_g' '1_g' '36_c' '33_c' '4_t' '11_c' '2_t'
 '17_c' '1_t' '21_t' '31_c' '9_g' '10_t' '40_a' '28_t' '54_g' '40_g'
 '34_g' '50_g' '43_a' '55_a' '6_g' '7_g' '35_t' '35_a' '8_a' '14_g' '44_t'
 '31_a' '27_a' '22_c' '14_a' '51_c' '28_c' '33_a' '34_a' '12_g' '24_a'
 '54_t' '16_a' '23_c' '11_a' '5_t' '6_t' '26_g' '12_a' '2_a' '18_a' '45_g'
 '27_c' '0_a' '3_g' '53_c' '49_g' '46_g' '21_g' '34_c' '42_c' '3_t' '46_a'
 '3_a' '56_a' '0_c' '21_a' '25_a' '49_a' '35_c' '27_t' '3_c' '5_a' '43_c'
 '4_c' '48_a' '45_t' '50_a' '20_t' '32_c' '41_g' '24_c' '38_g' '51_t'
 '55_t' '16_g' '27_g' '10_g' '48_g' '28_g' '30_c' '46_t' '42_a' '23_a'
 '2_g' '23_g' '13_a' '14_t' '55_g' '32_a' '9_t' '29_t' '26_t' '35_g'
 '15_t'],length = 228
[2020-09-07 17:13:18,762]: -----------
[2020-09-07 17:13:20,037]: ***confusion matrix***
Predicted   0   1
Actual           
0          50   3
1           5  48
[2020-09-07 17:13:20,038]: f1 =0.9245 
[2020-09-07 17:13:20,039]: accuarcy = 0.9245 
[2020-09-07 17:13:20,040]: precision =0.9251 
[2020-09-07 17:13:20,041]: recall =0.9245
[2020-09-07 17:13:20,044]: auc = 0.9245
[2020-09-07 17:13:20,073]: -----------
[2020-09-07 17:13:20,073]: The output by the terminal's log has been saved in the /home02/heshida/work/MRMD3.0/Logs/202009071708.log.
[2020-09-07 17:13:20,073]: metrics have been saved in the /home02/heshida/work/MRMD3.0/Results/dna.metrics.csv.
[2020-09-07 17:13:20,074]: Reduced dimensional dataset has been saved in the /home02/heshida/work/MRMD3.0/Results/test_out.csv.
[2020-09-07 17:13:20,074]: ---mrmd 3.0 end---
