[2020-05-09 20:20:35,862]: ---mrmd 2.0 start----
[2020-05-09 20:20:36,625]: ANOVA start...
[2020-05-09 20:20:36,627]: ANOVA end.
[2020-05-09 20:20:36,627]: mic start...
[2020-05-09 20:20:36,837]: mic end.
[2020-05-09 20:20:36,837]: mrmd start...
[2020-05-09 20:20:36,864]: mrmd end.
[2020-05-09 20:20:36,864]: mRMR start...
[2020-05-09 20:20:36,901]: mRMR end.
[2020-05-09 20:20:36,902]: lasso start...
[2020-05-09 20:20:36,919]: lasso end.
[2020-05-09 20:20:36,919]: chi2 start...
[2020-05-09 20:20:36,935]: chi2 end.
[2020-05-09 20:20:36,935]: ref start...
[2020-05-09 20:20:37,006]: ref end.
[2020-05-09 20:20:37,014]: The final  rank is
[2020-05-09 20:20:37,014]: K : 0.0690785632503797
[2020-05-09 20:20:37,014]: T : 0.06596555106877368
[2020-05-09 20:20:37,014]: R : 0.06242359193006594
[2020-05-09 20:20:37,014]: Q : 0.05925577100144449
[2020-05-09 20:20:37,014]: I : 0.058947516924739284
[2020-05-09 20:20:37,015]: A : 0.05800764254679676
[2020-05-09 20:20:37,015]: E : 0.05769967990753704
[2020-05-09 20:20:37,015]: V : 0.05534103970805543
[2020-05-09 20:20:37,015]: Y : 0.05244160805337384
[2020-05-09 20:20:37,015]: G : 0.0509468742195343
[2020-05-09 20:20:37,015]: P : 0.049519504745027774
[2020-05-09 20:20:37,015]: C : 0.04765237774114939
[2020-05-09 20:20:37,015]: S : 0.04749410510572205
[2020-05-09 20:20:37,015]: W : 0.046058731561151034
[2020-05-09 20:20:37,015]: N : 0.04186750312365192
[2020-05-09 20:20:37,015]: D : 0.04050797445694472
[2020-05-09 20:20:37,015]: M : 0.036770006395781624
[2020-05-09 20:20:37,015]: L : 0.03540961962154634
[2020-05-09 20:20:37,015]: H : 0.032800989537869606
[2020-05-09 20:20:37,015]: F : 0.03181134910045505
[2020-05-09 20:20:37,034]: Start dimension reduction ...
