[2020-05-09 20:23:23,108]: ---mrmd 2.0 start----
[2020-05-09 20:23:23,859]: ANOVA start...
[2020-05-09 20:23:23,862]: ANOVA end.
[2020-05-09 20:23:23,862]: mic start...
[2020-05-09 20:23:24,076]: mic end.
[2020-05-09 20:23:24,076]: mrmd start...
[2020-05-09 20:23:24,102]: mrmd end.
[2020-05-09 20:23:24,102]: mRMR start...
[2020-05-09 20:23:24,141]: mRMR end.
[2020-05-09 20:23:24,141]: lasso start...
[2020-05-09 20:23:24,158]: lasso end.
[2020-05-09 20:23:24,159]: chi2 start...
[2020-05-09 20:23:24,174]: chi2 end.
[2020-05-09 20:23:24,174]: ref start...
[2020-05-09 20:23:24,246]: ref end.
[2020-05-09 20:23:24,269]: The final  rank is
[2020-05-09 20:23:24,270]: R : 0.0743512305530921
[2020-05-09 20:23:24,270]: T : 0.06884952702223077
[2020-05-09 20:23:24,270]: K : 0.0662221238345784
[2020-05-09 20:23:24,270]: P : 0.06508716603111708
[2020-05-09 20:23:24,270]: V : 0.06341603422449169
[2020-05-09 20:23:24,270]: E : 0.062023921565027465
[2020-05-09 20:23:24,270]: Q : 0.05858590086388968
[2020-05-09 20:23:24,270]: A : 0.05529769910127908
[2020-05-09 20:23:24,270]: W : 0.05220064635653847
[2020-05-09 20:23:24,270]: Y : 0.051047963591525615
[2020-05-09 20:23:24,271]: C : 0.05029783431965944
[2020-05-09 20:23:24,271]: I : 0.04866869565615899
[2020-05-09 20:23:24,271]: S : 0.047064877964105765
[2020-05-09 20:23:24,271]: D : 0.044779462144828266
[2020-05-09 20:23:24,271]: N : 0.04331815964930798
[2020-05-09 20:23:24,271]: H : 0.039385658027168105
[2020-05-09 20:23:24,271]: G : 0.03190283188959601
[2020-05-09 20:23:24,271]: L : 0.030890751461250296
[2020-05-09 20:23:24,272]: M : 0.026179945174534487
[2020-05-09 20:23:24,272]: F : 0.020429570569620373
[2020-05-09 20:23:24,293]: Start dimension reduction ...
[2020-05-09 20:23:27,684]: length=1 f1=0.3200 accuarcy=0.3288 precision=0.3285 recall=0.3288 auc=0.4518 
[2020-05-09 20:23:28,464]: length=2 f1=0.4251 accuarcy=0.4247 precision=0.4257 recall=0.4247 auc=0.5573 
[2020-05-09 20:23:29,251]: length=3 f1=0.4145 accuarcy=0.4247 precision=0.4157 recall=0.4247 auc=0.5324 
[2020-05-09 20:23:29,566]: length=4 f1=0.4876 accuarcy=0.4932 precision=0.4893 recall=0.4932 auc=0.5896 
[2020-05-09 20:23:29,854]: length=5 f1=0.3731 accuarcy=0.3836 precision=0.3801 recall=0.3836 auc=0.4954 
[2020-05-09 20:23:30,156]: length=6 f1=0.4081 accuarcy=0.4110 precision=0.4092 recall=0.4110 auc=0.5308 
[2020-05-09 20:23:30,446]: length=7 f1=0.4234 accuarcy=0.4247 precision=0.4227 recall=0.4247 auc=0.5473 
[2020-05-09 20:23:30,736]: length=8 f1=0.4372 accuarcy=0.4384 precision=0.4362 recall=0.4384 auc=0.5580 
[2020-05-09 20:23:31,031]: length=9 f1=0.5050 accuarcy=0.5068 precision=0.5067 recall=0.5068 auc=0.6022 
[2020-05-09 20:23:31,331]: length=10 f1=0.5567 accuarcy=0.5616 precision=0.5550 recall=0.5616 auc=0.6443 
[2020-05-09 20:23:31,629]: length=11 f1=0.5048 accuarcy=0.5068 precision=0.5043 recall=0.5068 auc=0.6071 
[2020-05-09 20:23:31,925]: length=12 f1=0.4454 accuarcy=0.4521 precision=0.4402 recall=0.4521 auc=0.5642 
[2020-05-09 20:23:32,219]: length=13 f1=0.4409 accuarcy=0.4521 precision=0.4386 recall=0.4521 auc=0.5537 
[2020-05-09 20:23:32,511]: length=14 f1=0.4476 accuarcy=0.4658 precision=0.4420 recall=0.4658 auc=0.5566 
[2020-05-09 20:23:32,800]: length=15 f1=0.4297 accuarcy=0.4384 precision=0.4269 recall=0.4384 auc=0.5459 
[2020-05-09 20:23:33,097]: length=16 f1=0.4784 accuarcy=0.4932 precision=0.4733 recall=0.4932 auc=0.5803 
[2020-05-09 20:23:33,463]: length=17 f1=0.4540 accuarcy=0.4658 precision=0.4501 recall=0.4658 auc=0.5660 
[2020-05-09 20:23:33,759]: length=18 f1=0.4393 accuarcy=0.4658 precision=0.4350 recall=0.4658 auc=0.5478 
[2020-05-09 20:23:34,051]: length=19 f1=0.4258 accuarcy=0.4521 precision=0.4114 recall=0.4521 auc=0.5453 
[2020-05-09 20:23:34,347]: length=20 f1=0.4620 accuarcy=0.4932 precision=0.4723 recall=0.4932 auc=0.5661 
[2020-05-09 20:23:34,347]: ----------
[2020-05-09 20:23:34,347]: the max f1 = 0.5567
[2020-05-09 20:23:34,348]: ['R' 'T' 'K' 'P' 'V' 'E' 'Q' 'A' 'W' 'Y'],length = 10
[2020-05-09 20:23:34,348]: -----------
[2020-05-09 20:23:34,628]: ***confusion matrix***
[2020-05-09 20:23:34,628]:                pos_class      neg_class      
[2020-05-09 20:23:34,628]: pos_class      TP:14             FN:2              
[2020-05-09 20:23:34,628]: neg_class      FP:0              TN:5              
[2020-05-09 20:23:34,630]: f1 =0.5567 
[2020-05-09 20:23:34,631]: accuarcy = 0.5616 
[2020-05-09 20:23:34,632]: precision =0.5550 
[2020-05-09 20:23:34,634]: recall =0.5616
[2020-05-09 20:23:34,639]: auc = 0.6443
[2020-05-09 20:23:34,645]: -----------
[2020-05-09 20:23:34,645]: The output by the terminal's log has been saved in the /home/heshida/pycharm_tmp2/Logs/202005092023.log.
[2020-05-09 20:23:34,645]: metrics have been saved in the /home/heshida/pycharm_tmp2/Results/b.csv.
[2020-05-09 20:23:35,767]: Scatter charts visualized by t-SNE dataset has been saved in the /home/heshida/pycharm_tmp2/Results/test.csv.png.
[2020-05-09 20:23:35,767]: Reduced dimensional dataset has been saved in the /home/heshida/pycharm_tmp2/Results/a.csv.
[2020-05-09 20:23:35,767]: ---mrmd 2.0 end---
