[2020-05-12 22:04:37,377]: ---mrmd 2.0 start----
[2020-05-12 22:04:38,134]: ANOVA start...
[2020-05-12 22:04:38,143]: ANOVA  end.
[2020-05-12 22:04:38,143]: ANOVA start...
[2020-05-12 22:04:38,271]: ANOVA  end.
[2020-05-12 22:04:38,271]: mrmd start...
[2020-05-12 22:04:38,295]: mrmd end.
[2020-05-12 22:04:38,295]: mRMR start...
[2020-05-12 22:04:38,338]: mRMR end.
[2020-05-12 22:04:38,338]: lasso start...
[2020-05-12 22:04:38,355]: lasso end.
[2020-05-12 22:04:38,355]: chi2 start...
[2020-05-12 22:04:38,371]: chi2 end.
[2020-05-12 22:04:38,371]: ANOVA start...
[2020-05-12 22:04:38,382]: ANOVA  end.
[2020-05-12 22:04:38,383]: ref start...
[2020-05-12 22:04:46,721]: ref end.
[2020-05-12 22:04:46,748]: The final  rank is
[2020-05-12 22:04:46,748]: W : 0.0689360027968449
[2020-05-12 22:04:46,749]: R : 0.0629637609505068
[2020-05-12 22:04:46,749]: I : 0.06039937361705864
[2020-05-12 22:04:46,749]: Q : 0.057772934243261506
[2020-05-12 22:04:46,749]: A : 0.057055380705064836
[2020-05-12 22:04:46,749]: T : 0.05685965058654864
[2020-05-12 22:04:46,749]: K : 0.055172782043950215
[2020-05-12 22:04:46,749]: G : 0.054563342921275654
[2020-05-12 22:04:46,749]: V : 0.05417473206686703
[2020-05-12 22:04:46,749]: C : 0.05362425999056787
[2020-05-12 22:04:46,750]: P : 0.052075727533433695
[2020-05-12 22:04:46,750]: Y : 0.049445005227070425
[2020-05-12 22:04:46,750]: E : 0.04926290398755718
[2020-05-12 22:04:46,750]: H : 0.04755629884630805
[2020-05-12 22:04:46,750]: N : 0.04350440062604198
[2020-05-12 22:04:46,750]: M : 0.04127872904615353
[2020-05-12 22:04:46,750]: L : 0.041207772491987225
[2020-05-12 22:04:46,750]: D : 0.03517084690326795
[2020-05-12 22:04:46,750]: S : 0.034623773111177
[2020-05-12 22:04:46,751]: F : 0.0243523223050568
[2020-05-12 22:04:46,772]: Start dimension reduction ...
[2020-05-12 22:04:49,987]: length=1 f1=0.3836 accuarcy=0.4932 precision=0.3911 recall=0.4932 auc=0.5264 
[2020-05-12 22:04:50,782]: length=2 f1=0.3667 accuarcy=0.3699 precision=0.3660 recall=0.3699 auc=0.5006 
[2020-05-12 22:04:51,558]: length=3 f1=0.3468 accuarcy=0.3562 precision=0.3460 recall=0.3562 auc=0.4808 
[2020-05-12 22:04:51,866]: length=4 f1=0.4108 accuarcy=0.4110 precision=0.4114 recall=0.4110 auc=0.5437 
[2020-05-12 22:04:52,160]: length=5 f1=0.3493 accuarcy=0.3562 precision=0.3506 recall=0.3562 auc=0.4809 
[2020-05-12 22:04:52,456]: length=6 f1=0.3784 accuarcy=0.3836 precision=0.3790 recall=0.3836 auc=0.5082 
[2020-05-12 22:04:52,748]: length=7 f1=0.4670 accuarcy=0.4795 precision=0.4740 recall=0.4795 auc=0.5731 
[2020-05-12 22:04:53,045]: length=8 f1=0.4144 accuarcy=0.4247 precision=0.4111 recall=0.4247 auc=0.5377 
[2020-05-12 22:04:53,340]: length=9 f1=0.3952 accuarcy=0.3973 precision=0.3946 recall=0.3973 auc=0.5240 
[2020-05-12 22:04:53,637]: length=10 f1=0.4097 accuarcy=0.4110 precision=0.4087 recall=0.4110 auc=0.5381 
[2020-05-12 22:04:53,933]: length=11 f1=0.4715 accuarcy=0.4795 precision=0.4674 recall=0.4795 auc=0.5917 
[2020-05-12 22:04:54,228]: length=12 f1=0.4165 accuarcy=0.4247 precision=0.4106 recall=0.4247 auc=0.5397 
[2020-05-12 22:04:54,524]: length=13 f1=0.4814 accuarcy=0.4932 precision=0.4788 recall=0.4932 auc=0.5851 
[2020-05-12 22:04:54,818]: length=14 f1=0.4596 accuarcy=0.4658 precision=0.4551 recall=0.4658 auc=0.5722 
[2020-05-12 22:04:55,114]: length=15 f1=0.5007 accuarcy=0.5205 precision=0.4931 recall=0.5205 auc=0.6150 
[2020-05-12 22:04:55,416]: length=16 f1=0.4385 accuarcy=0.4521 precision=0.4442 recall=0.4521 auc=0.5449 
[2020-05-12 22:04:55,710]: length=17 f1=0.4107 accuarcy=0.4384 precision=0.4127 recall=0.4384 auc=0.5231 
[2020-05-12 22:04:56,008]: length=18 f1=0.4529 accuarcy=0.4795 precision=0.4453 recall=0.4795 auc=0.5601 
[2020-05-12 22:04:56,304]: length=19 f1=0.4498 accuarcy=0.4658 precision=0.4622 recall=0.4658 auc=0.5515 
[2020-05-12 22:04:56,601]: length=20 f1=0.4364 accuarcy=0.4658 precision=0.4482 recall=0.4658 auc=0.5419 
[2020-05-12 22:04:56,602]: ----------
[2020-05-12 22:04:56,602]: the max f1 = 0.5007
[2020-05-12 22:04:56,602]: ['W' 'R' 'I' 'Q' 'A' 'T' 'K' 'G' 'V' 'C' 'P' 'Y' 'E' 'H' 'N'],length = 15
[2020-05-12 22:04:56,602]: -----------
[2020-05-12 22:04:56,888]: ***confusion matrix***
[2020-05-12 22:04:56,888]:                pos_class      neg_class      
[2020-05-12 22:04:56,889]: pos_class      TP:16             FN:0              
[2020-05-12 22:04:56,889]: neg_class      FP:1              TN:3              
[2020-05-12 22:04:56,891]: f1 =0.5007 
[2020-05-12 22:04:56,891]: accuarcy = 0.5205 
[2020-05-12 22:04:56,893]: precision =0.4931 
[2020-05-12 22:04:56,895]: recall =0.5205
[2020-05-12 22:04:56,900]: auc = 0.6150
[2020-05-12 22:04:56,907]: -----------
[2020-05-12 22:04:56,907]: The output by the terminal's log has been saved in the /home/heshida/pycharm_tmp2/Logs/202005122204.log.
[2020-05-12 22:04:56,907]: metrics have been saved in the /home/heshida/pycharm_tmp2/Results/m.csv.
[2020-05-12 22:04:58,065]: Scatter charts visualized by t-SNE dataset has been saved in the /home/heshida/pycharm_tmp2/Results/test.csv.png.
[2020-05-12 22:04:58,065]: Reduced dimensional dataset has been saved in the /home/heshida/pycharm_tmp2/Results/out.csv.
[2020-05-12 22:04:58,065]: ---mrmd 2.0 end---
