[2020-05-15 18:31:40,895]: ---mrmd 2.0 start----
[2020-05-15 18:33:39,586]: ANOVA start...
[2020-05-15 18:33:40,023]: ANOVA  end.
[2020-05-15 18:33:40,023]: mic start...
[2020-05-15 18:33:44,767]: mic  end.
[2020-05-15 18:33:44,784]: mrmd start...
[2020-05-15 18:33:46,286]: mrmd end.
[2020-05-15 18:33:46,299]: mRMR start...
[2020-05-15 18:33:50,153]: mRMR end.
[2020-05-15 18:33:50,154]: linear model start...
[2020-05-15 18:33:50,771]: linear model end.
[2020-05-15 18:33:50,772]: chi2 start...
[2020-05-15 18:33:51,181]: chi2 end.
[2020-05-15 18:33:51,187]: tree feature importance start...
[2020-05-15 18:33:53,797]: tree feature importance  end.
[2020-05-15 18:33:53,811]: F_value start...
[2020-05-15 18:33:54,248]: F_value  end.
[2020-05-15 18:33:54,255]: ref start...
[2020-05-15 18:35:25,390]: ref end.
[2020-05-15 18:35:25,633]: The final  rank is
[2020-05-15 18:35:25,634]: Pos7.ZSCALE3 : 0.023542218342511113
[2020-05-15 18:35:25,634]: Pos8.ZSCALE2 : 0.022851165245624434
[2020-05-15 18:35:25,634]: Pos11.ZSCALE3 : 0.02278952443735063
[2020-05-15 18:35:25,634]: Pos9.ZSCALE5 : 0.02261816556074087
[2020-05-15 18:35:25,634]: Pos3.ZSCALE1 : 0.022506339212615648
[2020-05-15 18:35:25,634]: Pos8.ZSCALE5 : 0.02236144496468581
[2020-05-15 18:35:25,634]: Pos2.ZSCALE1 : 0.02223682076016211
[2020-05-15 18:35:25,634]: Pos11.ZSCALE1 : 0.02188700390856742
[2020-05-15 18:35:25,634]: Pos10.ZSCALE5 : 0.021726806234390997
[2020-05-15 18:35:25,635]: Pos3.ZSCALE5 : 0.021486811831515632
[2020-05-15 18:35:25,635]: Pos11.ZSCALE4 : 0.02128825906772568
[2020-05-15 18:35:25,635]: Pos11.ZSCALE5 : 0.02116335050530325
[2020-05-15 18:35:25,635]: Pos2.ZSCALE3 : 0.021119501703651265
[2020-05-15 18:35:25,635]: Pos1.ZSCALE5 : 0.021085257957100884
[2020-05-15 18:35:25,635]: Pos5.ZSCALE3 : 0.021063102109018125
[2020-05-15 18:35:25,635]: Pos2.ZSCALE2 : 0.021044567757748614
[2020-05-15 18:35:25,635]: Pos11.ZSCALE2 : 0.021044501738994942
[2020-05-15 18:35:25,635]: Pos9.ZSCALE2 : 0.02070326009028145
[2020-05-15 18:35:25,636]: Pos8.ZSCALE1 : 0.02055901418297811
[2020-05-15 18:35:25,636]: Pos4.ZSCALE2 : 0.020463260065285663
[2020-05-15 18:35:25,636]: Pos1.ZSCALE3 : 0.0204563011221283
[2020-05-15 18:35:25,636]: Pos5.ZSCALE5 : 0.020450166146116566
[2020-05-15 18:35:25,636]: Pos4.ZSCALE3 : 0.020410296264567397
[2020-05-15 18:35:25,636]: Pos7.ZSCALE1 : 0.020353857374274167
[2020-05-15 18:35:25,636]: Pos3.ZSCALE3 : 0.020300640453463675
[2020-05-15 18:35:25,636]: Pos10.ZSCALE2 : 0.020299002380431454
[2020-05-15 18:35:25,636]: Pos2.ZSCALE4 : 0.020163668550409842
[2020-05-15 18:35:25,636]: Pos5.ZSCALE4 : 0.019991323575872865
[2020-05-15 18:35:25,637]: Pos7.ZSCALE5 : 0.019900232858188746
[2020-05-15 18:35:25,637]: Pos1.ZSCALE4 : 0.019816562929595896
[2020-05-15 18:35:25,637]: Pos4.ZSCALE1 : 0.01948666381714138
[2020-05-15 18:35:25,637]: Pos8.ZSCALE3 : 0.0193913321309074
[2020-05-15 18:35:25,637]: Pos9.ZSCALE1 : 0.01909512535744739
[2020-05-15 18:35:25,637]: Pos7.ZSCALE4 : 0.019040300011619063
[2020-05-15 18:35:25,637]: Pos10.ZSCALE3 : 0.019006124426574667
[2020-05-15 18:35:25,637]: Pos3.ZSCALE2 : 0.018972835656346512
[2020-05-15 18:35:25,637]: Pos10.ZSCALE4 : 0.018909248006779702
[2020-05-15 18:35:25,638]: Pos10.ZSCALE1 : 0.018517335167344953
[2020-05-15 18:35:25,638]: Pos9.ZSCALE4 : 0.018423625816773863
[2020-05-15 18:35:25,638]: Pos5.ZSCALE1 : 0.01840026057420907
[2020-05-15 18:35:25,638]: Pos4.ZSCALE4 : 0.018284214645848552
[2020-05-15 18:35:25,638]: Pos1.ZSCALE1 : 0.018171163419842172
[2020-05-15 18:35:25,638]: Pos3.ZSCALE4 : 0.01795369399631214
[2020-05-15 18:35:25,638]: Pos5.ZSCALE2 : 0.017132181687113734
[2020-05-15 18:35:25,638]: Pos1.ZSCALE2 : 0.016324944077366656
[2020-05-15 18:35:25,639]: Pos8.ZSCALE4 : 0.0157222988640564
[2020-05-15 18:35:25,639]: Pos7.ZSCALE2 : 0.015440838043580488
[2020-05-15 18:35:25,639]: Pos4.ZSCALE5 : 0.015292512341500903
[2020-05-15 18:35:25,639]: Pos2.ZSCALE5 : 0.015107531226361258
[2020-05-15 18:35:25,639]: Pos9.ZSCALE3 : 0.014793280119270592
[2020-05-15 18:35:25,639]: Pos6.ZSCALE2 : 0.010852063282301505
[2020-05-15 18:35:26,038]: Start dimension reduction ...
[2020-05-15 18:35:30,297]: length=1 f1=0.7363 accuarcy=0.7427 precision=0.7687 recall=0.7427 auc=0.7427 
[2020-05-15 18:35:31,642]: length=2 f1=0.7399 accuarcy=0.7399 precision=0.7399 recall=0.7399 auc=0.7399 
[2020-05-15 18:35:32,927]: length=3 f1=0.7481 accuarcy=0.7481 precision=0.7483 recall=0.7481 auc=0.7481 
[2020-05-15 18:35:33,729]: length=4 f1=0.7603 accuarcy=0.7604 precision=0.7608 recall=0.7604 auc=0.7604 
[2020-05-15 18:35:34,605]: length=5 f1=0.7681 accuarcy=0.7683 precision=0.7692 recall=0.7683 auc=0.7683 
[2020-05-15 18:35:35,468]: length=6 f1=0.7799 accuarcy=0.7802 precision=0.7816 recall=0.7802 auc=0.7802 
[2020-05-15 18:35:36,334]: length=7 f1=0.7820 accuarcy=0.7823 precision=0.7836 recall=0.7823 auc=0.7823 
[2020-05-15 18:35:37,234]: length=8 f1=0.7883 accuarcy=0.7884 precision=0.7892 recall=0.7884 auc=0.7884 
[2020-05-15 18:35:38,206]: length=9 f1=0.7929 accuarcy=0.7932 precision=0.7948 recall=0.7932 auc=0.7932 
[2020-05-15 18:35:39,187]: length=10 f1=0.7933 accuarcy=0.7935 precision=0.7947 recall=0.7935 auc=0.7935 
[2020-05-15 18:35:40,212]: length=11 f1=0.7841 accuarcy=0.7843 precision=0.7854 recall=0.7843 auc=0.7843 
[2020-05-15 18:35:41,079]: length=12 f1=0.7889 accuarcy=0.7891 precision=0.7898 recall=0.7891 auc=0.7891 
[2020-05-15 18:35:41,964]: length=13 f1=0.7892 accuarcy=0.7894 precision=0.7906 recall=0.7894 auc=0.7894 
[2020-05-15 18:35:42,946]: length=14 f1=0.7947 accuarcy=0.7949 precision=0.7958 recall=0.7949 auc=0.7949 
[2020-05-15 18:35:43,967]: length=15 f1=0.8115 accuarcy=0.8116 precision=0.8122 recall=0.8116 auc=0.8116 
[2020-05-15 18:35:45,067]: length=16 f1=0.8083 accuarcy=0.8085 precision=0.8101 recall=0.8085 auc=0.8085 
[2020-05-15 18:35:46,166]: length=17 f1=0.8103 accuarcy=0.8106 precision=0.8122 recall=0.8106 auc=0.8106 
[2020-05-15 18:35:47,272]: length=18 f1=0.8090 accuarcy=0.8092 precision=0.8109 recall=0.8092 auc=0.8092 
[2020-05-15 18:35:48,418]: length=19 f1=0.8118 accuarcy=0.8119 precision=0.8132 recall=0.8119 auc=0.8119 
[2020-05-15 18:35:49,355]: length=20 f1=0.8082 accuarcy=0.8085 precision=0.8106 recall=0.8085 auc=0.8085 
[2020-05-15 18:35:50,268]: length=21 f1=0.8142 accuarcy=0.8143 precision=0.8152 recall=0.8143 auc=0.8143 
[2020-05-15 18:35:51,284]: length=22 f1=0.8101 accuarcy=0.8102 precision=0.8115 recall=0.8102 auc=0.8102 
[2020-05-15 18:35:52,416]: length=23 f1=0.8081 accuarcy=0.8082 precision=0.8089 recall=0.8082 auc=0.8082 
[2020-05-15 18:35:53,469]: length=24 f1=0.8131 accuarcy=0.8133 precision=0.8144 recall=0.8133 auc=0.8133 
[2020-05-15 18:35:54,599]: length=25 f1=0.8138 accuarcy=0.8140 precision=0.8151 recall=0.8140 auc=0.8140 
[2020-05-15 18:35:55,741]: length=26 f1=0.8141 accuarcy=0.8143 precision=0.8161 recall=0.8143 auc=0.8143 
[2020-05-15 18:35:56,939]: length=27 f1=0.8131 accuarcy=0.8133 precision=0.8149 recall=0.8133 auc=0.8133 
[2020-05-15 18:35:58,077]: length=28 f1=0.8196 accuarcy=0.8198 precision=0.8210 recall=0.8198 auc=0.8198 
[2020-05-15 18:35:59,259]: length=29 f1=0.8152 accuarcy=0.8157 precision=0.8189 recall=0.8157 auc=0.8157 
[2020-05-15 18:36:00,515]: length=30 f1=0.8176 accuarcy=0.8181 precision=0.8214 recall=0.8181 auc=0.8181 
[2020-05-15 18:36:02,343]: length=31 f1=0.8180 accuarcy=0.8184 precision=0.8218 recall=0.8184 auc=0.8184 
[2020-05-15 18:36:04,739]: length=32 f1=0.8146 accuarcy=0.8150 precision=0.8182 recall=0.8150 auc=0.8150 
[2020-05-15 18:36:07,081]: length=33 f1=0.8163 accuarcy=0.8167 precision=0.8194 recall=0.8167 auc=0.8167 
[2020-05-15 18:36:09,382]: length=34 f1=0.8214 accuarcy=0.8218 precision=0.8249 recall=0.8218 auc=0.8218 
[2020-05-15 18:36:11,637]: length=35 f1=0.8121 accuarcy=0.8126 precision=0.8160 recall=0.8126 auc=0.8126 
[2020-05-15 18:36:14,160]: length=36 f1=0.8152 accuarcy=0.8157 precision=0.8191 recall=0.8157 auc=0.8157 
[2020-05-15 18:36:16,723]: length=37 f1=0.8255 accuarcy=0.8259 precision=0.8290 recall=0.8259 auc=0.8259 
[2020-05-15 18:36:18,090]: length=38 f1=0.8157 accuarcy=0.8160 precision=0.8186 recall=0.8160 auc=0.8160 
[2020-05-15 18:36:20,992]: length=39 f1=0.8180 accuarcy=0.8184 precision=0.8216 recall=0.8184 auc=0.8184 
[2020-05-15 18:36:23,786]: length=40 f1=0.8183 accuarcy=0.8188 precision=0.8218 recall=0.8188 auc=0.8188 
[2020-05-15 18:36:26,457]: length=41 f1=0.8149 accuarcy=0.8154 precision=0.8185 recall=0.8154 auc=0.8154 
[2020-05-15 18:36:29,394]: length=42 f1=0.8211 accuarcy=0.8215 precision=0.8247 recall=0.8215 auc=0.8215 
[2020-05-15 18:36:32,299]: length=43 f1=0.8249 accuarcy=0.8253 precision=0.8281 recall=0.8253 auc=0.8253 
[2020-05-15 18:36:35,189]: length=44 f1=0.8249 accuarcy=0.8253 precision=0.8282 recall=0.8253 auc=0.8253 
[2020-05-15 18:36:37,984]: length=45 f1=0.8238 accuarcy=0.8242 precision=0.8273 recall=0.8242 auc=0.8242 
[2020-05-15 18:36:40,893]: length=46 f1=0.8207 accuarcy=0.8212 precision=0.8242 recall=0.8212 auc=0.8212 
[2020-05-15 18:36:43,597]: length=47 f1=0.8206 accuarcy=0.8212 precision=0.8252 recall=0.8212 auc=0.8212 
[2020-05-15 18:36:46,527]: length=48 f1=0.8232 accuarcy=0.8239 precision=0.8290 recall=0.8239 auc=0.8239 
[2020-05-15 18:36:49,603]: length=49 f1=0.8185 accuarcy=0.8191 precision=0.8236 recall=0.8191 auc=0.8191 
[2020-05-15 18:36:52,655]: length=50 f1=0.8294 accuarcy=0.8300 precision=0.8348 recall=0.8300 auc=0.8300 
[2020-05-15 18:36:55,615]: length=51 f1=0.8162 accuarcy=0.8167 precision=0.8207 recall=0.8167 auc=0.8167 
[2020-05-15 18:36:55,627]: ----------
[2020-05-15 18:36:55,627]: the max f1 = 0.8294
[2020-05-15 18:36:55,628]: ['Pos7.ZSCALE3' 'Pos8.ZSCALE2' 'Pos11.ZSCALE3' 'Pos9.ZSCALE5'
 'Pos3.ZSCALE1' 'Pos8.ZSCALE5' 'Pos2.ZSCALE1' 'Pos11.ZSCALE1'
 'Pos10.ZSCALE5' 'Pos3.ZSCALE5' 'Pos11.ZSCALE4' 'Pos11.ZSCALE5'
 'Pos2.ZSCALE3' 'Pos1.ZSCALE5' 'Pos5.ZSCALE3' 'Pos2.ZSCALE2'
 'Pos11.ZSCALE2' 'Pos9.ZSCALE2' 'Pos8.ZSCALE1' 'Pos4.ZSCALE2'
 'Pos1.ZSCALE3' 'Pos5.ZSCALE5' 'Pos4.ZSCALE3' 'Pos7.ZSCALE1'
 'Pos3.ZSCALE3' 'Pos10.ZSCALE2' 'Pos2.ZSCALE4' 'Pos5.ZSCALE4'
 'Pos7.ZSCALE5' 'Pos1.ZSCALE4' 'Pos4.ZSCALE1' 'Pos8.ZSCALE3'
 'Pos9.ZSCALE1' 'Pos7.ZSCALE4' 'Pos10.ZSCALE3' 'Pos3.ZSCALE2'
 'Pos10.ZSCALE4' 'Pos10.ZSCALE1' 'Pos9.ZSCALE4' 'Pos5.ZSCALE1'
 'Pos4.ZSCALE4' 'Pos1.ZSCALE1' 'Pos3.ZSCALE4' 'Pos5.ZSCALE2'
 'Pos1.ZSCALE2' 'Pos8.ZSCALE4' 'Pos7.ZSCALE2' 'Pos4.ZSCALE5'
 'Pos2.ZSCALE5' 'Pos9.ZSCALE3'],length = 50
[2020-05-15 18:36:55,629]: -----------
[2020-05-15 18:36:58,954]: ***confusion matrix***
Predicted   0.0   1.0
Actual               
0.0        1303   162
1.0         336  1129
[2020-05-15 18:36:58,971]: f1 =0.8294 
[2020-05-15 18:36:58,972]: accuarcy = 0.8300 
[2020-05-15 18:36:58,976]: precision =0.8348 
[2020-05-15 18:36:58,986]: recall =0.8300
[2020-05-15 18:36:59,004]: auc = 0.8300
[2020-05-15 18:36:59,770]: -----------
[2020-05-15 18:36:59,770]: The output by the terminal's log has been saved in the /home/heshida/pycharm_tmp2/Logs/202005151831.log.
[2020-05-15 18:36:59,770]: metrics have been saved in the /home/heshida/pycharm_tmp2/Results/tmp.csv.
[2020-05-15 18:39:14,529]: Scatter charts visualized by t-SNE dataset has been saved in the /home/heshida/pycharm_tmp2/Results/zscale.csv.png.
[2020-05-15 18:39:14,530]: Reduced dimensional dataset has been saved in the /home/heshida/pycharm_tmp2/Results/onehot_out.csv.
[2020-05-15 18:39:14,530]: ---mrmd 2.0 end---
