[2020-05-08 21:06:57,712]: ---mrmd 2.0 start----
[2020-05-08 21:06:58,453]: ANOVA start...
[2020-05-08 21:06:58,456]: ANOVA end.
[2020-05-08 21:06:58,456]: mic start...
[2020-05-08 21:06:58,671]: mic end.
[2020-05-08 21:06:58,671]: mrmd start...
[2020-05-08 21:06:58,698]: mrmd end.
[2020-05-08 21:06:58,698]: mRMR start...
[2020-05-08 21:06:58,737]: mRMR end.
[2020-05-08 21:06:58,738]: lasso start...
[2020-05-08 21:06:58,755]: lasso end.
[2020-05-08 21:06:58,756]: chi2 start...
[2020-05-08 21:06:58,772]: chi2 end.
[2020-05-08 21:06:58,772]: ref start...
[2020-05-08 21:06:58,845]: ref end.
[2020-05-08 21:06:58,847]: rank start ...
[2020-05-08 21:06:58,850]: The final  rank is
[2020-05-08 21:06:58,850]: K : 0.0657
[2020-05-08 21:06:58,850]: T : 0.0634
[2020-05-08 21:06:58,850]: R : 0.0602
[2020-05-08 21:06:58,850]: I : 0.0582
[2020-05-08 21:06:58,851]: Q : 0.0574
[2020-05-08 21:06:58,851]: A : 0.0569
[2020-05-08 21:06:58,851]: E : 0.0557
[2020-05-08 21:06:58,851]: V : 0.0541
[2020-05-08 21:06:58,851]: G : 0.0517
[2020-05-08 21:06:58,851]: Y : 0.0508
[2020-05-08 21:06:58,851]: P : 0.0497
[2020-05-08 21:06:58,851]: S : 0.0474
[2020-05-08 21:06:58,852]: C : 0.0472
[2020-05-08 21:06:58,852]: W : 0.0463
[2020-05-08 21:06:58,852]: N : 0.0440
[2020-05-08 21:06:58,852]: D : 0.0427
[2020-05-08 21:06:58,852]: M : 0.0397
[2020-05-08 21:06:58,852]: L : 0.0384
[2020-05-08 21:06:58,852]: H : 0.0360
[2020-05-08 21:06:58,852]: F : 0.0347
[2020-05-08 21:06:58,852]: feature_rank end
[2020-05-08 21:06:58,853]: ANOVA start...
[2020-05-08 21:06:58,855]: ANOVA end.
[2020-05-08 21:06:58,856]: mic start...
[2020-05-08 21:06:59,053]: mic end.
[2020-05-08 21:06:59,053]: mrmd start...
[2020-05-08 21:06:59,079]: mrmd end.
[2020-05-08 21:06:59,080]: mRMR start...
[2020-05-08 21:06:59,119]: mRMR end.
[2020-05-08 21:06:59,119]: lasso start...
[2020-05-08 21:06:59,136]: lasso end.
[2020-05-08 21:06:59,136]: chi2 start...
[2020-05-08 21:06:59,152]: chi2 end.
[2020-05-08 21:06:59,152]: ref start...
[2020-05-08 21:06:59,226]: ref end.
[2020-05-08 21:06:59,256]: Start dimension reduction ...
[2020-05-08 21:07:02,755]: length=1 f1=0.4422 accuarcy=0.4521 precision=0.4432 recall=0.4521 auc=0.5539 
[2020-05-08 21:07:03,553]: length=2 f1=0.4471 accuarcy=0.4521 precision=0.4441 recall=0.4521 auc=0.5643 
[2020-05-08 21:07:04,347]: length=3 f1=0.3985 accuarcy=0.4110 precision=0.3928 recall=0.4110 auc=0.5257 
[2020-05-08 21:07:05,133]: length=4 f1=0.3221 accuarcy=0.3288 precision=0.3200 recall=0.3288 auc=0.4630 
[2020-05-08 21:07:05,440]: length=5 f1=0.3905 accuarcy=0.3973 precision=0.3881 recall=0.3973 auc=0.5155 
[2020-05-08 21:07:05,748]: length=6 f1=0.4117 accuarcy=0.4247 precision=0.4100 recall=0.4247 auc=0.5311 
[2020-05-08 21:07:06,043]: length=7 f1=0.4309 accuarcy=0.4384 precision=0.4274 recall=0.4384 auc=0.5452 
[2020-05-08 21:07:06,338]: length=8 f1=0.4712 accuarcy=0.4795 precision=0.4750 recall=0.4795 auc=0.5743 
[2020-05-08 21:07:06,646]: length=9 f1=0.4809 accuarcy=0.4932 precision=0.4733 recall=0.4932 auc=0.5869 
[2020-05-08 21:07:06,948]: length=10 f1=0.5219 accuarcy=0.5205 precision=0.5263 recall=0.5205 auc=0.6184 
[2020-05-08 21:07:07,249]: length=11 f1=0.5130 accuarcy=0.5205 precision=0.5093 recall=0.5205 auc=0.6130 
[2020-05-08 21:07:07,615]: length=12 f1=0.4823 accuarcy=0.4932 precision=0.4796 recall=0.4932 auc=0.5833 
[2020-05-08 21:07:07,918]: length=13 f1=0.4884 accuarcy=0.4932 precision=0.4879 recall=0.4932 auc=0.5898 
[2020-05-08 21:07:08,213]: length=14 f1=0.4948 accuarcy=0.5068 precision=0.4880 recall=0.5068 auc=0.5968 
[2020-05-08 21:07:08,517]: length=15 f1=0.5383 accuarcy=0.5479 precision=0.5363 recall=0.5479 auc=0.6287 
[2020-05-08 21:07:08,825]: length=16 f1=0.4807 accuarcy=0.4932 precision=0.4793 recall=0.4932 auc=0.5819 
[2020-05-08 21:07:09,122]: length=17 f1=0.4492 accuarcy=0.4658 precision=0.4416 recall=0.4658 auc=0.5629 
[2020-05-08 21:07:09,423]: length=18 f1=0.4854 accuarcy=0.5068 precision=0.5020 recall=0.5068 auc=0.5793 
[2020-05-08 21:07:09,720]: length=19 f1=0.4660 accuarcy=0.4932 precision=0.4677 recall=0.4932 auc=0.5706 
[2020-05-08 21:07:10,026]: length=20 f1=0.4517 accuarcy=0.4795 precision=0.4401 recall=0.4795 auc=0.5613 
[2020-05-08 21:07:10,027]: ----------
[2020-05-08 21:07:10,027]: the max f1 = 0.5383
[2020-05-08 21:07:10,027]: ['K' 'T' 'R' 'I' 'Q' 'A' 'E' 'V' 'G' 'Y' 'P' 'S' 'C' 'W' 'N'],length = 15
[2020-05-08 21:07:10,027]: -----------
[2020-05-08 21:07:10,315]: ***confusion matrix***
[2020-05-08 21:07:10,315]:                pos_class      neg_class      
[2020-05-08 21:07:10,315]: pos_class      TP:14             FN:0              
[2020-05-08 21:07:10,316]: neg_class      FP:1              TN:4              
[2020-05-08 21:07:10,317]: f1 =0.5383 
[2020-05-08 21:07:10,318]: accuarcy = 0.5479 
[2020-05-08 21:07:10,320]: precision =0.5363 
[2020-05-08 21:07:10,322]: recall =0.5479
[2020-05-08 21:07:10,327]: auc = 0.6287
[2020-05-08 21:07:10,333]: -----------
[2020-05-08 21:07:10,334]: The output by the terminal's log has been saved in the /home/heshida/pycharm_tmp2/Logs/202005082106.log.
[2020-05-08 21:07:10,334]: metrics have been saved in the /home/heshida/pycharm_tmp2/Results/b.csv.
[2020-05-08 21:07:11,479]: Scatter charts visualized by t-SNE dataset has been saved in the /home/heshida/pycharm_tmp2/Results/test.csv.png.
[2020-05-08 21:07:11,479]: Reduced dimensional dataset has been saved in the /home/heshida/pycharm_tmp2/Results/a.csv.
[2020-05-08 21:07:11,479]: ---mrmd 2.0 end---
