[2020-05-07 21:55:58,281]: ---mrmd 2.0 start----
[2020-05-07 21:55:59,050]: ANOVA start...
[2020-05-07 21:55:59,052]: ANOVA end.
[2020-05-07 21:55:59,053]: mic start...
[2020-05-07 21:55:59,263]: mic end.
[2020-05-07 21:55:59,264]: mrmd start...
[2020-05-07 21:55:59,290]: mrmd end.
[2020-05-07 21:55:59,291]: mRMR start...
[2020-05-07 21:55:59,329]: mRMR end.
[2020-05-07 21:55:59,329]: lasso start...
[2020-05-07 21:55:59,347]: lasso end.
[2020-05-07 21:55:59,347]: chi2 start...
[2020-05-07 21:55:59,363]: chi2 end.
[2020-05-07 21:55:59,364]: ref start...
[2020-05-07 21:55:59,439]: ref end.
[2020-05-07 21:55:59,440]: rank start ...
[2020-05-07 21:55:59,443]: The final  rank is
[2020-05-07 21:55:59,443]: K : 0.0657
[2020-05-07 21:55:59,443]: T : 0.0634
[2020-05-07 21:55:59,443]: R : 0.0602
[2020-05-07 21:55:59,443]: I : 0.0582
[2020-05-07 21:55:59,444]: Q : 0.0574
[2020-05-07 21:55:59,444]: A : 0.0569
[2020-05-07 21:55:59,444]: E : 0.0557
[2020-05-07 21:55:59,444]: V : 0.0541
[2020-05-07 21:55:59,444]: G : 0.0517
[2020-05-07 21:55:59,444]: Y : 0.0508
[2020-05-07 21:55:59,444]: P : 0.0497
[2020-05-07 21:55:59,444]: S : 0.0474
[2020-05-07 21:55:59,444]: C : 0.0472
[2020-05-07 21:55:59,445]: W : 0.0463
[2020-05-07 21:55:59,445]: N : 0.0440
[2020-05-07 21:55:59,445]: D : 0.0427
[2020-05-07 21:55:59,445]: M : 0.0397
[2020-05-07 21:55:59,445]: L : 0.0384
[2020-05-07 21:55:59,445]: H : 0.0360
[2020-05-07 21:55:59,445]: F : 0.0347
[2020-05-07 21:55:59,445]: feature_rank end
[2020-05-07 21:55:59,445]: ANOVA start...
[2020-05-07 21:55:59,448]: ANOVA end.
[2020-05-07 21:55:59,448]: mic start...
[2020-05-07 21:55:59,641]: mic end.
[2020-05-07 21:55:59,642]: mrmd start...
[2020-05-07 21:55:59,668]: mrmd end.
[2020-05-07 21:55:59,668]: mRMR start...
[2020-05-07 21:55:59,706]: mRMR end.
[2020-05-07 21:55:59,707]: lasso start...
[2020-05-07 21:55:59,724]: lasso end.
[2020-05-07 21:55:59,724]: chi2 start...
[2020-05-07 21:55:59,740]: chi2 end.
[2020-05-07 21:55:59,740]: ref start...
[2020-05-07 21:55:59,815]: ref end.
[2020-05-07 21:55:59,837]: Start dimension reduction ...
[2020-05-07 21:56:03,600]: length=1 f1=0.4422 accuarcy=0.4521 precision=0.4432 recall=0.4521 auc=0.5539 
[2020-05-07 21:56:04,803]: length=2 f1=0.4471 accuarcy=0.4521 precision=0.4441 recall=0.4521 auc=0.5643 
[2020-05-07 21:56:05,710]: length=3 f1=0.3985 accuarcy=0.4110 precision=0.3928 recall=0.4110 auc=0.5257 
[2020-05-07 21:56:06,165]: length=4 f1=0.3221 accuarcy=0.3288 precision=0.3200 recall=0.3288 auc=0.4630 
[2020-05-07 21:56:06,597]: length=5 f1=0.3905 accuarcy=0.3973 precision=0.3881 recall=0.3973 auc=0.5155 
[2020-05-07 21:56:07,045]: length=6 f1=0.4117 accuarcy=0.4247 precision=0.4100 recall=0.4247 auc=0.5311 
[2020-05-07 21:56:07,485]: length=7 f1=0.4309 accuarcy=0.4384 precision=0.4274 recall=0.4384 auc=0.5452 
[2020-05-07 21:56:07,922]: length=8 f1=0.4712 accuarcy=0.4795 precision=0.4750 recall=0.4795 auc=0.5743 
[2020-05-07 21:56:08,359]: length=9 f1=0.4809 accuarcy=0.4932 precision=0.4733 recall=0.4932 auc=0.5869 
[2020-05-07 21:56:08,786]: length=10 f1=0.5219 accuarcy=0.5205 precision=0.5263 recall=0.5205 auc=0.6184 
[2020-05-07 21:56:09,216]: length=11 f1=0.5130 accuarcy=0.5205 precision=0.5093 recall=0.5205 auc=0.6130 
[2020-05-07 21:56:09,646]: length=12 f1=0.4823 accuarcy=0.4932 precision=0.4796 recall=0.4932 auc=0.5833 
[2020-05-07 21:56:10,162]: length=13 f1=0.4884 accuarcy=0.4932 precision=0.4879 recall=0.4932 auc=0.5898 
[2020-05-07 21:56:10,602]: length=14 f1=0.4948 accuarcy=0.5068 precision=0.4880 recall=0.5068 auc=0.5968 
[2020-05-07 21:56:11,033]: length=15 f1=0.5383 accuarcy=0.5479 precision=0.5363 recall=0.5479 auc=0.6287 
[2020-05-07 21:56:11,468]: length=16 f1=0.4807 accuarcy=0.4932 precision=0.4793 recall=0.4932 auc=0.5819 
[2020-05-07 21:56:11,907]: length=17 f1=0.4492 accuarcy=0.4658 precision=0.4416 recall=0.4658 auc=0.5629 
[2020-05-07 21:56:12,340]: length=18 f1=0.4854 accuarcy=0.5068 precision=0.5020 recall=0.5068 auc=0.5793 
[2020-05-07 21:56:12,782]: length=19 f1=0.4660 accuarcy=0.4932 precision=0.4677 recall=0.4932 auc=0.5706 
[2020-05-07 21:56:13,226]: length=20 f1=0.4517 accuarcy=0.4795 precision=0.4401 recall=0.4795 auc=0.5613 
[2020-05-07 21:56:13,226]: ----------
[2020-05-07 21:56:13,226]: the max f1 = 0.5383
[2020-05-07 21:56:13,227]: ['K' 'T' 'R' 'I' 'Q' 'A' 'E' 'V' 'G' 'Y' 'P' 'S' 'C' 'W' 'N'],length = 15
[2020-05-07 21:56:13,227]: -----------
[2020-05-07 21:56:13,658]: ***confusion matrix***
[2020-05-07 21:56:13,658]:                pos_class      neg_class      
[2020-05-07 21:56:13,658]: pos_class      TP:14             FN:0              
[2020-05-07 21:56:13,658]: neg_class      FP:1              TN:4              
[2020-05-07 21:56:13,660]: f1 =0.5383 
[2020-05-07 21:56:13,661]: accuarcy = 0.5479 
[2020-05-07 21:56:13,663]: precision =0.5363 
[2020-05-07 21:56:13,664]: recall =0.5479
[2020-05-07 21:56:13,670]: auc = 0.6287
[2020-05-07 21:56:13,676]: -----------
[2020-05-07 21:56:13,677]: The output by the terminal's log has been saved in the /home/heshida/pycharm_tmp2/Logs/202005072155.log.
[2020-05-07 21:56:13,677]: metrics have been saved in the /home/heshida/pycharm_tmp2/Results/b.csv.
[2020-05-07 21:56:14,858]: Scatter charts visualized by t-SNE dataset has been saved in the /home/heshida/pycharm_tmp2/Results/test.csv.png.
[2020-05-07 21:56:14,858]: Reduced dimensional dataset has been saved in the /home/heshida/pycharm_tmp2/Results/a.csv.
[2020-05-07 21:56:14,858]: ---mrmd 2.0 end---
