[2020-05-08 22:01:17,349]: ---mrmd 2.0 start----
[2020-05-08 22:01:18,077]: ANOVA start...
[2020-05-08 22:01:18,080]: ANOVA end.
[2020-05-08 22:01:18,080]: mic start...
[2020-05-08 22:01:18,293]: mic end.
[2020-05-08 22:01:18,294]: mrmd start...
[2020-05-08 22:01:18,320]: mrmd end.
[2020-05-08 22:01:18,321]: mRMR start...
[2020-05-08 22:01:18,359]: mRMR end.
[2020-05-08 22:01:18,360]: lasso start...
[2020-05-08 22:01:18,378]: lasso end.
[2020-05-08 22:01:18,378]: chi2 start...
[2020-05-08 22:01:18,394]: chi2 end.
[2020-05-08 22:01:18,394]: ref start...
[2020-05-08 22:01:18,467]: ref end.
[2020-05-08 22:01:18,482]: The final  rank is
[2020-05-08 22:01:18,483]: N : 1.27338933566783e-06
[2020-05-08 22:01:18,483]: L : 9.597765984746766e-07
[2020-05-08 22:01:18,483]: H : 9.597765984746766e-07
[2020-05-08 22:01:18,483]: M : 9.597765984746766e-07
[2020-05-08 22:01:18,483]: G : 9.597765984746766e-07
[2020-05-08 22:01:18,483]: F : 9.597765984746766e-07
[2020-05-08 22:01:18,483]: D : 9.597765984746766e-07
[2020-05-08 22:01:18,483]: T : 3.3255112408837005e-07
[2020-05-08 22:01:18,483]: R : 3.3255112408837005e-07
[2020-05-08 22:01:18,484]: S : 3.3255112408837005e-07
[2020-05-08 22:01:18,484]: C : 3.3255112408837005e-07
[2020-05-08 22:01:18,484]: Y : 3.3255112408837005e-07
[2020-05-08 22:01:18,484]: E : 3.3255112408837005e-07
[2020-05-08 22:01:18,484]: Q : 3.3255112408837005e-07
[2020-05-08 22:01:18,484]: W : 3.3255112408837005e-07
[2020-05-08 22:01:18,484]: A : 3.3255112408837005e-07
[2020-05-08 22:01:18,484]: K : 3.3255112408837005e-07
[2020-05-08 22:01:18,484]: I : 3.3255112408837005e-07
[2020-05-08 22:01:18,485]: P : 3.3255112408837005e-07
[2020-05-08 22:01:18,485]: V : 3.3255112408837005e-07
[2020-05-08 22:01:18,506]: Start dimension reduction ...
[2020-05-08 22:01:21,988]: length=1 f1=0.4142 accuarcy=0.4384 precision=0.4053 recall=0.4384 auc=0.5295 
[2020-05-08 22:01:22,792]: length=2 f1=0.5034 accuarcy=0.5205 precision=0.4954 recall=0.5205 auc=0.6029 
[2020-05-08 22:01:23,592]: length=3 f1=0.4200 accuarcy=0.4521 precision=0.4062 recall=0.4521 auc=0.5368 
[2020-05-08 22:01:23,913]: length=4 f1=0.4253 accuarcy=0.4521 precision=0.4197 recall=0.4521 auc=0.5377 
[2020-05-08 22:01:24,218]: length=5 f1=0.4701 accuarcy=0.4932 precision=0.4720 recall=0.4932 auc=0.5692 
[2020-05-08 22:01:24,516]: length=6 f1=0.4464 accuarcy=0.4795 precision=0.4471 recall=0.4795 auc=0.5533 
[2020-05-08 22:01:24,810]: length=7 f1=0.3404 accuarcy=0.3836 precision=0.3446 recall=0.3836 auc=0.4731 
[2020-05-08 22:01:25,112]: length=8 f1=0.4550 accuarcy=0.4795 precision=0.4773 recall=0.4795 auc=0.5547 
[2020-05-08 22:01:25,413]: length=9 f1=0.4395 accuarcy=0.4521 precision=0.4416 recall=0.4521 auc=0.5465 
[2020-05-08 22:01:25,715]: length=10 f1=0.4485 accuarcy=0.4658 precision=0.4581 recall=0.4658 auc=0.5499 
[2020-05-08 22:01:26,016]: length=11 f1=0.4517 accuarcy=0.4795 precision=0.4401 recall=0.4795 auc=0.5613 
[2020-05-08 22:01:26,316]: length=12 f1=0.4242 accuarcy=0.4521 precision=0.4181 recall=0.4521 auc=0.5366 
[2020-05-08 22:01:26,612]: length=13 f1=0.4126 accuarcy=0.4521 precision=0.4135 recall=0.4521 auc=0.5275 
[2020-05-08 22:01:26,909]: length=14 f1=0.4165 accuarcy=0.4384 precision=0.4197 recall=0.4384 auc=0.5276 
[2020-05-08 22:01:27,217]: length=15 f1=0.4642 accuarcy=0.4932 precision=0.4706 recall=0.4932 auc=0.5663 
[2020-05-08 22:01:27,516]: length=16 f1=0.4488 accuarcy=0.4658 precision=0.4422 recall=0.4658 auc=0.5598 
[2020-05-08 22:01:27,812]: length=17 f1=0.5267 accuarcy=0.5479 precision=0.5364 recall=0.5479 auc=0.6087 
[2020-05-08 22:01:28,191]: length=18 f1=0.4406 accuarcy=0.4658 precision=0.4310 recall=0.4658 auc=0.5504 
[2020-05-08 22:01:28,488]: length=19 f1=0.4445 accuarcy=0.4658 precision=0.4454 recall=0.4658 auc=0.5508 
[2020-05-08 22:01:28,786]: length=20 f1=0.4244 accuarcy=0.4384 precision=0.4246 recall=0.4384 auc=0.5353 
[2020-05-08 22:01:28,786]: ----------
[2020-05-08 22:01:28,787]: the max f1 = 0.5267
[2020-05-08 22:01:28,787]: ['N' 'L' 'H' 'M' 'G' 'F' 'D' 'T' 'R' 'S' 'C' 'Y' 'E' 'Q' 'W' 'A' 'K'],length = 17
[2020-05-08 22:01:28,787]: -----------
[2020-05-08 22:01:29,086]: ***confusion matrix***
[2020-05-08 22:01:29,086]:                pos_class      neg_class      
[2020-05-08 22:01:29,086]: pos_class      TP:12             FN:1              
[2020-05-08 22:01:29,086]: neg_class      FP:1              TN:2              
[2020-05-08 22:01:29,088]: f1 =0.5267 
[2020-05-08 22:01:29,089]: accuarcy = 0.5479 
[2020-05-08 22:01:29,091]: precision =0.5364 
[2020-05-08 22:01:29,093]: recall =0.5479
[2020-05-08 22:01:29,098]: auc = 0.6087
[2020-05-08 22:01:29,105]: -----------
[2020-05-08 22:01:29,105]: The output by the terminal's log has been saved in the /home/heshida/pycharm_tmp2/Logs/202005082201.log.
[2020-05-08 22:01:29,105]: metrics have been saved in the /home/heshida/pycharm_tmp2/Results/b.csv.
[2020-05-08 22:01:30,222]: Scatter charts visualized by t-SNE dataset has been saved in the /home/heshida/pycharm_tmp2/Results/test.csv.png.
[2020-05-08 22:01:30,222]: Reduced dimensional dataset has been saved in the /home/heshida/pycharm_tmp2/Results/a.csv.
[2020-05-08 22:01:30,222]: ---mrmd 2.0 end---
