[2020-08-10 20:41:44,363]: ---mrmd 2.0 start----
[2020-08-10 20:41:44,374]: ANOVA start...
[2020-08-10 20:41:44,383]: ANOVA  end.
[2020-08-10 20:41:44,384]: MI start...
[2020-08-10 20:41:44,526]: MI end.
[2020-08-10 20:41:44,526]: mrmd start...
[2020-08-10 20:41:44,555]: mrmd end.
[2020-08-10 20:41:44,555]: mRMR start...
[2020-08-10 20:41:44,688]: linear model start...
[2020-08-10 20:41:44,707]: linear model end.
[2020-08-10 20:41:44,708]: chi2 start...
[2020-08-10 20:41:44,798]: chi2 end.
[2020-08-10 20:41:44,798]: tree feature importance start...
[2020-08-10 20:41:45,491]: tree feature importance  end.
[2020-08-10 20:41:45,493]: F_value start...
[2020-08-10 20:41:45,501]: F_value  end.
[2020-08-10 20:41:45,502]: ref start...
[2020-08-10 20:41:52,930]: ref end.
[2020-08-10 20:41:52,943]: The final  rank is
[2020-08-10 20:41:52,943]: G : 0.060568492320049294
[2020-08-10 20:41:52,943]: P : 0.05837914571126021
[2020-08-10 20:41:52,943]: C : 0.05739675919009132
[2020-08-10 20:41:52,943]: Q : 0.056672637789412075
[2020-08-10 20:41:52,943]: S : 0.05627200238773844
[2020-08-10 20:41:52,943]: K : 0.053945284110377925
[2020-08-10 20:41:52,943]: L : 0.05300246301869314
[2020-08-10 20:41:52,943]: M : 0.05192305180690064
[2020-08-10 20:41:52,943]: V : 0.05165730096922154
[2020-08-10 20:41:52,943]: Y : 0.051448025227541216
[2020-08-10 20:41:52,943]: R : 0.05023263265705308
[2020-08-10 20:41:52,944]: N : 0.04897334034543563
[2020-08-10 20:41:52,944]: T : 0.04814601719402963
[2020-08-10 20:41:52,944]: I : 0.04783770076036455
[2020-08-10 20:41:52,944]: E : 0.04645822276919448
[2020-08-10 20:41:52,944]: H : 0.04511860018636518
[2020-08-10 20:41:52,944]: W : 0.04440825113723167
[2020-08-10 20:41:52,944]: A : 0.04416884384964298
[2020-08-10 20:41:52,944]: D : 0.042012980243723685
[2020-08-10 20:41:52,944]: F : 0.03137824832567314
[2020-08-10 20:41:52,958]: Start dimension reduction ...
[2020-08-10 20:41:54,665]: length=1 f1=0.3134 accuarcy=0.3836 precision=0.2930 recall=0.3836 auc=0.4608 
[2020-08-10 20:41:54,678]: length=2 f1=0.4334 accuarcy=0.4384 precision=0.4400 recall=0.4384 auc=0.5433 
[2020-08-10 20:41:54,693]: length=3 f1=0.4264 accuarcy=0.4247 precision=0.4349 recall=0.4247 auc=0.5402 
[2020-08-10 20:41:54,706]: length=4 f1=0.4034 accuarcy=0.3973 precision=0.4127 recall=0.3973 auc=0.5341 
[2020-08-10 20:41:54,720]: length=5 f1=0.3446 accuarcy=0.3425 precision=0.3473 recall=0.3425 auc=0.4929 
[2020-08-10 20:41:54,734]: length=6 f1=0.3333 accuarcy=0.3288 precision=0.3389 recall=0.3288 auc=0.4794 
[2020-08-10 20:41:54,749]: length=7 f1=0.3062 accuarcy=0.3014 precision=0.3122 recall=0.3014 auc=0.4605 
[2020-08-10 20:41:54,764]: length=8 f1=0.3208 accuarcy=0.3151 precision=0.3320 recall=0.3151 auc=0.4628 
[2020-08-10 20:41:54,783]: length=9 f1=0.3192 accuarcy=0.3151 precision=0.3237 recall=0.3151 auc=0.4698 
[2020-08-10 20:41:54,800]: length=10 f1=0.3305 accuarcy=0.3288 precision=0.3327 recall=0.3288 auc=0.4838 
[2020-08-10 20:41:54,815]: length=11 f1=0.4218 accuarcy=0.4247 precision=0.4215 recall=0.4247 auc=0.5667 
[2020-08-10 20:41:54,830]: length=12 f1=0.4085 accuarcy=0.4110 precision=0.4075 recall=0.4110 auc=0.5525 
[2020-08-10 20:41:54,847]: length=13 f1=0.4262 accuarcy=0.4247 precision=0.4290 recall=0.4247 auc=0.5580 
[2020-08-10 20:41:54,862]: length=14 f1=0.4126 accuarcy=0.4110 precision=0.4162 recall=0.4110 auc=0.5503 
[2020-08-10 20:41:54,879]: length=15 f1=0.4265 accuarcy=0.4247 precision=0.4303 recall=0.4247 auc=0.5594 
[2020-08-10 20:41:54,895]: length=16 f1=0.4376 accuarcy=0.4384 precision=0.4405 recall=0.4384 auc=0.5779 
[2020-08-10 20:41:54,913]: length=17 f1=0.4521 accuarcy=0.4521 precision=0.4559 recall=0.4521 auc=0.5871 
[2020-08-10 20:41:54,929]: length=18 f1=0.4687 accuarcy=0.4658 precision=0.4737 recall=0.4658 auc=0.5888 
[2020-08-10 20:41:54,944]: length=19 f1=0.4666 accuarcy=0.4658 precision=0.4704 recall=0.4658 auc=0.5944 
[2020-08-10 20:41:54,959]: length=20 f1=0.4934 accuarcy=0.4932 precision=0.4945 recall=0.4932 auc=0.6099 
[2020-08-10 20:41:54,960]: ----------
[2020-08-10 20:41:54,960]: the max f1 = 0.4934
[2020-08-10 20:41:54,960]: ['G' 'P' 'C' 'Q' 'S' 'K' 'L' 'M' 'V' 'Y' 'R' 'N' 'T' 'I' 'E' 'H' 'W' 'A'
 'D' 'F'],length = 20
[2020-08-10 20:41:54,960]: -----------
[2020-08-10 20:41:54,988]: ***confusion matrix***
Predicted  0.0  1.0  2.0
Actual                  
0.0          7    2    8
1.0          1   12    8
2.0         10    8   17
[2020-08-10 20:41:54,989]: f1 =0.4934 
[2020-08-10 20:41:54,990]: accuarcy = 0.4932 
[2020-08-10 20:41:54,990]: precision =0.4945 
[2020-08-10 20:41:54,991]: recall =0.4932
[2020-08-10 20:41:54,994]: auc = 0.6099
[2020-08-10 20:41:55,000]: -----------
[2020-08-10 20:41:55,000]: The output by the terminal's log has been saved in the C:\Users\Administer\Desktop\工作\MRMD3.0\Logs\202008102041.log.
[2020-08-10 20:41:55,000]: metrics have been saved in the C:\Users\Administer\Desktop\工作\MRMD3.0\Results\test.metrics.csv.
[2020-08-10 20:41:55,000]: Reduced dimensional dataset has been saved in the C:\Users\Administer\Desktop\工作\MRMD3.0\Results\out.csv.
[2020-08-10 20:41:55,000]: ---mrmd 2.0 end---
