[2020-05-10 22:00:19,467]: ---mrmd 2.0 start----
[2020-05-10 22:00:20,194]: ANOVA start...
[2020-05-10 22:00:20,197]: ANOVA end.
[2020-05-10 22:00:20,197]: mic start...
[2020-05-10 22:00:20,404]: mic end.
[2020-05-10 22:00:20,405]: mrmd start...
[2020-05-10 22:00:20,431]: mrmd end.
[2020-05-10 22:00:20,431]: mRMR start...
[2020-05-10 22:00:20,468]: mRMR end.
[2020-05-10 22:00:20,468]: lasso start...
[2020-05-10 22:00:20,485]: lasso end.
[2020-05-10 22:00:20,485]: chi2 start...
[2020-05-10 22:00:20,501]: chi2 end.
[2020-05-10 22:00:20,501]: ref start...
[2020-05-10 22:00:20,573]: ref end.
[2020-05-10 22:00:20,587]: The final  rank is
[2020-05-10 22:00:20,587]: K : 0.0690785632503797
[2020-05-10 22:00:20,587]: T : 0.06596555106877368
[2020-05-10 22:00:20,587]: R : 0.06242359193006594
[2020-05-10 22:00:20,587]: Q : 0.05925577100144449
[2020-05-10 22:00:20,587]: I : 0.058947516924739284
[2020-05-10 22:00:20,587]: A : 0.05800764254679676
[2020-05-10 22:00:20,588]: E : 0.05769967990753704
[2020-05-10 22:00:20,588]: V : 0.05534103970805543
[2020-05-10 22:00:20,588]: Y : 0.05244160805337384
[2020-05-10 22:00:20,588]: G : 0.0509468742195343
[2020-05-10 22:00:20,588]: P : 0.049519504745027774
[2020-05-10 22:00:20,588]: C : 0.04765237774114939
[2020-05-10 22:00:20,588]: S : 0.04749410510572205
[2020-05-10 22:00:20,588]: W : 0.046058731561151034
[2020-05-10 22:00:20,588]: N : 0.04186750312365192
[2020-05-10 22:00:20,588]: D : 0.04050797445694472
[2020-05-10 22:00:20,589]: M : 0.036770006395781624
[2020-05-10 22:00:20,589]: L : 0.03540961962154634
[2020-05-10 22:00:20,589]: H : 0.032800989537869606
[2020-05-10 22:00:20,589]: F : 0.03181134910045505
