[2020-05-12 21:14:10,078]: ---mrmd 2.0 start----
[2020-05-12 21:14:10,832]: ANOVA start...
[2020-05-12 21:14:10,846]: ANOVA  end.
[2020-05-12 21:14:10,846]: ANOVA start...
[2020-05-12 21:14:10,976]: ANOVA  end.
[2020-05-12 21:14:10,976]: mrmd start...
[2020-05-12 21:14:11,000]: mrmd end.
[2020-05-12 21:14:11,000]: mRMR start...
[2020-05-12 21:14:11,042]: mRMR end.
[2020-05-12 21:14:11,042]: lasso start...
[2020-05-12 21:14:11,056]: lasso end.
[2020-05-12 21:14:11,056]: chi2 start...
[2020-05-12 21:14:11,067]: chi2 end.
[2020-05-12 21:14:11,067]: ref start...
[2020-05-12 21:14:11,140]: ref end.
[2020-05-12 21:14:11,164]: The final  rank is
[2020-05-12 21:14:11,165]: Q : 0.06542539970157685
[2020-05-12 21:14:11,165]: K : 0.06367649831935278
[2020-05-12 21:14:11,165]: T : 0.059468832906275464
[2020-05-12 21:14:11,165]: E : 0.05492370134611952
[2020-05-12 21:14:11,165]: A : 0.05415602663569645
[2020-05-12 21:14:11,165]: G : 0.053454005312021435
[2020-05-12 21:14:11,165]: V : 0.0531090922892931
[2020-05-12 21:14:11,165]: R : 0.05273204136092315
[2020-05-12 21:14:11,166]: I : 0.05270612055366522
[2020-05-12 21:14:11,166]: W : 0.05184464864191678
[2020-05-12 21:14:11,166]: S : 0.05145702903802866
[2020-05-12 21:14:11,166]: Y : 0.05118856279075956
[2020-05-12 21:14:11,166]: P : 0.04497476815867832
[2020-05-12 21:14:11,166]: M : 0.0448303724834271
[2020-05-12 21:14:11,166]: C : 0.04411414068378866
[2020-05-12 21:14:11,166]: D : 0.04374488049838067
[2020-05-12 21:14:11,166]: H : 0.043304276027228764
[2020-05-12 21:14:11,166]: N : 0.042264503800344105
[2020-05-12 21:14:11,167]: F : 0.038898231294642246
[2020-05-12 21:14:11,167]: L : 0.033726868157881416
[2020-05-12 21:14:11,189]: Start dimension reduction ...
[2020-05-12 21:14:14,478]: length=1 f1=0.3174 accuarcy=0.3562 precision=0.2906 recall=0.3562 auc=0.4605 
[2020-05-12 21:14:15,264]: length=2 f1=0.3987 accuarcy=0.3973 precision=0.4077 recall=0.3973 auc=0.5240 
[2020-05-12 21:14:16,044]: length=3 f1=0.4407 accuarcy=0.4384 precision=0.4441 recall=0.4384 auc=0.5579 
[2020-05-12 21:14:16,348]: length=4 f1=0.4428 accuarcy=0.4384 precision=0.4534 recall=0.4384 auc=0.5676 
[2020-05-12 21:14:16,645]: length=5 f1=0.4506 accuarcy=0.4521 precision=0.4502 recall=0.4521 auc=0.5606 
[2020-05-12 21:14:16,939]: length=6 f1=0.4672 accuarcy=0.4658 precision=0.4688 recall=0.4658 auc=0.5831 
[2020-05-12 21:14:17,233]: length=7 f1=0.4887 accuarcy=0.4932 precision=0.4862 recall=0.4932 auc=0.5950 
[2020-05-12 21:14:17,528]: length=8 f1=0.5260 accuarcy=0.5342 precision=0.5251 recall=0.5342 auc=0.6174 
[2020-05-12 21:14:17,822]: length=9 f1=0.5249 accuarcy=0.5342 precision=0.5242 recall=0.5342 auc=0.6172 
[2020-05-12 21:14:18,117]: length=10 f1=0.4589 accuarcy=0.4658 precision=0.4639 recall=0.4658 auc=0.5651 
[2020-05-12 21:14:18,413]: length=11 f1=0.4722 accuarcy=0.4795 precision=0.4683 recall=0.4795 auc=0.5828 
[2020-05-12 21:14:18,708]: length=12 f1=0.4660 accuarcy=0.4795 precision=0.4595 recall=0.4795 auc=0.5775 
[2020-05-12 21:14:19,004]: length=13 f1=0.3957 accuarcy=0.4110 precision=0.3969 recall=0.4110 auc=0.5136 
[2020-05-12 21:14:19,300]: length=14 f1=0.4925 accuarcy=0.5068 precision=0.4960 recall=0.5068 auc=0.5885 
[2020-05-12 21:14:19,594]: length=15 f1=0.5038 accuarcy=0.5068 precision=0.5037 recall=0.5068 auc=0.6057 
[2020-05-12 21:14:19,891]: length=16 f1=0.4721 accuarcy=0.4932 precision=0.4640 recall=0.4932 auc=0.5798 
[2020-05-12 21:14:20,186]: length=17 f1=0.4319 accuarcy=0.4384 precision=0.4308 recall=0.4384 auc=0.5461 
[2020-05-12 21:14:20,479]: length=18 f1=0.4266 accuarcy=0.4384 precision=0.4338 recall=0.4384 auc=0.5358 
[2020-05-12 21:14:20,775]: length=19 f1=0.4192 accuarcy=0.4384 precision=0.4077 recall=0.4384 auc=0.5378 
[2020-05-12 21:14:21,072]: length=20 f1=0.3998 accuarcy=0.4110 precision=0.4031 recall=0.4110 auc=0.5153 
[2020-05-12 21:14:21,072]: ----------
[2020-05-12 21:14:21,073]: the max f1 = 0.5260
[2020-05-12 21:14:21,073]: ['Q' 'K' 'T' 'E' 'A' 'G' 'V' 'R'],length = 8
[2020-05-12 21:14:21,073]: -----------
[2020-05-12 21:14:21,359]: ***confusion matrix***
[2020-05-12 21:14:21,359]:                pos_class      neg_class      
[2020-05-12 21:14:21,359]: pos_class      TP:11             FN:2              
[2020-05-12 21:14:21,360]: neg_class      FP:2              TN:5              
[2020-05-12 21:14:21,361]: f1 =0.5260 
[2020-05-12 21:14:21,362]: accuarcy = 0.5342 
[2020-05-12 21:14:21,364]: precision =0.5251 
[2020-05-12 21:14:21,366]: recall =0.5342
[2020-05-12 21:14:21,370]: auc = 0.6174
[2020-05-12 21:14:21,377]: -----------
[2020-05-12 21:14:21,377]: The output by the terminal's log has been saved in the /home/heshida/pycharm_tmp2/Logs/202005122114.log.
[2020-05-12 21:14:21,377]: metrics have been saved in the /home/heshida/pycharm_tmp2/Results/m.csv.
[2020-05-12 21:14:22,542]: Scatter charts visualized by t-SNE dataset has been saved in the /home/heshida/pycharm_tmp2/Results/test.csv.png.
[2020-05-12 21:14:22,542]: Reduced dimensional dataset has been saved in the /home/heshida/pycharm_tmp2/Results/out.csv.
[2020-05-12 21:14:22,542]: ---mrmd 2.0 end---
