[2020-05-15 19:21:43,136]: ---mrmd 2.0 start----
[2020-05-15 19:22:44,300]: ANOVA start...
[2020-05-15 19:22:44,502]: ANOVA  end.
[2020-05-15 19:22:44,502]: mic start...
[2020-05-15 19:22:46,755]: mic  end.
[2020-05-15 19:22:46,755]: mrmd start...
[2020-05-15 19:22:47,436]: mrmd end.
[2020-05-15 19:22:47,437]: mRMR start...
[2020-05-15 19:22:49,386]: mRMR end.
[2020-05-15 19:22:49,386]: linear model start...
[2020-05-15 19:22:49,731]: linear model end.
[2020-05-15 19:22:49,731]: chi2 start...
[2020-05-15 19:22:49,946]: chi2 end.
[2020-05-15 19:22:49,946]: tree feature importance start...
[2020-05-15 19:22:51,482]: tree feature importance  end.
[2020-05-15 19:22:51,482]: F_value start...
[2020-05-15 19:22:51,696]: F_value  end.
[2020-05-15 19:22:51,696]: ref start...
[2020-05-15 19:23:48,896]: ref end.
[2020-05-15 19:23:49,146]: The final  rank is
[2020-05-15 19:23:49,146]: Pos1.ZSCALE4 : 0.024545183528761075
[2020-05-15 19:23:49,147]: Pos3.ZSCALE1 : 0.02450918714135708
[2020-05-15 19:23:49,147]: Pos5.ZSCALE3 : 0.02352475028409808
[2020-05-15 19:23:49,147]: Pos8.ZSCALE5 : 0.023121697392357622
[2020-05-15 19:23:49,147]: Pos7.ZSCALE5 : 0.022849138675746717
[2020-05-15 19:23:49,147]: Pos2.ZSCALE2 : 0.022459143653751828
[2020-05-15 19:23:49,147]: Pos3.ZSCALE3 : 0.02235223414818659
[2020-05-15 19:23:49,147]: Pos2.ZSCALE3 : 0.022305848186755177
[2020-05-15 19:23:49,147]: Pos8.ZSCALE1 : 0.021973329415856654
[2020-05-15 19:23:49,147]: Pos8.ZSCALE2 : 0.021952291516670653
[2020-05-15 19:23:49,148]: Pos11.ZSCALE3 : 0.02182958665058552
[2020-05-15 19:23:49,148]: Pos11.ZSCALE1 : 0.021749261100418162
[2020-05-15 19:23:49,148]: Pos5.ZSCALE5 : 0.021496615187917276
[2020-05-15 19:23:49,148]: Pos11.ZSCALE4 : 0.021381111838339933
[2020-05-15 19:23:49,148]: Pos2.ZSCALE4 : 0.021218597115401534
[2020-05-15 19:23:49,148]: Pos7.ZSCALE1 : 0.021199881075720232
[2020-05-15 19:23:49,148]: Pos10.ZSCALE2 : 0.021138613131170467
[2020-05-15 19:23:49,148]: Pos9.ZSCALE2 : 0.021125516551327304
[2020-05-15 19:23:49,148]: Pos10.ZSCALE3 : 0.021009797988489908
[2020-05-15 19:23:49,149]: Pos7.ZSCALE4 : 0.02075744012116619
[2020-05-15 19:23:49,149]: Pos5.ZSCALE4 : 0.020663146297390224
[2020-05-15 19:23:49,149]: Pos1.ZSCALE5 : 0.02036198923890775
[2020-05-15 19:23:49,149]: Pos10.ZSCALE4 : 0.02015983557746171
[2020-05-15 19:23:49,149]: Pos9.ZSCALE5 : 0.020078111876399823
[2020-05-15 19:23:49,149]: Pos9.ZSCALE1 : 0.019994388143396193
[2020-05-15 19:23:49,149]: Pos10.ZSCALE5 : 0.01998976029677716
[2020-05-15 19:23:49,149]: Pos3.ZSCALE2 : 0.019812019705836733
[2020-05-15 19:23:49,149]: Pos9.ZSCALE4 : 0.019681904877560073
[2020-05-15 19:23:49,149]: Pos11.ZSCALE5 : 0.0195699474648831
[2020-05-15 19:23:49,150]: Pos2.ZSCALE1 : 0.0194491112219197
[2020-05-15 19:23:49,150]: Pos10.ZSCALE1 : 0.019442548866475416
[2020-05-15 19:23:49,150]: Pos4.ZSCALE3 : 0.01936372244951142
[2020-05-15 19:23:49,150]: Pos4.ZSCALE1 : 0.019353236194593684
[2020-05-15 19:23:49,150]: Pos4.ZSCALE4 : 0.019343842816890954
[2020-05-15 19:23:49,150]: Pos3.ZSCALE4 : 0.019174750584360856
[2020-05-15 19:23:49,150]: Pos7.ZSCALE3 : 0.01907210799948034
[2020-05-15 19:23:49,150]: Pos3.ZSCALE5 : 0.019021760936564797
[2020-05-15 19:23:49,150]: Pos8.ZSCALE3 : 0.018458335330841878
[2020-05-15 19:23:49,151]: Pos5.ZSCALE1 : 0.018431289935411304
[2020-05-15 19:23:49,151]: Pos1.ZSCALE1 : 0.018235504889143953
[2020-05-15 19:23:49,151]: Pos11.ZSCALE2 : 0.017964721970960072
[2020-05-15 19:23:49,151]: Pos4.ZSCALE2 : 0.017943281506930808
[2020-05-15 19:23:49,151]: Pos1.ZSCALE3 : 0.01740882941079057
[2020-05-15 19:23:49,151]: Pos8.ZSCALE4 : 0.01638867991489499
[2020-05-15 19:23:49,151]: Pos1.ZSCALE2 : 0.016320290909241256
[2020-05-15 19:23:49,151]: Pos2.ZSCALE5 : 0.016201230438760577
[2020-05-15 19:23:49,151]: Pos9.ZSCALE3 : 0.01614729476367404
[2020-05-15 19:23:49,152]: Pos7.ZSCALE2 : 0.015836275409456077
[2020-05-15 19:23:49,152]: Pos4.ZSCALE5 : 0.013832345911005895
[2020-05-15 19:23:49,152]: Pos5.ZSCALE2 : 0.012107291510430898
[2020-05-15 19:23:49,152]: Pos6.ZSCALE2 : 0.0076932188459699
