[2020-05-09 20:15:59,762]: ---mrmd 2.0 start----
[2020-05-09 20:16:00,499]: ANOVA start...
[2020-05-09 20:16:00,502]: ANOVA end.
[2020-05-09 20:16:00,502]: mic start...
[2020-05-09 20:16:00,714]: mic end.
[2020-05-09 20:16:00,715]: mrmd start...
[2020-05-09 20:16:00,742]: mrmd end.
[2020-05-09 20:16:00,742]: mRMR start...
[2020-05-09 20:16:00,780]: mRMR end.
[2020-05-09 20:16:00,781]: lasso start...
[2020-05-09 20:16:00,798]: lasso end.
[2020-05-09 20:16:00,798]: chi2 start...
[2020-05-09 20:16:00,814]: chi2 end.
[2020-05-09 20:16:00,814]: ref start...
[2020-05-09 20:16:00,886]: ref end.
[2020-05-09 20:16:00,900]: The final  rank is
[2020-05-09 20:16:00,900]: K : 0.0690785632503797
[2020-05-09 20:16:00,900]: T : 0.06596555106877368
[2020-05-09 20:16:00,900]: R : 0.06242359193006594
[2020-05-09 20:16:00,900]: Q : 0.05925577100144449
[2020-05-09 20:16:00,900]: I : 0.058947516924739284
[2020-05-09 20:16:00,901]: A : 0.05800764254679676
[2020-05-09 20:16:00,901]: E : 0.05769967990753704
[2020-05-09 20:16:00,901]: V : 0.05534103970805543
[2020-05-09 20:16:00,901]: Y : 0.05244160805337384
[2020-05-09 20:16:00,901]: G : 0.0509468742195343
[2020-05-09 20:16:00,901]: P : 0.049519504745027774
[2020-05-09 20:16:00,901]: C : 0.04765237774114939
[2020-05-09 20:16:00,901]: S : 0.04749410510572205
[2020-05-09 20:16:00,901]: W : 0.046058731561151034
[2020-05-09 20:16:00,901]: N : 0.04186750312365192
[2020-05-09 20:16:00,902]: D : 0.04050797445694472
[2020-05-09 20:16:00,902]: M : 0.036770006395781624
[2020-05-09 20:16:00,902]: L : 0.03540961962154634
[2020-05-09 20:16:00,902]: H : 0.032800989537869606
[2020-05-09 20:16:00,902]: F : 0.03181134910045505
[2020-05-09 20:16:00,924]: Start dimension reduction ...
