[2020-05-08 21:52:40,177]: ---mrmd 2.0 start----
[2020-05-08 21:52:40,912]: ANOVA start...
[2020-05-08 21:52:40,915]: ANOVA end.
[2020-05-08 21:52:40,915]: mic start...
[2020-05-08 21:52:41,129]: mic end.
[2020-05-08 21:52:41,129]: mrmd start...
[2020-05-08 21:52:41,156]: mrmd end.
[2020-05-08 21:52:41,157]: mRMR start...
[2020-05-08 21:52:41,196]: mRMR end.
[2020-05-08 21:52:41,196]: lasso start...
[2020-05-08 21:52:41,214]: lasso end.
[2020-05-08 21:52:41,214]: chi2 start...
[2020-05-08 21:52:41,230]: chi2 end.
[2020-05-08 21:52:41,230]: ref start...
[2020-05-08 21:52:41,299]: ref end.
[2020-05-08 21:52:41,304]: The final  rank is
[2020-05-08 21:52:41,304]: R : 0.0660
[2020-05-08 21:52:41,305]: T : 0.0655
[2020-05-08 21:52:41,305]: S : 0.0650
[2020-05-08 21:52:41,305]: C : 0.0643
[2020-05-08 21:52:41,305]: Y : 0.0636
[2020-05-08 21:52:41,305]: E : 0.0627
[2020-05-08 21:52:41,305]: Q : 0.0616
[2020-05-08 21:52:41,305]: W : 0.0604
[2020-05-08 21:52:41,305]: A : 0.0589
[2020-05-08 21:52:41,305]: K : 0.0572
[2020-05-08 21:52:41,306]: I : 0.0551
[2020-05-08 21:52:41,306]: P : 0.0527
[2020-05-08 21:52:41,306]: V : 0.0499
[2020-05-08 21:52:41,306]: N : 0.0466
[2020-05-08 21:52:41,306]: L : 0.0427
[2020-05-08 21:52:41,306]: H : 0.0382
[2020-05-08 21:52:41,306]: M : 0.0328
[2020-05-08 21:52:41,306]: G : 0.0265
[2020-05-08 21:52:41,306]: F : 0.0190
[2020-05-08 21:52:41,307]: D : 0.0103
[2020-05-08 21:52:41,328]: Start dimension reduction ...
[2020-05-08 21:52:44,772]: length=1 f1=0.3200 accuarcy=0.3288 precision=0.3285 recall=0.3288 auc=0.4518 
[2020-05-08 21:52:45,591]: length=2 f1=0.4251 accuarcy=0.4247 precision=0.4257 recall=0.4247 auc=0.5573 
[2020-05-08 21:52:46,375]: length=3 f1=0.4915 accuarcy=0.4932 precision=0.4902 recall=0.4932 auc=0.6054 
[2020-05-08 21:52:46,693]: length=4 f1=0.4882 accuarcy=0.4932 precision=0.4855 recall=0.4932 auc=0.6001 
[2020-05-08 21:52:46,992]: length=5 f1=0.5207 accuarcy=0.5479 precision=0.5108 recall=0.5479 auc=0.6202 
[2020-05-08 21:52:47,290]: length=6 f1=0.5764 accuarcy=0.5890 precision=0.5696 recall=0.5890 auc=0.6625 
[2020-05-08 21:52:47,589]: length=7 f1=0.5271 accuarcy=0.5342 precision=0.5217 recall=0.5342 auc=0.6247 
[2020-05-08 21:52:47,891]: length=8 f1=0.5250 accuarcy=0.5479 precision=0.5104 recall=0.5479 auc=0.6262 
[2020-05-08 21:52:48,193]: length=9 f1=0.4820 accuarcy=0.4932 precision=0.4760 recall=0.4932 auc=0.5877 
[2020-05-08 21:52:48,494]: length=10 f1=0.5558 accuarcy=0.5616 precision=0.5605 recall=0.5616 auc=0.6351 
[2020-05-08 21:52:48,792]: length=11 f1=0.5588 accuarcy=0.5616 precision=0.5615 recall=0.5616 auc=0.6397 
[2020-05-08 21:52:49,092]: length=12 f1=0.4770 accuarcy=0.4795 precision=0.4748 recall=0.4795 auc=0.5890 
[2020-05-08 21:52:49,403]: length=13 f1=0.4940 accuarcy=0.5068 precision=0.4892 recall=0.5068 auc=0.5974 
[2020-05-08 21:52:49,709]: length=14 f1=0.4649 accuarcy=0.4795 precision=0.4652 recall=0.4795 auc=0.5694 
[2020-05-08 21:52:50,011]: length=15 f1=0.4727 accuarcy=0.5068 precision=0.4598 recall=0.5068 auc=0.5782 
[2020-05-08 21:52:50,320]: length=16 f1=0.4793 accuarcy=0.5068 precision=0.4875 recall=0.5068 auc=0.5774 
[2020-05-08 21:52:50,621]: length=17 f1=0.4377 accuarcy=0.4521 precision=0.4294 recall=0.4521 auc=0.5486 
[2020-05-08 21:52:50,987]: length=18 f1=0.5047 accuarcy=0.5342 precision=0.5080 recall=0.5342 auc=0.5989 
[2020-05-08 21:52:51,284]: length=19 f1=0.4742 accuarcy=0.4932 precision=0.4635 recall=0.4932 auc=0.5844 
[2020-05-08 21:52:51,598]: length=20 f1=0.4455 accuarcy=0.4658 precision=0.4513 recall=0.4658 auc=0.5496 
[2020-05-08 21:52:51,598]: ----------
[2020-05-08 21:52:51,599]: the max f1 = 0.5764
[2020-05-08 21:52:51,599]: ['R' 'T' 'S' 'C' 'Y' 'E'],length = 6
[2020-05-08 21:52:51,599]: -----------
[2020-05-08 21:52:51,886]: ***confusion matrix***
[2020-05-08 21:52:51,886]:                pos_class      neg_class      
[2020-05-08 21:52:51,887]: pos_class      TP:16             FN:1              
[2020-05-08 21:52:51,887]: neg_class      FP:1              TN:4              
[2020-05-08 21:52:51,889]: f1 =0.5764 
[2020-05-08 21:52:51,889]: accuarcy = 0.5890 
[2020-05-08 21:52:51,891]: precision =0.5696 
[2020-05-08 21:52:51,893]: recall =0.5890
[2020-05-08 21:52:51,898]: auc = 0.6625
[2020-05-08 21:52:51,904]: -----------
[2020-05-08 21:52:51,904]: The output by the terminal's log has been saved in the /home/heshida/pycharm_tmp2/Logs/202005082152.log.
[2020-05-08 21:52:51,904]: metrics have been saved in the /home/heshida/pycharm_tmp2/Results/b.csv.
[2020-05-08 21:52:53,055]: Scatter charts visualized by t-SNE dataset has been saved in the /home/heshida/pycharm_tmp2/Results/test.csv.png.
[2020-05-08 21:52:53,055]: Reduced dimensional dataset has been saved in the /home/heshida/pycharm_tmp2/Results/a.csv.
[2020-05-08 21:52:53,055]: ---mrmd 2.0 end---
