[2020-05-14 22:01:47,684]: ---mrmd 2.0 start----
[2020-05-14 22:03:05,677]: ANOVA start...
[2020-05-14 22:03:07,542]: ANOVA  end.
[2020-05-14 22:03:07,543]: mic start...
[2020-05-14 22:03:27,097]: mic  end.
[2020-05-14 22:03:27,097]: mrmd start...
[2020-05-14 22:04:03,663]: mrmd end.
[2020-05-14 22:04:03,665]: mRMR start...
[2020-05-14 22:23:58,112]: mRMR end.
[2020-05-14 22:23:58,112]: lasso start...
[2020-05-14 22:24:00,788]: lasso end.
[2020-05-14 22:24:00,789]: chi2 start...
[2020-05-14 22:24:02,534]: chi2 end.
[2020-05-14 22:24:02,534]: ANOVA start...
[2020-05-14 22:24:04,317]: ANOVA  end.
[2020-05-14 22:24:04,318]: ref start...
[2020-05-14 23:01:06,954]: ref end.
[2020-05-14 23:01:10,291]: The final  rank is
[2020-05-14 23:01:10,291]: blosum62.F59 : 0.0027248359866146412
[2020-05-14 23:01:10,292]: blosum62.F216 : 0.0027027064440034968
[2020-05-14 23:01:10,292]: blosum62.F163 : 0.002697269705491511
[2020-05-14 23:01:10,292]: blosum62.F53 : 0.0026721881142990106
[2020-05-14 23:01:10,292]: 4_S : 0.002667324224353405
[2020-05-14 23:01:10,292]: 4_E : 0.0026669849938343866
[2020-05-14 23:01:10,292]: blosum62.F209 : 0.0026653661213750968
[2020-05-14 23:01:10,292]: blosum62.F167 : 0.0026518490291605233
[2020-05-14 23:01:10,293]: 10_C : 0.002649082716380795
[2020-05-14 23:01:10,293]: blosum62.F199 : 0.0026442250901164517
[2020-05-14 23:01:10,293]: blosum62.F143 : 0.0026404265400651024
[2020-05-14 23:01:10,293]: blosum62.F9 : 0.0026367724896254026
[2020-05-14 23:01:10,293]: blosum62.F123 : 0.00263549669906627
[2020-05-14 23:01:10,293]: blosum62.F195 : 0.00263456901664205
[2020-05-14 23:01:10,293]: blosum62.F205 : 0.002629247121322
[2020-05-14 23:01:10,293]: 3_A : 0.0026284705582033
[2020-05-14 23:01:10,293]: 8_N : 0.0026227860223164584
[2020-05-14 23:01:10,294]: blosum62.F11 : 0.002617511984115541
[2020-05-14 23:01:10,294]: 1_A : 0.002617173609207715
[2020-05-14 23:01:10,294]: 0_T : 0.0026157977338326158
[2020-05-14 23:01:10,294]: blosum62.F124 : 0.0026115311860874547
[2020-05-14 23:01:10,294]: 6_G : 0.002609133873366122
[2020-05-14 23:01:10,294]: blosum62.F144 : 0.002603317279726568
[2020-05-14 23:01:10,294]: blosum62.F50 : 0.002602975712334117
[2020-05-14 23:01:10,294]: blosum62.F145 : 0.002602801174475922
[2020-05-14 23:01:10,294]: 0_Q : 0.002599412895528821
[2020-05-14 23:01:10,295]: 6_I : 0.0025972875992375673
[2020-05-14 23:01:10,295]: 6_S : 0.0025961001388256325
[2020-05-14 23:01:10,295]: 4_F : 0.0025943648310240617
[2020-05-14 23:01:10,295]: 9_V : 0.002591253027415121
[2020-05-14 23:01:10,295]: blosum62.F78 : 0.0025901835423651092
[2020-05-14 23:01:10,295]: blosum62.F20 : 0.0025901272987623645
[2020-05-14 23:01:10,295]: blosum62.F2 : 0.0025900506847007757
[2020-05-14 23:01:10,295]: 1_E : 0.0025857499871647224
[2020-05-14 23:01:10,295]: blosum62.F8 : 0.0025832037050562934
[2020-05-14 23:01:10,296]: blosum62.F84 : 0.0025821868152233673
[2020-05-14 23:01:10,296]: blosum62.F19 : 0.002581683245152308
[2020-05-14 23:01:10,296]: blosum62.F29 : 0.0025786421385762663
[2020-05-14 23:01:10,296]: blosum62.F207 : 0.0025775767753101553
[2020-05-14 23:01:10,296]: 2_K : 0.002575034689781217
[2020-05-14 23:01:10,296]: blosum62.F138 : 0.0025745804877831996
[2020-05-14 23:01:10,296]: 7_H : 0.002572567760595026
[2020-05-14 23:01:10,296]: blosum62.F174 : 0.0025723364435464484
[2020-05-14 23:01:10,296]: blosum62.F208 : 0.002569430142143394
[2020-05-14 23:01:10,297]: blosum62.F175 : 0.0025638948806654136
[2020-05-14 23:01:10,297]: 1_W : 0.0025631921675063887
[2020-05-14 23:01:10,297]: blosum62.F182 : 0.0025628821883621443
[2020-05-14 23:01:10,297]: blosum62.F28 : 0.0025595746071019024
[2020-05-14 23:01:10,297]: blosum62.F186 : 0.002558256217174427
[2020-05-14 23:01:10,297]: blosum62.F62 : 0.002557832766930729
[2020-05-14 23:01:10,297]: blosum62.F219 : 0.0025573089243268433
[2020-05-14 23:01:10,297]: 0_C : 0.0025572562262216225
[2020-05-14 23:01:10,298]: blosum62.F54 : 0.002555247666653133
[2020-05-14 23:01:10,298]: blosum62.F6 : 0.0025548635348928324
[2020-05-14 23:01:10,298]: blosum62.F33 : 0.002554689645288105
[2020-05-14 23:01:10,298]: 8_P : 0.002551621050516495
[2020-05-14 23:01:10,298]: blosum62.F61 : 0.0025515331095625894
[2020-05-14 23:01:10,298]: blosum62.F159 : 0.002551492556545918
[2020-05-14 23:01:10,298]: blosum62.F65 : 0.0025507489835224547
[2020-05-14 23:01:10,298]: blosum62.F202 : 0.0025500778731063337
[2020-05-14 23:01:10,298]: blosum62.F77 : 0.0025493458214311663
[2020-05-14 23:01:10,299]: blosum62.F146 : 0.002547513290497442
[2020-05-14 23:01:10,299]: blosum62.F85 : 0.002547338008454659
[2020-05-14 23:01:10,299]: blosum62.F125 : 0.0025450039929432984
[2020-05-14 23:01:10,299]: blosum62.F158 : 0.002544778315057843
[2020-05-14 23:01:10,299]: blosum62.F12 : 0.002543624950913986
[2020-05-14 23:01:10,299]: blosum62.F66 : 0.002543526640233587
[2020-05-14 23:01:10,299]: blosum62.F178 : 0.0025406105826668622
[2020-05-14 23:01:10,299]: blosum62.F181 : 0.0025405832572080564
[2020-05-14 23:01:10,299]: blosum62.F196 : 0.0025394417818198297
[2020-05-14 23:01:10,299]: blosum62.F63 : 0.0025384634953745104
[2020-05-14 23:01:10,300]: blosum62.F92 : 0.002538074020891897
[2020-05-14 23:01:10,300]: blosum62.F58 : 0.002537797883790432
[2020-05-14 23:01:10,300]: 9_C : 0.0025369241167962266
[2020-05-14 23:01:10,300]: 0_K : 0.00253664626791665
[2020-05-14 23:01:10,300]: blosum62.F185 : 0.002534558535372482
[2020-05-14 23:01:10,300]: 6_P : 0.002533567462693792
[2020-05-14 23:01:10,300]: blosum62.F25 : 0.0025332610540850595
[2020-05-14 23:01:10,300]: blosum62.F81 : 0.0025328926269563077
[2020-05-14 23:01:10,300]: 6_B : 0.002530989166490893
[2020-05-14 23:01:10,301]: blosum62.F164 : 0.002530267665336554
[2020-05-14 23:01:10,301]: blosum62.F161 : 0.002527840677785978
[2020-05-14 23:01:10,301]: blosum62.F176 : 0.0025268279149193032
[2020-05-14 23:01:10,301]: blosum62.F80 : 0.002525378709998337
[2020-05-14 23:01:10,301]: blosum62.F95 : 0.0025239895541164952
[2020-05-14 23:01:10,301]: blosum62.F38 : 0.002522871725108985
[2020-05-14 23:01:10,301]: 8_I : 0.002519435831662012
[2020-05-14 23:01:10,301]: blosum62.F153 : 0.00251930764664352
[2020-05-14 23:01:10,301]: blosum62.F47 : 0.0025182649206960785
[2020-05-14 23:01:10,302]: 10_A : 0.002517851093723793
[2020-05-14 23:01:10,302]: blosum62.F201 : 0.0025159081818210693
[2020-05-14 23:01:10,302]: blosum62.F212 : 0.0025150351429042775
[2020-05-14 23:01:10,302]: 3_Q : 0.0025146038906902583
[2020-05-14 23:01:10,302]: blosum62.F69 : 0.0025123033414140676
[2020-05-14 23:01:10,302]: 7_L : 0.0025106322268173974
[2020-05-14 23:01:10,302]: blosum62.F99 : 0.002510116039442949
[2020-05-14 23:01:10,302]: 10_G : 0.002508472042519201
[2020-05-14 23:01:10,302]: blosum62.F157 : 0.0025061732264136365
[2020-05-14 23:01:10,302]: blosum62.F10 : 0.0025055766886554307
[2020-05-14 23:01:10,303]: 3_R : 0.0025026302606532057
[2020-05-14 23:01:10,303]: blosum62.F49 : 0.0025008746913924964
[2020-05-14 23:01:10,303]: blosum62.F134 : 0.002500522972261087
[2020-05-14 23:01:10,303]: blosum62.F197 : 0.0024992103043222323
[2020-05-14 23:01:10,303]: 6_Q : 0.002498404414725883
[2020-05-14 23:01:10,303]: 7_A : 0.00249782109932979
[2020-05-14 23:01:10,303]: blosum62.F170 : 0.0024970015939760714
[2020-05-14 23:01:10,303]: blosum62.F154 : 0.002495788510995622
[2020-05-14 23:01:10,304]: blosum62.F180 : 0.0024951719031629754
[2020-05-14 23:01:10,304]: blosum62.F127 : 0.0024931014363747173
[2020-05-14 23:01:10,304]: blosum62.F220 : 0.0024923605315771884
[2020-05-14 23:01:10,304]: blosum62.F64 : 0.002489843344057977
[2020-05-14 23:01:10,304]: blosum62.F32 : 0.0024873818846100726
[2020-05-14 23:01:10,304]: 1_K : 0.0024869362470354324
[2020-05-14 23:01:10,304]: 1_G : 0.0024853152952940215
[2020-05-14 23:01:10,304]: blosum62.F55 : 0.0024852123328114478
[2020-05-14 23:01:10,304]: 4_D : 0.002483924485793108
[2020-05-14 23:01:10,305]: blosum62.F42 : 0.0024833403287993915
[2020-05-14 23:01:10,305]: blosum62.F70 : 0.002482848467037484
[2020-05-14 23:01:10,305]: 1_S : 0.0024826575941191732
[2020-05-14 23:01:10,305]: 8_F : 0.0024819850959344803
[2020-05-14 23:01:10,305]: 1_R : 0.0024797888151199964
[2020-05-14 23:01:10,305]: 8_V : 0.0024759705142531076
[2020-05-14 23:01:10,305]: blosum62.F21 : 0.0024744796215311763
[2020-05-14 23:01:10,305]: 1_P : 0.0024683589824882383
[2020-05-14 23:01:10,305]: 9_Q : 0.0024681298078853553
[2020-05-14 23:01:10,306]: blosum62.F130 : 0.0024667170217305455
[2020-05-14 23:01:10,306]: blosum62.F211 : 0.002463641988853876
[2020-05-14 23:01:10,306]: 6_A : 0.002462277015853443
[2020-05-14 23:01:10,306]: 1_F : 0.002462127528512109
[2020-05-14 23:01:10,306]: 9_K : 0.002457269318054842
[2020-05-14 23:01:10,306]: 0_P : 0.002455503828510298
[2020-05-14 23:01:10,306]: blosum62.F97 : 0.002449352106478134
[2020-05-14 23:01:10,306]: 10_F : 0.002448512759523207
[2020-05-14 23:01:10,306]: blosum62.F7 : 0.002447108425048146
[2020-05-14 23:01:10,307]: blosum62.F93 : 0.002445003388782611
[2020-05-14 23:01:10,307]: blosum62.F18 : 0.002443384774162846
[2020-05-14 23:01:10,307]: 0_Y : 0.0024425645635925393
[2020-05-14 23:01:10,307]: blosum62.F194 : 0.0024414865101885443
[2020-05-14 23:01:10,307]: blosum62.F4 : 0.002439234845268715
[2020-05-14 23:01:10,307]: blosum62.F126 : 0.00243662637520808
[2020-05-14 23:01:10,307]: blosum62.F121 : 0.0024363027801561927
[2020-05-14 23:01:10,307]: blosum62.F142 : 0.0024359140808397095
[2020-05-14 23:01:10,307]: 8_D : 0.0024358116514000606
[2020-05-14 23:01:10,308]: blosum62.F13 : 0.0024325921079892928
[2020-05-14 23:01:10,308]: 6_R : 0.0024317579218473945
[2020-05-14 23:01:10,308]: 10_H : 0.0024292397686729687
[2020-05-14 23:01:10,308]: 10_K : 0.0024287878982435914
[2020-05-14 23:01:10,308]: blosum62.F131 : 0.0024280489701011686
[2020-05-14 23:01:10,308]: 9_E : 0.002426985929160141
[2020-05-14 23:01:10,308]: blosum62.F52 : 0.0024258417313204918
[2020-05-14 23:01:10,308]: 4_I : 0.002425502754547198
[2020-05-14 23:01:10,308]: blosum62.F183 : 0.0024246556528617702
[2020-05-14 23:01:10,309]: 3_Y : 0.002423991486575537
[2020-05-14 23:01:10,309]: 9_N : 0.0024233607880517834
[2020-05-14 23:01:10,309]: blosum62.F150 : 0.0024228424250203797
[2020-05-14 23:01:10,309]: 10_Q : 0.002421042706113585
[2020-05-14 23:01:10,309]: blosum62.F135 : 0.002420371104773012
[2020-05-14 23:01:10,309]: 3_T : 0.00241944525483048
[2020-05-14 23:01:10,309]: 8_Y : 0.002419164842433454
[2020-05-14 23:01:10,309]: 7_N : 0.002418871703894421
[2020-05-14 23:01:10,309]: 10_B : 0.0024185894783748086
[2020-05-14 23:01:10,310]: blosum62.F87 : 0.00241840656070266
[2020-05-14 23:01:10,310]: 0_I : 0.00241837930347523
[2020-05-14 23:01:10,310]: blosum62.F184 : 0.002417678926888083
[2020-05-14 23:01:10,310]: blosum62.F177 : 0.002417493085878467
[2020-05-14 23:01:10,310]: 7_B : 0.002415757235670885
[2020-05-14 23:01:10,310]: 0_F : 0.002414609863055542
[2020-05-14 23:01:10,310]: 9_T : 0.0024144956267473827
[2020-05-14 23:01:10,310]: blosum62.F35 : 0.0024139575927177863
[2020-05-14 23:01:10,310]: blosum62.F15 : 0.002412385190435616
[2020-05-14 23:01:10,311]: 4_K : 0.0024075774815711785
[2020-05-14 23:01:10,311]: 4_P : 0.002407285335556055
[2020-05-14 23:01:10,311]: 4_Q : 0.0024056107759963747
[2020-05-14 23:01:10,311]: blosum62.F166 : 0.002404452671633821
[2020-05-14 23:01:10,311]: blosum62.F79 : 0.0024031237845270133
[2020-05-14 23:01:10,311]: blosum62.F169 : 0.002401675587807318
[2020-05-14 23:01:10,311]: 6_V : 0.002400691740339204
[2020-05-14 23:01:10,311]: 3_W : 0.002399895747123456
[2020-05-14 23:01:10,311]: blosum62.F72 : 0.0023960078961634845
[2020-05-14 23:01:10,312]: 2_V : 0.0023950833197454546
[2020-05-14 23:01:10,312]: 6_E : 0.002394023061074358
[2020-05-14 23:01:10,312]: 6_M : 0.002393608137333983
[2020-05-14 23:01:10,312]: blosum62.F17 : 0.0023931459498609375
[2020-05-14 23:01:10,312]: 10_W : 0.0023929178862870356
[2020-05-14 23:01:10,312]: blosum62.F193 : 0.002391400588934351
[2020-05-14 23:01:10,312]: blosum62.F200 : 0.002391270796260339
[2020-05-14 23:01:10,312]: 2_T : 0.0023911001584041884
[2020-05-14 23:01:10,312]: 2_Y : 0.0023892070381040585
[2020-05-14 23:01:10,313]: 10_M : 0.002386774941189282
[2020-05-14 23:01:10,313]: blosum62.F31 : 0.002384354124054314
[2020-05-14 23:01:10,313]: 0_A : 0.0023837216986876734
[2020-05-14 23:01:10,313]: 3_H : 0.00238316546336581
[2020-05-14 23:01:10,313]: blosum62.F34 : 0.00238250708948952
[2020-05-14 23:01:10,313]: blosum62.F44 : 0.0023823951759680247
[2020-05-14 23:01:10,313]: 2_I : 0.0023820736632195307
[2020-05-14 23:01:10,313]: blosum62.F76 : 0.0023816697912366564
[2020-05-14 23:01:10,313]: 1_V : 0.0023815499158355907
[2020-05-14 23:01:10,314]: 6_C : 0.0023799031425057104
[2020-05-14 23:01:10,314]: 0_D : 0.0023797548911253046
[2020-05-14 23:01:10,314]: blosum62.F68 : 0.0023792161528072373
[2020-05-14 23:01:10,314]: 3_L : 0.0023788846179221583
[2020-05-14 23:01:10,314]: 2_E : 0.0023788658444667712
[2020-05-14 23:01:10,314]: 7_T : 0.002378430996894234
[2020-05-14 23:01:10,314]: 8_L : 0.002377403345412636
[2020-05-14 23:01:10,314]: blosum62.F149 : 0.0023770999129227553
[2020-05-14 23:01:10,314]: blosum62.F90 : 0.0023764335546469424
[2020-05-14 23:01:10,315]: blosum62.F214 : 0.0023758076357704083
[2020-05-14 23:01:10,315]: 9_H : 0.0023747857345282034
[2020-05-14 23:01:10,315]: blosum62.F187 : 0.002374436808225797
[2020-05-14 23:01:10,315]: 8_W : 0.0023736687598251804
[2020-05-14 23:01:10,315]: 0_G : 0.002373292289999653
[2020-05-14 23:01:10,315]: blosum62.F204 : 0.0023732792142759384
[2020-05-14 23:01:10,315]: 8_H : 0.002372705438096508
[2020-05-14 23:01:10,315]: 9_F : 0.0023711498564551064
[2020-05-14 23:01:10,315]: blosum62.F172 : 0.0023710989925148462
[2020-05-14 23:01:10,316]: blosum62.F100 : 0.0023708900259197785
[2020-05-14 23:01:10,316]: 9_M : 0.0023705948200387385
[2020-05-14 23:01:10,316]: 9_S : 0.002369557463255495
[2020-05-14 23:01:10,316]: blosum62.F136 : 0.0023693901556991015
[2020-05-14 23:01:10,316]: 1_M : 0.0023689154550579723
[2020-05-14 23:01:10,316]: 4_Y : 0.002367972875362656
[2020-05-14 23:01:10,316]: 7_D : 0.0023672612450615907
[2020-05-14 23:01:10,316]: blosum62.F98 : 0.0023652565993591826
[2020-05-14 23:01:10,316]: blosum62.F39 : 0.0023648158245658294
[2020-05-14 23:01:10,317]: blosum62.F156 : 0.002364719385287316
[2020-05-14 23:01:10,317]: blosum62.F5 : 0.0023643164827273013
[2020-05-14 23:01:10,317]: blosum62.F190 : 0.0023634517536222483
[2020-05-14 23:01:10,317]: 10_I : 0.002361938134081782
[2020-05-14 23:01:10,317]: blosum62.F213 : 0.0023601642359228517
[2020-05-14 23:01:10,317]: 3_C : 0.0023580920950776727
[2020-05-14 23:01:10,317]: 10_L : 0.0023578676918750265
[2020-05-14 23:01:10,317]: blosum62.F179 : 0.0023566131207768204
[2020-05-14 23:01:10,317]: blosum62.F82 : 0.0023565405905771083
[2020-05-14 23:01:10,317]: 2_C : 0.00235557842981302
[2020-05-14 23:01:10,318]: 6_F : 0.0023543646203744717
[2020-05-14 23:01:10,318]: blosum62.F41 : 0.0023532767329243775
[2020-05-14 23:01:10,318]: 10_D : 0.002351980554596009
[2020-05-14 23:01:10,318]: blosum62.F206 : 0.0023514290784263357
[2020-05-14 23:01:10,318]: blosum62.F67 : 0.002350082145159076
[2020-05-14 23:01:10,318]: 2_F : 0.002348760607015374
[2020-05-14 23:01:10,318]: 9_L : 0.002347809703420644
[2020-05-14 23:01:10,318]: 0_R : 0.0023476142561913633
[2020-05-14 23:01:10,318]: blosum62.F210 : 0.002347105609918374
[2020-05-14 23:01:10,319]: 4_V : 0.0023463449345464253
[2020-05-14 23:01:10,319]: blosum62.F140 : 0.0023463150952094027
[2020-05-14 23:01:10,319]: blosum62.F141 : 0.00234575477654826
[2020-05-14 23:01:10,319]: blosum62.F37 : 0.0023425557065426626
[2020-05-14 23:01:10,319]: 1_Q : 0.0023418658480476324
[2020-05-14 23:01:10,319]: 0_L : 0.002341464301196873
[2020-05-14 23:01:10,319]: 7_F : 0.0023395000670194802
[2020-05-14 23:01:10,319]: 1_L : 0.002338574407250452
[2020-05-14 23:01:10,319]: blosum62.F57 : 0.002337644620685375
[2020-05-14 23:01:10,320]: blosum62.F36 : 0.0023373822895407068
[2020-05-14 23:01:10,320]: blosum62.F89 : 0.0023373420339135383
[2020-05-14 23:01:10,320]: 2_S : 0.002336440852540053
[2020-05-14 23:01:10,320]: blosum62.F152 : 0.0023358050161607765
[2020-05-14 23:01:10,320]: 2_P : 0.0023350378638825296
[2020-05-14 23:01:10,320]: 1_I : 0.0023327181071647095
[2020-05-14 23:01:10,320]: 7_V : 0.0023312686646142604
[2020-05-14 23:01:10,320]: 4_H : 0.002330972438576133
[2020-05-14 23:01:10,320]: 2_A : 0.0023286019976171235
[2020-05-14 23:01:10,321]: 3_D : 0.0023284195339301744
[2020-05-14 23:01:10,321]: 3_P : 0.0023282771032972485
[2020-05-14 23:01:10,321]: 10_P : 0.002327748656160415
[2020-05-14 23:01:10,321]: blosum62.F24 : 0.002327534758803417
[2020-05-14 23:01:10,321]: 7_C : 0.0023270818309001273
[2020-05-14 23:01:10,321]: blosum62.F86 : 0.0023267874685369435
[2020-05-14 23:01:10,321]: blosum62.F60 : 0.002326463991008194
[2020-05-14 23:01:10,321]: 7_Q : 0.002326375941203906
[2020-05-14 23:01:10,321]: 2_G : 0.0023259565983443707
[2020-05-14 23:01:10,322]: blosum62.F189 : 0.0023231237134787395
[2020-05-14 23:01:10,322]: 4_C : 0.0023228054715995327
[2020-05-14 23:01:10,322]: 8_T : 0.002322187154918085
[2020-05-14 23:01:10,322]: 4_A : 0.002321559335059748
[2020-05-14 23:01:10,322]: blosum62.F165 : 0.0023213898381110637
[2020-05-14 23:01:10,322]: blosum62.F45 : 0.0023189147620453644
[2020-05-14 23:01:10,322]: 10_S : 0.0023185273823039696
[2020-05-14 23:01:10,322]: 9_D : 0.0023162223114211677
[2020-05-14 23:01:10,322]: 0_E : 0.0023153778437235515
[2020-05-14 23:01:10,323]: blosum62.F162 : 0.0023142901108017004
[2020-05-14 23:01:10,323]: blosum62.F151 : 0.00231221003664542
[2020-05-14 23:01:10,323]: 9_G : 0.002308640807142362
[2020-05-14 23:01:10,323]: blosum62.F23 : 0.0023028834159441827
[2020-05-14 23:01:10,323]: blosum62.F148 : 0.0023012330423448804
[2020-05-14 23:01:10,323]: 8_K : 0.0022938248936452627
[2020-05-14 23:01:10,323]: blosum62.F203 : 0.002292759229548371
[2020-05-14 23:01:10,323]: blosum62.F71 : 0.0022912426023729182
[2020-05-14 23:01:10,323]: 1_Y : 0.0022906119956314533
[2020-05-14 23:01:10,324]: 7_W : 0.0022869779555981214
[2020-05-14 23:01:10,324]: blosum62.F94 : 0.0022846165221998226
[2020-05-14 23:01:10,324]: blosum62.F16 : 0.0022836976402596234
[2020-05-14 23:01:10,324]: 2_N : 0.0022824078809121585
[2020-05-14 23:01:10,324]: 3_M : 0.0022821648481169544
[2020-05-14 23:01:10,324]: 2_M : 0.0022781973793065736
[2020-05-14 23:01:10,324]: 3_I : 0.002277115915345784
[2020-05-14 23:01:10,324]: 8_B : 0.002276552618957735
[2020-05-14 23:01:10,324]: 6_Y : 0.0022761407558650085
[2020-05-14 23:01:10,325]: 7_P : 0.002275037844203969
[2020-05-14 23:01:10,325]: blosum62.F168 : 0.002274799781314931
[2020-05-14 23:01:10,325]: 6_T : 0.0022737834171340067
[2020-05-14 23:01:10,325]: blosum62.F173 : 0.002272924347275491
[2020-05-14 23:01:10,325]: 8_C : 0.0022723676408477954
[2020-05-14 23:01:10,325]: 7_G : 0.0022708182642792478
[2020-05-14 23:01:10,325]: 4_L : 0.002270807543886619
[2020-05-14 23:01:10,325]: blosum62.F83 : 0.002267928790633974
[2020-05-14 23:01:10,325]: 3_F : 0.0022673449724242008
[2020-05-14 23:01:10,326]: blosum62.F74 : 0.0022659996880715493
[2020-05-14 23:01:10,326]: 0_H : 0.002265203728966697
[2020-05-14 23:01:10,326]: 8_A : 0.002264784944788611
[2020-05-14 23:01:10,326]: blosum62.F48 : 0.0022647526989578956
[2020-05-14 23:01:10,326]: 2_D : 0.002264648612067153
[2020-05-14 23:01:10,326]: blosum62.F191 : 0.002263518252895373
[2020-05-14 23:01:10,326]: 8_E : 0.0022616630426970483
[2020-05-14 23:01:10,326]: 7_I : 0.002261016562932985
[2020-05-14 23:01:10,326]: blosum62.F27 : 0.0022598685738636454
[2020-05-14 23:01:10,327]: blosum62.F133 : 0.0022595271026644623
[2020-05-14 23:01:10,327]: 3_G : 0.0022543628883585232
[2020-05-14 23:01:10,327]: blosum62.F137 : 0.002253517849979006
[2020-05-14 23:01:10,327]: blosum62.F40 : 0.002247796090300977
[2020-05-14 23:01:10,327]: 7_S : 0.002246507567861071
[2020-05-14 23:01:10,327]: 9_P : 0.0022464044846333387
[2020-05-14 23:01:10,327]: blosum62.F56 : 0.002245866577641737
[2020-05-14 23:01:10,327]: 4_M : 0.0022439699155757087
[2020-05-14 23:01:10,327]: 4_G : 0.0022436588064384845
[2020-05-14 23:01:10,328]: blosum62.F198 : 0.0022398385396467475
[2020-05-14 23:01:10,328]: blosum62.F218 : 0.0022380683533111774
[2020-05-14 23:01:10,328]: 10_N : 0.0022380670165047284
[2020-05-14 23:01:10,328]: 2_W : 0.002237505443453342
[2020-05-14 23:01:10,328]: 2_L : 0.0022374516851968117
[2020-05-14 23:01:10,328]: blosum62.F75 : 0.002235824378670495
[2020-05-14 23:01:10,328]: 6_H : 0.002235035310432669
[2020-05-14 23:01:10,328]: blosum62.F73 : 0.002233148199360769
[2020-05-14 23:01:10,328]: 0_S : 0.0022317066422282462
[2020-05-14 23:01:10,329]: 2_H : 0.0022308630526212555
[2020-05-14 23:01:10,329]: blosum62.F155 : 0.0022293762477926383
[2020-05-14 23:01:10,329]: blosum62.F122 : 0.0022273886627008892
[2020-05-14 23:01:10,329]: blosum62.F147 : 0.0022259774069492357
[2020-05-14 23:01:10,329]: 4_W : 0.002224082831133103
[2020-05-14 23:01:10,329]: blosum62.F188 : 0.0022224871254094554
[2020-05-14 23:01:10,329]: blosum62.F26 : 0.0022189439098895167
[2020-05-14 23:01:10,329]: blosum62.F14 : 0.00221867118746734
[2020-05-14 23:01:10,329]: 1_B : 0.0022181482116430985
[2020-05-14 23:01:10,330]: 3_K : 0.002216342200997861
[2020-05-14 23:01:10,330]: blosum62.F30 : 0.002214443547615726
[2020-05-14 23:01:10,330]: blosum62.F22 : 0.0022115963908370144
[2020-05-14 23:01:10,330]: blosum62.F139 : 0.0022114854284540427
[2020-05-14 23:01:10,330]: blosum62.F108 : 0.002210481074590277
[2020-05-14 23:01:10,330]: blosum62.F43 : 0.0022099909647318354
[2020-05-14 23:01:10,330]: blosum62.F88 : 0.0022075208723604106
[2020-05-14 23:01:10,330]: blosum62.F192 : 0.002205901031598516
[2020-05-14 23:01:10,330]: 9_R : 0.002205799931340796
[2020-05-14 23:01:10,331]: 6_K : 0.0022053944448668476
[2020-05-14 23:01:10,331]: blosum62.F1 : 0.0022026724540363304
[2020-05-14 23:01:10,331]: 1_T : 0.0022010189134998356
[2020-05-14 23:01:10,331]: 10_E : 0.0021971032383894216
[2020-05-14 23:01:10,331]: blosum62.F217 : 0.0021967203626420367
[2020-05-14 23:01:10,331]: 4_R : 0.0021925700848520924
[2020-05-14 23:01:10,331]: 10_V : 0.0021924852928622792
[2020-05-14 23:01:10,331]: blosum62.F46 : 0.0021919522337168866
[2020-05-14 23:01:10,331]: 10_R : 0.002188250524654811
[2020-05-14 23:01:10,332]: blosum62.F160 : 0.0021860045340666412
[2020-05-14 23:01:10,332]: 6_D : 0.002185424257435897
[2020-05-14 23:01:10,332]: 6_L : 0.0021851369063419046
[2020-05-14 23:01:10,332]: 7_Y : 0.002181230307122424
[2020-05-14 23:01:10,332]: 8_R : 0.0021795836728847515
[2020-05-14 23:01:10,332]: 0_M : 0.0021791753892600172
[2020-05-14 23:01:10,332]: 9_A : 0.0021790185169205723
[2020-05-14 23:01:10,332]: blosum62.F132 : 0.0021783724197694046
[2020-05-14 23:01:10,332]: 1_D : 0.002176304416564782
[2020-05-14 23:01:10,332]: 9_B : 0.0021727087424895882
[2020-05-14 23:01:10,333]: 1_C : 0.0021702018911908877
[2020-05-14 23:01:10,333]: 8_S : 0.0021696585697220747
[2020-05-14 23:01:10,333]: 8_M : 0.0021692583854748143
[2020-05-14 23:01:10,333]: 3_N : 0.0021690902023967164
[2020-05-14 23:01:10,333]: 2_Q : 0.0021682921123023793
[2020-05-14 23:01:10,333]: 0_W : 0.0021629764952507454
[2020-05-14 23:01:10,333]: 6_N : 0.002157749376530468
[2020-05-14 23:01:10,333]: blosum62.F3 : 0.002146941237468646
[2020-05-14 23:01:10,334]: 9_W : 0.0021461983480918294
[2020-05-14 23:01:10,334]: 0_V : 0.0021425404205116004
[2020-05-14 23:01:10,334]: 3_S : 0.002138947606610312
[2020-05-14 23:01:10,334]: blosum62.F96 : 0.0021364638681682217
[2020-05-14 23:01:10,334]: 0_N : 0.0021271649597120732
[2020-05-14 23:01:10,334]: 10_Y : 0.0021243159674569005
[2020-05-14 23:01:10,334]: 7_K : 0.0021237139648136684
[2020-05-14 23:01:10,334]: blosum62.F102 : 0.0021219313455362937
[2020-05-14 23:01:10,335]: 8_Q : 0.002120095445165191
[2020-05-14 23:01:10,335]: 1_N : 0.0021175162531451726
[2020-05-14 23:01:10,335]: 4_N : 0.00211282954228966
[2020-05-14 23:01:10,335]: 3_E : 0.002112717738600008
[2020-05-14 23:01:10,335]: 7_E : 0.002111858726526845
[2020-05-14 23:01:10,335]: blosum62.F51 : 0.002098449345183727
[2020-05-14 23:01:10,335]: blosum62.F129 : 0.0020828515146795283
[2020-05-14 23:01:10,335]: blosum62.F128 : 0.002077266854618472
[2020-05-14 23:01:10,335]: 4_T : 0.0020727661006298467
[2020-05-14 23:01:10,336]: blosum62.F171 : 0.0020713986398831537
[2020-05-14 23:01:10,336]: 9_I : 0.0020699967554062876
[2020-05-14 23:01:10,336]: 8_G : 0.002062877832571871
[2020-05-14 23:01:10,336]: 10_T : 0.0020543375269864586
[2020-05-14 23:01:10,336]: 6_W : 0.002044880292548423
[2020-05-14 23:01:10,336]: 7_M : 0.002037307230823177
[2020-05-14 23:01:10,336]: 9_Y : 0.002036831780552129
[2020-05-14 23:01:10,336]: 1_H : 0.0020234916312890524
[2020-05-14 23:01:10,336]: 7_R : 0.0020028755914817983
[2020-05-14 23:01:10,337]: blosum62.F110 : 0.0020008297811184997
[2020-05-14 23:01:10,337]: 3_V : 0.001986222718554009
[2020-05-14 23:01:10,337]: blosum62.F91 : 0.001983913173955044
[2020-05-14 23:01:10,337]: blosum62.F104 : 0.001975229288194041
[2020-05-14 23:01:10,337]: blosum62.F215 : 0.0019713133012855075
[2020-05-14 23:01:10,337]: blosum62.F112 : 0.0019173771902637354
[2020-05-14 23:01:10,337]: blosum62.F117 : 0.0018126011767362197
[2020-05-14 23:01:10,337]: 2_R : 0.0017796395003345609
[2020-05-14 23:01:10,337]: blosum62.F107 : 0.0017566871465884786
[2020-05-14 23:01:10,337]: blosum62.F105 : 0.0017212058899580994
[2020-05-14 23:01:10,338]: 5_R : 0.0016600559874810922
[2020-05-14 23:01:10,338]: 0_B : 0.0016124779940485565
[2020-05-14 23:01:10,338]: blosum62.F115 : 0.0016096637863350087
[2020-05-14 23:01:10,338]: blosum62.F101 : 0.001526627689991316
[2020-05-14 23:01:10,338]: blosum62.F119 : 0.0015084608507715286
[2020-05-14 23:01:10,338]: blosum62.F118 : 0.0014775984638045847
[2020-05-14 23:01:10,338]: blosum62.F113 : 0.0014562202522725204
[2020-05-14 23:01:10,338]: blosum62.F111 : 0.001442123094205177
[2020-05-14 23:01:10,338]: blosum62.F114 : 0.0013339923219507042
[2020-05-14 23:01:10,339]: blosum62.F109 : 0.0013118721829880732
[2020-05-14 23:01:10,339]: blosum62.F116 : 0.0011564843816602756
[2020-05-14 23:01:10,339]: blosum62.F106 : 0.0011514248536392345
[2020-05-14 23:01:10,339]: blosum62.F120 : 0.0011351563573563485
[2020-05-14 23:01:10,339]: blosum62.F103 : 0.0009560584131291
[2020-05-14 23:01:13,722]: Start dimension reduction ...
[2020-05-14 23:01:17,519]: length=1 f1=0.5350 accuarcy=0.5505 precision=0.5583 recall=0.5505 auc=0.5505 
[2020-05-14 23:01:18,421]: length=2 f1=0.5435 accuarcy=0.5509 precision=0.5544 recall=0.5509 auc=0.5509 
[2020-05-14 23:01:19,335]: length=3 f1=0.5481 accuarcy=0.5481 precision=0.5481 recall=0.5481 auc=0.5481 
[2020-05-14 23:01:20,311]: length=4 f1=0.5552 accuarcy=0.5553 precision=0.5553 recall=0.5553 auc=0.5553 
[2020-05-14 23:01:20,800]: length=5 f1=0.5727 accuarcy=0.5727 precision=0.5727 recall=0.5727 auc=0.5727 
[2020-05-14 23:01:21,285]: length=6 f1=0.5754 accuarcy=0.5758 precision=0.5760 recall=0.5758 auc=0.5758 
[2020-05-14 23:01:21,797]: length=7 f1=0.5747 accuarcy=0.5747 precision=0.5748 recall=0.5747 auc=0.5747 
[2020-05-14 23:01:22,346]: length=8 f1=0.6089 accuarcy=0.6092 precision=0.6095 recall=0.6092 auc=0.6092 
[2020-05-14 23:01:22,917]: length=9 f1=0.6093 accuarcy=0.6096 precision=0.6098 recall=0.6096 auc=0.6096 
[2020-05-14 23:01:23,519]: length=10 f1=0.6150 accuarcy=0.6150 precision=0.6150 recall=0.6150 auc=0.6150 
[2020-05-14 23:01:24,138]: length=11 f1=0.6457 accuarcy=0.6457 precision=0.6458 recall=0.6457 auc=0.6457 
[2020-05-14 23:01:24,763]: length=12 f1=0.6618 accuarcy=0.6618 precision=0.6618 recall=0.6618 auc=0.6618 
[2020-05-14 23:01:25,377]: length=13 f1=0.6973 accuarcy=0.6973 precision=0.6973 recall=0.6973 auc=0.6973 
[2020-05-14 23:01:26,002]: length=14 f1=0.7068 accuarcy=0.7068 precision=0.7068 recall=0.7068 auc=0.7068 
[2020-05-14 23:01:26,640]: length=15 f1=0.7058 accuarcy=0.7058 precision=0.7059 recall=0.7058 auc=0.7058 
[2020-05-14 23:01:27,318]: length=16 f1=0.7051 accuarcy=0.7051 precision=0.7052 recall=0.7051 auc=0.7051 
[2020-05-14 23:01:27,984]: length=17 f1=0.7051 accuarcy=0.7051 precision=0.7051 recall=0.7051 auc=0.7051 
[2020-05-14 23:01:28,649]: length=18 f1=0.7119 accuarcy=0.7119 precision=0.7120 recall=0.7119 auc=0.7119 
[2020-05-14 23:01:29,321]: length=19 f1=0.7235 accuarcy=0.7235 precision=0.7236 recall=0.7235 auc=0.7235 
[2020-05-14 23:01:29,986]: length=20 f1=0.7181 accuarcy=0.7181 precision=0.7182 recall=0.7181 auc=0.7181 
[2020-05-14 23:01:30,634]: length=21 f1=0.7535 accuarcy=0.7536 precision=0.7538 recall=0.7536 auc=0.7536 
[2020-05-14 23:01:31,272]: length=22 f1=0.7953 accuarcy=0.7959 precision=0.7995 recall=0.7959 auc=0.7959 
[2020-05-14 23:01:31,911]: length=23 f1=0.8012 accuarcy=0.8017 precision=0.8048 recall=0.8017 auc=0.8017 
[2020-05-14 23:01:32,552]: length=24 f1=0.8001 accuarcy=0.8007 precision=0.8040 recall=0.8007 auc=0.8007 
[2020-05-14 23:01:33,236]: length=25 f1=0.8086 accuarcy=0.8092 precision=0.8131 recall=0.8092 auc=0.8092 
[2020-05-14 23:01:33,913]: length=26 f1=0.8068 accuarcy=0.8075 precision=0.8118 recall=0.8075 auc=0.8075 
[2020-05-14 23:01:34,586]: length=27 f1=0.8070 accuarcy=0.8075 precision=0.8109 recall=0.8075 auc=0.8075 
[2020-05-14 23:01:35,257]: length=28 f1=0.8021 accuarcy=0.8027 precision=0.8067 recall=0.8027 auc=0.8027 
[2020-05-14 23:01:35,924]: length=29 f1=0.8015 accuarcy=0.8020 precision=0.8057 recall=0.8020 auc=0.8020 
[2020-05-14 23:01:36,590]: length=30 f1=0.8039 accuarcy=0.8044 precision=0.8080 recall=0.8044 auc=0.8044 
[2020-05-14 23:01:37,259]: length=31 f1=0.8048 accuarcy=0.8055 precision=0.8094 recall=0.8055 auc=0.8055 
[2020-05-14 23:01:37,940]: length=32 f1=0.8071 accuarcy=0.8078 precision=0.8124 recall=0.8078 auc=0.8078 
[2020-05-14 23:01:38,622]: length=33 f1=0.8072 accuarcy=0.8078 precision=0.8119 recall=0.8078 auc=0.8078 
[2020-05-14 23:01:39,296]: length=34 f1=0.8041 accuarcy=0.8048 precision=0.8088 recall=0.8048 auc=0.8048 
[2020-05-14 23:01:39,986]: length=35 f1=0.8083 accuarcy=0.8089 precision=0.8124 recall=0.8089 auc=0.8089 
[2020-05-14 23:01:40,700]: length=36 f1=0.8094 accuarcy=0.8099 precision=0.8134 recall=0.8099 auc=0.8099 
[2020-05-14 23:01:41,426]: length=37 f1=0.8089 accuarcy=0.8096 precision=0.8142 recall=0.8096 auc=0.8096 
[2020-05-14 23:01:42,150]: length=38 f1=0.8065 accuarcy=0.8072 precision=0.8114 recall=0.8072 auc=0.8072 
[2020-05-14 23:01:42,875]: length=39 f1=0.8117 accuarcy=0.8123 precision=0.8162 recall=0.8123 auc=0.8123 
[2020-05-14 23:01:43,601]: length=40 f1=0.8104 accuarcy=0.8109 precision=0.8144 recall=0.8109 auc=0.8109 
[2020-05-14 23:01:44,340]: length=41 f1=0.8134 accuarcy=0.8140 precision=0.8180 recall=0.8140 auc=0.8140 
[2020-05-14 23:01:45,073]: length=42 f1=0.8144 accuarcy=0.8150 precision=0.8191 recall=0.8150 auc=0.8150 
[2020-05-14 23:01:45,802]: length=43 f1=0.8158 accuarcy=0.8164 precision=0.8203 recall=0.8164 auc=0.8164 
[2020-05-14 23:01:46,529]: length=44 f1=0.8084 accuarcy=0.8089 precision=0.8121 recall=0.8089 auc=0.8089 
[2020-05-14 23:01:47,255]: length=45 f1=0.8089 accuarcy=0.8096 precision=0.8138 recall=0.8096 auc=0.8096 
[2020-05-14 23:01:47,981]: length=46 f1=0.8142 accuarcy=0.8147 precision=0.8181 recall=0.8147 auc=0.8147 
[2020-05-14 23:01:48,707]: length=47 f1=0.8113 accuarcy=0.8119 precision=0.8160 recall=0.8119 auc=0.8119 
[2020-05-14 23:01:49,431]: length=48 f1=0.8089 accuarcy=0.8096 precision=0.8139 recall=0.8096 auc=0.8096 
[2020-05-14 23:01:50,203]: length=49 f1=0.8100 accuarcy=0.8106 precision=0.8141 recall=0.8106 auc=0.8106 
[2020-05-14 23:01:50,980]: length=50 f1=0.8105 accuarcy=0.8113 precision=0.8161 recall=0.8113 auc=0.8113 
[2020-05-14 23:01:51,754]: length=51 f1=0.8147 accuarcy=0.8154 precision=0.8200 recall=0.8154 auc=0.8154 
[2020-05-14 23:01:52,527]: length=52 f1=0.8155 accuarcy=0.8160 precision=0.8198 recall=0.8160 auc=0.8160 
[2020-05-14 23:01:53,316]: length=53 f1=0.8126 accuarcy=0.8133 precision=0.8181 recall=0.8133 auc=0.8133 
[2020-05-14 23:01:54,107]: length=54 f1=0.8100 accuarcy=0.8106 precision=0.8144 recall=0.8106 auc=0.8106 
[2020-05-14 23:01:54,896]: length=55 f1=0.8162 accuarcy=0.8167 precision=0.8207 recall=0.8167 auc=0.8167 
[2020-05-14 23:01:55,678]: length=56 f1=0.8142 accuarcy=0.8147 precision=0.8181 recall=0.8147 auc=0.8147 
[2020-05-14 23:01:56,466]: length=57 f1=0.8090 accuarcy=0.8096 precision=0.8135 recall=0.8096 auc=0.8096 
[2020-05-14 23:01:57,252]: length=58 f1=0.8137 accuarcy=0.8143 precision=0.8184 recall=0.8143 auc=0.8143 
[2020-05-14 23:01:58,040]: length=59 f1=0.8113 accuarcy=0.8119 precision=0.8160 recall=0.8119 auc=0.8119 
[2020-05-14 23:01:58,831]: length=60 f1=0.8134 accuarcy=0.8140 precision=0.8179 recall=0.8140 auc=0.8140 
[2020-05-14 23:01:59,629]: length=61 f1=0.8124 accuarcy=0.8130 precision=0.8170 recall=0.8130 auc=0.8130 
[2020-05-14 23:02:00,429]: length=62 f1=0.8178 accuarcy=0.8184 precision=0.8231 recall=0.8184 auc=0.8184 
[2020-05-14 23:02:01,223]: length=63 f1=0.8151 accuarcy=0.8157 precision=0.8195 recall=0.8157 auc=0.8157 
[2020-05-14 23:02:02,053]: length=64 f1=0.8165 accuarcy=0.8171 precision=0.8210 recall=0.8171 auc=0.8171 
[2020-05-14 23:02:02,884]: length=65 f1=0.8191 accuarcy=0.8198 precision=0.8245 recall=0.8198 auc=0.8198 
[2020-05-14 23:02:03,713]: length=66 f1=0.8131 accuarcy=0.8137 precision=0.8177 recall=0.8137 auc=0.8137 
[2020-05-14 23:02:04,556]: length=67 f1=0.8174 accuarcy=0.8181 precision=0.8228 recall=0.8181 auc=0.8181 
[2020-05-14 23:02:05,398]: length=68 f1=0.8182 accuarcy=0.8188 precision=0.8229 recall=0.8188 auc=0.8188 
[2020-05-14 23:02:06,239]: length=69 f1=0.8206 accuarcy=0.8212 precision=0.8255 recall=0.8212 auc=0.8212 
[2020-05-14 23:02:07,082]: length=70 f1=0.8179 accuarcy=0.8184 precision=0.8225 recall=0.8184 auc=0.8184 
[2020-05-14 23:02:07,933]: length=71 f1=0.8106 accuarcy=0.8113 precision=0.8160 recall=0.8113 auc=0.8113 
[2020-05-14 23:02:08,774]: length=72 f1=0.8200 accuarcy=0.8205 precision=0.8242 recall=0.8205 auc=0.8205 
[2020-05-14 23:02:09,626]: length=73 f1=0.8174 accuarcy=0.8181 precision=0.8228 recall=0.8181 auc=0.8181 
[2020-05-14 23:02:10,493]: length=74 f1=0.8197 accuarcy=0.8201 precision=0.8236 recall=0.8201 auc=0.8201 
[2020-05-14 23:02:11,340]: length=75 f1=0.8172 accuarcy=0.8177 precision=0.8219 recall=0.8177 auc=0.8177 
[2020-05-14 23:02:12,195]: length=76 f1=0.8196 accuarcy=0.8201 precision=0.8241 recall=0.8201 auc=0.8201 
[2020-05-14 23:02:13,040]: length=77 f1=0.8207 accuarcy=0.8212 precision=0.8245 recall=0.8212 auc=0.8212 
[2020-05-14 23:02:13,880]: length=78 f1=0.8237 accuarcy=0.8242 precision=0.8281 recall=0.8242 auc=0.8242 
[2020-05-14 23:02:14,719]: length=79 f1=0.8185 accuarcy=0.8191 precision=0.8238 recall=0.8191 auc=0.8191 
[2020-05-14 23:02:15,559]: length=80 f1=0.8162 accuarcy=0.8167 precision=0.8206 recall=0.8167 auc=0.8167 
[2020-05-14 23:02:16,452]: length=81 f1=0.8192 accuarcy=0.8198 precision=0.8244 recall=0.8198 auc=0.8198 
[2020-05-14 23:02:17,342]: length=82 f1=0.8227 accuarcy=0.8232 precision=0.8268 recall=0.8232 auc=0.8232 
[2020-05-14 23:02:18,247]: length=83 f1=0.8193 accuarcy=0.8198 precision=0.8237 recall=0.8198 auc=0.8198 
[2020-05-14 23:02:19,141]: length=84 f1=0.8222 accuarcy=0.8229 precision=0.8275 recall=0.8229 auc=0.8229 
[2020-05-14 23:02:20,034]: length=85 f1=0.8210 accuarcy=0.8215 precision=0.8251 recall=0.8215 auc=0.8215 
[2020-05-14 23:02:20,931]: length=86 f1=0.8223 accuarcy=0.8229 precision=0.8269 recall=0.8229 auc=0.8229 
[2020-05-14 23:02:21,820]: length=87 f1=0.8193 accuarcy=0.8198 precision=0.8236 recall=0.8198 auc=0.8198 
[2020-05-14 23:02:22,716]: length=88 f1=0.8212 accuarcy=0.8218 precision=0.8267 recall=0.8218 auc=0.8218 
[2020-05-14 23:02:23,614]: length=89 f1=0.8237 accuarcy=0.8242 precision=0.8285 recall=0.8242 auc=0.8242 
[2020-05-14 23:02:24,507]: length=90 f1=0.8240 accuarcy=0.8246 precision=0.8292 recall=0.8246 auc=0.8246 
[2020-05-14 23:02:25,401]: length=91 f1=0.8230 accuarcy=0.8235 precision=0.8273 recall=0.8235 auc=0.8235 
[2020-05-14 23:02:26,300]: length=92 f1=0.8216 accuarcy=0.8222 precision=0.8264 recall=0.8222 auc=0.8222 
[2020-05-14 23:02:27,204]: length=93 f1=0.8207 accuarcy=0.8212 precision=0.8248 recall=0.8212 auc=0.8212 
[2020-05-14 23:02:28,096]: length=94 f1=0.8220 accuarcy=0.8225 precision=0.8262 recall=0.8225 auc=0.8225 
[2020-05-14 23:02:29,007]: length=95 f1=0.8240 accuarcy=0.8246 precision=0.8292 recall=0.8246 auc=0.8246 
[2020-05-14 23:02:29,896]: length=96 f1=0.8241 accuarcy=0.8246 precision=0.8284 recall=0.8246 auc=0.8246 
[2020-05-14 23:02:30,791]: length=97 f1=0.8183 accuarcy=0.8188 precision=0.8223 recall=0.8188 auc=0.8188 
[2020-05-14 23:02:31,690]: length=98 f1=0.8280 accuarcy=0.8283 precision=0.8311 recall=0.8283 auc=0.8283 
[2020-05-14 23:02:32,585]: length=99 f1=0.8207 accuarcy=0.8212 precision=0.8247 recall=0.8212 auc=0.8212 
[2020-05-14 23:02:33,520]: length=100 f1=0.8268 accuarcy=0.8273 precision=0.8312 recall=0.8273 auc=0.8273 
[2020-05-14 23:02:34,459]: length=101 f1=0.8275 accuarcy=0.8280 precision=0.8317 recall=0.8280 auc=0.8280 
[2020-05-14 23:02:35,405]: length=102 f1=0.8247 accuarcy=0.8253 precision=0.8295 recall=0.8253 auc=0.8253 
[2020-05-14 23:02:36,344]: length=103 f1=0.8271 accuarcy=0.8276 precision=0.8318 recall=0.8276 auc=0.8276 
[2020-05-14 23:02:37,277]: length=104 f1=0.8261 accuarcy=0.8266 precision=0.8309 recall=0.8266 auc=0.8266 
[2020-05-14 23:02:38,212]: length=105 f1=0.8219 accuarcy=0.8225 precision=0.8272 recall=0.8225 auc=0.8225 
[2020-05-14 23:02:39,148]: length=106 f1=0.8254 accuarcy=0.8259 precision=0.8303 recall=0.8259 auc=0.8259 
[2020-05-14 23:02:40,092]: length=107 f1=0.8247 accuarcy=0.8253 precision=0.8297 recall=0.8253 auc=0.8253 
[2020-05-14 23:02:41,034]: length=108 f1=0.8216 accuarcy=0.8222 precision=0.8265 recall=0.8222 auc=0.8222 
[2020-05-14 23:02:41,977]: length=109 f1=0.8213 accuarcy=0.8218 precision=0.8258 recall=0.8218 auc=0.8218 
[2020-05-14 23:02:42,918]: length=110 f1=0.8225 accuarcy=0.8232 precision=0.8282 recall=0.8232 auc=0.8232 
[2020-05-14 23:02:43,854]: length=111 f1=0.8226 accuarcy=0.8232 precision=0.8278 recall=0.8232 auc=0.8232 
[2020-05-14 23:02:44,802]: length=112 f1=0.8212 accuarcy=0.8218 precision=0.8262 recall=0.8218 auc=0.8218 
[2020-05-14 23:02:45,761]: length=113 f1=0.8212 accuarcy=0.8218 precision=0.8269 recall=0.8218 auc=0.8218 
[2020-05-14 23:02:46,720]: length=114 f1=0.8216 accuarcy=0.8222 precision=0.8264 recall=0.8222 auc=0.8222 
[2020-05-14 23:02:47,666]: length=115 f1=0.8257 accuarcy=0.8263 precision=0.8310 recall=0.8263 auc=0.8263 
[2020-05-14 23:02:48,620]: length=116 f1=0.8205 accuarcy=0.8212 precision=0.8258 recall=0.8212 auc=0.8212 
[2020-05-14 23:02:49,569]: length=117 f1=0.8201 accuarcy=0.8208 precision=0.8261 recall=0.8208 auc=0.8208 
[2020-05-14 23:02:50,523]: length=118 f1=0.8277 accuarcy=0.8283 precision=0.8333 recall=0.8283 auc=0.8283 
[2020-05-14 23:02:51,470]: length=119 f1=0.8165 accuarcy=0.8174 precision=0.8235 recall=0.8174 auc=0.8174 
[2020-05-14 23:02:52,417]: length=120 f1=0.8201 accuarcy=0.8208 precision=0.8264 recall=0.8208 auc=0.8208 
[2020-05-14 23:02:53,409]: length=121 f1=0.8261 accuarcy=0.8266 precision=0.8309 recall=0.8266 auc=0.8266 
[2020-05-14 23:02:54,395]: length=122 f1=0.8216 accuarcy=0.8222 precision=0.8264 recall=0.8222 auc=0.8222 
[2020-05-14 23:02:55,376]: length=123 f1=0.8240 accuarcy=0.8246 precision=0.8292 recall=0.8246 auc=0.8246 
[2020-05-14 23:02:56,370]: length=124 f1=0.8233 accuarcy=0.8239 precision=0.8283 recall=0.8239 auc=0.8239 
[2020-05-14 23:02:57,359]: length=125 f1=0.8222 accuarcy=0.8229 precision=0.8275 recall=0.8229 auc=0.8229 
[2020-05-14 23:02:58,344]: length=126 f1=0.8249 accuarcy=0.8256 precision=0.8306 recall=0.8256 auc=0.8256 
[2020-05-14 23:02:59,327]: length=127 f1=0.8226 accuarcy=0.8232 precision=0.8279 recall=0.8232 auc=0.8232 
[2020-05-14 23:03:00,306]: length=128 f1=0.8236 accuarcy=0.8242 precision=0.8290 recall=0.8242 auc=0.8242 
[2020-05-14 23:03:01,285]: length=129 f1=0.8225 accuarcy=0.8232 precision=0.8282 recall=0.8232 auc=0.8232 
[2020-05-14 23:03:02,264]: length=130 f1=0.8205 accuarcy=0.8212 precision=0.8259 recall=0.8212 auc=0.8212 
[2020-05-14 23:03:03,242]: length=131 f1=0.8221 accuarcy=0.8229 precision=0.8283 recall=0.8229 auc=0.8229 
[2020-05-14 23:03:04,222]: length=132 f1=0.8268 accuarcy=0.8273 precision=0.8314 recall=0.8273 auc=0.8273 
[2020-05-14 23:03:05,216]: length=133 f1=0.8187 accuarcy=0.8195 precision=0.8247 recall=0.8195 auc=0.8195 
[2020-05-14 23:03:06,200]: length=134 f1=0.8263 accuarcy=0.8270 precision=0.8319 recall=0.8270 auc=0.8270 
[2020-05-14 23:03:07,183]: length=135 f1=0.8225 accuarcy=0.8232 precision=0.8286 recall=0.8232 auc=0.8232 
[2020-05-14 23:03:08,175]: length=136 f1=0.8233 accuarcy=0.8239 precision=0.8286 recall=0.8239 auc=0.8239 
[2020-05-14 23:03:09,166]: length=137 f1=0.8276 accuarcy=0.8283 precision=0.8336 recall=0.8283 auc=0.8283 
[2020-05-14 23:03:10,164]: length=138 f1=0.8187 accuarcy=0.8195 precision=0.8251 recall=0.8195 auc=0.8195 
[2020-05-14 23:03:11,169]: length=139 f1=0.8256 accuarcy=0.8263 precision=0.8318 recall=0.8263 auc=0.8263 
[2020-05-14 23:03:12,148]: length=140 f1=0.8246 accuarcy=0.8253 precision=0.8302 recall=0.8253 auc=0.8253 
[2020-05-14 23:03:13,134]: length=141 f1=0.8239 accuarcy=0.8246 precision=0.8293 recall=0.8246 auc=0.8246 
[2020-05-14 23:03:14,144]: length=142 f1=0.8256 accuarcy=0.8263 precision=0.8315 recall=0.8263 auc=0.8263 
[2020-05-14 23:03:15,126]: length=143 f1=0.8246 accuarcy=0.8253 precision=0.8300 recall=0.8253 auc=0.8253 
[2020-05-14 23:03:16,164]: length=144 f1=0.8270 accuarcy=0.8276 precision=0.8330 recall=0.8276 auc=0.8276 
[2020-05-14 23:03:17,195]: length=145 f1=0.8264 accuarcy=0.8270 precision=0.8315 recall=0.8270 auc=0.8270 
[2020-05-14 23:03:18,230]: length=146 f1=0.8226 accuarcy=0.8232 precision=0.8278 recall=0.8232 auc=0.8232 
[2020-05-14 23:03:19,258]: length=147 f1=0.8257 accuarcy=0.8263 precision=0.8308 recall=0.8263 auc=0.8263 
[2020-05-14 23:03:20,289]: length=148 f1=0.8250 accuarcy=0.8256 precision=0.8301 recall=0.8256 auc=0.8256 
[2020-05-14 23:03:21,319]: length=149 f1=0.8256 accuarcy=0.8263 precision=0.8311 recall=0.8263 auc=0.8263 
[2020-05-14 23:03:22,346]: length=150 f1=0.8205 accuarcy=0.8212 precision=0.8263 recall=0.8212 auc=0.8212 
[2020-05-14 23:03:23,377]: length=151 f1=0.8250 accuarcy=0.8256 precision=0.8298 recall=0.8256 auc=0.8256 
[2020-05-14 23:03:24,407]: length=152 f1=0.8240 accuarcy=0.8246 precision=0.8289 recall=0.8246 auc=0.8246 
[2020-05-14 23:03:25,427]: length=153 f1=0.8259 accuarcy=0.8266 precision=0.8320 recall=0.8266 auc=0.8266 
[2020-05-14 23:03:26,451]: length=154 f1=0.8222 accuarcy=0.8229 precision=0.8274 recall=0.8229 auc=0.8229 
[2020-05-14 23:03:27,475]: length=155 f1=0.8244 accuarcy=0.8249 precision=0.8290 recall=0.8249 auc=0.8249 
[2020-05-14 23:03:28,494]: length=156 f1=0.8219 accuarcy=0.8225 precision=0.8275 recall=0.8225 auc=0.8225 
[2020-05-14 23:03:29,523]: length=157 f1=0.8215 accuarcy=0.8222 precision=0.8273 recall=0.8222 auc=0.8222 
[2020-05-14 23:03:30,548]: length=158 f1=0.8197 accuarcy=0.8205 precision=0.8260 recall=0.8205 auc=0.8205 
[2020-05-14 23:03:31,579]: length=159 f1=0.8284 accuarcy=0.8290 precision=0.8334 recall=0.8290 auc=0.8290 
[2020-05-14 23:03:32,595]: length=160 f1=0.8285 accuarcy=0.8290 precision=0.8331 recall=0.8290 auc=0.8290 
[2020-05-14 23:03:33,618]: length=161 f1=0.8239 accuarcy=0.8246 precision=0.8294 recall=0.8246 auc=0.8246 
[2020-05-14 23:03:34,640]: length=162 f1=0.8243 accuarcy=0.8249 precision=0.8294 recall=0.8249 auc=0.8249 
[2020-05-14 23:03:35,677]: length=163 f1=0.8268 accuarcy=0.8273 precision=0.8314 recall=0.8273 auc=0.8273 
[2020-05-14 23:03:36,726]: length=164 f1=0.8291 accuarcy=0.8297 precision=0.8341 recall=0.8297 auc=0.8297 
[2020-05-14 23:03:37,762]: length=165 f1=0.8264 accuarcy=0.8270 precision=0.8315 recall=0.8270 auc=0.8270 
[2020-05-14 23:03:38,788]: length=166 f1=0.8278 accuarcy=0.8283 precision=0.8324 recall=0.8283 auc=0.8283 
[2020-05-14 23:03:39,813]: length=167 f1=0.8270 accuarcy=0.8276 precision=0.8323 recall=0.8276 auc=0.8276 
[2020-05-14 23:03:40,848]: length=168 f1=0.8254 accuarcy=0.8259 precision=0.8304 recall=0.8259 auc=0.8259 
[2020-05-14 23:03:41,920]: length=169 f1=0.8198 accuarcy=0.8205 precision=0.8253 recall=0.8205 auc=0.8205 
[2020-05-14 23:03:42,991]: length=170 f1=0.8263 accuarcy=0.8270 precision=0.8319 recall=0.8270 auc=0.8270 
[2020-05-14 23:03:44,067]: length=171 f1=0.8246 accuarcy=0.8253 precision=0.8300 recall=0.8253 auc=0.8253 
[2020-05-14 23:03:45,126]: length=172 f1=0.8281 accuarcy=0.8287 precision=0.8328 recall=0.8287 auc=0.8287 
[2020-05-14 23:03:46,206]: length=173 f1=0.8229 accuarcy=0.8235 precision=0.8285 recall=0.8235 auc=0.8235 
[2020-05-14 23:03:47,280]: length=174 f1=0.8271 accuarcy=0.8276 precision=0.8322 recall=0.8276 auc=0.8276 
[2020-05-14 23:03:48,359]: length=175 f1=0.8250 accuarcy=0.8256 precision=0.8299 recall=0.8256 auc=0.8256 
[2020-05-14 23:03:49,433]: length=176 f1=0.8281 accuarcy=0.8287 precision=0.8333 recall=0.8287 auc=0.8287 
[2020-05-14 23:03:50,497]: length=177 f1=0.8254 accuarcy=0.8259 precision=0.8304 recall=0.8259 auc=0.8259 
[2020-05-14 23:03:51,569]: length=178 f1=0.8202 accuarcy=0.8208 precision=0.8250 recall=0.8208 auc=0.8208 
[2020-05-14 23:03:52,633]: length=179 f1=0.8305 accuarcy=0.8311 precision=0.8351 recall=0.8311 auc=0.8311 
[2020-05-14 23:03:53,703]: length=180 f1=0.8302 accuarcy=0.8307 precision=0.8345 recall=0.8307 auc=0.8307 
[2020-05-14 23:03:54,780]: length=181 f1=0.8233 accuarcy=0.8239 precision=0.8280 recall=0.8239 auc=0.8239 
[2020-05-14 23:03:55,849]: length=182 f1=0.8236 accuarcy=0.8242 precision=0.8287 recall=0.8242 auc=0.8242 
[2020-05-14 23:03:56,935]: length=183 f1=0.8282 accuarcy=0.8287 precision=0.8326 recall=0.8287 auc=0.8287 
[2020-05-14 23:03:58,008]: length=184 f1=0.8309 accuarcy=0.8314 precision=0.8356 recall=0.8314 auc=0.8314 
[2020-05-14 23:03:59,085]: length=185 f1=0.8247 accuarcy=0.8253 precision=0.8294 recall=0.8253 auc=0.8253 
[2020-05-14 23:04:00,159]: length=186 f1=0.8328 accuarcy=0.8334 precision=0.8387 recall=0.8334 auc=0.8334 
[2020-05-14 23:04:01,235]: length=187 f1=0.8315 accuarcy=0.8321 precision=0.8367 recall=0.8321 auc=0.8321 
[2020-05-14 23:04:02,292]: length=188 f1=0.8219 accuarcy=0.8225 precision=0.8269 recall=0.8225 auc=0.8225 
[2020-05-14 23:04:03,364]: length=189 f1=0.8285 accuarcy=0.8290 precision=0.8331 recall=0.8290 auc=0.8290 
[2020-05-14 23:04:04,426]: length=190 f1=0.8254 accuarcy=0.8259 precision=0.8303 recall=0.8259 auc=0.8259 
[2020-05-14 23:04:05,493]: length=191 f1=0.8304 accuarcy=0.8311 precision=0.8360 recall=0.8311 auc=0.8311 
[2020-05-14 23:04:06,558]: length=192 f1=0.8264 accuarcy=0.8270 precision=0.8314 recall=0.8270 auc=0.8270 
[2020-05-14 23:04:07,625]: length=193 f1=0.8277 accuarcy=0.8283 precision=0.8330 recall=0.8283 auc=0.8283 
[2020-05-14 23:04:08,695]: length=194 f1=0.8250 accuarcy=0.8256 precision=0.8298 recall=0.8256 auc=0.8256 
[2020-05-14 23:04:09,767]: length=195 f1=0.8271 accuarcy=0.8276 precision=0.8319 recall=0.8276 auc=0.8276 
[2020-05-14 23:04:10,906]: length=196 f1=0.8250 accuarcy=0.8256 precision=0.8304 recall=0.8256 auc=0.8256 
[2020-05-14 23:04:12,015]: length=197 f1=0.8321 accuarcy=0.8328 precision=0.8378 recall=0.8328 auc=0.8328 
[2020-05-14 23:04:13,128]: length=198 f1=0.8279 accuarcy=0.8283 precision=0.8319 recall=0.8283 auc=0.8283 
[2020-05-14 23:04:14,240]: length=199 f1=0.8219 accuarcy=0.8225 precision=0.8272 recall=0.8225 auc=0.8225 
[2020-05-14 23:04:15,357]: length=200 f1=0.8236 accuarcy=0.8242 precision=0.8293 recall=0.8242 auc=0.8242 
[2020-05-14 23:04:16,475]: length=201 f1=0.8281 accuarcy=0.8287 precision=0.8327 recall=0.8287 auc=0.8287 
[2020-05-14 23:04:17,592]: length=202 f1=0.8275 accuarcy=0.8280 precision=0.8319 recall=0.8280 auc=0.8280 
[2020-05-14 23:04:18,701]: length=203 f1=0.8273 accuarcy=0.8280 precision=0.8331 recall=0.8280 auc=0.8280 
[2020-05-14 23:04:19,811]: length=204 f1=0.8256 accuarcy=0.8263 precision=0.8315 recall=0.8263 auc=0.8263 
[2020-05-14 23:04:20,923]: length=205 f1=0.8240 accuarcy=0.8246 precision=0.8291 recall=0.8246 auc=0.8246 
[2020-05-14 23:04:22,039]: length=206 f1=0.8206 accuarcy=0.8212 precision=0.8253 recall=0.8212 auc=0.8212 
[2020-05-14 23:04:23,178]: length=207 f1=0.8234 accuarcy=0.8239 precision=0.8279 recall=0.8239 auc=0.8239 
[2020-05-14 23:04:24,294]: length=208 f1=0.8281 accuarcy=0.8287 precision=0.8329 recall=0.8287 auc=0.8287 
[2020-05-14 23:04:25,415]: length=209 f1=0.8268 accuarcy=0.8273 precision=0.8315 recall=0.8273 auc=0.8273 
[2020-05-14 23:04:26,537]: length=210 f1=0.8271 accuarcy=0.8276 precision=0.8317 recall=0.8276 auc=0.8276 
[2020-05-14 23:04:27,647]: length=211 f1=0.8240 accuarcy=0.8246 precision=0.8285 recall=0.8246 auc=0.8246 
[2020-05-14 23:04:28,773]: length=212 f1=0.8261 accuarcy=0.8266 precision=0.8309 recall=0.8266 auc=0.8266 
[2020-05-14 23:04:29,893]: length=213 f1=0.8228 accuarcy=0.8235 precision=0.8288 recall=0.8235 auc=0.8235 
[2020-05-14 23:04:31,013]: length=214 f1=0.8261 accuarcy=0.8266 precision=0.8309 recall=0.8266 auc=0.8266 
[2020-05-14 23:04:32,138]: length=215 f1=0.8285 accuarcy=0.8290 precision=0.8328 recall=0.8290 auc=0.8290 
[2020-05-14 23:04:33,254]: length=216 f1=0.8199 accuarcy=0.8205 precision=0.8246 recall=0.8205 auc=0.8205 
[2020-05-14 23:04:34,383]: length=217 f1=0.8330 accuarcy=0.8334 precision=0.8371 recall=0.8334 auc=0.8334 
[2020-05-14 23:04:35,512]: length=218 f1=0.8270 accuarcy=0.8276 precision=0.8324 recall=0.8276 auc=0.8276 
[2020-05-14 23:04:36,629]: length=219 f1=0.8292 accuarcy=0.8297 precision=0.8339 recall=0.8297 auc=0.8297 
[2020-05-14 23:04:37,754]: length=220 f1=0.8270 accuarcy=0.8276 precision=0.8324 recall=0.8276 auc=0.8276 
[2020-05-14 23:04:38,868]: length=221 f1=0.8294 accuarcy=0.8300 precision=0.8351 recall=0.8300 auc=0.8300 
[2020-05-14 23:04:39,982]: length=222 f1=0.8222 accuarcy=0.8229 precision=0.8274 recall=0.8229 auc=0.8229 
[2020-05-14 23:04:41,087]: length=223 f1=0.8285 accuarcy=0.8290 precision=0.8331 recall=0.8290 auc=0.8290 
[2020-05-14 23:04:42,206]: length=224 f1=0.8271 accuarcy=0.8276 precision=0.8320 recall=0.8276 auc=0.8276 
[2020-05-14 23:04:43,372]: length=225 f1=0.8295 accuarcy=0.8300 precision=0.8342 recall=0.8300 auc=0.8300 
[2020-05-14 23:04:44,529]: length=226 f1=0.8219 accuarcy=0.8225 precision=0.8268 recall=0.8225 auc=0.8225 
[2020-05-14 23:04:45,702]: length=227 f1=0.8275 accuarcy=0.8280 precision=0.8315 recall=0.8280 auc=0.8280 
[2020-05-14 23:04:46,861]: length=228 f1=0.8319 accuarcy=0.8324 precision=0.8364 recall=0.8324 auc=0.8324 
[2020-05-14 23:04:48,025]: length=229 f1=0.8254 accuarcy=0.8259 precision=0.8298 recall=0.8259 auc=0.8259 
[2020-05-14 23:04:49,197]: length=230 f1=0.8319 accuarcy=0.8324 precision=0.8368 recall=0.8324 auc=0.8324 
[2020-05-14 23:04:50,370]: length=231 f1=0.8285 accuarcy=0.8290 precision=0.8329 recall=0.8290 auc=0.8290 
[2020-05-14 23:04:51,531]: length=232 f1=0.8226 accuarcy=0.8232 precision=0.8274 recall=0.8232 auc=0.8232 
[2020-05-14 23:04:52,699]: length=233 f1=0.8265 accuarcy=0.8270 precision=0.8303 recall=0.8270 auc=0.8270 
[2020-05-14 23:04:53,871]: length=234 f1=0.8272 accuarcy=0.8276 precision=0.8308 recall=0.8276 auc=0.8276 
[2020-05-14 23:04:55,037]: length=235 f1=0.8306 accuarcy=0.8311 precision=0.8347 recall=0.8311 auc=0.8311 
[2020-05-14 23:04:56,208]: length=236 f1=0.8285 accuarcy=0.8290 precision=0.8328 recall=0.8290 auc=0.8290 
[2020-05-14 23:04:57,366]: length=237 f1=0.8284 accuarcy=0.8290 precision=0.8337 recall=0.8290 auc=0.8290 
[2020-05-14 23:04:58,550]: length=238 f1=0.8243 accuarcy=0.8249 precision=0.8292 recall=0.8249 auc=0.8249 
[2020-05-14 23:04:59,722]: length=239 f1=0.8288 accuarcy=0.8294 precision=0.8335 recall=0.8294 auc=0.8294 
[2020-05-14 23:05:00,886]: length=240 f1=0.8294 accuarcy=0.8300 precision=0.8349 recall=0.8300 auc=0.8300 
[2020-05-14 23:05:02,047]: length=241 f1=0.8230 accuarcy=0.8235 precision=0.8278 recall=0.8235 auc=0.8235 
[2020-05-14 23:05:03,211]: length=242 f1=0.8281 accuarcy=0.8287 precision=0.8333 recall=0.8287 auc=0.8287 
[2020-05-14 23:05:04,390]: length=243 f1=0.8282 accuarcy=0.8287 precision=0.8326 recall=0.8287 auc=0.8287 
[2020-05-14 23:05:05,565]: length=244 f1=0.8271 accuarcy=0.8276 precision=0.8322 recall=0.8276 auc=0.8276 
[2020-05-14 23:05:06,744]: length=245 f1=0.8284 accuarcy=0.8290 precision=0.8338 recall=0.8290 auc=0.8290 
[2020-05-14 23:05:07,907]: length=246 f1=0.8312 accuarcy=0.8317 precision=0.8358 recall=0.8317 auc=0.8317 
[2020-05-14 23:05:09,078]: length=247 f1=0.8278 accuarcy=0.8283 precision=0.8324 recall=0.8283 auc=0.8283 
[2020-05-14 23:05:10,278]: length=248 f1=0.8233 accuarcy=0.8239 precision=0.8284 recall=0.8239 auc=0.8239 
[2020-05-14 23:05:11,448]: length=249 f1=0.8288 accuarcy=0.8294 precision=0.8336 recall=0.8294 auc=0.8294 
[2020-05-14 23:05:12,619]: length=250 f1=0.8310 accuarcy=0.8314 precision=0.8348 recall=0.8314 auc=0.8314 
[2020-05-14 23:05:13,796]: length=251 f1=0.8250 accuarcy=0.8256 precision=0.8300 recall=0.8256 auc=0.8256 
[2020-05-14 23:05:14,967]: length=252 f1=0.8275 accuarcy=0.8280 precision=0.8319 recall=0.8280 auc=0.8280 
[2020-05-14 23:05:16,145]: length=253 f1=0.8261 accuarcy=0.8266 precision=0.8308 recall=0.8266 auc=0.8266 
[2020-05-14 23:05:17,316]: length=254 f1=0.8302 accuarcy=0.8307 precision=0.8351 recall=0.8307 auc=0.8307 
[2020-05-14 23:05:18,500]: length=255 f1=0.8281 accuarcy=0.8287 precision=0.8328 recall=0.8287 auc=0.8287 
[2020-05-14 23:05:19,712]: length=256 f1=0.8260 accuarcy=0.8266 precision=0.8316 recall=0.8266 auc=0.8266 
[2020-05-14 23:05:20,939]: length=257 f1=0.8298 accuarcy=0.8304 precision=0.8349 recall=0.8304 auc=0.8304 
[2020-05-14 23:05:22,150]: length=258 f1=0.8281 accuarcy=0.8287 precision=0.8334 recall=0.8287 auc=0.8287 
[2020-05-14 23:05:23,361]: length=259 f1=0.8291 accuarcy=0.8297 precision=0.8344 recall=0.8297 auc=0.8297 
[2020-05-14 23:05:24,588]: length=260 f1=0.8309 accuarcy=0.8314 precision=0.8350 recall=0.8314 auc=0.8314 
[2020-05-14 23:05:25,813]: length=261 f1=0.8247 accuarcy=0.8253 precision=0.8296 recall=0.8253 auc=0.8253 
[2020-05-14 23:05:27,026]: length=262 f1=0.8315 accuarcy=0.8321 precision=0.8364 recall=0.8321 auc=0.8321 
[2020-05-14 23:05:28,241]: length=263 f1=0.8236 accuarcy=0.8242 precision=0.8289 recall=0.8242 auc=0.8242 
[2020-05-14 23:05:29,452]: length=264 f1=0.8265 accuarcy=0.8270 precision=0.8307 recall=0.8270 auc=0.8270 
[2020-05-14 23:05:30,671]: length=265 f1=0.8309 accuarcy=0.8314 precision=0.8357 recall=0.8314 auc=0.8314 
[2020-05-14 23:05:31,889]: length=266 f1=0.8315 accuarcy=0.8321 precision=0.8365 recall=0.8321 auc=0.8321 
[2020-05-14 23:05:33,115]: length=267 f1=0.8254 accuarcy=0.8259 precision=0.8298 recall=0.8259 auc=0.8259 
[2020-05-14 23:05:34,332]: length=268 f1=0.8278 accuarcy=0.8283 precision=0.8323 recall=0.8283 auc=0.8283 
[2020-05-14 23:05:35,565]: length=269 f1=0.8298 accuarcy=0.8304 precision=0.8348 recall=0.8304 auc=0.8304 
[2020-05-14 23:05:36,788]: length=270 f1=0.8260 accuarcy=0.8266 precision=0.8314 recall=0.8266 auc=0.8266 
[2020-05-14 23:05:38,015]: length=271 f1=0.8313 accuarcy=0.8317 precision=0.8356 recall=0.8317 auc=0.8317 
[2020-05-14 23:05:39,233]: length=272 f1=0.8255 accuarcy=0.8259 precision=0.8296 recall=0.8259 auc=0.8259 
[2020-05-14 23:05:40,451]: length=273 f1=0.8275 accuarcy=0.8280 precision=0.8315 recall=0.8280 auc=0.8280 
[2020-05-14 23:05:41,682]: length=274 f1=0.8227 accuarcy=0.8232 precision=0.8270 recall=0.8232 auc=0.8232 
[2020-05-14 23:05:42,891]: length=275 f1=0.8316 accuarcy=0.8321 precision=0.8361 recall=0.8321 auc=0.8321 
[2020-05-14 23:05:44,106]: length=276 f1=0.8302 accuarcy=0.8307 precision=0.8348 recall=0.8307 auc=0.8307 
[2020-05-14 23:05:45,318]: length=277 f1=0.8250 accuarcy=0.8256 precision=0.8303 recall=0.8256 auc=0.8256 
[2020-05-14 23:05:46,532]: length=278 f1=0.8306 accuarcy=0.8311 precision=0.8350 recall=0.8311 auc=0.8311 
[2020-05-14 23:05:47,764]: length=279 f1=0.8271 accuarcy=0.8276 precision=0.8320 recall=0.8276 auc=0.8276 
[2020-05-14 23:05:48,981]: length=280 f1=0.8265 accuarcy=0.8270 precision=0.8307 recall=0.8270 auc=0.8270 
[2020-05-14 23:05:50,208]: length=281 f1=0.8315 accuarcy=0.8321 precision=0.8365 recall=0.8321 auc=0.8321 
[2020-05-14 23:05:51,427]: length=282 f1=0.8267 accuarcy=0.8273 precision=0.8318 recall=0.8273 auc=0.8273 
[2020-05-14 23:05:52,646]: length=283 f1=0.8284 accuarcy=0.8290 precision=0.8334 recall=0.8290 auc=0.8290 
[2020-05-14 23:05:53,867]: length=284 f1=0.8305 accuarcy=0.8311 precision=0.8355 recall=0.8311 auc=0.8311 
[2020-05-14 23:05:55,099]: length=285 f1=0.8271 accuarcy=0.8276 precision=0.8322 recall=0.8276 auc=0.8276 
[2020-05-14 23:05:56,321]: length=286 f1=0.8243 accuarcy=0.8249 precision=0.8293 recall=0.8249 auc=0.8249 
[2020-05-14 23:05:57,552]: length=287 f1=0.8270 accuarcy=0.8276 precision=0.8326 recall=0.8276 auc=0.8276 
[2020-05-14 23:05:58,771]: length=288 f1=0.8258 accuarcy=0.8263 precision=0.8300 recall=0.8263 auc=0.8263 
[2020-05-14 23:06:00,051]: length=289 f1=0.8308 accuarcy=0.8314 precision=0.8358 recall=0.8314 auc=0.8314 
[2020-05-14 23:06:01,333]: length=290 f1=0.8265 accuarcy=0.8270 precision=0.8308 recall=0.8270 auc=0.8270 
[2020-05-14 23:06:02,618]: length=291 f1=0.8305 accuarcy=0.8311 precision=0.8359 recall=0.8311 auc=0.8311 
[2020-05-14 23:06:03,883]: length=292 f1=0.8275 accuarcy=0.8280 precision=0.8319 recall=0.8280 auc=0.8280 
[2020-05-14 23:06:05,150]: length=293 f1=0.8258 accuarcy=0.8263 precision=0.8301 recall=0.8263 auc=0.8263 
[2020-05-14 23:06:06,422]: length=294 f1=0.8260 accuarcy=0.8266 precision=0.8310 recall=0.8266 auc=0.8266 
[2020-05-14 23:06:07,678]: length=295 f1=0.8275 accuarcy=0.8280 precision=0.8314 recall=0.8280 auc=0.8280 
[2020-05-14 23:06:08,945]: length=296 f1=0.8299 accuarcy=0.8304 precision=0.8342 recall=0.8304 auc=0.8304 
[2020-05-14 23:06:10,231]: length=297 f1=0.8282 accuarcy=0.8287 precision=0.8322 recall=0.8287 auc=0.8287 
[2020-05-14 23:06:11,498]: length=298 f1=0.8247 accuarcy=0.8253 precision=0.8297 recall=0.8253 auc=0.8253 
[2020-05-14 23:06:12,762]: length=299 f1=0.8326 accuarcy=0.8331 precision=0.8375 recall=0.8331 auc=0.8331 
[2020-05-14 23:06:14,020]: length=300 f1=0.8306 accuarcy=0.8311 precision=0.8350 recall=0.8311 auc=0.8311 
[2020-05-14 23:06:15,280]: length=301 f1=0.8288 accuarcy=0.8294 precision=0.8335 recall=0.8294 auc=0.8294 
[2020-05-14 23:06:16,546]: length=302 f1=0.8340 accuarcy=0.8345 precision=0.8385 recall=0.8345 auc=0.8345 
[2020-05-14 23:06:17,819]: length=303 f1=0.8285 accuarcy=0.8290 precision=0.8333 recall=0.8290 auc=0.8290 
[2020-05-14 23:06:19,086]: length=304 f1=0.8261 accuarcy=0.8266 precision=0.8308 recall=0.8266 auc=0.8266 
[2020-05-14 23:06:20,352]: length=305 f1=0.8282 accuarcy=0.8287 precision=0.8324 recall=0.8287 auc=0.8287 
[2020-05-14 23:06:21,613]: length=306 f1=0.8299 accuarcy=0.8304 precision=0.8341 recall=0.8304 auc=0.8304 
[2020-05-14 23:06:22,876]: length=307 f1=0.8265 accuarcy=0.8270 precision=0.8308 recall=0.8270 auc=0.8270 
[2020-05-14 23:06:24,139]: length=308 f1=0.8278 accuarcy=0.8283 precision=0.8321 recall=0.8283 auc=0.8283 
[2020-05-14 23:06:25,400]: length=309 f1=0.8298 accuarcy=0.8304 precision=0.8347 recall=0.8304 auc=0.8304 
[2020-05-14 23:06:26,658]: length=310 f1=0.8257 accuarcy=0.8263 precision=0.8306 recall=0.8263 auc=0.8263 
[2020-05-14 23:06:27,922]: length=311 f1=0.8260 accuarcy=0.8266 precision=0.8311 recall=0.8266 auc=0.8266 
[2020-05-14 23:06:29,188]: length=312 f1=0.8264 accuarcy=0.8270 precision=0.8314 recall=0.8270 auc=0.8270 
[2020-05-14 23:06:30,454]: length=313 f1=0.8313 accuarcy=0.8317 precision=0.8356 recall=0.8317 auc=0.8317 
[2020-05-14 23:06:31,711]: length=314 f1=0.8261 accuarcy=0.8266 precision=0.8308 recall=0.8266 auc=0.8266 
[2020-05-14 23:06:32,981]: length=315 f1=0.8267 accuarcy=0.8273 precision=0.8319 recall=0.8273 auc=0.8273 
[2020-05-14 23:06:34,261]: length=316 f1=0.8291 accuarcy=0.8297 precision=0.8344 recall=0.8297 auc=0.8297 
[2020-05-14 23:06:35,542]: length=317 f1=0.8313 accuarcy=0.8317 precision=0.8356 recall=0.8317 auc=0.8317 
[2020-05-14 23:06:36,811]: length=318 f1=0.8302 accuarcy=0.8307 precision=0.8346 recall=0.8307 auc=0.8307 
[2020-05-14 23:06:38,083]: length=319 f1=0.8266 accuarcy=0.8273 precision=0.8325 recall=0.8273 auc=0.8273 
[2020-05-14 23:06:39,353]: length=320 f1=0.8250 accuarcy=0.8256 precision=0.8304 recall=0.8256 auc=0.8256 
[2020-05-14 23:06:40,630]: length=321 f1=0.8244 accuarcy=0.8249 precision=0.8291 recall=0.8249 auc=0.8249 
[2020-05-14 23:06:41,904]: length=322 f1=0.8264 accuarcy=0.8270 precision=0.8315 recall=0.8270 auc=0.8270 
[2020-05-14 23:06:43,177]: length=323 f1=0.8298 accuarcy=0.8304 precision=0.8347 recall=0.8304 auc=0.8304 
[2020-05-14 23:06:44,491]: length=324 f1=0.8281 accuarcy=0.8287 precision=0.8329 recall=0.8287 auc=0.8287 
[2020-05-14 23:06:45,801]: length=325 f1=0.8299 accuarcy=0.8304 precision=0.8343 recall=0.8304 auc=0.8304 
[2020-05-14 23:06:47,111]: length=326 f1=0.8296 accuarcy=0.8300 precision=0.8338 recall=0.8300 auc=0.8300 
[2020-05-14 23:06:48,432]: length=327 f1=0.8309 accuarcy=0.8314 precision=0.8353 recall=0.8314 auc=0.8314 
[2020-05-14 23:06:49,743]: length=328 f1=0.8301 accuarcy=0.8307 precision=0.8353 recall=0.8307 auc=0.8307 
[2020-05-14 23:06:51,051]: length=329 f1=0.8267 accuarcy=0.8273 precision=0.8320 recall=0.8273 auc=0.8273 
[2020-05-14 23:06:52,369]: length=330 f1=0.8281 accuarcy=0.8287 precision=0.8328 recall=0.8287 auc=0.8287 
[2020-05-14 23:06:53,681]: length=331 f1=0.8301 accuarcy=0.8307 precision=0.8352 recall=0.8307 auc=0.8307 
[2020-05-14 23:06:54,996]: length=332 f1=0.8282 accuarcy=0.8287 precision=0.8325 recall=0.8287 auc=0.8287 
[2020-05-14 23:06:56,308]: length=333 f1=0.8253 accuarcy=0.8259 precision=0.8308 recall=0.8259 auc=0.8259 
[2020-05-14 23:06:57,621]: length=334 f1=0.8271 accuarcy=0.8276 precision=0.8319 recall=0.8276 auc=0.8276 
[2020-05-14 23:06:58,945]: length=335 f1=0.8277 accuarcy=0.8283 precision=0.8330 recall=0.8283 auc=0.8283 
[2020-05-14 23:07:00,257]: length=336 f1=0.8298 accuarcy=0.8304 precision=0.8349 recall=0.8304 auc=0.8304 
[2020-05-14 23:07:01,577]: length=337 f1=0.8253 accuarcy=0.8259 precision=0.8305 recall=0.8259 auc=0.8259 
[2020-05-14 23:07:02,888]: length=338 f1=0.8247 accuarcy=0.8253 precision=0.8296 recall=0.8253 auc=0.8253 
[2020-05-14 23:07:04,213]: length=339 f1=0.8285 accuarcy=0.8290 precision=0.8331 recall=0.8290 auc=0.8290 
[2020-05-14 23:07:05,546]: length=340 f1=0.8268 accuarcy=0.8273 precision=0.8312 recall=0.8273 auc=0.8273 
[2020-05-14 23:07:06,884]: length=341 f1=0.8239 accuarcy=0.8246 precision=0.8298 recall=0.8246 auc=0.8246 
[2020-05-14 23:07:08,210]: length=342 f1=0.8298 accuarcy=0.8304 precision=0.8353 recall=0.8304 auc=0.8304 
[2020-05-14 23:07:09,535]: length=343 f1=0.8292 accuarcy=0.8297 precision=0.8336 recall=0.8297 auc=0.8297 
[2020-05-14 23:07:10,862]: length=344 f1=0.8247 accuarcy=0.8253 precision=0.8295 recall=0.8253 auc=0.8253 
[2020-05-14 23:07:12,196]: length=345 f1=0.8316 accuarcy=0.8321 precision=0.8359 recall=0.8321 auc=0.8321 
[2020-05-14 23:07:13,525]: length=346 f1=0.8298 accuarcy=0.8304 precision=0.8347 recall=0.8304 auc=0.8304 
[2020-05-14 23:07:14,849]: length=347 f1=0.8301 accuarcy=0.8307 precision=0.8352 recall=0.8307 auc=0.8307 
[2020-05-14 23:07:16,191]: length=348 f1=0.8215 accuarcy=0.8222 precision=0.8268 recall=0.8222 auc=0.8222 
[2020-05-14 23:07:17,521]: length=349 f1=0.8305 accuarcy=0.8311 precision=0.8351 recall=0.8311 auc=0.8311 
[2020-05-14 23:07:18,861]: length=350 f1=0.8257 accuarcy=0.8263 precision=0.8310 recall=0.8263 auc=0.8263 
[2020-05-14 23:07:20,202]: length=351 f1=0.8299 accuarcy=0.8304 precision=0.8340 recall=0.8304 auc=0.8304 
[2020-05-14 23:07:21,528]: length=352 f1=0.8251 accuarcy=0.8256 precision=0.8297 recall=0.8256 auc=0.8256 
[2020-05-14 23:07:22,869]: length=353 f1=0.8289 accuarcy=0.8294 precision=0.8330 recall=0.8294 auc=0.8294 
[2020-05-14 23:07:24,190]: length=354 f1=0.8257 accuarcy=0.8263 precision=0.8306 recall=0.8263 auc=0.8263 
[2020-05-14 23:07:25,518]: length=355 f1=0.8243 accuarcy=0.8249 precision=0.8294 recall=0.8249 auc=0.8249 
[2020-05-14 23:07:26,849]: length=356 f1=0.8264 accuarcy=0.8270 precision=0.8310 recall=0.8270 auc=0.8270 
[2020-05-14 23:07:28,182]: length=357 f1=0.8260 accuarcy=0.8266 precision=0.8311 recall=0.8266 auc=0.8266 
[2020-05-14 23:07:29,516]: length=358 f1=0.8264 accuarcy=0.8270 precision=0.8314 recall=0.8270 auc=0.8270 
[2020-05-14 23:07:30,847]: length=359 f1=0.8313 accuarcy=0.8317 precision=0.8356 recall=0.8317 auc=0.8317 
[2020-05-14 23:07:32,181]: length=360 f1=0.8216 accuarcy=0.8222 precision=0.8265 recall=0.8222 auc=0.8222 
[2020-05-14 23:07:33,563]: length=361 f1=0.8281 accuarcy=0.8287 precision=0.8332 recall=0.8287 auc=0.8287 
[2020-05-14 23:07:34,946]: length=362 f1=0.8305 accuarcy=0.8311 precision=0.8351 recall=0.8311 auc=0.8311 
[2020-05-14 23:07:36,326]: length=363 f1=0.8323 accuarcy=0.8328 precision=0.8369 recall=0.8328 auc=0.8328 
[2020-05-14 23:07:37,692]: length=364 f1=0.8289 accuarcy=0.8294 precision=0.8332 recall=0.8294 auc=0.8294 
[2020-05-14 23:07:39,066]: length=365 f1=0.8237 accuarcy=0.8242 precision=0.8282 recall=0.8242 auc=0.8242 
[2020-05-14 23:07:40,437]: length=366 f1=0.8270 accuarcy=0.8276 precision=0.8324 recall=0.8276 auc=0.8276 
[2020-05-14 23:07:41,815]: length=367 f1=0.8274 accuarcy=0.8280 precision=0.8326 recall=0.8280 auc=0.8280 
[2020-05-14 23:07:43,189]: length=368 f1=0.8263 accuarcy=0.8270 precision=0.8317 recall=0.8270 auc=0.8270 
[2020-05-14 23:07:44,565]: length=369 f1=0.8288 accuarcy=0.8294 precision=0.8337 recall=0.8294 auc=0.8294 
[2020-05-14 23:07:45,937]: length=370 f1=0.8263 accuarcy=0.8270 precision=0.8319 recall=0.8270 auc=0.8270 
[2020-05-14 23:07:47,310]: length=371 f1=0.8275 accuarcy=0.8280 precision=0.8319 recall=0.8280 auc=0.8280 
[2020-05-14 23:07:48,675]: length=372 f1=0.8278 accuarcy=0.8283 precision=0.8327 recall=0.8283 auc=0.8283 
[2020-05-14 23:07:50,049]: length=373 f1=0.8223 accuarcy=0.8229 precision=0.8271 recall=0.8229 auc=0.8229 
[2020-05-14 23:07:51,423]: length=374 f1=0.8257 accuarcy=0.8263 precision=0.8309 recall=0.8263 auc=0.8263 
[2020-05-14 23:07:52,787]: length=375 f1=0.8333 accuarcy=0.8338 precision=0.8381 recall=0.8338 auc=0.8338 
[2020-05-14 23:07:54,143]: length=376 f1=0.8302 accuarcy=0.8307 precision=0.8346 recall=0.8307 auc=0.8307 
[2020-05-14 23:07:55,517]: length=377 f1=0.8220 accuarcy=0.8225 precision=0.8267 recall=0.8225 auc=0.8225 
[2020-05-14 23:07:56,894]: length=378 f1=0.8330 accuarcy=0.8334 precision=0.8372 recall=0.8334 auc=0.8334 
[2020-05-14 23:07:58,279]: length=379 f1=0.8278 accuarcy=0.8283 precision=0.8327 recall=0.8283 auc=0.8283 
[2020-05-14 23:07:59,655]: length=380 f1=0.8246 accuarcy=0.8253 precision=0.8300 recall=0.8253 auc=0.8253 
[2020-05-14 23:08:01,024]: length=381 f1=0.8257 accuarcy=0.8263 precision=0.8309 recall=0.8263 auc=0.8263 
[2020-05-14 23:08:02,404]: length=382 f1=0.8235 accuarcy=0.8242 precision=0.8301 recall=0.8242 auc=0.8242 
[2020-05-14 23:08:03,772]: length=383 f1=0.8246 accuarcy=0.8253 precision=0.8300 recall=0.8253 auc=0.8253 
[2020-05-14 23:08:05,131]: length=384 f1=0.8254 accuarcy=0.8259 precision=0.8297 recall=0.8259 auc=0.8259 
[2020-05-14 23:08:06,504]: length=385 f1=0.8329 accuarcy=0.8334 precision=0.8376 recall=0.8334 auc=0.8334 
[2020-05-14 23:08:07,880]: length=386 f1=0.8281 accuarcy=0.8287 precision=0.8333 recall=0.8287 auc=0.8287 
[2020-05-14 23:08:09,262]: length=387 f1=0.8236 accuarcy=0.8242 precision=0.8287 recall=0.8242 auc=0.8242 
[2020-05-14 23:08:10,647]: length=388 f1=0.8233 accuarcy=0.8239 precision=0.8286 recall=0.8239 auc=0.8239 
[2020-05-14 23:08:12,015]: length=389 f1=0.8302 accuarcy=0.8307 precision=0.8350 recall=0.8307 auc=0.8307 
[2020-05-14 23:08:13,379]: length=390 f1=0.8291 accuarcy=0.8297 precision=0.8341 recall=0.8297 auc=0.8297 
[2020-05-14 23:08:14,745]: length=391 f1=0.8261 accuarcy=0.8266 precision=0.8306 recall=0.8266 auc=0.8266 
[2020-05-14 23:08:16,110]: length=392 f1=0.8283 accuarcy=0.8290 precision=0.8348 recall=0.8290 auc=0.8290 
[2020-05-14 23:08:17,485]: length=393 f1=0.8247 accuarcy=0.8253 precision=0.8298 recall=0.8253 auc=0.8253 
[2020-05-14 23:08:18,863]: length=394 f1=0.8243 accuarcy=0.8249 precision=0.8297 recall=0.8249 auc=0.8249 
[2020-05-14 23:08:20,241]: length=395 f1=0.8261 accuarcy=0.8266 precision=0.8307 recall=0.8266 auc=0.8266 
[2020-05-14 23:08:21,617]: length=396 f1=0.8258 accuarcy=0.8263 precision=0.8297 recall=0.8263 auc=0.8263 
[2020-05-14 23:08:22,999]: length=397 f1=0.8326 accuarcy=0.8331 precision=0.8374 recall=0.8331 auc=0.8331 
[2020-05-14 23:08:24,381]: length=398 f1=0.8243 accuarcy=0.8249 precision=0.8294 recall=0.8249 auc=0.8249 
[2020-05-14 23:08:25,753]: length=399 f1=0.8252 accuarcy=0.8259 precision=0.8314 recall=0.8259 auc=0.8259 
[2020-05-14 23:08:27,154]: length=400 f1=0.8254 accuarcy=0.8259 precision=0.8303 recall=0.8259 auc=0.8259 
[2020-05-14 23:08:28,574]: length=401 f1=0.8243 accuarcy=0.8249 precision=0.8295 recall=0.8249 auc=0.8249 
[2020-05-14 23:08:29,976]: length=402 f1=0.8242 accuarcy=0.8249 precision=0.8300 recall=0.8249 auc=0.8249 
[2020-05-14 23:08:31,386]: length=403 f1=0.8237 accuarcy=0.8242 precision=0.8283 recall=0.8242 auc=0.8242 
[2020-05-14 23:08:32,802]: length=404 f1=0.8237 accuarcy=0.8242 precision=0.8284 recall=0.8242 auc=0.8242 
[2020-05-14 23:08:34,213]: length=405 f1=0.8256 accuarcy=0.8263 precision=0.8311 recall=0.8263 auc=0.8263 
[2020-05-14 23:08:35,631]: length=406 f1=0.8298 accuarcy=0.8304 precision=0.8347 recall=0.8304 auc=0.8304 
[2020-05-14 23:08:37,042]: length=407 f1=0.8284 accuarcy=0.8290 precision=0.8336 recall=0.8290 auc=0.8290 
[2020-05-14 23:08:38,450]: length=408 f1=0.8260 accuarcy=0.8266 precision=0.8311 recall=0.8266 auc=0.8266 
[2020-05-14 23:08:39,879]: length=409 f1=0.8265 accuarcy=0.8270 precision=0.8308 recall=0.8270 auc=0.8270 
[2020-05-14 23:08:41,289]: length=410 f1=0.8287 accuarcy=0.8294 precision=0.8341 recall=0.8294 auc=0.8294 
[2020-05-14 23:08:42,701]: length=411 f1=0.8285 accuarcy=0.8290 precision=0.8332 recall=0.8290 auc=0.8290 
[2020-05-14 23:08:44,119]: length=412 f1=0.8285 accuarcy=0.8290 precision=0.8333 recall=0.8290 auc=0.8290 
[2020-05-14 23:08:45,514]: length=413 f1=0.8226 accuarcy=0.8232 precision=0.8277 recall=0.8232 auc=0.8232 
[2020-05-14 23:08:46,917]: length=414 f1=0.8312 accuarcy=0.8317 precision=0.8361 recall=0.8317 auc=0.8317 
[2020-05-14 23:08:48,321]: length=415 f1=0.8339 accuarcy=0.8345 precision=0.8391 recall=0.8345 auc=0.8345 
[2020-05-14 23:08:49,716]: length=416 f1=0.8251 accuarcy=0.8256 precision=0.8297 recall=0.8256 auc=0.8256 
[2020-05-14 23:08:51,119]: length=417 f1=0.8219 accuarcy=0.8225 precision=0.8268 recall=0.8225 auc=0.8225 
[2020-05-14 23:08:52,518]: length=418 f1=0.8229 accuarcy=0.8235 precision=0.8283 recall=0.8235 auc=0.8235 
[2020-05-14 23:08:53,917]: length=419 f1=0.8209 accuarcy=0.8215 precision=0.8257 recall=0.8215 auc=0.8215 
[2020-05-14 23:08:55,323]: length=420 f1=0.8264 accuarcy=0.8270 precision=0.8316 recall=0.8270 auc=0.8270 
[2020-05-14 23:08:56,728]: length=421 f1=0.8275 accuarcy=0.8280 precision=0.8318 recall=0.8280 auc=0.8280 
[2020-05-14 23:08:58,153]: length=422 f1=0.8229 accuarcy=0.8235 precision=0.8280 recall=0.8235 auc=0.8235 
[2020-05-14 23:08:59,557]: length=423 f1=0.8253 accuarcy=0.8259 precision=0.8310 recall=0.8259 auc=0.8259 
[2020-05-14 23:09:00,963]: length=424 f1=0.8316 accuarcy=0.8321 precision=0.8360 recall=0.8321 auc=0.8321 
[2020-05-14 23:09:02,358]: length=425 f1=0.8260 accuarcy=0.8266 precision=0.8311 recall=0.8266 auc=0.8266 
[2020-05-14 23:09:03,771]: length=426 f1=0.8244 accuarcy=0.8249 precision=0.8291 recall=0.8249 auc=0.8249 
[2020-05-14 23:09:05,169]: length=427 f1=0.8282 accuarcy=0.8287 precision=0.8325 recall=0.8287 auc=0.8287 
[2020-05-14 23:09:06,589]: length=428 f1=0.8261 accuarcy=0.8266 precision=0.8306 recall=0.8266 auc=0.8266 
[2020-05-14 23:09:06,589]: ----------
[2020-05-14 23:09:06,590]: the max f1 = 0.8340
[2020-05-14 23:09:06,591]: ['blosum62.F59' 'blosum62.F216' 'blosum62.F163' 'blosum62.F53' '4_S' '4_E'
 'blosum62.F209' 'blosum62.F167' '10_C' 'blosum62.F199' 'blosum62.F143'
 'blosum62.F9' 'blosum62.F123' 'blosum62.F195' 'blosum62.F205' '3_A' '8_N'
 'blosum62.F11' '1_A' '0_T' 'blosum62.F124' '6_G' 'blosum62.F144'
 'blosum62.F50' 'blosum62.F145' '0_Q' '6_I' '6_S' '4_F' '9_V'
 'blosum62.F78' 'blosum62.F20' 'blosum62.F2' '1_E' 'blosum62.F8'
 'blosum62.F84' 'blosum62.F19' 'blosum62.F29' 'blosum62.F207' '2_K'
 'blosum62.F138' '7_H' 'blosum62.F174' 'blosum62.F208' 'blosum62.F175'
 '1_W' 'blosum62.F182' 'blosum62.F28' 'blosum62.F186' 'blosum62.F62'
 'blosum62.F219' '0_C' 'blosum62.F54' 'blosum62.F6' 'blosum62.F33' '8_P'
 'blosum62.F61' 'blosum62.F159' 'blosum62.F65' 'blosum62.F202'
 'blosum62.F77' 'blosum62.F146' 'blosum62.F85' 'blosum62.F125'
 'blosum62.F158' 'blosum62.F12' 'blosum62.F66' 'blosum62.F178'
 'blosum62.F181' 'blosum62.F196' 'blosum62.F63' 'blosum62.F92'
 'blosum62.F58' '9_C' '0_K' 'blosum62.F185' '6_P' 'blosum62.F25'
 'blosum62.F81' '6_B' 'blosum62.F164' 'blosum62.F161' 'blosum62.F176'
 'blosum62.F80' 'blosum62.F95' 'blosum62.F38' '8_I' 'blosum62.F153'
 'blosum62.F47' '10_A' 'blosum62.F201' 'blosum62.F212' '3_Q'
 'blosum62.F69' '7_L' 'blosum62.F99' '10_G' 'blosum62.F157' 'blosum62.F10'
 '3_R' 'blosum62.F49' 'blosum62.F134' 'blosum62.F197' '6_Q' '7_A'
 'blosum62.F170' 'blosum62.F154' 'blosum62.F180' 'blosum62.F127'
 'blosum62.F220' 'blosum62.F64' 'blosum62.F32' '1_K' '1_G' 'blosum62.F55'
 '4_D' 'blosum62.F42' 'blosum62.F70' '1_S' '8_F' '1_R' '8_V'
 'blosum62.F21' '1_P' '9_Q' 'blosum62.F130' 'blosum62.F211' '6_A' '1_F'
 '9_K' '0_P' 'blosum62.F97' '10_F' 'blosum62.F7' 'blosum62.F93'
 'blosum62.F18' '0_Y' 'blosum62.F194' 'blosum62.F4' 'blosum62.F126'
 'blosum62.F121' 'blosum62.F142' '8_D' 'blosum62.F13' '6_R' '10_H' '10_K'
 'blosum62.F131' '9_E' 'blosum62.F52' '4_I' 'blosum62.F183' '3_Y' '9_N'
 'blosum62.F150' '10_Q' 'blosum62.F135' '3_T' '8_Y' '7_N' '10_B'
 'blosum62.F87' '0_I' 'blosum62.F184' 'blosum62.F177' '7_B' '0_F' '9_T'
 'blosum62.F35' 'blosum62.F15' '4_K' '4_P' '4_Q' 'blosum62.F166'
 'blosum62.F79' 'blosum62.F169' '6_V' '3_W' 'blosum62.F72' '2_V' '6_E'
 '6_M' 'blosum62.F17' '10_W' 'blosum62.F193' 'blosum62.F200' '2_T' '2_Y'
 '10_M' 'blosum62.F31' '0_A' '3_H' 'blosum62.F34' 'blosum62.F44' '2_I'
 'blosum62.F76' '1_V' '6_C' '0_D' 'blosum62.F68' '3_L' '2_E' '7_T' '8_L'
 'blosum62.F149' 'blosum62.F90' 'blosum62.F214' '9_H' 'blosum62.F187'
 '8_W' '0_G' 'blosum62.F204' '8_H' '9_F' 'blosum62.F172' 'blosum62.F100'
 '9_M' '9_S' 'blosum62.F136' '1_M' '4_Y' '7_D' 'blosum62.F98'
 'blosum62.F39' 'blosum62.F156' 'blosum62.F5' 'blosum62.F190' '10_I'
 'blosum62.F213' '3_C' '10_L' 'blosum62.F179' 'blosum62.F82' '2_C' '6_F'
 'blosum62.F41' '10_D' 'blosum62.F206' 'blosum62.F67' '2_F' '9_L' '0_R'
 'blosum62.F210' '4_V' 'blosum62.F140' 'blosum62.F141' 'blosum62.F37'
 '1_Q' '0_L' '7_F' '1_L' 'blosum62.F57' 'blosum62.F36' 'blosum62.F89'
 '2_S' 'blosum62.F152' '2_P' '1_I' '7_V' '4_H' '2_A' '3_D' '3_P' '10_P'
 'blosum62.F24' '7_C' 'blosum62.F86' 'blosum62.F60' '7_Q' '2_G'
 'blosum62.F189' '4_C' '8_T' '4_A' 'blosum62.F165' 'blosum62.F45' '10_S'
 '9_D' '0_E' 'blosum62.F162' 'blosum62.F151' '9_G' 'blosum62.F23'
 'blosum62.F148' '8_K' 'blosum62.F203' 'blosum62.F71' '1_Y' '7_W'
 'blosum62.F94' 'blosum62.F16' '2_N' '3_M' '2_M' '3_I' '8_B' '6_Y' '7_P'
 'blosum62.F168' '6_T' 'blosum62.F173' '8_C'],length = 302
[2020-05-14 23:09:06,591]: -----------
[2020-05-14 23:09:07,895]: ***confusion matrix***
Predicted   0.0   1.0
Actual               
0.0        1302   163
1.0         322  1143
[2020-05-14 23:09:07,899]: f1 =0.8340 
[2020-05-14 23:09:07,900]: accuarcy = 0.8345 
[2020-05-14 23:09:07,903]: precision =0.8385 
[2020-05-14 23:09:07,907]: recall =0.8345
[2020-05-14 23:09:07,912]: auc = 0.8345
[2020-05-14 23:09:09,332]: -----------
[2020-05-14 23:09:09,333]: The output by the terminal's log has been saved in the /home/heshida/pycharm_tmp2/Logs/202005142201.log.
[2020-05-14 23:09:09,333]: metrics have been saved in the /home/heshida/pycharm_tmp2/Results/m.csv.
[2020-05-14 23:10:18,278]: Scatter charts visualized by t-SNE dataset has been saved in the /home/heshida/pycharm_tmp2/Results/BLOSUM62_onehot.csv.png.
[2020-05-14 23:10:18,278]: Reduced dimensional dataset has been saved in the /home/heshida/pycharm_tmp2/Results/out.csv.
[2020-05-14 23:10:18,278]: ---mrmd 2.0 end---
