[2020-05-08 10:27:00,976]: ---mrmd 2.0 start----
[2020-05-08 10:27:01,610]: ANOVA start...
[2020-05-08 10:27:01,613]: ANOVA end.
[2020-05-08 10:27:01,613]: mic start...
[2020-05-08 10:27:01,833]: mic end.
[2020-05-08 10:27:01,833]: mrmd start...
[2020-05-08 10:27:01,860]: mrmd end.
[2020-05-08 10:27:01,861]: mRMR start...
[2020-05-08 10:27:01,901]: mRMR end.
[2020-05-08 10:27:01,902]: lasso start...
[2020-05-08 10:27:01,920]: lasso end.
[2020-05-08 10:27:01,920]: chi2 start...
[2020-05-08 10:27:01,936]: chi2 end.
[2020-05-08 10:27:01,936]: ref start...
[2020-05-08 10:27:02,010]: ref end.
[2020-05-08 10:27:02,011]: rank start ...
[2020-05-08 10:27:02,014]: The final  rank is
[2020-05-08 10:27:02,014]: K : 0.0657
[2020-05-08 10:27:02,014]: T : 0.0634
[2020-05-08 10:27:02,014]: R : 0.0602
[2020-05-08 10:27:02,015]: I : 0.0582
[2020-05-08 10:27:02,015]: Q : 0.0574
[2020-05-08 10:27:02,015]: A : 0.0569
[2020-05-08 10:27:02,015]: E : 0.0557
[2020-05-08 10:27:02,015]: V : 0.0541
[2020-05-08 10:27:02,015]: G : 0.0517
[2020-05-08 10:27:02,015]: Y : 0.0508
[2020-05-08 10:27:02,015]: P : 0.0497
[2020-05-08 10:27:02,015]: S : 0.0474
[2020-05-08 10:27:02,016]: C : 0.0472
[2020-05-08 10:27:02,016]: W : 0.0463
[2020-05-08 10:27:02,016]: N : 0.0440
[2020-05-08 10:27:02,016]: D : 0.0427
[2020-05-08 10:27:02,016]: M : 0.0397
[2020-05-08 10:27:02,016]: L : 0.0384
[2020-05-08 10:27:02,016]: H : 0.0360
[2020-05-08 10:27:02,016]: F : 0.0347
[2020-05-08 10:27:02,017]: feature_rank end
[2020-05-08 10:27:02,017]: ANOVA start...
[2020-05-08 10:27:02,019]: ANOVA end.
[2020-05-08 10:27:02,020]: mic start...
[2020-05-08 10:27:02,220]: mic end.
[2020-05-08 10:27:02,220]: mrmd start...
[2020-05-08 10:27:02,247]: mrmd end.
[2020-05-08 10:27:02,247]: mRMR start...
[2020-05-08 10:27:02,288]: mRMR end.
[2020-05-08 10:27:02,288]: lasso start...
[2020-05-08 10:27:02,306]: lasso end.
[2020-05-08 10:27:02,306]: chi2 start...
[2020-05-08 10:27:02,321]: chi2 end.
[2020-05-08 10:27:02,322]: ref start...
[2020-05-08 10:27:02,396]: ref end.
[2020-05-08 10:27:02,419]: Start dimension reduction ...
[2020-05-08 10:27:05,861]: length=1 f1=0.4422 accuarcy=0.4521 precision=0.4432 recall=0.4521 auc=0.5539 
[2020-05-08 10:27:06,669]: length=2 f1=0.4471 accuarcy=0.4521 precision=0.4441 recall=0.4521 auc=0.5643 
[2020-05-08 10:27:07,504]: length=3 f1=0.3985 accuarcy=0.4110 precision=0.3928 recall=0.4110 auc=0.5257 
[2020-05-08 10:27:07,814]: length=4 f1=0.3221 accuarcy=0.3288 precision=0.3200 recall=0.3288 auc=0.4630 
[2020-05-08 10:27:08,107]: length=5 f1=0.3905 accuarcy=0.3973 precision=0.3881 recall=0.3973 auc=0.5155 
[2020-05-08 10:27:08,409]: length=6 f1=0.4117 accuarcy=0.4247 precision=0.4100 recall=0.4247 auc=0.5311 
[2020-05-08 10:27:08,708]: length=7 f1=0.4309 accuarcy=0.4384 precision=0.4274 recall=0.4384 auc=0.5452 
[2020-05-08 10:27:09,000]: length=8 f1=0.4712 accuarcy=0.4795 precision=0.4750 recall=0.4795 auc=0.5743 
[2020-05-08 10:27:09,297]: length=9 f1=0.4809 accuarcy=0.4932 precision=0.4733 recall=0.4932 auc=0.5869 
[2020-05-08 10:27:09,596]: length=10 f1=0.5219 accuarcy=0.5205 precision=0.5263 recall=0.5205 auc=0.6184 
[2020-05-08 10:27:09,897]: length=11 f1=0.5130 accuarcy=0.5205 precision=0.5093 recall=0.5205 auc=0.6130 
[2020-05-08 10:27:10,192]: length=12 f1=0.4823 accuarcy=0.4932 precision=0.4796 recall=0.4932 auc=0.5833 
[2020-05-08 10:27:10,556]: length=13 f1=0.4884 accuarcy=0.4932 precision=0.4879 recall=0.4932 auc=0.5898 
[2020-05-08 10:27:10,859]: length=14 f1=0.4948 accuarcy=0.5068 precision=0.4880 recall=0.5068 auc=0.5968 
[2020-05-08 10:27:11,155]: length=15 f1=0.5383 accuarcy=0.5479 precision=0.5363 recall=0.5479 auc=0.6287 
[2020-05-08 10:27:11,450]: length=16 f1=0.4807 accuarcy=0.4932 precision=0.4793 recall=0.4932 auc=0.5819 
[2020-05-08 10:27:11,766]: length=17 f1=0.4492 accuarcy=0.4658 precision=0.4416 recall=0.4658 auc=0.5629 
[2020-05-08 10:27:12,061]: length=18 f1=0.4854 accuarcy=0.5068 precision=0.5020 recall=0.5068 auc=0.5793 
[2020-05-08 10:27:12,363]: length=19 f1=0.4660 accuarcy=0.4932 precision=0.4677 recall=0.4932 auc=0.5706 
[2020-05-08 10:27:12,663]: length=20 f1=0.4517 accuarcy=0.4795 precision=0.4401 recall=0.4795 auc=0.5613 
[2020-05-08 10:27:12,663]: ----------
[2020-05-08 10:27:12,663]: the max f1 = 0.5383
[2020-05-08 10:27:12,664]: ['K' 'T' 'R' 'I' 'Q' 'A' 'E' 'V' 'G' 'Y' 'P' 'S' 'C' 'W' 'N'],length = 15
[2020-05-08 10:27:12,664]: -----------
[2020-05-08 10:27:12,956]: ***confusion matrix***
[2020-05-08 10:27:12,956]:                pos_class      neg_class      
[2020-05-08 10:27:12,956]: pos_class      TP:14             FN:0              
[2020-05-08 10:27:12,957]: neg_class      FP:1              TN:4              
[2020-05-08 10:27:12,958]: f1 =0.5383 
[2020-05-08 10:27:12,959]: accuarcy = 0.5479 
[2020-05-08 10:27:12,961]: precision =0.5363 
[2020-05-08 10:27:12,963]: recall =0.5479
[2020-05-08 10:27:12,968]: auc = 0.6287
[2020-05-08 10:27:12,974]: -----------
[2020-05-08 10:27:12,975]: The output by the terminal's log has been saved in the /home/heshida/pycharm_tmp2/Logs/202005081027.log.
[2020-05-08 10:27:12,975]: metrics have been saved in the /home/heshida/pycharm_tmp2/Results/b.csv.
[2020-05-08 10:27:14,072]: Scatter charts visualized by t-SNE dataset has been saved in the /home/heshida/pycharm_tmp2/Results/test.csv.png.
[2020-05-08 10:27:14,073]: Reduced dimensional dataset has been saved in the /home/heshida/pycharm_tmp2/Results/a.csv.
[2020-05-08 10:27:14,073]: ---mrmd 2.0 end---
