[2020-05-09 20:25:13,286]: ---mrmd 2.0 start----
[2020-05-09 20:25:14,021]: ANOVA start...
[2020-05-09 20:25:14,024]: ANOVA end.
[2020-05-09 20:25:14,024]: mic start...
[2020-05-09 20:25:14,232]: mic end.
[2020-05-09 20:25:14,233]: mrmd start...
[2020-05-09 20:25:14,259]: mrmd end.
[2020-05-09 20:25:14,259]: mRMR start...
[2020-05-09 20:25:14,297]: mRMR end.
[2020-05-09 20:25:14,298]: lasso start...
[2020-05-09 20:25:14,315]: lasso end.
[2020-05-09 20:25:14,315]: chi2 start...
[2020-05-09 20:25:14,331]: chi2 end.
[2020-05-09 20:25:14,331]: ref start...
[2020-05-09 20:25:14,396]: ref end.
[2020-05-09 20:25:14,410]: The final  rank is
[2020-05-09 20:25:14,410]: K : 0.0690785632503797
[2020-05-09 20:25:14,410]: T : 0.06596555106877368
[2020-05-09 20:25:14,410]: R : 0.06242359193006594
[2020-05-09 20:25:14,410]: Q : 0.05925577100144449
[2020-05-09 20:25:14,410]: I : 0.058947516924739284
[2020-05-09 20:25:14,411]: A : 0.05800764254679676
[2020-05-09 20:25:14,411]: E : 0.05769967990753704
[2020-05-09 20:25:14,411]: V : 0.05534103970805543
[2020-05-09 20:25:14,411]: Y : 0.05244160805337384
[2020-05-09 20:25:14,411]: G : 0.0509468742195343
[2020-05-09 20:25:14,411]: P : 0.049519504745027774
[2020-05-09 20:25:14,411]: C : 0.04765237774114939
[2020-05-09 20:25:14,411]: S : 0.04749410510572205
[2020-05-09 20:25:14,411]: W : 0.046058731561151034
[2020-05-09 20:25:14,412]: N : 0.04186750312365192
[2020-05-09 20:25:14,412]: D : 0.04050797445694472
[2020-05-09 20:25:14,412]: M : 0.036770006395781624
[2020-05-09 20:25:14,412]: L : 0.03540961962154634
[2020-05-09 20:25:14,412]: H : 0.032800989537869606
[2020-05-09 20:25:14,412]: F : 0.03181134910045505
[2020-05-09 20:25:14,434]: Start dimension reduction ...
