[2020-05-15 19:18:36,909]: ---mrmd 2.0 start----
[2020-05-15 19:19:38,997]: ANOVA start...
[2020-05-15 19:19:39,208]: ANOVA  end.
[2020-05-15 19:19:39,208]: mic start...
[2020-05-15 19:19:41,456]: mic  end.
[2020-05-15 19:19:41,457]: mrmd start...
[2020-05-15 19:19:42,154]: mrmd end.
[2020-05-15 19:19:42,155]: mRMR start...
[2020-05-15 19:19:44,120]: mRMR end.
[2020-05-15 19:19:44,120]: linear model start...
[2020-05-15 19:19:44,474]: linear model end.
[2020-05-15 19:19:44,474]: chi2 start...
[2020-05-15 19:19:44,677]: chi2 end.
[2020-05-15 19:19:44,678]: tree feature importance start...
[2020-05-15 19:19:46,209]: tree feature importance  end.
[2020-05-15 19:19:46,210]: F_value start...
[2020-05-15 19:19:46,408]: F_value  end.
[2020-05-15 19:19:46,408]: ref start...
[2020-05-15 19:20:44,024]: ref end.
[2020-05-15 19:20:44,277]: The final  rank is
[2020-05-15 19:20:44,277]: Pos11.ZSCALE3 : 0.02464275338243891
[2020-05-15 19:20:44,277]: Pos10.ZSCALE5 : 0.023183042423218014
[2020-05-15 19:20:44,277]: Pos3.ZSCALE3 : 0.022956311453226807
[2020-05-15 19:20:44,278]: Pos7.ZSCALE3 : 0.022748623436381767
[2020-05-15 19:20:44,278]: Pos9.ZSCALE2 : 0.02267000910201073
[2020-05-15 19:20:44,278]: Pos7.ZSCALE4 : 0.02266444446855453
[2020-05-15 19:20:44,278]: Pos5.ZSCALE3 : 0.022345812967173685
[2020-05-15 19:20:44,278]: Pos3.ZSCALE1 : 0.02211612098528525
[2020-05-15 19:20:44,278]: Pos2.ZSCALE1 : 0.02203429169129653
[2020-05-15 19:20:44,278]: Pos5.ZSCALE5 : 0.021771040597183544
[2020-05-15 19:20:44,278]: Pos7.ZSCALE5 : 0.021644400074230893
[2020-05-15 19:20:44,278]: Pos9.ZSCALE5 : 0.021539421501135723
[2020-05-15 19:20:44,279]: Pos11.ZSCALE1 : 0.021444149071539822
[2020-05-15 19:20:44,279]: Pos9.ZSCALE1 : 0.02135417081866086
[2020-05-15 19:20:44,279]: Pos7.ZSCALE1 : 0.021343221954957033
[2020-05-15 19:20:44,279]: Pos1.ZSCALE4 : 0.02129073918599928
[2020-05-15 19:20:44,279]: Pos8.ZSCALE5 : 0.021226809173638915
[2020-05-15 19:20:44,279]: Pos8.ZSCALE1 : 0.021204965837066055
[2020-05-15 19:20:44,279]: Pos10.ZSCALE2 : 0.021113264383250407
[2020-05-15 19:20:44,279]: Pos2.ZSCALE2 : 0.021076648682680974
[2020-05-15 19:20:44,279]: Pos11.ZSCALE5 : 0.020733529793418012
[2020-05-15 19:20:44,280]: Pos4.ZSCALE1 : 0.020674780441015696
[2020-05-15 19:20:44,280]: Pos4.ZSCALE3 : 0.02063525683032841
[2020-05-15 19:20:44,280]: Pos11.ZSCALE4 : 0.0205239667173833
[2020-05-15 19:20:44,280]: Pos9.ZSCALE4 : 0.02042745543374914
[2020-05-15 19:20:44,280]: Pos10.ZSCALE4 : 0.02033851099124938
[2020-05-15 19:20:44,280]: Pos3.ZSCALE2 : 0.020326221172133292
[2020-05-15 19:20:44,280]: Pos4.ZSCALE4 : 0.020133680603501035
[2020-05-15 19:20:44,280]: Pos2.ZSCALE3 : 0.019986993816217234
[2020-05-15 19:20:44,281]: Pos2.ZSCALE4 : 0.019849693760623725
[2020-05-15 19:20:44,281]: Pos10.ZSCALE3 : 0.01971479540160389
[2020-05-15 19:20:44,281]: Pos5.ZSCALE4 : 0.01933317181979024
[2020-05-15 19:20:44,281]: Pos8.ZSCALE3 : 0.0191968672132004
[2020-05-15 19:20:44,281]: Pos8.ZSCALE2 : 0.018939756871519543
[2020-05-15 19:20:44,281]: Pos1.ZSCALE3 : 0.018861642929496162
[2020-05-15 19:20:44,281]: Pos5.ZSCALE1 : 0.018744606224816156
[2020-05-15 19:20:44,281]: Pos10.ZSCALE1 : 0.01860329125530002
[2020-05-15 19:20:44,281]: Pos11.ZSCALE2 : 0.018584123310864203
[2020-05-15 19:20:44,281]: Pos1.ZSCALE5 : 0.018538724853939422
[2020-05-15 19:20:44,282]: Pos1.ZSCALE2 : 0.01830808975531851
[2020-05-15 19:20:44,282]: Pos3.ZSCALE4 : 0.0180213052451638
[2020-05-15 19:20:44,282]: Pos8.ZSCALE4 : 0.017491376874313923
[2020-05-15 19:20:44,282]: Pos4.ZSCALE2 : 0.01746294457138421
[2020-05-15 19:20:44,282]: Pos3.ZSCALE5 : 0.017338418156850926
[2020-05-15 19:20:44,282]: Pos7.ZSCALE2 : 0.01630582312680127
[2020-05-15 19:20:44,282]: Pos2.ZSCALE5 : 0.015393462720351147
[2020-05-15 19:20:44,282]: Pos4.ZSCALE5 : 0.01530330090885997
[2020-05-15 19:20:44,282]: Pos1.ZSCALE1 : 0.01415871544805232
[2020-05-15 19:20:44,283]: Pos5.ZSCALE2 : 0.014125508185369517
[2020-05-15 19:20:44,283]: Pos9.ZSCALE3 : 0.012681914987491341
[2020-05-15 19:20:44,283]: Pos6.ZSCALE2 : 0.00889182938996387
