[2020-05-15 18:00:43,869]: ---mrmd 2.0 start----
[2020-05-15 18:01:45,291]: ANOVA start...
[2020-05-15 18:01:45,492]: ANOVA  end.
[2020-05-15 18:01:45,492]: mic start...
[2020-05-15 18:01:47,730]: mic  end.
[2020-05-15 18:01:47,730]: mrmd start...
[2020-05-15 18:01:48,394]: mrmd end.
[2020-05-15 18:01:48,394]: mRMR start...
[2020-05-15 18:01:50,355]: mRMR end.
[2020-05-15 18:01:50,356]: linear model start...
[2020-05-15 18:01:50,733]: linear model end.
[2020-05-15 18:01:50,733]: chi2 start...
[2020-05-15 18:01:50,941]: chi2 end.
[2020-05-15 18:01:50,942]: tree feature importance start...
[2020-05-15 18:01:52,466]: tree feature importance  end.
[2020-05-15 18:01:52,466]: F_value start...
[2020-05-15 18:01:52,661]: F_value  end.
[2020-05-15 18:01:52,661]: ref start...
[2020-05-15 18:02:49,712]: ref end.
[2020-05-15 18:02:49,960]: The final  rank is
[2020-05-15 18:02:49,960]: Pos11.ZSCALE5 : 0.023301579645906585
[2020-05-15 18:02:49,961]: Pos2.ZSCALE3 : 0.02263433350767087
[2020-05-15 18:02:49,961]: Pos2.ZSCALE1 : 0.022543943495281108
[2020-05-15 18:02:49,961]: Pos5.ZSCALE5 : 0.02245904818178427
[2020-05-15 18:02:49,961]: Pos11.ZSCALE3 : 0.0220733497596503
[2020-05-15 18:02:49,961]: Pos1.ZSCALE4 : 0.02207187043865905
[2020-05-15 18:02:49,961]: Pos11.ZSCALE4 : 0.022017037416271812
[2020-05-15 18:02:49,961]: Pos5.ZSCALE3 : 0.021989490978044958
[2020-05-15 18:02:49,961]: Pos7.ZSCALE4 : 0.02190556819690937
[2020-05-15 18:02:49,961]: Pos9.ZSCALE2 : 0.021865465751174134
[2020-05-15 18:02:49,961]: Pos11.ZSCALE2 : 0.02169177131309871
[2020-05-15 18:02:49,961]: Pos3.ZSCALE3 : 0.021637204688297097
[2020-05-15 18:02:49,961]: Pos5.ZSCALE1 : 0.0214639466098353
[2020-05-15 18:02:49,961]: Pos7.ZSCALE3 : 0.021161314797095487
[2020-05-15 18:02:49,961]: Pos3.ZSCALE1 : 0.021072962470293676
[2020-05-15 18:02:49,961]: Pos8.ZSCALE3 : 0.0209712993755612
[2020-05-15 18:02:49,961]: Pos4.ZSCALE3 : 0.02085506910943935
[2020-05-15 18:02:49,962]: Pos10.ZSCALE2 : 0.020802243341210565
[2020-05-15 18:02:49,962]: Pos8.ZSCALE2 : 0.020729270734636554
[2020-05-15 18:02:49,962]: Pos8.ZSCALE5 : 0.0206535169866569
[2020-05-15 18:02:49,962]: Pos10.ZSCALE3 : 0.020575066462199563
[2020-05-15 18:02:49,962]: Pos3.ZSCALE2 : 0.02050468358096365
[2020-05-15 18:02:49,962]: Pos10.ZSCALE4 : 0.020497693732324664
[2020-05-15 18:02:49,962]: Pos11.ZSCALE1 : 0.020457304159585098
[2020-05-15 18:02:49,962]: Pos4.ZSCALE1 : 0.020435133448594857
[2020-05-15 18:02:49,962]: Pos10.ZSCALE5 : 0.020418869966716106
[2020-05-15 18:02:49,962]: Pos2.ZSCALE2 : 0.02039002813281914
[2020-05-15 18:02:49,962]: Pos9.ZSCALE4 : 0.020279892478549402
[2020-05-15 18:02:49,962]: Pos4.ZSCALE4 : 0.019985119240678025
[2020-05-15 18:02:49,962]: Pos10.ZSCALE1 : 0.0199241214501589
[2020-05-15 18:02:49,962]: Pos1.ZSCALE5 : 0.019691688615808358
[2020-05-15 18:02:49,962]: Pos2.ZSCALE4 : 0.0194040083801061
[2020-05-15 18:02:49,962]: Pos9.ZSCALE1 : 0.019390407378134578
[2020-05-15 18:02:49,962]: Pos8.ZSCALE1 : 0.019039832413369626
[2020-05-15 18:02:49,962]: Pos8.ZSCALE4 : 0.019037171308610434
[2020-05-15 18:02:49,963]: Pos7.ZSCALE5 : 0.018743428098274447
[2020-05-15 18:02:49,963]: Pos4.ZSCALE2 : 0.01844731597791056
[2020-05-15 18:02:49,963]: Pos7.ZSCALE1 : 0.018437872569885168
[2020-05-15 18:02:49,963]: Pos3.ZSCALE4 : 0.018369852116289782
[2020-05-15 18:02:49,963]: Pos5.ZSCALE4 : 0.018239749594475045
[2020-05-15 18:02:49,963]: Pos1.ZSCALE2 : 0.01823165085201161
[2020-05-15 18:02:49,963]: Pos3.ZSCALE5 : 0.017195521693932913
[2020-05-15 18:02:49,963]: Pos1.ZSCALE1 : 0.017147931029315316
[2020-05-15 18:02:49,963]: Pos9.ZSCALE5 : 0.016961780576659275
[2020-05-15 18:02:49,963]: Pos5.ZSCALE2 : 0.016923415858011107
[2020-05-15 18:02:49,963]: Pos2.ZSCALE5 : 0.016907757645063266
[2020-05-15 18:02:49,963]: Pos4.ZSCALE5 : 0.016756422613099682
[2020-05-15 18:02:49,963]: Pos1.ZSCALE3 : 0.016450678981378433
[2020-05-15 18:02:49,963]: Pos9.ZSCALE3 : 0.01594763676916976
[2020-05-15 18:02:49,963]: Pos7.ZSCALE2 : 0.014163985090047916
[2020-05-15 18:02:49,963]: Pos6.ZSCALE2 : 0.0071436929883799665
[2020-05-15 18:02:50,349]: Start dimension reduction ...
[2020-05-15 18:02:54,089]: length=1 f1=0.5889 accuarcy=0.5908 precision=0.5925 recall=0.5908 auc=0.5908 
[2020-05-15 18:02:55,095]: length=2 f1=0.6032 accuarcy=0.6041 precision=0.6051 recall=0.6041 auc=0.6041 
[2020-05-15 18:02:56,107]: length=3 f1=0.6024 accuarcy=0.6034 precision=0.6045 recall=0.6034 auc=0.6034 
[2020-05-15 18:02:56,732]: length=4 f1=0.6454 accuarcy=0.6454 precision=0.6454 recall=0.6454 auc=0.6454 
[2020-05-15 18:02:57,342]: length=5 f1=0.6464 accuarcy=0.6464 precision=0.6464 recall=0.6464 auc=0.6464 
[2020-05-15 18:02:57,961]: length=6 f1=0.6757 accuarcy=0.6758 precision=0.6758 recall=0.6758 auc=0.6758 
[2020-05-15 18:02:58,584]: length=7 f1=0.6788 accuarcy=0.6788 precision=0.6788 recall=0.6788 auc=0.6788 
[2020-05-15 18:02:59,201]: length=8 f1=0.6918 accuarcy=0.6918 precision=0.6919 recall=0.6918 auc=0.6918 
[2020-05-15 18:02:59,873]: length=9 f1=0.7732 accuarcy=0.7734 precision=0.7744 recall=0.7734 auc=0.7734 
[2020-05-15 18:03:00,553]: length=10 f1=0.7782 accuarcy=0.7785 precision=0.7801 recall=0.7785 auc=0.7785 
[2020-05-15 18:03:01,236]: length=11 f1=0.7810 accuarcy=0.7812 precision=0.7824 recall=0.7812 auc=0.7812 
[2020-05-15 18:03:01,924]: length=12 f1=0.7867 accuarcy=0.7870 precision=0.7887 recall=0.7870 auc=0.7870 
[2020-05-15 18:03:02,613]: length=13 f1=0.7800 accuarcy=0.7802 precision=0.7815 recall=0.7802 auc=0.7802 
[2020-05-15 18:03:03,287]: length=14 f1=0.8005 accuarcy=0.8010 precision=0.8039 recall=0.8010 auc=0.8010 
[2020-05-15 18:03:03,965]: length=15 f1=0.7955 accuarcy=0.7959 precision=0.7984 recall=0.7959 auc=0.7959 
[2020-05-15 18:03:04,718]: length=16 f1=0.8022 accuarcy=0.8027 precision=0.8058 recall=0.8027 auc=0.8027 
[2020-05-15 18:03:05,474]: length=17 f1=0.8060 accuarcy=0.8065 precision=0.8094 recall=0.8065 auc=0.8065 
[2020-05-15 18:03:06,226]: length=18 f1=0.8078 accuarcy=0.8082 precision=0.8108 recall=0.8082 auc=0.8082 
[2020-05-15 18:03:06,993]: length=19 f1=0.8154 accuarcy=0.8157 precision=0.8178 recall=0.8157 auc=0.8157 
[2020-05-15 18:03:07,763]: length=20 f1=0.8094 accuarcy=0.8099 precision=0.8130 recall=0.8099 auc=0.8099 
[2020-05-15 18:03:08,550]: length=21 f1=0.8109 accuarcy=0.8113 precision=0.8138 recall=0.8113 auc=0.8113 
[2020-05-15 18:03:09,317]: length=22 f1=0.8114 accuarcy=0.8119 precision=0.8154 recall=0.8119 auc=0.8119 
[2020-05-15 18:03:10,085]: length=23 f1=0.8129 accuarcy=0.8133 precision=0.8161 recall=0.8133 auc=0.8133 
[2020-05-15 18:03:10,857]: length=24 f1=0.8102 accuarcy=0.8106 precision=0.8129 recall=0.8106 auc=0.8106 
[2020-05-15 18:03:11,717]: length=25 f1=0.8129 accuarcy=0.8133 precision=0.8160 recall=0.8133 auc=0.8133 
[2020-05-15 18:03:12,562]: length=26 f1=0.8177 accuarcy=0.8181 precision=0.8205 recall=0.8181 auc=0.8181 
[2020-05-15 18:03:13,404]: length=27 f1=0.8158 accuarcy=0.8160 precision=0.8179 recall=0.8160 auc=0.8160 
[2020-05-15 18:03:14,258]: length=28 f1=0.8143 accuarcy=0.8147 precision=0.8174 recall=0.8147 auc=0.8147 
[2020-05-15 18:03:15,111]: length=29 f1=0.8171 accuarcy=0.8174 precision=0.8197 recall=0.8174 auc=0.8174 
[2020-05-15 18:03:15,969]: length=30 f1=0.8136 accuarcy=0.8140 precision=0.8164 recall=0.8140 auc=0.8140 
[2020-05-15 18:03:16,834]: length=31 f1=0.8219 accuarcy=0.8222 precision=0.8243 recall=0.8222 auc=0.8222 
[2020-05-15 18:03:17,696]: length=32 f1=0.8199 accuarcy=0.8201 precision=0.8221 recall=0.8201 auc=0.8201 
[2020-05-15 18:03:18,570]: length=33 f1=0.8195 accuarcy=0.8198 precision=0.8217 recall=0.8198 auc=0.8198 
[2020-05-15 18:03:19,436]: length=34 f1=0.8212 accuarcy=0.8215 precision=0.8240 recall=0.8215 auc=0.8215 
[2020-05-15 18:03:20,312]: length=35 f1=0.8240 accuarcy=0.8242 precision=0.8263 recall=0.8242 auc=0.8242 
[2020-05-15 18:03:21,250]: length=36 f1=0.8128 accuarcy=0.8133 precision=0.8167 recall=0.8133 auc=0.8133 
[2020-05-15 18:03:22,192]: length=37 f1=0.8182 accuarcy=0.8188 precision=0.8229 recall=0.8188 auc=0.8188 
[2020-05-15 18:03:23,119]: length=38 f1=0.8180 accuarcy=0.8184 precision=0.8214 recall=0.8184 auc=0.8184 
[2020-05-15 18:03:24,047]: length=39 f1=0.8211 accuarcy=0.8215 precision=0.8245 recall=0.8215 auc=0.8215 
[2020-05-15 18:03:24,995]: length=40 f1=0.8186 accuarcy=0.8191 precision=0.8224 recall=0.8191 auc=0.8191 
[2020-05-15 18:03:25,927]: length=41 f1=0.8200 accuarcy=0.8205 precision=0.8237 recall=0.8205 auc=0.8205 
[2020-05-15 18:03:26,866]: length=42 f1=0.8159 accuarcy=0.8164 precision=0.8196 recall=0.8164 auc=0.8164 
[2020-05-15 18:03:27,797]: length=43 f1=0.8193 accuarcy=0.8198 precision=0.8231 recall=0.8198 auc=0.8198 
[2020-05-15 18:03:28,731]: length=44 f1=0.8180 accuarcy=0.8184 precision=0.8216 recall=0.8184 auc=0.8184 
[2020-05-15 18:03:29,677]: length=45 f1=0.8214 accuarcy=0.8218 precision=0.8247 recall=0.8218 auc=0.8218 
[2020-05-15 18:03:30,620]: length=46 f1=0.8252 accuarcy=0.8256 precision=0.8283 recall=0.8256 auc=0.8256 
[2020-05-15 18:03:31,563]: length=47 f1=0.8207 accuarcy=0.8212 precision=0.8246 recall=0.8212 auc=0.8212 
[2020-05-15 18:03:32,543]: length=48 f1=0.8214 accuarcy=0.8218 precision=0.8248 recall=0.8218 auc=0.8218 
[2020-05-15 18:03:33,559]: length=49 f1=0.8221 accuarcy=0.8225 precision=0.8258 recall=0.8225 auc=0.8225 
[2020-05-15 18:03:34,574]: length=50 f1=0.8250 accuarcy=0.8256 precision=0.8298 recall=0.8256 auc=0.8256 
[2020-05-15 18:03:35,573]: length=51 f1=0.8236 accuarcy=0.8242 precision=0.8287 recall=0.8242 auc=0.8242 
[2020-05-15 18:03:35,573]: ----------
[2020-05-15 18:03:35,573]: the max f1 = 0.8252
[2020-05-15 18:03:35,574]: ['Pos11.ZSCALE5' 'Pos2.ZSCALE3' 'Pos2.ZSCALE1' 'Pos5.ZSCALE5'
 'Pos11.ZSCALE3' 'Pos1.ZSCALE4' 'Pos11.ZSCALE4' 'Pos5.ZSCALE3'
 'Pos7.ZSCALE4' 'Pos9.ZSCALE2' 'Pos11.ZSCALE2' 'Pos3.ZSCALE3'
 'Pos5.ZSCALE1' 'Pos7.ZSCALE3' 'Pos3.ZSCALE1' 'Pos8.ZSCALE3'
 'Pos4.ZSCALE3' 'Pos10.ZSCALE2' 'Pos8.ZSCALE2' 'Pos8.ZSCALE5'
 'Pos10.ZSCALE3' 'Pos3.ZSCALE2' 'Pos10.ZSCALE4' 'Pos11.ZSCALE1'
 'Pos4.ZSCALE1' 'Pos10.ZSCALE5' 'Pos2.ZSCALE2' 'Pos9.ZSCALE4'
 'Pos4.ZSCALE4' 'Pos10.ZSCALE1' 'Pos1.ZSCALE5' 'Pos2.ZSCALE4'
 'Pos9.ZSCALE1' 'Pos8.ZSCALE1' 'Pos8.ZSCALE4' 'Pos7.ZSCALE5'
 'Pos4.ZSCALE2' 'Pos7.ZSCALE1' 'Pos3.ZSCALE4' 'Pos5.ZSCALE4'
 'Pos1.ZSCALE2' 'Pos3.ZSCALE5' 'Pos1.ZSCALE1' 'Pos9.ZSCALE5'
 'Pos5.ZSCALE2' 'Pos2.ZSCALE5'],length = 46
[2020-05-15 18:03:35,574]: -----------
[2020-05-15 18:03:36,543]: ***confusion matrix***
Predicted   0.0   1.0
Actual               
0.0        1276   189
1.0         322  1143
[2020-05-15 18:03:36,546]: f1 =0.8252 
[2020-05-15 18:03:36,548]: accuarcy = 0.8256 
[2020-05-15 18:03:36,551]: precision =0.8283 
[2020-05-15 18:03:36,555]: recall =0.8256
[2020-05-15 18:03:36,560]: auc = 0.8256
[2020-05-15 18:03:36,823]: -----------
[2020-05-15 18:03:36,824]: The output by the terminal's log has been saved in the /home/heshida/pycharm_tmp2/Logs/202005151800.log.
[2020-05-15 18:03:36,824]: metrics have been saved in the /home/heshida/pycharm_tmp2/Results/m.csv.
[2020-05-15 18:04:43,452]: Scatter charts visualized by t-SNE dataset has been saved in the /home/heshida/pycharm_tmp2/Results/zscale.csv.png.
[2020-05-15 18:04:43,453]: Reduced dimensional dataset has been saved in the /home/heshida/pycharm_tmp2/Results/onehot_out.csv.
[2020-05-15 18:04:43,453]: ---mrmd 2.0 end---
