[2020-05-10 20:42:33,249]: ---mrmd 2.0 start----
[2020-05-10 20:42:33,967]: ANOVA start...
[2020-05-10 20:42:33,970]: ANOVA end.
[2020-05-10 20:42:33,970]: mic start...
[2020-05-10 20:42:34,175]: mic end.
[2020-05-10 20:42:34,176]: mrmd start...
[2020-05-10 20:42:34,203]: mrmd end.
[2020-05-10 20:42:34,203]: mRMR start...
[2020-05-10 20:42:34,240]: mRMR end.
[2020-05-10 20:42:34,240]: lasso start...
[2020-05-10 20:42:34,257]: lasso end.
[2020-05-10 20:42:34,257]: chi2 start...
[2020-05-10 20:42:34,273]: chi2 end.
[2020-05-10 20:42:34,273]: ref start...
[2020-05-10 20:42:34,346]: ref end.
[2020-05-10 20:42:34,354]: The final  rank is
[2020-05-10 20:42:34,354]: K : 0.06566595104269639
[2020-05-10 20:42:34,354]: T : 0.06339261540164184
[2020-05-10 20:42:34,354]: R : 0.06020700537981864
[2020-05-10 20:42:34,354]: I : 0.058177766886225966
[2020-05-10 20:42:34,355]: Q : 0.05737336252759957
[2020-05-10 20:42:34,355]: A : 0.05688271106589001
[2020-05-10 20:42:34,355]: E : 0.055688947436472847
[2020-05-10 20:42:34,355]: V : 0.05405356165252246
[2020-05-10 20:42:34,355]: G : 0.05167204508960999
[2020-05-10 20:42:34,355]: Y : 0.05082428885367298
[2020-05-10 20:42:34,355]: P : 0.049749367167922394
[2020-05-10 20:42:34,355]: S : 0.04744410488916077
[2020-05-10 20:42:34,355]: C : 0.047157102612140525
[2020-05-10 20:42:34,356]: W : 0.04631907946115574
[2020-05-10 20:42:34,356]: N : 0.043966383576045154
[2020-05-10 20:42:34,356]: D : 0.04265258350730826
[2020-05-10 20:42:34,356]: M : 0.039666191257128586
[2020-05-10 20:42:34,356]: L : 0.03841233054717881
[2020-05-10 20:42:34,356]: H : 0.03603422465649547
[2020-05-10 20:42:34,356]: F : 0.03466037698931362
