[2020-05-12 21:13:52,741]: ---mrmd 2.0 start----
[2020-05-12 21:13:53,518]: ANOVA start...
[2020-05-12 21:13:53,532]: ANOVA  end.
[2020-05-12 21:13:53,533]: ANOVA start...
[2020-05-12 21:13:53,653]: ANOVA  end.
[2020-05-12 21:13:53,654]: mrmd start...
[2020-05-12 21:13:53,678]: mrmd end.
[2020-05-12 21:13:53,678]: mRMR start...
[2020-05-12 21:13:53,720]: mRMR end.
[2020-05-12 21:13:53,720]: lasso start...
[2020-05-12 21:13:53,738]: lasso end.
[2020-05-12 21:13:53,738]: chi2 start...
[2020-05-12 21:13:53,754]: chi2 end.
[2020-05-12 21:13:53,754]: ref start...
[2020-05-12 21:13:53,828]: ref end.
[2020-05-12 21:13:53,853]: The final  rank is
[2020-05-12 21:13:53,853]: K : 0.07127777166382349
[2020-05-12 21:13:53,853]: Q : 0.06437964185288561
[2020-05-12 21:13:53,853]: T : 0.06266711542243376
[2020-05-12 21:13:53,853]: R : 0.060303292267652686
[2020-05-12 21:13:53,854]: A : 0.05941286081539073
[2020-05-12 21:13:53,854]: Y : 0.058362974845350156
[2020-05-12 21:13:53,854]: I : 0.056593939036158045
[2020-05-12 21:13:53,854]: G : 0.05263282431344252
[2020-05-12 21:13:53,854]: P : 0.048535114159227365
[2020-05-12 21:13:53,854]: W : 0.0470716088553909
[2020-05-12 21:13:53,854]: E : 0.04637919369888732
[2020-05-12 21:13:53,854]: V : 0.04517183352292624
[2020-05-12 21:13:53,854]: C : 0.04507657124757099
[2020-05-12 21:13:53,854]: N : 0.04445244389197694
[2020-05-12 21:13:53,855]: M : 0.04430774995083117
[2020-05-12 21:13:53,855]: D : 0.04267576869648432
[2020-05-12 21:13:53,855]: S : 0.04165592957302963
[2020-05-12 21:13:53,855]: H : 0.04147017978232109
[2020-05-12 21:13:53,855]: F : 0.0367524223416882
[2020-05-12 21:13:53,855]: L : 0.030820764062528695
[2020-05-12 21:13:53,877]: Start dimension reduction ...
[2020-05-12 21:13:57,052]: length=1 f1=0.4422 accuarcy=0.4521 precision=0.4432 recall=0.4521 auc=0.5539 
[2020-05-12 21:13:57,846]: length=2 f1=0.4423 accuarcy=0.4384 precision=0.4523 recall=0.4384 auc=0.5552 
[2020-05-12 21:13:58,151]: length=3 f1=0.4486 accuarcy=0.4521 precision=0.4471 recall=0.4521 auc=0.5635 
[2020-05-12 21:13:58,934]: length=4 f1=0.4247 accuarcy=0.4247 precision=0.4247 recall=0.4247 auc=0.5499 
[2020-05-12 21:13:59,242]: length=5 f1=0.4636 accuarcy=0.4658 precision=0.4630 recall=0.4658 auc=0.5757 
[2020-05-12 21:13:59,547]: length=6 f1=0.5712 accuarcy=0.5753 precision=0.5723 recall=0.5753 auc=0.6539 
[2020-05-12 21:13:59,840]: length=7 f1=0.4795 accuarcy=0.5068 precision=0.4789 recall=0.5068 auc=0.5830 
[2020-05-12 21:14:00,133]: length=8 f1=0.4413 accuarcy=0.4521 precision=0.4374 recall=0.4521 auc=0.5522 
[2020-05-12 21:14:00,433]: length=9 f1=0.4123 accuarcy=0.4247 precision=0.4033 recall=0.4247 auc=0.5407 
[2020-05-12 21:14:00,726]: length=10 f1=0.4555 accuarcy=0.4658 precision=0.4531 recall=0.4658 auc=0.5630 
[2020-05-12 21:14:01,024]: length=11 f1=0.4878 accuarcy=0.5068 precision=0.4745 recall=0.5068 auc=0.5993 
[2020-05-12 21:14:01,324]: length=12 f1=0.4591 accuarcy=0.4795 precision=0.4532 recall=0.4795 auc=0.5675 
[2020-05-12 21:14:01,619]: length=13 f1=0.5046 accuarcy=0.5205 precision=0.5022 recall=0.5205 auc=0.6020 
[2020-05-12 21:14:01,914]: length=14 f1=0.4763 accuarcy=0.4932 precision=0.4762 recall=0.4932 auc=0.5815 
[2020-05-12 21:14:02,216]: length=15 f1=0.4417 accuarcy=0.4521 precision=0.4574 recall=0.4521 auc=0.5440 
[2020-05-12 21:14:02,515]: length=16 f1=0.4834 accuarcy=0.4932 precision=0.4842 recall=0.4932 auc=0.5821 
[2020-05-12 21:14:02,809]: length=17 f1=0.4674 accuarcy=0.4795 precision=0.4644 recall=0.4795 auc=0.5739 
[2020-05-12 21:14:03,113]: length=18 f1=0.3975 accuarcy=0.4247 precision=0.3912 recall=0.4247 auc=0.5163 
[2020-05-12 21:14:03,408]: length=19 f1=0.4471 accuarcy=0.4521 precision=0.4527 recall=0.4521 auc=0.5546 
[2020-05-12 21:14:03,703]: length=20 f1=0.4897 accuarcy=0.5068 precision=0.4907 recall=0.5068 auc=0.5865 
[2020-05-12 21:14:03,704]: ----------
[2020-05-12 21:14:03,704]: the max f1 = 0.5712
[2020-05-12 21:14:03,704]: ['K' 'Q' 'T' 'R' 'A' 'Y'],length = 6
[2020-05-12 21:14:03,704]: -----------
[2020-05-12 21:14:03,996]: ***confusion matrix***
[2020-05-12 21:14:03,997]:                pos_class      neg_class      
[2020-05-12 21:14:03,997]: pos_class      TP:13             FN:1              
[2020-05-12 21:14:03,997]: neg_class      FP:1              TN:6              
[2020-05-12 21:14:03,999]: f1 =0.5712 
[2020-05-12 21:14:04,000]: accuarcy = 0.5753 
[2020-05-12 21:14:04,001]: precision =0.5723 
[2020-05-12 21:14:04,003]: recall =0.5753
[2020-05-12 21:14:04,008]: auc = 0.6539
[2020-05-12 21:14:04,014]: -----------
[2020-05-12 21:14:04,014]: The output by the terminal's log has been saved in the /home/heshida/pycharm_tmp2/Logs/202005122113.log.
[2020-05-12 21:14:04,014]: metrics have been saved in the /home/heshida/pycharm_tmp2/Results/m.csv.
[2020-05-12 21:14:05,147]: Scatter charts visualized by t-SNE dataset has been saved in the /home/heshida/pycharm_tmp2/Results/test.csv.png.
[2020-05-12 21:14:05,147]: Reduced dimensional dataset has been saved in the /home/heshida/pycharm_tmp2/Results/out.csv.
[2020-05-12 21:14:05,147]: ---mrmd 2.0 end---
