[2020-05-14 21:05:56,011]: ---mrmd 2.0 start----
[2020-05-14 21:05:56,802]: ANOVA start...
[2020-05-14 21:05:56,819]: ANOVA  end.
[2020-05-14 21:05:56,819]: ANOVA start...
[2020-05-14 21:05:56,958]: ANOVA  end.
[2020-05-14 21:05:56,958]: mrmd start...
[2020-05-14 21:05:57,025]: mrmd end.
[2020-05-14 21:05:57,025]: mRMR start...
[2020-05-14 21:05:57,067]: mRMR end.
[2020-05-14 21:05:57,068]: lasso start...
[2020-05-14 21:05:57,090]: lasso end.
[2020-05-14 21:05:57,091]: chi2 start...
[2020-05-14 21:05:57,108]: chi2 end.
[2020-05-14 21:05:57,108]: ANOVA start...
[2020-05-14 21:05:57,122]: ANOVA  end.
[2020-05-14 21:05:57,122]: ref start...
[2020-05-14 21:06:05,991]: ref end.
[2020-05-14 21:06:06,020]: The final  rank is
[2020-05-14 21:06:06,020]: R : 0.062495046571513724
[2020-05-14 21:06:06,020]: C : 0.06190300132510181
[2020-05-14 21:06:06,020]: S : 0.05990674783957421
[2020-05-14 21:06:06,020]: T : 0.05768319961626214
[2020-05-14 21:06:06,020]: A : 0.05495054072486267
[2020-05-14 21:06:06,021]: I : 0.0543200273413141
[2020-05-14 21:06:06,021]: Y : 0.05346780101879196
[2020-05-14 21:06:06,021]: Q : 0.052450413570685
[2020-05-14 21:06:06,021]: G : 0.05207687913476122
[2020-05-14 21:06:06,021]: L : 0.051980135326266906
[2020-05-14 21:06:06,021]: P : 0.05109386902909258
[2020-05-14 21:06:06,021]: H : 0.05107634405009411
[2020-05-14 21:06:06,021]: W : 0.04929932699058234
[2020-05-14 21:06:06,021]: K : 0.049014508868623345
[2020-05-14 21:06:06,022]: N : 0.04600414153895405
[2020-05-14 21:06:06,022]: V : 0.045098233468145135
[2020-05-14 21:06:06,022]: E : 0.04386958580545325
[2020-05-14 21:06:06,022]: M : 0.042590633754022764
[2020-05-14 21:06:06,022]: D : 0.0330501039392952
[2020-05-14 21:06:06,022]: F : 0.027669460086603485
[2020-05-14 21:06:06,048]: Start dimension reduction ...
[2020-05-14 21:06:09,664]: length=1 f1=0.3200 accuarcy=0.3288 precision=0.3285 recall=0.3288 auc=0.4518 
[2020-05-14 21:06:10,493]: length=2 f1=0.3990 accuarcy=0.4247 precision=0.3843 recall=0.4247 auc=0.5193 
[2020-05-14 21:06:11,302]: length=3 f1=0.4674 accuarcy=0.4795 precision=0.4644 recall=0.4795 auc=0.5739 
[2020-05-14 21:06:11,613]: length=4 f1=0.4927 accuarcy=0.4932 precision=0.4942 recall=0.4932 auc=0.5962 
[2020-05-14 21:06:11,912]: length=5 f1=0.5108 accuarcy=0.5205 precision=0.5105 recall=0.5205 auc=0.6053 
[2020-05-14 21:06:12,215]: length=6 f1=0.4217 accuarcy=0.4384 precision=0.4195 recall=0.4384 auc=0.5351 
[2020-05-14 21:06:12,521]: length=7 f1=0.5346 accuarcy=0.5616 precision=0.5308 recall=0.5616 auc=0.6238 
[2020-05-14 21:06:12,821]: length=8 f1=0.4764 accuarcy=0.4932 precision=0.4722 recall=0.4932 auc=0.5789 
[2020-05-14 21:06:13,127]: length=9 f1=0.4463 accuarcy=0.4521 precision=0.4459 recall=0.4521 auc=0.5573 
[2020-05-14 21:06:13,432]: length=10 f1=0.4295 accuarcy=0.4521 precision=0.4124 recall=0.4521 auc=0.5557 
[2020-05-14 21:06:13,739]: length=11 f1=0.4964 accuarcy=0.5068 precision=0.4970 recall=0.5068 auc=0.5959 
[2020-05-14 21:06:14,038]: length=12 f1=0.4657 accuarcy=0.4795 precision=0.4694 recall=0.4795 auc=0.5682 
[2020-05-14 21:06:14,350]: length=13 f1=0.4166 accuarcy=0.4384 precision=0.4120 recall=0.4384 auc=0.5275 
[2020-05-14 21:06:14,650]: length=14 f1=0.4398 accuarcy=0.4658 precision=0.4297 recall=0.4658 auc=0.5521 
[2020-05-14 21:06:14,967]: length=15 f1=0.4528 accuarcy=0.4795 precision=0.4398 recall=0.4795 auc=0.5644 
[2020-05-14 21:06:15,268]: length=16 f1=0.4330 accuarcy=0.4658 precision=0.4193 recall=0.4658 auc=0.5560 
[2020-05-14 21:06:15,574]: length=17 f1=0.5193 accuarcy=0.5342 precision=0.5126 recall=0.5342 auc=0.6157 
[2020-05-14 21:06:15,877]: length=18 f1=0.4869 accuarcy=0.5068 precision=0.4895 recall=0.5068 auc=0.5904 
[2020-05-14 21:06:16,178]: length=19 f1=0.4355 accuarcy=0.4521 precision=0.4311 recall=0.4521 auc=0.5474 
[2020-05-14 21:06:16,480]: length=20 f1=0.4248 accuarcy=0.4384 precision=0.4172 recall=0.4384 auc=0.5441 
[2020-05-14 21:06:16,480]: ----------
[2020-05-14 21:06:16,480]: the max f1 = 0.5346
[2020-05-14 21:06:16,481]: ['R' 'C' 'S' 'T' 'A' 'I' 'Y'],length = 7
[2020-05-14 21:06:16,481]: -----------
[2020-05-14 21:06:16,826]: ***confusion matrix***
Predicted  0.0  1.0  2.0
Actual                  
0.0          2    1   14
1.0          0   14    7
2.0          6    4   25
[2020-05-14 21:06:16,829]: f1 =0.5346 
[2020-05-14 21:06:16,829]: accuarcy = 0.5616 
[2020-05-14 21:06:16,831]: precision =0.5308 
[2020-05-14 21:06:16,833]: recall =0.5616
[2020-05-14 21:06:16,838]: auc = 0.6238
[2020-05-14 21:06:16,846]: -----------
[2020-05-14 21:06:16,847]: The output by the terminal's log has been saved in the /home/heshida/pycharm_tmp2/Logs/202005142105.log.
[2020-05-14 21:06:16,847]: metrics have been saved in the /home/heshida/pycharm_tmp2/Results/m.csv.
[2020-05-14 21:06:17,984]: Scatter charts visualized by t-SNE dataset has been saved in the /home/heshida/pycharm_tmp2/Results/test.csv.png.
[2020-05-14 21:06:17,984]: Reduced dimensional dataset has been saved in the /home/heshida/pycharm_tmp2/Results/out.csv.
[2020-05-14 21:06:17,984]: ---mrmd 2.0 end---
