[2020-05-14 20:58:48,061]: ---mrmd 2.0 start----
[2020-05-14 20:58:48,832]: ANOVA start...
[2020-05-14 20:58:48,849]: ANOVA  end.
[2020-05-14 20:58:48,850]: ANOVA start...
[2020-05-14 20:58:48,979]: ANOVA  end.
[2020-05-14 20:58:48,980]: mrmd start...
[2020-05-14 20:58:49,049]: mrmd end.
[2020-05-14 20:58:49,049]: mRMR start...
[2020-05-14 20:58:49,090]: mRMR end.
[2020-05-14 20:58:49,091]: lasso start...
[2020-05-14 20:58:49,113]: lasso end.
[2020-05-14 20:58:49,113]: chi2 start...
[2020-05-14 20:58:49,129]: chi2 end.
[2020-05-14 20:58:49,129]: ANOVA start...
[2020-05-14 20:58:49,137]: ANOVA  end.
[2020-05-14 20:58:49,137]: ref start...
[2020-05-14 20:58:57,931]: ref end.
[2020-05-14 20:58:57,960]: The final  rank is
[2020-05-14 20:58:57,961]: K : 0.06717996120531415
[2020-05-14 20:58:57,961]: A : 0.06278564472125557
[2020-05-14 20:58:57,961]: C : 0.05903681511323285
[2020-05-14 20:58:57,961]: H : 0.05900166265418985
[2020-05-14 20:58:57,961]: P : 0.05856927749439846
[2020-05-14 20:58:57,961]: I : 0.056825151272740425
[2020-05-14 20:58:57,961]: Q : 0.05661161481728206
[2020-05-14 20:58:57,961]: T : 0.05525653736093083
[2020-05-14 20:58:57,961]: G : 0.05312809187438711
[2020-05-14 20:58:57,962]: R : 0.0523939714539047
[2020-05-14 20:58:57,962]: E : 0.051836110114586866
[2020-05-14 20:58:57,962]: N : 0.0508995806227585
[2020-05-14 20:58:57,962]: L : 0.049154767055877846
[2020-05-14 20:58:57,962]: Y : 0.04833862876559484
[2020-05-14 20:58:57,962]: S : 0.04682675201804432
[2020-05-14 20:58:57,962]: W : 0.046463949923586365
[2020-05-14 20:58:57,962]: V : 0.041712928937459065
[2020-05-14 20:58:57,962]: M : 0.03319141523029817
[2020-05-14 20:58:57,962]: D : 0.032070336808645475
[2020-05-14 20:58:57,963]: F : 0.018716802555512793
[2020-05-14 20:58:57,988]: Start dimension reduction ...
[2020-05-14 20:59:01,674]: length=1 f1=0.4422 accuarcy=0.4521 precision=0.4432 recall=0.4521 auc=0.5539 
[2020-05-14 20:59:02,516]: length=2 f1=0.5732 accuarcy=0.5753 precision=0.5726 recall=0.5753 auc=0.6637 
[2020-05-14 20:59:03,329]: length=3 f1=0.5475 accuarcy=0.5616 precision=0.5423 recall=0.5616 auc=0.6380 
[2020-05-14 20:59:04,142]: length=4 f1=0.4747 accuarcy=0.4932 precision=0.4767 recall=0.4932 auc=0.5750 
[2020-05-14 20:59:04,460]: length=5 f1=0.4868 accuarcy=0.4932 precision=0.4857 recall=0.4932 auc=0.6011 
[2020-05-14 20:59:04,760]: length=6 f1=0.4418 accuarcy=0.4521 precision=0.4366 recall=0.4521 auc=0.5562 
[2020-05-14 20:59:05,063]: length=7 f1=0.3647 accuarcy=0.3699 precision=0.3624 recall=0.3699 auc=0.5069 
[2020-05-14 20:59:05,365]: length=8 f1=0.3810 accuarcy=0.3973 precision=0.3771 recall=0.3973 auc=0.5246 
[2020-05-14 20:59:05,669]: length=9 f1=0.3759 accuarcy=0.3836 precision=0.3721 recall=0.3836 auc=0.5166 
[2020-05-14 20:59:05,976]: length=10 f1=0.4208 accuarcy=0.4247 precision=0.4192 recall=0.4247 auc=0.5416 
[2020-05-14 20:59:06,277]: length=11 f1=0.4275 accuarcy=0.4384 precision=0.4214 recall=0.4384 auc=0.5546 
[2020-05-14 20:59:06,579]: length=12 f1=0.4872 accuarcy=0.4932 precision=0.4929 recall=0.4932 auc=0.5856 
[2020-05-14 20:59:06,880]: length=13 f1=0.4640 accuarcy=0.4795 precision=0.4582 recall=0.4795 auc=0.5691 
[2020-05-14 20:59:07,183]: length=14 f1=0.4755 accuarcy=0.4932 precision=0.4735 recall=0.4932 auc=0.5739 
[2020-05-14 20:59:07,495]: length=15 f1=0.5054 accuarcy=0.5342 precision=0.5037 recall=0.5342 auc=0.6033 
[2020-05-14 20:59:07,802]: length=16 f1=0.4517 accuarcy=0.4658 precision=0.4470 recall=0.4658 auc=0.5600 
[2020-05-14 20:59:08,104]: length=17 f1=0.4974 accuarcy=0.5205 precision=0.4894 recall=0.5205 auc=0.5969 
[2020-05-14 20:59:08,408]: length=18 f1=0.4217 accuarcy=0.4384 precision=0.4195 recall=0.4384 auc=0.5351 
[2020-05-14 20:59:08,717]: length=19 f1=0.4911 accuarcy=0.5205 precision=0.4817 recall=0.5205 auc=0.5895 
[2020-05-14 20:59:09,018]: length=20 f1=0.4586 accuarcy=0.4932 precision=0.4502 recall=0.4932 auc=0.5676 
[2020-05-14 20:59:09,019]: ----------
[2020-05-14 20:59:09,019]: the max f1 = 0.5732
[2020-05-14 20:59:09,019]: ['K' 'A'],length = 2
[2020-05-14 20:59:09,019]: -----------
[2020-05-14 20:59:09,356]: ***confusion matrix***
Predicted  0.0  1.0  2.0
Actual                  
0.0          7    3    7
1.0          2   13    6
2.0          6    7   22
[2020-05-14 20:59:09,359]: f1 =0.5732 
[2020-05-14 20:59:09,359]: accuarcy = 0.5753 
[2020-05-14 20:59:09,361]: precision =0.5726 
[2020-05-14 20:59:09,363]: recall =0.5753
[2020-05-14 20:59:09,368]: auc = 0.6637
[2020-05-14 20:59:09,376]: -----------
[2020-05-14 20:59:09,376]: The output by the terminal's log has been saved in the /home/heshida/pycharm_tmp2/Logs/202005142058.log.
[2020-05-14 20:59:09,376]: metrics have been saved in the /home/heshida/pycharm_tmp2/Results/m.csv.
[2020-05-14 20:59:10,510]: Scatter charts visualized by t-SNE dataset has been saved in the /home/heshida/pycharm_tmp2/Results/test.csv.png.
[2020-05-14 20:59:10,510]: Reduced dimensional dataset has been saved in the /home/heshida/pycharm_tmp2/Results/out.csv.
[2020-05-14 20:59:10,510]: ---mrmd 2.0 end---
