[2020-05-09 20:19:41,315]: ---mrmd 2.0 start----
[2020-05-09 20:19:42,048]: ANOVA start...
[2020-05-09 20:19:42,051]: ANOVA end.
[2020-05-09 20:19:42,051]: mic start...
[2020-05-09 20:19:42,266]: mic end.
[2020-05-09 20:19:42,266]: mrmd start...
[2020-05-09 20:19:42,292]: mrmd end.
[2020-05-09 20:19:42,292]: mRMR start...
[2020-05-09 20:19:42,331]: mRMR end.
[2020-05-09 20:19:42,331]: lasso start...
[2020-05-09 20:19:42,348]: lasso end.
[2020-05-09 20:19:42,348]: chi2 start...
[2020-05-09 20:19:42,364]: chi2 end.
[2020-05-09 20:19:42,364]: ref start...
[2020-05-09 20:19:42,435]: ref end.
[2020-05-09 20:19:42,449]: The final  rank is
[2020-05-09 20:19:42,449]: K : 0.0690785632503797
[2020-05-09 20:19:42,449]: T : 0.06596555106877368
[2020-05-09 20:19:42,449]: R : 0.06242359193006594
[2020-05-09 20:19:42,449]: Q : 0.05925577100144449
[2020-05-09 20:19:42,449]: I : 0.058947516924739284
[2020-05-09 20:19:42,449]: A : 0.05800764254679676
[2020-05-09 20:19:42,450]: E : 0.05769967990753704
[2020-05-09 20:19:42,450]: V : 0.05534103970805543
[2020-05-09 20:19:42,450]: Y : 0.05244160805337384
[2020-05-09 20:19:42,450]: G : 0.0509468742195343
[2020-05-09 20:19:42,450]: P : 0.049519504745027774
[2020-05-09 20:19:42,450]: C : 0.04765237774114939
[2020-05-09 20:19:42,450]: S : 0.04749410510572205
[2020-05-09 20:19:42,450]: W : 0.046058731561151034
[2020-05-09 20:19:42,450]: N : 0.04186750312365192
[2020-05-09 20:19:42,450]: D : 0.04050797445694472
[2020-05-09 20:19:42,451]: M : 0.036770006395781624
[2020-05-09 20:19:42,451]: L : 0.03540961962154634
[2020-05-09 20:19:42,451]: H : 0.032800989537869606
[2020-05-09 20:19:42,451]: F : 0.03181134910045505
[2020-05-09 20:19:42,473]: Start dimension reduction ...
