[2020-05-08 21:34:21,664]: ---mrmd 2.0 start----
[2020-05-08 21:34:22,426]: ANOVA start...
[2020-05-08 21:34:22,429]: ANOVA end.
[2020-05-08 21:34:22,429]: mic start...
[2020-05-08 21:34:22,643]: mic end.
[2020-05-08 21:34:22,643]: mrmd start...
[2020-05-08 21:34:22,669]: mrmd end.
[2020-05-08 21:34:22,670]: mRMR start...
[2020-05-08 21:34:22,709]: mRMR end.
[2020-05-08 21:34:22,709]: lasso start...
[2020-05-08 21:34:22,727]: lasso end.
[2020-05-08 21:34:22,728]: chi2 start...
[2020-05-08 21:34:22,743]: chi2 end.
[2020-05-08 21:34:22,744]: ref start...
[2020-05-08 21:34:22,810]: ref end.
[2020-05-08 21:34:22,818]: The final  rank is
[2020-05-08 21:34:22,818]: R : 0.066
[2020-05-08 21:34:22,819]: T : 0.065
[2020-05-08 21:34:22,819]: S : 0.065
[2020-05-08 21:34:22,819]: C : 0.064
[2020-05-08 21:34:22,819]: Y : 0.063
[2020-05-08 21:34:22,819]: E : 0.062
[2020-05-08 21:34:22,819]: Q : 0.061
[2020-05-08 21:34:22,819]: W : 0.060
[2020-05-08 21:34:22,819]: A : 0.058
[2020-05-08 21:34:22,819]: K : 0.057
[2020-05-08 21:34:22,820]: I : 0.055
[2020-05-08 21:34:22,820]: P : 0.052
[2020-05-08 21:34:22,820]: V : 0.049
[2020-05-08 21:34:22,820]: N : 0.046
[2020-05-08 21:34:22,820]: L : 0.042
[2020-05-08 21:34:22,820]: H : 0.038
[2020-05-08 21:34:22,820]: M : 0.032
[2020-05-08 21:34:22,820]: G : 0.026
[2020-05-08 21:34:22,820]: F : 0.019
[2020-05-08 21:34:22,821]: D : 0.010
[2020-05-08 21:34:22,842]: Start dimension reduction ...
[2020-05-08 21:34:26,366]: length=1 f1=0.3200 accuarcy=0.3288 precision=0.3285 recall=0.3288 auc=0.4518 
[2020-05-08 21:34:27,161]: length=2 f1=0.4251 accuarcy=0.4247 precision=0.4257 recall=0.4247 auc=0.5573 
[2020-05-08 21:34:27,967]: length=3 f1=0.4915 accuarcy=0.4932 precision=0.4902 recall=0.4932 auc=0.6054 
[2020-05-08 21:34:28,277]: length=4 f1=0.4882 accuarcy=0.4932 precision=0.4855 recall=0.4932 auc=0.6001 
[2020-05-08 21:34:29,062]: length=5 f1=0.5207 accuarcy=0.5479 precision=0.5108 recall=0.5479 auc=0.6202 
[2020-05-08 21:34:29,367]: length=6 f1=0.5764 accuarcy=0.5890 precision=0.5696 recall=0.5890 auc=0.6625 
[2020-05-08 21:34:29,673]: length=7 f1=0.5271 accuarcy=0.5342 precision=0.5217 recall=0.5342 auc=0.6247 
[2020-05-08 21:34:29,968]: length=8 f1=0.5250 accuarcy=0.5479 precision=0.5104 recall=0.5479 auc=0.6262 
[2020-05-08 21:34:30,266]: length=9 f1=0.4820 accuarcy=0.4932 precision=0.4760 recall=0.4932 auc=0.5877 
[2020-05-08 21:34:30,570]: length=10 f1=0.5558 accuarcy=0.5616 precision=0.5605 recall=0.5616 auc=0.6351 
[2020-05-08 21:34:30,868]: length=11 f1=0.5588 accuarcy=0.5616 precision=0.5615 recall=0.5616 auc=0.6397 
[2020-05-08 21:34:31,167]: length=12 f1=0.4770 accuarcy=0.4795 precision=0.4748 recall=0.4795 auc=0.5890 
[2020-05-08 21:34:31,459]: length=13 f1=0.4940 accuarcy=0.5068 precision=0.4892 recall=0.5068 auc=0.5974 
[2020-05-08 21:34:31,757]: length=14 f1=0.4649 accuarcy=0.4795 precision=0.4652 recall=0.4795 auc=0.5694 
[2020-05-08 21:34:32,053]: length=15 f1=0.4727 accuarcy=0.5068 precision=0.4598 recall=0.5068 auc=0.5782 
[2020-05-08 21:34:32,353]: length=16 f1=0.4793 accuarcy=0.5068 precision=0.4875 recall=0.5068 auc=0.5774 
[2020-05-08 21:34:32,654]: length=17 f1=0.4377 accuarcy=0.4521 precision=0.4294 recall=0.4521 auc=0.5486 
[2020-05-08 21:34:33,023]: length=18 f1=0.5047 accuarcy=0.5342 precision=0.5080 recall=0.5342 auc=0.5989 
[2020-05-08 21:34:33,320]: length=19 f1=0.4742 accuarcy=0.4932 precision=0.4635 recall=0.4932 auc=0.5844 
[2020-05-08 21:34:33,616]: length=20 f1=0.4455 accuarcy=0.4658 precision=0.4513 recall=0.4658 auc=0.5496 
[2020-05-08 21:34:33,617]: ----------
[2020-05-08 21:34:33,617]: the max f1 = 0.5764
[2020-05-08 21:34:33,617]: ['R' 'T' 'S' 'C' 'Y' 'E'],length = 6
[2020-05-08 21:34:33,617]: -----------
[2020-05-08 21:34:33,909]: ***confusion matrix***
[2020-05-08 21:34:33,909]:                pos_class      neg_class      
[2020-05-08 21:34:33,909]: pos_class      TP:16             FN:1              
[2020-05-08 21:34:33,910]: neg_class      FP:1              TN:4              
[2020-05-08 21:34:33,912]: f1 =0.5764 
[2020-05-08 21:34:33,912]: accuarcy = 0.5890 
[2020-05-08 21:34:33,914]: precision =0.5696 
[2020-05-08 21:34:33,916]: recall =0.5890
[2020-05-08 21:34:33,921]: auc = 0.6625
[2020-05-08 21:34:33,926]: -----------
[2020-05-08 21:34:33,927]: The output by the terminal's log has been saved in the /home/heshida/pycharm_tmp2/Logs/202005082134.log.
[2020-05-08 21:34:33,927]: metrics have been saved in the /home/heshida/pycharm_tmp2/Results/b.csv.
[2020-05-08 21:34:35,048]: Scatter charts visualized by t-SNE dataset has been saved in the /home/heshida/pycharm_tmp2/Results/test.csv.png.
[2020-05-08 21:34:35,049]: Reduced dimensional dataset has been saved in the /home/heshida/pycharm_tmp2/Results/a.csv.
[2020-05-08 21:34:35,049]: ---mrmd 2.0 end---
