[2020-05-13 17:53:42,974]: ---mrmd 2.0 start----
[2020-05-13 17:53:44,691]: ANOVA start...
[2020-05-13 17:53:44,708]: ANOVA  end.
[2020-05-13 17:53:44,709]: ANOVA start...
[2020-05-13 17:53:44,853]: ANOVA  end.
[2020-05-13 17:53:44,853]: mrmd start...
[2020-05-13 17:53:44,903]: mrmd end.
[2020-05-13 17:53:44,915]: mRMR start...
[2020-05-13 17:53:45,031]: mRMR end.
[2020-05-13 17:53:45,031]: lasso start...
[2020-05-13 17:53:45,068]: lasso end.
[2020-05-13 17:53:45,069]: chi2 start...
[2020-05-13 17:53:45,115]: chi2 end.
[2020-05-13 17:53:45,120]: ANOVA start...
[2020-05-13 17:53:45,145]: ANOVA  end.
[2020-05-13 17:53:45,161]: ref start...
[2020-05-13 17:54:01,887]: ref end.
[2020-05-13 17:54:01,917]: The final  rank is
[2020-05-13 17:54:01,917]: Q : 0.06295705751893385
[2020-05-13 17:54:01,917]: C : 0.06135202108786493
[2020-05-13 17:54:01,918]: P : 0.05900499933199123
[2020-05-13 17:54:01,918]: R : 0.058737688663657674
[2020-05-13 17:54:01,918]: K : 0.05785423926444668
[2020-05-13 17:54:01,918]: V : 0.055685044598915684
[2020-05-13 17:54:01,918]: A : 0.055222362378023644
[2020-05-13 17:54:01,918]: G : 0.054564162593367854
[2020-05-13 17:54:01,918]: Y : 0.0524498555681438
[2020-05-13 17:54:01,918]: E : 0.05081527726304265
[2020-05-13 17:54:01,918]: L : 0.050182024072653944
[2020-05-13 17:54:01,919]: W : 0.04964389930330848
[2020-05-13 17:54:01,919]: H : 0.04785363841209781
[2020-05-13 17:54:01,919]: S : 0.04710131699766043
[2020-05-13 17:54:01,919]: N : 0.04666339055139775
[2020-05-13 17:54:01,919]: T : 0.04589818410126548
[2020-05-13 17:54:01,919]: I : 0.04467105859144646
[2020-05-13 17:54:01,919]: M : 0.03928569420859352
[2020-05-13 17:54:01,919]: D : 0.032500175327268704
[2020-05-13 17:54:01,919]: F : 0.027557910165919488
[2020-05-13 17:54:01,946]: Start dimension reduction ...
[2020-05-13 17:54:08,734]: length=1 f1=0.3174 accuarcy=0.3562 precision=0.2906 recall=0.3562 auc=0.4605 
[2020-05-13 17:54:11,936]: length=2 f1=0.4085 accuarcy=0.3973 precision=0.4221 recall=0.3973 auc=0.5267 
[2020-05-13 17:54:13,566]: length=3 f1=0.4016 accuarcy=0.4110 precision=0.3971 recall=0.4110 auc=0.5415 
[2020-05-13 17:54:15,595]: length=4 f1=0.3771 accuarcy=0.3836 precision=0.3716 recall=0.3836 auc=0.5129 
[2020-05-13 17:54:16,761]: length=5 f1=0.3943 accuarcy=0.3973 precision=0.4072 recall=0.3973 auc=0.5525 
[2020-05-13 17:54:17,881]: length=6 f1=0.4611 accuarcy=0.4658 precision=0.4576 recall=0.4658 auc=0.5796 
[2020-05-13 17:54:18,676]: length=7 f1=0.4486 accuarcy=0.4521 precision=0.4471 recall=0.4521 auc=0.5733 
[2020-05-13 17:54:19,625]: length=8 f1=0.5007 accuarcy=0.5068 precision=0.4984 recall=0.5068 auc=0.6079 
[2020-05-13 17:54:20,652]: length=9 f1=0.5260 accuarcy=0.5342 precision=0.5224 recall=0.5342 auc=0.6313 
[2020-05-13 17:54:21,636]: length=10 f1=0.5326 accuarcy=0.5342 precision=0.5322 recall=0.5342 auc=0.6358 
[2020-05-13 17:54:22,521]: length=11 f1=0.4662 accuarcy=0.4658 precision=0.4673 recall=0.4658 auc=0.5846 
[2020-05-13 17:54:23,672]: length=12 f1=0.4911 accuarcy=0.4932 precision=0.4893 recall=0.4932 auc=0.5969 
[2020-05-13 17:54:24,745]: length=13 f1=0.5006 accuarcy=0.5068 precision=0.4984 recall=0.5068 auc=0.5973 
[2020-05-13 17:54:25,835]: length=14 f1=0.4565 accuarcy=0.4521 precision=0.4620 recall=0.4521 auc=0.5663 
[2020-05-13 17:54:26,570]: length=15 f1=0.4200 accuarcy=0.4384 precision=0.4053 recall=0.4384 auc=0.5468 
[2020-05-13 17:54:27,823]: length=16 f1=0.4635 accuarcy=0.4795 precision=0.4531 recall=0.4795 auc=0.5767 
[2020-05-13 17:54:28,902]: length=17 f1=0.4492 accuarcy=0.4658 precision=0.4416 recall=0.4658 auc=0.5629 
[2020-05-13 17:54:29,347]: length=18 f1=0.4914 accuarcy=0.5068 precision=0.4913 recall=0.5068 auc=0.5897 
[2020-05-13 17:54:29,832]: length=19 f1=0.4291 accuarcy=0.4521 precision=0.4164 recall=0.4521 auc=0.5456 
[2020-05-13 17:54:30,585]: length=20 f1=0.4201 accuarcy=0.4658 precision=0.4445 recall=0.4658 auc=0.5299 
[2020-05-13 17:54:30,586]: ----------
[2020-05-13 17:54:30,586]: the max f1 = 0.5326
[2020-05-13 17:54:30,586]: ['Q' 'C' 'P' 'R' 'K' 'V' 'A' 'G' 'Y' 'E'],length = 10
[2020-05-13 17:54:30,587]: -----------
[2020-05-13 17:54:31,065]: ***confusion matrix***
