[2020-05-08 21:20:40,293]: ---mrmd 2.0 start----
[2020-05-08 21:20:41,020]: ANOVA start...
[2020-05-08 21:20:41,023]: ANOVA end.
[2020-05-08 21:20:41,023]: mic start...
[2020-05-08 21:20:41,237]: mic end.
[2020-05-08 21:20:41,238]: mrmd start...
[2020-05-08 21:20:41,264]: mrmd end.
[2020-05-08 21:20:41,265]: mRMR start...
[2020-05-08 21:20:41,303]: mRMR end.
[2020-05-08 21:20:41,304]: lasso start...
[2020-05-08 21:20:41,321]: lasso end.
[2020-05-08 21:20:41,322]: chi2 start...
[2020-05-08 21:20:41,337]: chi2 end.
[2020-05-08 21:20:41,338]: ref start...
[2020-05-08 21:20:41,408]: ref end.
[2020-05-08 21:20:41,431]: Start dimension reduction ...
[2020-05-08 21:20:44,871]: length=1 f1=0.4603 accuarcy=0.4795 precision=0.4578 recall=0.4795 auc=0.5627 
[2020-05-08 21:20:45,678]: length=2 f1=0.4257 accuarcy=0.4247 precision=0.4276 recall=0.4247 auc=0.5587 
[2020-05-08 21:20:46,487]: length=3 f1=0.5289 accuarcy=0.5342 precision=0.5255 recall=0.5342 auc=0.6304 
[2020-05-08 21:20:46,793]: length=4 f1=0.4477 accuarcy=0.4521 precision=0.4460 recall=0.4521 auc=0.5615 
[2020-05-08 21:20:47,096]: length=5 f1=0.5344 accuarcy=0.5479 precision=0.5256 recall=0.5479 auc=0.6314 
[2020-05-08 21:20:47,390]: length=6 f1=0.5884 accuarcy=0.6027 precision=0.5858 recall=0.6027 auc=0.6659 
[2020-05-08 21:20:47,683]: length=7 f1=0.5405 accuarcy=0.5479 precision=0.5348 recall=0.5479 auc=0.6359 
[2020-05-08 21:20:47,976]: length=8 f1=0.5286 accuarcy=0.5479 precision=0.5153 recall=0.5479 auc=0.6264 
[2020-05-08 21:20:48,269]: length=9 f1=0.4738 accuarcy=0.4795 precision=0.4698 recall=0.4795 auc=0.5862 
[2020-05-08 21:20:48,565]: length=10 f1=0.4796 accuarcy=0.4932 precision=0.4703 recall=0.4932 auc=0.5860 
[2020-05-08 21:20:48,860]: length=11 f1=0.5434 accuarcy=0.5479 precision=0.5491 recall=0.5479 auc=0.6260 
[2020-05-08 21:20:49,160]: length=12 f1=0.5434 accuarcy=0.5479 precision=0.5485 recall=0.5479 auc=0.6294 
[2020-05-08 21:20:49,458]: length=13 f1=0.4940 accuarcy=0.5068 precision=0.4950 recall=0.5068 auc=0.5899 
[2020-05-08 21:20:49,757]: length=14 f1=0.4695 accuarcy=0.4932 precision=0.4741 recall=0.4932 auc=0.5697 
[2020-05-08 21:20:50,058]: length=15 f1=0.4693 accuarcy=0.5068 precision=0.4562 recall=0.5068 auc=0.5779 
[2020-05-08 21:20:50,351]: length=16 f1=0.4542 accuarcy=0.4932 precision=0.4525 recall=0.4932 auc=0.5630 
[2020-05-08 21:20:50,646]: length=17 f1=0.4512 accuarcy=0.4658 precision=0.4469 recall=0.4658 auc=0.5572 
[2020-05-08 21:20:51,021]: length=18 f1=0.4528 accuarcy=0.4795 precision=0.4398 recall=0.4795 auc=0.5644 
[2020-05-08 21:20:51,315]: length=19 f1=0.4217 accuarcy=0.4384 precision=0.4195 recall=0.4384 auc=0.5351 
[2020-05-08 21:20:51,611]: length=20 f1=0.4028 accuarcy=0.4247 precision=0.4053 recall=0.4247 auc=0.5182 
[2020-05-08 21:20:51,611]: ----------
[2020-05-08 21:20:51,611]: the max f1 = 0.5884
[2020-05-08 21:20:51,612]: ['T' 'R' 'S' 'C' 'Y' 'E'],length = 6
[2020-05-08 21:20:51,612]: -----------
[2020-05-08 21:20:51,905]: ***confusion matrix***
[2020-05-08 21:20:51,905]:                pos_class      neg_class      
[2020-05-08 21:20:51,905]: pos_class      TP:15             FN:1              
[2020-05-08 21:20:51,905]: neg_class      FP:1              TN:4              
[2020-05-08 21:20:51,907]: f1 =0.5884 
[2020-05-08 21:20:51,908]: accuarcy = 0.6027 
[2020-05-08 21:20:51,909]: precision =0.5858 
[2020-05-08 21:20:51,911]: recall =0.6027
[2020-05-08 21:20:51,916]: auc = 0.6659
[2020-05-08 21:20:51,922]: -----------
[2020-05-08 21:20:51,922]: The output by the terminal's log has been saved in the /home/heshida/pycharm_tmp2/Logs/202005082120.log.
[2020-05-08 21:20:51,922]: metrics have been saved in the /home/heshida/pycharm_tmp2/Results/b.csv.
[2020-05-08 21:20:53,057]: Scatter charts visualized by t-SNE dataset has been saved in the /home/heshida/pycharm_tmp2/Results/test.csv.png.
[2020-05-08 21:20:53,058]: Reduced dimensional dataset has been saved in the /home/heshida/pycharm_tmp2/Results/a.csv.
[2020-05-08 21:20:53,058]: ---mrmd 2.0 end---
