[2020-08-11 09:45:10,738]: ---mrmd 2.0 start----
[2020-08-11 09:45:10,747]: ANOVA start...
[2020-08-11 09:45:10,755]: ANOVA  end.
[2020-08-11 09:45:10,756]: MI start...
[2020-08-11 09:45:10,850]: MI end.
[2020-08-11 09:45:10,850]: mrmd start...
[2020-08-11 09:45:10,878]: mrmd end.
[2020-08-11 09:45:10,878]: mRMR start...
[2020-08-11 09:45:11,003]: linear model start...
[2020-08-11 09:45:11,032]: linear model end.
[2020-08-11 09:45:11,032]: chi2 start...
[2020-08-11 09:45:11,042]: chi2 end.
[2020-08-11 09:45:11,042]: tree feature importance start...
[2020-08-11 09:45:11,236]: tree feature importance  end.
[2020-08-11 09:45:11,236]: F_value start...
[2020-08-11 09:45:11,244]: F_value  end.
[2020-08-11 09:45:11,244]: ref start...
[2020-08-11 09:45:15,145]: ref end.
[2020-08-11 09:45:15,157]: The final  rank is
[2020-08-11 09:45:15,157]: A : 0.07234652501426167
[2020-08-11 09:45:15,157]: Y : 0.07000597841498939
[2020-08-11 09:45:15,157]: C : 0.06449444954283708
[2020-08-11 09:45:15,157]: D : 0.060457690958330056
[2020-08-11 09:45:15,157]: Q : 0.054572177714277796
[2020-08-11 09:45:15,157]: G : 0.05178813283690278
[2020-08-11 09:45:15,157]: S : 0.05152775022598395
[2020-08-11 09:45:15,157]: H : 0.05149138643126165
[2020-08-11 09:45:15,157]: R : 0.04952455619298267
[2020-08-11 09:45:15,157]: L : 0.04873298262961073
[2020-08-11 09:45:15,157]: I : 0.046562858384910526
[2020-08-11 09:45:15,157]: V : 0.046390419020450525
[2020-08-11 09:45:15,157]: M : 0.04637158013377593
[2020-08-11 09:45:15,158]: T : 0.04383027741957639
[2020-08-11 09:45:15,158]: K : 0.04317271458802151
[2020-08-11 09:45:15,158]: N : 0.042206230399148385
[2020-08-11 09:45:15,158]: F : 0.04196348141871024
[2020-08-11 09:45:15,158]: W : 0.04007900925940757
[2020-08-11 09:45:15,158]: E : 0.03966164393900719
[2020-08-11 09:45:15,158]: P : 0.034820155475554
[2020-08-11 09:45:15,171]: Start dimension reduction ...
[2020-08-11 09:45:16,683]: length=1 f1=0.5633 accuarcy=0.5753 precision=0.5692 recall=0.5753 auc=0.5595 
[2020-08-11 09:45:16,697]: length=2 f1=0.6536 accuarcy=0.6575 precision=0.6559 recall=0.6575 auc=0.6477 
[2020-08-11 09:45:16,711]: length=3 f1=0.6231 accuarcy=0.6301 precision=0.6279 recall=0.6301 auc=0.6174 
[2020-08-11 09:45:16,724]: length=4 f1=0.6196 accuarcy=0.6301 precision=0.6292 recall=0.6301 auc=0.6148 
[2020-08-11 09:45:16,737]: length=5 f1=0.8053 accuarcy=0.8082 precision=0.8139 recall=0.8082 auc=0.7985 
[2020-08-11 09:45:16,749]: length=6 f1=0.7627 accuarcy=0.7671 precision=0.7732 recall=0.7671 auc=0.7557 
[2020-08-11 09:45:16,761]: length=7 f1=0.8066 accuarcy=0.8082 precision=0.8100 recall=0.8082 auc=0.8011 
[2020-08-11 09:45:16,774]: length=8 f1=0.8351 accuarcy=0.8356 precision=0.8358 recall=0.8356 auc=0.8314 
[2020-08-11 09:45:16,786]: length=9 f1=0.8491 accuarcy=0.8493 precision=0.8492 recall=0.8493 auc=0.8466 
[2020-08-11 09:45:16,799]: length=10 f1=0.8216 accuarcy=0.8219 precision=0.8217 recall=0.8219 auc=0.8189 
[2020-08-11 09:45:16,812]: length=11 f1=0.8076 accuarcy=0.8082 precision=0.8081 recall=0.8082 auc=0.8038 
[2020-08-11 09:45:16,824]: length=12 f1=0.8216 accuarcy=0.8219 precision=0.8217 recall=0.8219 auc=0.8189 
[2020-08-11 09:45:16,837]: length=13 f1=0.8082 accuarcy=0.8082 precision=0.8082 recall=0.8082 auc=0.8064 
[2020-08-11 09:45:16,849]: length=14 f1=0.8359 accuarcy=0.8356 precision=0.8375 recall=0.8356 auc=0.8367 
[2020-08-11 09:45:16,861]: length=15 f1=0.7942 accuarcy=0.7945 precision=0.7942 recall=0.7945 auc=0.7913 
[2020-08-11 09:45:16,874]: length=16 f1=0.8082 accuarcy=0.8082 precision=0.8082 recall=0.8082 auc=0.8064 
[2020-08-11 09:45:16,887]: length=17 f1=0.7948 accuarcy=0.7945 precision=0.7953 recall=0.7945 auc=0.7939 
[2020-08-11 09:45:16,901]: length=18 f1=0.7668 accuarcy=0.7671 precision=0.7667 recall=0.7671 auc=0.7636 
[2020-08-11 09:45:16,914]: length=19 f1=0.8209 accuarcy=0.8219 precision=0.8227 recall=0.8219 auc=0.8163 
[2020-08-11 09:45:16,927]: length=20 f1=0.8485 accuarcy=0.8493 precision=0.8505 recall=0.8493 auc=0.8439 
[2020-08-11 09:45:16,927]: ----------
[2020-08-11 09:45:16,927]: the max f1 = 0.8491
[2020-08-11 09:45:16,927]: ['A' 'Y' 'C' 'D' 'Q' 'G' 'S' 'H' 'R'],length = 9
[2020-08-11 09:45:16,928]: -----------
[2020-08-11 09:45:16,953]: ***confusion matrix***
Predicted  0.0  1.0
Actual             
0.0         35    5
1.0          6   27
[2020-08-11 09:45:16,954]: f1 =0.8491 
[2020-08-11 09:45:16,954]: accuarcy = 0.8493 
[2020-08-11 09:45:16,955]: precision =0.8492 
[2020-08-11 09:45:16,955]: recall =0.8493
[2020-08-11 09:45:16,956]: auc = 0.8466
[2020-08-11 09:45:16,962]: -----------
[2020-08-11 09:45:16,962]: The output by the terminal's log has been saved in the C:\Users\Administer\Desktop\工作\MRMD3.0\Logs\202008110945.log.
[2020-08-11 09:45:16,962]: metrics have been saved in the C:\Users\Administer\Desktop\工作\MRMD3.0\Results\test.metrics.csv.
[2020-08-11 09:45:16,963]: Reduced dimensional dataset has been saved in the C:\Users\Administer\Desktop\工作\MRMD3.0\Results\out.csv.
[2020-08-11 09:45:16,963]: ---mrmd 2.0 end---
