[2020-05-07 19:06:11,824]: ---mrmd 2.0 start----
[2020-05-07 19:06:15,110]: ANOVA start...
[2020-05-07 19:06:15,114]: ANOVA end.
[2020-05-07 19:06:15,115]: mic start...
[2020-05-07 19:06:27,630]: mic end.
[2020-05-07 19:06:27,631]: mrmd start...
[2020-05-07 19:06:27,646]: mrmd end.
[2020-05-07 19:06:27,646]: mRMR start...
[2020-05-07 19:06:28,585]: mRMR end.
[2020-05-07 19:06:28,585]: lasso start...
[2020-05-07 19:06:29,316]: lasso end.
[2020-05-07 19:06:29,316]: chi2 start...
[2020-05-07 19:06:29,761]: chi2 end.
[2020-05-07 19:06:29,762]: ref start...
[2020-05-07 19:06:29,839]: ref end.
[2020-05-07 19:06:29,841]: rank start ...
[2020-05-07 19:06:29,844]: The final  rank is
[2020-05-07 19:06:29,844]: K : 0.0657
[2020-05-07 19:06:29,845]: T : 0.0634
[2020-05-07 19:06:29,845]: R : 0.0602
[2020-05-07 19:06:29,845]: I : 0.0582
[2020-05-07 19:06:29,845]: Q : 0.0574
[2020-05-07 19:06:29,845]: A : 0.0569
[2020-05-07 19:06:29,845]: E : 0.0557
[2020-05-07 19:06:29,845]: V : 0.0541
[2020-05-07 19:06:29,845]: G : 0.0517
[2020-05-07 19:06:29,845]: Y : 0.0508
[2020-05-07 19:06:29,845]: P : 0.0497
[2020-05-07 19:06:29,845]: S : 0.0474
[2020-05-07 19:06:29,846]: C : 0.0472
[2020-05-07 19:06:29,846]: W : 0.0463
[2020-05-07 19:06:29,846]: N : 0.0440
[2020-05-07 19:06:29,846]: D : 0.0427
[2020-05-07 19:06:29,846]: M : 0.0397
[2020-05-07 19:06:29,846]: L : 0.0384
[2020-05-07 19:06:29,846]: H : 0.0360
[2020-05-07 19:06:29,846]: F : 0.0347
[2020-05-07 19:06:29,846]: feature_rank end
[2020-05-07 19:06:29,863]: Start dimension reduction ...
