[2020-08-10 20:40:15,876]: ---mrmd 2.0 start----
[2020-08-10 20:40:15,884]: ANOVA start...
[2020-08-10 20:40:15,893]: ANOVA  end.
[2020-08-10 20:40:15,894]: MI start...
[2020-08-10 20:40:15,998]: MI end.
[2020-08-10 20:40:15,999]: mrmd start...
[2020-08-10 20:40:16,028]: mrmd end.
[2020-08-10 20:40:16,028]: mRMR start...
[2020-08-10 20:40:16,156]: linear model start...
[2020-08-10 20:40:16,171]: linear model end.
[2020-08-10 20:40:16,172]: chi2 start...
[2020-08-10 20:40:16,180]: chi2 end.
[2020-08-10 20:40:16,180]: tree feature importance start...
[2020-08-10 20:40:16,556]: tree feature importance  end.
[2020-08-10 20:40:16,556]: F_value start...
[2020-08-10 20:40:16,564]: F_value  end.
[2020-08-10 20:40:16,564]: ref start...
[2020-08-10 20:40:23,922]: ref end.
[2020-08-10 20:40:23,938]: The final  rank is
[2020-08-10 20:40:23,938]: G : 0.060568492320049294
[2020-08-10 20:40:23,938]: P : 0.05837914571126021
[2020-08-10 20:40:23,938]: C : 0.05739675919009132
[2020-08-10 20:40:23,938]: Q : 0.056672637789412075
[2020-08-10 20:40:23,938]: S : 0.05627200238773844
[2020-08-10 20:40:23,938]: K : 0.053945284110377925
[2020-08-10 20:40:23,938]: L : 0.05300246301869314
[2020-08-10 20:40:23,939]: M : 0.05192305180690064
[2020-08-10 20:40:23,939]: V : 0.05165730096922154
[2020-08-10 20:40:23,939]: Y : 0.051448025227541216
[2020-08-10 20:40:23,939]: R : 0.05023263265705308
[2020-08-10 20:40:23,939]: N : 0.04897334034543563
[2020-08-10 20:40:23,939]: T : 0.04814601719402963
[2020-08-10 20:40:23,939]: I : 0.04783770076036455
[2020-08-10 20:40:23,939]: E : 0.04645822276919448
[2020-08-10 20:40:23,939]: H : 0.04511860018636518
[2020-08-10 20:40:23,939]: W : 0.04440825113723167
[2020-08-10 20:40:23,940]: A : 0.04416884384964298
[2020-08-10 20:40:23,940]: D : 0.042012980243723685
[2020-08-10 20:40:23,940]: F : 0.03137824832567314
[2020-08-10 20:40:23,953]: Start dimension reduction ...
[2020-08-10 20:40:26,425]: length=1 f1=0.4045 accuarcy=0.4521 precision=0.3678 recall=0.4521 auc=0.5327 
[2020-08-10 20:40:26,766]: length=2 f1=0.4555 accuarcy=0.4658 precision=0.4533 recall=0.4658 auc=0.5835 
[2020-08-10 20:40:27,109]: length=3 f1=0.4778 accuarcy=0.4795 precision=0.4773 recall=0.4795 auc=0.5988 
[2020-08-10 20:40:27,445]: length=4 f1=0.3953 accuarcy=0.4110 precision=0.3871 recall=0.4110 auc=0.5279 
[2020-08-10 20:40:27,814]: length=5 f1=0.3589 accuarcy=0.3562 precision=0.3643 recall=0.3562 auc=0.5082 
[2020-08-10 20:40:28,139]: length=6 f1=0.3699 accuarcy=0.3699 precision=0.3699 recall=0.3699 auc=0.5064 
[2020-08-10 20:40:28,443]: length=7 f1=0.3801 accuarcy=0.3836 precision=0.3771 recall=0.3836 auc=0.5139 
[2020-08-10 20:40:28,778]: length=8 f1=0.3974 accuarcy=0.4110 precision=0.3898 recall=0.4110 auc=0.5218 
[2020-08-10 20:40:29,074]: length=9 f1=0.3713 accuarcy=0.3836 precision=0.3654 recall=0.3836 auc=0.4985 
[2020-08-10 20:40:29,362]: length=10 f1=0.4436 accuarcy=0.4521 precision=0.4378 recall=0.4521 auc=0.5608 
[2020-08-10 20:40:29,661]: length=11 f1=0.4707 accuarcy=0.4795 precision=0.4673 recall=0.4795 auc=0.5845 
[2020-08-10 20:40:29,958]: length=12 f1=0.4285 accuarcy=0.4521 precision=0.4128 recall=0.4521 auc=0.5499 
[2020-08-10 20:40:30,251]: length=13 f1=0.4616 accuarcy=0.4658 precision=0.4615 recall=0.4658 auc=0.5741 
[2020-08-10 20:40:30,580]: length=14 f1=0.4218 accuarcy=0.4384 precision=0.4142 recall=0.4384 auc=0.5406 
[2020-08-10 20:40:30,884]: length=15 f1=0.4783 accuarcy=0.4932 precision=0.4766 recall=0.4932 auc=0.5817 
[2020-08-10 20:40:31,203]: length=16 f1=0.4531 accuarcy=0.4658 precision=0.4474 recall=0.4658 auc=0.5703 
[2020-08-10 20:40:31,507]: length=17 f1=0.4381 accuarcy=0.4658 precision=0.4459 recall=0.4658 auc=0.5501 
[2020-08-10 20:40:31,800]: length=18 f1=0.4703 accuarcy=0.4932 precision=0.4533 recall=0.4932 auc=0.5828 
[2020-08-10 20:40:32,096]: length=19 f1=0.4521 accuarcy=0.4795 precision=0.4561 recall=0.4795 auc=0.5583 
[2020-08-10 20:40:32,388]: length=20 f1=0.4773 accuarcy=0.4932 precision=0.4914 recall=0.4932 auc=0.5718 
[2020-08-10 20:40:32,388]: ----------
[2020-08-10 20:40:32,388]: the max f1 = 0.4783
[2020-08-10 20:40:32,389]: ['G' 'P' 'C' 'Q' 'S' 'K' 'L' 'M' 'V' 'Y' 'R' 'N' 'T' 'I' 'E'],length = 15
[2020-08-10 20:40:32,389]: -----------
[2020-08-10 20:40:32,710]: ***confusion matrix***
Predicted  0.0  1.0  2.0
Actual                  
0.0          3    1   13
1.0          0   12    9
2.0          7    7   21
[2020-08-10 20:40:32,711]: f1 =0.4783 
[2020-08-10 20:40:32,711]: accuarcy = 0.4932 
[2020-08-10 20:40:32,712]: precision =0.4766 
[2020-08-10 20:40:32,713]: recall =0.4932
[2020-08-10 20:40:32,715]: auc = 0.5817
[2020-08-10 20:40:32,722]: -----------
[2020-08-10 20:40:32,722]: The output by the terminal's log has been saved in the C:\Users\Administer\Desktop\工作\MRMD3.0\Logs\202008102040.log.
[2020-08-10 20:40:32,722]: metrics have been saved in the C:\Users\Administer\Desktop\工作\MRMD3.0\Results\test.metrics.csv.
[2020-08-10 20:40:32,722]: Reduced dimensional dataset has been saved in the C:\Users\Administer\Desktop\工作\MRMD3.0\Results\out.csv.
[2020-08-10 20:40:32,722]: ---mrmd 2.0 end---
