[2020-05-09 10:27:49,895]: ---mrmd 2.0 start----
[2020-05-09 10:27:50,647]: ANOVA start...
[2020-05-09 10:27:50,650]: ANOVA end.
[2020-05-09 10:27:50,650]: mic start...
[2020-05-09 10:27:50,862]: mic end.
[2020-05-09 10:27:50,862]: mrmd start...
[2020-05-09 10:27:50,889]: mrmd end.
[2020-05-09 10:27:50,890]: mRMR start...
[2020-05-09 10:27:50,927]: mRMR end.
[2020-05-09 10:27:50,928]: lasso start...
[2020-05-09 10:27:50,945]: lasso end.
[2020-05-09 10:27:50,945]: chi2 start...
[2020-05-09 10:27:50,961]: chi2 end.
[2020-05-09 10:27:50,961]: ref start...
[2020-05-09 10:27:51,033]: ref end.
[2020-05-09 10:27:51,041]: The final  rank is
[2020-05-09 10:27:51,041]: R : 0.06605347595728644
[2020-05-09 10:27:51,041]: T : 0.06558121834760403
[2020-05-09 10:27:51,041]: S : 0.06502499564640625
[2020-05-09 10:27:51,041]: C : 0.06437515748315642
[2020-05-09 10:27:51,041]: Y : 0.06361047219594917
[2020-05-09 10:27:51,042]: E : 0.06271067715089665
[2020-05-09 10:27:51,042]: Q : 0.0616519348302555
[2020-05-09 10:27:51,042]: W : 0.06040620204681271
[2020-05-09 10:27:51,042]: A : 0.05894048784859934
[2020-05-09 10:27:51,042]: K : 0.057215980471402375
[2020-05-09 10:27:51,042]: I : 0.055187020230237166
[2020-05-09 10:27:51,042]: P : 0.052799891162935944
[2020-05-09 10:27:51,042]: V : 0.04999139944135403
[2020-05-09 10:27:51,042]: N : 0.046687200921397436
[2020-05-09 10:27:51,043]: L : 0.0427998335627278
[2020-05-09 10:27:51,043]: H : 0.03822640263682678
[2020-05-09 10:27:51,043]: M : 0.03284585745131274
[2020-05-09 10:27:51,043]: G : 0.026515787505709494
[2020-05-09 10:27:51,043]: F : 0.019068653273054674
[2020-05-09 10:27:51,043]: D : 0.010307351836075132
[2020-05-09 10:27:51,065]: Start dimension reduction ...
[2020-05-09 10:27:54,315]: length=1 f1=0.3200 accuarcy=0.3288 precision=0.3285 recall=0.3288 auc=0.4518 
[2020-05-09 10:27:55,109]: length=2 f1=0.4251 accuarcy=0.4247 precision=0.4257 recall=0.4247 auc=0.5573 
[2020-05-09 10:27:55,893]: length=3 f1=0.4915 accuarcy=0.4932 precision=0.4902 recall=0.4932 auc=0.6054 
[2020-05-09 10:27:56,666]: length=4 f1=0.4882 accuarcy=0.4932 precision=0.4855 recall=0.4932 auc=0.6001 
[2020-05-09 10:27:56,974]: length=5 f1=0.5207 accuarcy=0.5479 precision=0.5108 recall=0.5479 auc=0.6202 
[2020-05-09 10:27:57,271]: length=6 f1=0.5764 accuarcy=0.5890 precision=0.5696 recall=0.5890 auc=0.6625 
[2020-05-09 10:27:57,567]: length=7 f1=0.5271 accuarcy=0.5342 precision=0.5217 recall=0.5342 auc=0.6247 
[2020-05-09 10:27:57,866]: length=8 f1=0.5250 accuarcy=0.5479 precision=0.5104 recall=0.5479 auc=0.6262 
[2020-05-09 10:27:58,160]: length=9 f1=0.4820 accuarcy=0.4932 precision=0.4760 recall=0.4932 auc=0.5877 
[2020-05-09 10:27:58,459]: length=10 f1=0.5558 accuarcy=0.5616 precision=0.5605 recall=0.5616 auc=0.6351 
[2020-05-09 10:27:58,760]: length=11 f1=0.5588 accuarcy=0.5616 precision=0.5615 recall=0.5616 auc=0.6397 
[2020-05-09 10:27:59,054]: length=12 f1=0.4770 accuarcy=0.4795 precision=0.4748 recall=0.4795 auc=0.5890 
[2020-05-09 10:27:59,347]: length=13 f1=0.4940 accuarcy=0.5068 precision=0.4892 recall=0.5068 auc=0.5974 
[2020-05-09 10:27:59,643]: length=14 f1=0.4649 accuarcy=0.4795 precision=0.4652 recall=0.4795 auc=0.5694 
[2020-05-09 10:27:59,937]: length=15 f1=0.4727 accuarcy=0.5068 precision=0.4598 recall=0.5068 auc=0.5782 
[2020-05-09 10:28:00,232]: length=16 f1=0.4793 accuarcy=0.5068 precision=0.4875 recall=0.5068 auc=0.5774 
[2020-05-09 10:28:00,530]: length=17 f1=0.4377 accuarcy=0.4521 precision=0.4294 recall=0.4521 auc=0.5486 
[2020-05-09 10:28:00,893]: length=18 f1=0.5047 accuarcy=0.5342 precision=0.5080 recall=0.5342 auc=0.5989 
[2020-05-09 10:28:01,190]: length=19 f1=0.4742 accuarcy=0.4932 precision=0.4635 recall=0.4932 auc=0.5844 
[2020-05-09 10:28:01,492]: length=20 f1=0.4455 accuarcy=0.4658 precision=0.4513 recall=0.4658 auc=0.5496 
[2020-05-09 10:28:01,492]: ----------
[2020-05-09 10:28:01,492]: the max f1 = 0.5764
[2020-05-09 10:28:01,493]: ['R' 'T' 'S' 'C' 'Y' 'E'],length = 6
[2020-05-09 10:28:01,493]: -----------
[2020-05-09 10:28:01,778]: ***confusion matrix***
[2020-05-09 10:28:01,778]:                pos_class      neg_class      
[2020-05-09 10:28:01,779]: pos_class      TP:16             FN:1              
[2020-05-09 10:28:01,779]: neg_class      FP:1              TN:4              
[2020-05-09 10:28:01,781]: f1 =0.5764 
[2020-05-09 10:28:01,781]: accuarcy = 0.5890 
[2020-05-09 10:28:01,783]: precision =0.5696 
[2020-05-09 10:28:01,785]: recall =0.5890
[2020-05-09 10:28:01,790]: auc = 0.6625
[2020-05-09 10:28:01,795]: -----------
[2020-05-09 10:28:01,795]: The output by the terminal's log has been saved in the /home/heshida/pycharm_tmp2/Logs/202005091027.log.
[2020-05-09 10:28:01,796]: metrics have been saved in the /home/heshida/pycharm_tmp2/Results/b.csv.
[2020-05-09 10:28:02,925]: Scatter charts visualized by t-SNE dataset has been saved in the /home/heshida/pycharm_tmp2/Results/test.csv.png.
[2020-05-09 10:28:02,925]: Reduced dimensional dataset has been saved in the /home/heshida/pycharm_tmp2/Results/a.csv.
[2020-05-09 10:28:02,925]: ---mrmd 2.0 end---
