[2020-05-08 10:34:54,799]: ---mrmd 2.0 start----
[2020-05-08 10:34:55,555]: ANOVA start...
[2020-05-08 10:34:55,557]: ANOVA end.
[2020-05-08 10:34:55,558]: mic start...
[2020-05-08 10:34:55,777]: mic end.
[2020-05-08 10:34:55,777]: mrmd start...
[2020-05-08 10:34:55,805]: mrmd end.
[2020-05-08 10:34:55,805]: mRMR start...
[2020-05-08 10:34:55,847]: mRMR end.
[2020-05-08 10:34:55,847]: lasso start...
[2020-05-08 10:34:55,865]: lasso end.
[2020-05-08 10:34:55,865]: chi2 start...
[2020-05-08 10:34:55,881]: chi2 end.
[2020-05-08 10:34:55,882]: ref start...
[2020-05-08 10:34:55,948]: ref end.
[2020-05-08 10:34:55,950]: rank start ...
[2020-05-08 10:34:55,952]: The final  rank is
[2020-05-08 10:34:55,953]: K : 0.0657
[2020-05-08 10:34:55,953]: T : 0.0634
[2020-05-08 10:34:55,953]: R : 0.0602
[2020-05-08 10:34:55,953]: I : 0.0582
[2020-05-08 10:34:55,953]: Q : 0.0574
[2020-05-08 10:34:55,953]: A : 0.0569
[2020-05-08 10:34:55,953]: E : 0.0557
[2020-05-08 10:34:55,953]: V : 0.0541
[2020-05-08 10:34:55,954]: G : 0.0517
[2020-05-08 10:34:55,954]: Y : 0.0508
[2020-05-08 10:34:55,954]: P : 0.0497
[2020-05-08 10:34:55,954]: S : 0.0474
[2020-05-08 10:34:55,954]: C : 0.0472
[2020-05-08 10:34:55,954]: W : 0.0463
[2020-05-08 10:34:55,954]: N : 0.0440
[2020-05-08 10:34:55,954]: D : 0.0427
[2020-05-08 10:34:55,954]: M : 0.0397
[2020-05-08 10:34:55,955]: L : 0.0384
[2020-05-08 10:34:55,955]: H : 0.0360
[2020-05-08 10:34:55,955]: F : 0.0347
[2020-05-08 10:34:55,955]: feature_rank end
[2020-05-08 10:34:55,955]: ANOVA start...
[2020-05-08 10:34:55,958]: ANOVA end.
[2020-05-08 10:34:55,958]: mic start...
[2020-05-08 10:34:56,163]: mic end.
[2020-05-08 10:34:56,163]: mrmd start...
[2020-05-08 10:34:56,190]: mrmd end.
[2020-05-08 10:34:56,190]: mRMR start...
[2020-05-08 10:34:56,231]: mRMR end.
[2020-05-08 10:34:56,231]: lasso start...
[2020-05-08 10:34:56,249]: lasso end.
[2020-05-08 10:34:56,249]: chi2 start...
[2020-05-08 10:34:56,264]: chi2 end.
[2020-05-08 10:34:56,265]: ref start...
[2020-05-08 10:34:56,339]: ref end.
[2020-05-08 10:34:56,362]: Start dimension reduction ...
[2020-05-08 10:34:59,623]: length=1 f1=0.4422 accuarcy=0.4521 precision=0.4432 recall=0.4521 auc=0.5539 
[2020-05-08 10:35:00,424]: length=2 f1=0.4471 accuarcy=0.4521 precision=0.4441 recall=0.4521 auc=0.5643 
[2020-05-08 10:35:01,226]: length=3 f1=0.3985 accuarcy=0.4110 precision=0.3928 recall=0.4110 auc=0.5257 
[2020-05-08 10:35:01,537]: length=4 f1=0.3221 accuarcy=0.3288 precision=0.3200 recall=0.3288 auc=0.4630 
[2020-05-08 10:35:01,834]: length=5 f1=0.3905 accuarcy=0.3973 precision=0.3881 recall=0.3973 auc=0.5155 
[2020-05-08 10:35:02,140]: length=6 f1=0.4117 accuarcy=0.4247 precision=0.4100 recall=0.4247 auc=0.5311 
[2020-05-08 10:35:02,436]: length=7 f1=0.4309 accuarcy=0.4384 precision=0.4274 recall=0.4384 auc=0.5452 
[2020-05-08 10:35:02,736]: length=8 f1=0.4712 accuarcy=0.4795 precision=0.4750 recall=0.4795 auc=0.5743 
[2020-05-08 10:35:03,033]: length=9 f1=0.4809 accuarcy=0.4932 precision=0.4733 recall=0.4932 auc=0.5869 
[2020-05-08 10:35:03,328]: length=10 f1=0.5219 accuarcy=0.5205 precision=0.5263 recall=0.5205 auc=0.6184 
[2020-05-08 10:35:03,637]: length=11 f1=0.5130 accuarcy=0.5205 precision=0.5093 recall=0.5205 auc=0.6130 
[2020-05-08 10:35:03,950]: length=12 f1=0.4823 accuarcy=0.4932 precision=0.4796 recall=0.4932 auc=0.5833 
[2020-05-08 10:35:04,315]: length=13 f1=0.4884 accuarcy=0.4932 precision=0.4879 recall=0.4932 auc=0.5898 
[2020-05-08 10:35:04,611]: length=14 f1=0.4948 accuarcy=0.5068 precision=0.4880 recall=0.5068 auc=0.5968 
[2020-05-08 10:35:04,908]: length=15 f1=0.5383 accuarcy=0.5479 precision=0.5363 recall=0.5479 auc=0.6287 
[2020-05-08 10:35:05,204]: length=16 f1=0.4807 accuarcy=0.4932 precision=0.4793 recall=0.4932 auc=0.5819 
[2020-05-08 10:35:05,501]: length=17 f1=0.4492 accuarcy=0.4658 precision=0.4416 recall=0.4658 auc=0.5629 
[2020-05-08 10:35:05,800]: length=18 f1=0.4854 accuarcy=0.5068 precision=0.5020 recall=0.5068 auc=0.5793 
[2020-05-08 10:35:06,099]: length=19 f1=0.4660 accuarcy=0.4932 precision=0.4677 recall=0.4932 auc=0.5706 
[2020-05-08 10:35:06,395]: length=20 f1=0.4517 accuarcy=0.4795 precision=0.4401 recall=0.4795 auc=0.5613 
[2020-05-08 10:35:06,395]: ----------
[2020-05-08 10:35:06,395]: the max f1 = 0.5383
[2020-05-08 10:35:06,396]: ['K' 'T' 'R' 'I' 'Q' 'A' 'E' 'V' 'G' 'Y' 'P' 'S' 'C' 'W' 'N'],length = 15
[2020-05-08 10:35:06,396]: -----------
[2020-05-08 10:35:06,680]: ***confusion matrix***
[2020-05-08 10:35:06,681]:                pos_class      neg_class      
[2020-05-08 10:35:06,681]: pos_class      TP:14             FN:0              
[2020-05-08 10:35:06,681]: neg_class      FP:1              TN:4              
[2020-05-08 10:35:06,683]: f1 =0.5383 
[2020-05-08 10:35:06,684]: accuarcy = 0.5479 
[2020-05-08 10:35:06,685]: precision =0.5363 
[2020-05-08 10:35:06,687]: recall =0.5479
[2020-05-08 10:35:06,692]: auc = 0.6287
[2020-05-08 10:35:06,699]: -----------
[2020-05-08 10:35:06,699]: The output by the terminal's log has been saved in the /home/heshida/pycharm_tmp2/Logs/202005081034.log.
[2020-05-08 10:35:06,699]: metrics have been saved in the /home/heshida/pycharm_tmp2/Results/b.csv.
[2020-05-08 10:35:07,832]: Scatter charts visualized by t-SNE dataset has been saved in the /home/heshida/pycharm_tmp2/Results/test.csv.png.
[2020-05-08 10:35:07,832]: Reduced dimensional dataset has been saved in the /home/heshida/pycharm_tmp2/Results/a.csv.
[2020-05-08 10:35:07,833]: ---mrmd 2.0 end---
