[2020-05-15 00:24:19,999]: ---mrmd 2.0 start----
[2020-05-15 00:25:45,938]: ANOVA start...
[2020-05-15 00:25:47,808]: ANOVA  end.
[2020-05-15 00:25:47,808]: mic start...
[2020-05-15 00:26:07,146]: mic  end.
[2020-05-15 00:26:07,147]: mrmd start...
[2020-05-15 00:26:41,440]: mrmd end.
[2020-05-15 00:26:41,443]: mRMR start...
[2020-05-15 00:46:42,081]: mRMR end.
[2020-05-15 00:46:42,081]: lasso start...
[2020-05-15 00:46:44,734]: lasso end.
[2020-05-15 00:46:44,735]: chi2 start...
[2020-05-15 00:46:46,466]: chi2 end.
[2020-05-15 00:46:46,472]: ANOVA start...
[2020-05-15 00:46:48,245]: ANOVA  end.
[2020-05-15 00:46:48,245]: ref start...
[2020-05-15 01:23:26,863]: ref end.
[2020-05-15 01:23:30,208]: The final  rank is
[2020-05-15 01:23:30,209]: blosum62.F62 : 0.0027066546073480943
[2020-05-15 01:23:30,209]: blosum62.F53 : 0.002697540410629206
[2020-05-15 01:23:30,209]: blosum62.F159 : 0.002696084354209524
[2020-05-15 01:23:30,209]: 6_G : 0.00268704368421188
[2020-05-15 01:23:30,209]: 1_A : 0.0026817460007306513
[2020-05-15 01:23:30,209]: blosum62.F11 : 0.0026778862975441564
[2020-05-15 01:23:30,209]: blosum62.F50 : 0.002673460409349735
[2020-05-15 01:23:30,209]: blosum62.F209 : 0.002672525221363705
[2020-05-15 01:23:30,209]: 10_C : 0.002672130850682203
[2020-05-15 01:23:30,210]: blosum62.F216 : 0.002661628807207431
[2020-05-15 01:23:30,210]: 4_E : 0.002660973560491216
[2020-05-15 01:23:30,210]: blosum62.F195 : 0.0026549377653360415
[2020-05-15 01:23:30,210]: blosum62.F20 : 0.0026533335041297908
[2020-05-15 01:23:30,210]: blosum62.F219 : 0.002651795818012887
[2020-05-15 01:23:30,210]: blosum62.F208 : 0.0026497681048691353
[2020-05-15 01:23:30,210]: 8_N : 0.002648187787736349
[2020-05-15 01:23:30,210]: blosum62.F123 : 0.002647853857033994
[2020-05-15 01:23:30,211]: blosum62.F59 : 0.0026464872846292268
[2020-05-15 01:23:30,211]: blosum62.F199 : 0.0026335351169613466
[2020-05-15 01:23:30,211]: blosum62.F76 : 0.002629514673236279
[2020-05-15 01:23:30,211]: blosum62.F182 : 0.002627922392879626
[2020-05-15 01:23:30,211]: blosum62.F92 : 0.0026235306355424904
[2020-05-15 01:23:30,211]: blosum62.F186 : 0.0026219925239772115
[2020-05-15 01:23:30,211]: blosum62.F143 : 0.0026175640290076753
[2020-05-15 01:23:30,211]: blosum62.F2 : 0.0026142727131454407
[2020-05-15 01:23:30,211]: blosum62.F95 : 0.0026110439891782054
[2020-05-15 01:23:30,212]: blosum62.F167 : 0.0026059957155051034
[2020-05-15 01:23:30,212]: blosum62.F28 : 0.002603600626930712
[2020-05-15 01:23:30,212]: blosum62.F8 : 0.0026034498976809524
[2020-05-15 01:23:30,212]: blosum62.F163 : 0.002598865039413018
[2020-05-15 01:23:30,212]: blosum62.F12 : 0.0025979036475385375
[2020-05-15 01:23:30,212]: blosum62.F25 : 0.002597260394507851
[2020-05-15 01:23:30,212]: blosum62.F144 : 0.002595880748978477
[2020-05-15 01:23:30,212]: blosum62.F47 : 0.00258751893945336
[2020-05-15 01:23:30,212]: blosum62.F174 : 0.002586275599721655
[2020-05-15 01:23:30,213]: blosum62.F19 : 0.002585815270995989
[2020-05-15 01:23:30,213]: 6_S : 0.0025816941609983104
[2020-05-15 01:23:30,213]: blosum62.F42 : 0.002581351770286005
[2020-05-15 01:23:30,213]: 9_S : 0.002580235357440597
[2020-05-15 01:23:30,213]: blosum62.F33 : 0.0025771330225053016
[2020-05-15 01:23:30,213]: blosum62.F61 : 0.0025764817637434004
[2020-05-15 01:23:30,213]: blosum62.F146 : 0.002575986926906173
[2020-05-15 01:23:30,213]: blosum62.F145 : 0.0025750410613713023
[2020-05-15 01:23:30,213]: 1_P : 0.0025749122254126906
[2020-05-15 01:23:30,213]: 4_D : 0.0025727213906095317
[2020-05-15 01:23:30,214]: 4_I : 0.002570883612606906
[2020-05-15 01:23:30,214]: blosum62.F6 : 0.0025702518571751208
[2020-05-15 01:23:30,214]: 8_I : 0.0025643937941191436
[2020-05-15 01:23:30,214]: blosum62.F125 : 0.0025638935333517753
[2020-05-15 01:23:30,214]: 0_K : 0.0025627502630783026
[2020-05-15 01:23:30,214]: blosum62.F65 : 0.002561804161926444
[2020-05-15 01:23:30,214]: 0_T : 0.002561623233922997
[2020-05-15 01:23:30,214]: 8_A : 0.002560460099219601
[2020-05-15 01:23:30,214]: blosum62.F99 : 0.002558387137100272
[2020-05-15 01:23:30,214]: blosum62.F10 : 0.002557048401245845
[2020-05-15 01:23:30,215]: blosum62.F178 : 0.002554657566965588
[2020-05-15 01:23:30,215]: blosum62.F9 : 0.002554588663520034
[2020-05-15 01:23:30,215]: blosum62.F21 : 0.0025516134527462826
[2020-05-15 01:23:30,215]: 4_F : 0.0025510350360742735
[2020-05-15 01:23:30,215]: blosum62.F80 : 0.002548596844229973
[2020-05-15 01:23:30,215]: blosum62.F78 : 0.002546889378574094
[2020-05-15 01:23:30,215]: blosum62.F138 : 0.0025453273683501442
[2020-05-15 01:23:30,215]: blosum62.F63 : 0.0025433817782389446
[2020-05-15 01:23:30,216]: blosum62.F58 : 0.0025433640896571
[2020-05-15 01:23:30,216]: 1_R : 0.0025429381401424873
[2020-05-15 01:23:30,216]: blosum62.F54 : 0.002542369763043911
[2020-05-15 01:23:30,216]: blosum62.F175 : 0.0025412509867937115
[2020-05-15 01:23:30,216]: 3_M : 0.002540016742274561
[2020-05-15 01:23:30,216]: blosum62.F176 : 0.002539555525876358
[2020-05-15 01:23:30,216]: blosum62.F49 : 0.0025393785526574885
[2020-05-15 01:23:30,216]: blosum62.F124 : 0.0025377639495819996
[2020-05-15 01:23:30,216]: 7_A : 0.0025372808354100977
[2020-05-15 01:23:30,217]: 3_L : 0.002535691901465452
[2020-05-15 01:23:30,217]: 6_I : 0.0025356861263713024
[2020-05-15 01:23:30,217]: blosum62.F205 : 0.002534641081419496
[2020-05-15 01:23:30,217]: blosum62.F29 : 0.0025340689772345515
[2020-05-15 01:23:30,217]: blosum62.F154 : 0.002533582893326241
[2020-05-15 01:23:30,217]: 3_A : 0.002532985703763155
[2020-05-15 01:23:30,217]: blosum62.F134 : 0.002531520341922927
[2020-05-15 01:23:30,217]: blosum62.F161 : 0.002525704165635771
[2020-05-15 01:23:30,217]: blosum62.F81 : 0.0025235115523660704
[2020-05-15 01:23:30,217]: blosum62.F153 : 0.0025232475150171016
[2020-05-15 01:23:30,218]: 0_D : 0.0025231537232677428
[2020-05-15 01:23:30,218]: 1_G : 0.002522064566024003
[2020-05-15 01:23:30,218]: blosum62.F77 : 0.002518318230367355
[2020-05-15 01:23:30,218]: blosum62.F93 : 0.002518109134612241
[2020-05-15 01:23:30,218]: 4_V : 0.0025180964687502665
[2020-05-15 01:23:30,218]: 1_K : 0.0025173660314263876
[2020-05-15 01:23:30,218]: blosum62.F164 : 0.0025171733807416888
[2020-05-15 01:23:30,218]: 6_V : 0.0025154905214111417
[2020-05-15 01:23:30,218]: blosum62.F158 : 0.0025147924259378996
[2020-05-15 01:23:30,218]: 2_K : 0.0025140124851699246
[2020-05-15 01:23:30,219]: 0_Q : 0.002513011727758301
[2020-05-15 01:23:30,219]: 6_R : 0.00251143494785485
[2020-05-15 01:23:30,219]: blosum62.F201 : 0.002509288262225887
[2020-05-15 01:23:30,219]: 3_Q : 0.002509270926464408
[2020-05-15 01:23:30,219]: 0_G : 0.002509228136733205
[2020-05-15 01:23:30,219]: blosum62.F180 : 0.0025091702560639845
[2020-05-15 01:23:30,219]: blosum62.F4 : 0.002509169944354038
[2020-05-15 01:23:30,219]: blosum62.F55 : 0.0025088828821403127
[2020-05-15 01:23:30,219]: 8_F : 0.002508755859100029
[2020-05-15 01:23:30,220]: blosum62.F66 : 0.0025075132505164555
[2020-05-15 01:23:30,220]: 10_G : 0.002507008089886909
[2020-05-15 01:23:30,220]: 9_K : 0.0025068959539221365
[2020-05-15 01:23:30,220]: 6_B : 0.002506519027804956
[2020-05-15 01:23:30,220]: blosum62.F32 : 0.0025044720738212093
[2020-05-15 01:23:30,220]: 8_D : 0.0025026704564651363
[2020-05-15 01:23:30,220]: 9_F : 0.0025022472822516136
[2020-05-15 01:23:30,220]: blosum62.F133 : 0.002501621710754794
[2020-05-15 01:23:30,220]: blosum62.F157 : 0.002501321931868454
[2020-05-15 01:23:30,221]: blosum62.F18 : 0.00250103814524017
[2020-05-15 01:23:30,221]: 7_H : 0.002500586243873858
[2020-05-15 01:23:30,221]: 3_H : 0.00249983874097709
[2020-05-15 01:23:30,221]: blosum62.F69 : 0.0024977329202393
[2020-05-15 01:23:30,221]: 1_Y : 0.0024955466008722495
[2020-05-15 01:23:30,221]: blosum62.F70 : 0.0024923084478689337
[2020-05-15 01:23:30,221]: blosum62.F94 : 0.0024922850727314466
[2020-05-15 01:23:30,221]: 10_K : 0.0024916163932242855
[2020-05-15 01:23:30,221]: blosum62.F212 : 0.0024909253105202945
[2020-05-15 01:23:30,222]: 7_F : 0.002490274304345833
[2020-05-15 01:23:30,222]: 9_C : 0.0024883112328972323
[2020-05-15 01:23:30,222]: blosum62.F44 : 0.002486113775081399
[2020-05-15 01:23:30,222]: blosum62.F121 : 0.002484319115160705
[2020-05-15 01:23:30,222]: blosum62.F172 : 0.0024811982909431532
[2020-05-15 01:23:30,222]: 2_I : 0.00247871677942868
[2020-05-15 01:23:30,222]: blosum62.F185 : 0.0024787103752617052
[2020-05-15 01:23:30,222]: blosum62.F60 : 0.002472534453646447
[2020-05-15 01:23:30,222]: blosum62.F52 : 0.0024713251262949588
[2020-05-15 01:23:30,222]: blosum62.F38 : 0.0024705783869569935
[2020-05-15 01:23:30,223]: blosum62.F190 : 0.0024687196607741883
[2020-05-15 01:23:30,223]: 6_M : 0.002466978557553072
[2020-05-15 01:23:30,223]: blosum62.F220 : 0.002466274982402445
[2020-05-15 01:23:30,223]: blosum62.F197 : 0.002466225996354446
[2020-05-15 01:23:30,223]: blosum62.F97 : 0.002465008645226624
[2020-05-15 01:23:30,223]: blosum62.F194 : 0.002463886281658181
[2020-05-15 01:23:30,223]: blosum62.F170 : 0.0024623756011429385
[2020-05-15 01:23:30,223]: 6_E : 0.0024602291531964394
[2020-05-15 01:23:30,223]: 6_Q : 0.0024601027092957034
[2020-05-15 01:23:30,224]: 0_C : 0.002458354806095905
[2020-05-15 01:23:30,224]: blosum62.F64 : 0.0024582505639423637
[2020-05-15 01:23:30,224]: blosum62.F37 : 0.002455839168839324
[2020-05-15 01:23:30,224]: 1_Q : 0.002453868833189935
[2020-05-15 01:23:30,224]: 8_V : 0.002453730809422338
[2020-05-15 01:23:30,224]: blosum62.F41 : 0.0024491438293426566
[2020-05-15 01:23:30,224]: blosum62.F90 : 0.0024489964876415146
[2020-05-15 01:23:30,224]: blosum62.F177 : 0.0024489875057732502
[2020-05-15 01:23:30,224]: blosum62.F126 : 0.0024484148050926942
[2020-05-15 01:23:30,224]: 4_K : 0.0024460428315307586
[2020-05-15 01:23:30,225]: blosum62.F127 : 0.0024453179140199407
[2020-05-15 01:23:30,225]: 6_A : 0.0024448126593099077
[2020-05-15 01:23:30,225]: blosum62.F35 : 0.002442036121232131
[2020-05-15 01:23:30,225]: blosum62.F149 : 0.0024405251924322865
[2020-05-15 01:23:30,225]: blosum62.F16 : 0.0024395673187590995
[2020-05-15 01:23:30,225]: 10_A : 0.0024393058307917415
[2020-05-15 01:23:30,225]: blosum62.F130 : 0.0024392841093554703
[2020-05-15 01:23:30,225]: 10_B : 0.002438183613787085
[2020-05-15 01:23:30,225]: blosum62.F210 : 0.0024375772393739324
[2020-05-15 01:23:30,226]: blosum62.F87 : 0.002437002838106701
[2020-05-15 01:23:30,226]: 8_P : 0.0024368722951167245
[2020-05-15 01:23:30,226]: blosum62.F162 : 0.0024354820722781007
[2020-05-15 01:23:30,226]: 1_E : 0.0024344718741208934
[2020-05-15 01:23:30,226]: 7_N : 0.002433972143760713
[2020-05-15 01:23:30,226]: blosum62.F166 : 0.002431973393365801
[2020-05-15 01:23:30,226]: blosum62.F142 : 0.0024309217661764443
[2020-05-15 01:23:30,226]: 6_K : 0.0024307694687694184
[2020-05-15 01:23:30,226]: blosum62.F155 : 0.0024298335428956613
[2020-05-15 01:23:30,227]: 10_Q : 0.0024273624902977887
[2020-05-15 01:23:30,227]: blosum62.F151 : 0.00242320450293005
[2020-05-15 01:23:30,227]: 9_Q : 0.002422504185316638
[2020-05-15 01:23:30,227]: blosum62.F67 : 0.0024219516884944853
[2020-05-15 01:23:30,227]: blosum62.F207 : 0.002420511738169592
[2020-05-15 01:23:30,227]: 6_C : 0.002420156321019403
[2020-05-15 01:23:30,227]: blosum62.F200 : 0.002418637087684925
[2020-05-15 01:23:30,227]: 4_S : 0.0024184617803747733
[2020-05-15 01:23:30,227]: 9_E : 0.002417622565713793
[2020-05-15 01:23:30,228]: 9_N : 0.0024138689356088586
[2020-05-15 01:23:30,228]: blosum62.F183 : 0.0024132304423747346
[2020-05-15 01:23:30,228]: 0_I : 0.0024126982096125704
[2020-05-15 01:23:30,228]: 7_C : 0.0024124130082907483
[2020-05-15 01:23:30,228]: 0_L : 0.0024083509279215066
[2020-05-15 01:23:30,228]: blosum62.F140 : 0.0024079610386704077
[2020-05-15 01:23:30,228]: 3_R : 0.0024058866525365954
[2020-05-15 01:23:30,228]: 3_Y : 0.0024041931356653975
[2020-05-15 01:23:30,228]: blosum62.F136 : 0.0024035572887260047
[2020-05-15 01:23:30,228]: blosum62.F211 : 0.002403267892867105
[2020-05-15 01:23:30,229]: blosum62.F82 : 0.0024028625861739904
[2020-05-15 01:23:30,229]: blosum62.F98 : 0.0024018968749530685
[2020-05-15 01:23:30,229]: blosum62.F24 : 0.002401619385932349
[2020-05-15 01:23:30,229]: 2_L : 0.0024013555623634206
[2020-05-15 01:23:30,229]: 0_S : 0.002401220647851623
[2020-05-15 01:23:30,229]: 4_W : 0.0023990995109387306
[2020-05-15 01:23:30,229]: blosum62.F169 : 0.002398219176999828
[2020-05-15 01:23:30,229]: blosum62.F137 : 0.002398013074269257
[2020-05-15 01:23:30,229]: 3_N : 0.0023971137568726364
[2020-05-15 01:23:30,230]: 9_D : 0.002397020713941699
[2020-05-15 01:23:30,230]: 10_N : 0.0023957976631193106
[2020-05-15 01:23:30,230]: blosum62.F84 : 0.0023945317907553536
[2020-05-15 01:23:30,230]: 10_S : 0.0023943224040157023
[2020-05-15 01:23:30,230]: blosum62.F56 : 0.0023942682949075252
[2020-05-15 01:23:30,230]: 2_F : 0.0023917715117998755
[2020-05-15 01:23:30,230]: 6_F : 0.0023902510299931004
[2020-05-15 01:23:30,230]: 6_P : 0.0023889752879152136
[2020-05-15 01:23:30,230]: blosum62.F86 : 0.0023875873014332725
[2020-05-15 01:23:30,230]: 1_F : 0.0023866079586203513
[2020-05-15 01:23:30,231]: 9_V : 0.002385351597464839
[2020-05-15 01:23:30,231]: blosum62.F156 : 0.002383023740651124
[2020-05-15 01:23:30,231]: 4_Q : 0.002382905121915932
[2020-05-15 01:23:30,231]: blosum62.F34 : 0.002382823465739959
[2020-05-15 01:23:30,231]: 2_V : 0.0023825075126032613
[2020-05-15 01:23:30,231]: blosum62.F139 : 0.002379838787569805
[2020-05-15 01:23:30,231]: blosum62.F83 : 0.002379804891465742
[2020-05-15 01:23:30,231]: blosum62.F189 : 0.002378482640329444
[2020-05-15 01:23:30,232]: 0_F : 0.002377790570927493
[2020-05-15 01:23:30,232]: 7_Q : 0.002374427077711718
[2020-05-15 01:23:30,232]: 1_I : 0.0023724803874910208
[2020-05-15 01:23:30,232]: 10_P : 0.0023701457837135005
[2020-05-15 01:23:30,232]: 8_L : 0.002369323394557821
[2020-05-15 01:23:30,232]: blosum62.F88 : 0.0023687137958042716
[2020-05-15 01:23:30,232]: blosum62.F187 : 0.002368384628557589
[2020-05-15 01:23:30,232]: blosum62.F152 : 0.002367355725655975
[2020-05-15 01:23:30,232]: blosum62.F36 : 0.0023669392977306923
[2020-05-15 01:23:30,232]: blosum62.F213 : 0.0023666413622233373
[2020-05-15 01:23:30,233]: blosum62.F74 : 0.0023656383431536476
[2020-05-15 01:23:30,233]: 2_P : 0.0023650393751151527
[2020-05-15 01:23:30,233]: blosum62.F196 : 0.0023604524676319742
[2020-05-15 01:23:30,233]: 8_Y : 0.0023599625880342434
[2020-05-15 01:23:30,233]: 3_K : 0.002358491529925034
[2020-05-15 01:23:30,233]: blosum62.F202 : 0.002358475517094801
[2020-05-15 01:23:30,233]: 1_T : 0.002358338215843462
[2020-05-15 01:23:30,233]: 10_L : 0.002358156581600101
[2020-05-15 01:23:30,233]: 4_P : 0.0023581214198731626
[2020-05-15 01:23:30,234]: blosum62.F13 : 0.002357682433816651
[2020-05-15 01:23:30,234]: blosum62.F7 : 0.0023569092446263074
[2020-05-15 01:23:30,234]: blosum62.F85 : 0.002356450973921069
[2020-05-15 01:23:30,234]: blosum62.F57 : 0.002356082482088812
[2020-05-15 01:23:30,234]: blosum62.F89 : 0.002355749797064396
[2020-05-15 01:23:30,234]: blosum62.F5 : 0.0023543684314736094
[2020-05-15 01:23:30,234]: 3_D : 0.0023536126788619013
[2020-05-15 01:23:30,234]: 2_A : 0.002352190857883621
[2020-05-15 01:23:30,234]: 9_A : 0.0023513591571301504
[2020-05-15 01:23:30,234]: 0_E : 0.0023512432006149164
[2020-05-15 01:23:30,235]: 7_L : 0.0023496302134693144
[2020-05-15 01:23:30,235]: blosum62.F22 : 0.00234756234892907
[2020-05-15 01:23:30,235]: 4_G : 0.0023474338823237803
[2020-05-15 01:23:30,235]: 7_B : 0.0023471788671914455
[2020-05-15 01:23:30,235]: blosum62.F43 : 0.0023463943733305135
[2020-05-15 01:23:30,235]: blosum62.F15 : 0.0023458667079918113
[2020-05-15 01:23:30,235]: blosum62.F165 : 0.0023455814726161366
[2020-05-15 01:23:30,235]: 10_D : 0.0023453940438279905
[2020-05-15 01:23:30,235]: 10_W : 0.002344808209655448
[2020-05-15 01:23:30,236]: 10_M : 0.0023445286626440948
[2020-05-15 01:23:30,236]: blosum62.F181 : 0.0023441983740762123
[2020-05-15 01:23:30,236]: 8_W : 0.0023440711290235675
[2020-05-15 01:23:30,236]: 2_Q : 0.002343319993164399
[2020-05-15 01:23:30,236]: 3_I : 0.002341410461739307
[2020-05-15 01:23:30,236]: 4_C : 0.002340463829587819
[2020-05-15 01:23:30,236]: blosum62.F204 : 0.0023400998088485146
[2020-05-15 01:23:30,236]: 1_W : 0.002339879138827578
[2020-05-15 01:23:30,236]: 4_H : 0.002338806967638279
[2020-05-15 01:23:30,236]: 4_M : 0.002337143442177175
[2020-05-15 01:23:30,237]: 7_G : 0.002336875684642199
[2020-05-15 01:23:30,237]: 3_T : 0.0023368115431393484
[2020-05-15 01:23:30,237]: 7_D : 0.0023337350264310843
[2020-05-15 01:23:30,237]: blosum62.F184 : 0.0023313546166627737
[2020-05-15 01:23:30,237]: blosum62.F68 : 0.002330661499572418
[2020-05-15 01:23:30,237]: 7_V : 0.0023301738737561343
[2020-05-15 01:23:30,237]: blosum62.F3 : 0.002327649845654236
[2020-05-15 01:23:30,237]: blosum62.F23 : 0.0023276318479955697
[2020-05-15 01:23:30,238]: 1_S : 0.0023275861541311735
[2020-05-15 01:23:30,238]: 8_R : 0.002327297431608148
[2020-05-15 01:23:30,238]: blosum62.F31 : 0.0023264186577473737
[2020-05-15 01:23:30,238]: 2_S : 0.002326256801167892
[2020-05-15 01:23:30,238]: 8_T : 0.0023248797622346467
[2020-05-15 01:23:30,238]: 6_T : 0.002324189642438459
[2020-05-15 01:23:30,238]: blosum62.F168 : 0.0023236361558549652
[2020-05-15 01:23:30,238]: 7_S : 0.0023226774249363725
[2020-05-15 01:23:30,238]: blosum62.F17 : 0.0023222292963768557
[2020-05-15 01:23:30,238]: blosum62.F173 : 0.002320552118827925
[2020-05-15 01:23:30,239]: 2_E : 0.0023190350506206723
[2020-05-15 01:23:30,239]: 9_M : 0.002317740890265716
[2020-05-15 01:23:30,239]: 7_E : 0.002317088954472815
[2020-05-15 01:23:30,239]: blosum62.F214 : 0.002315725547839029
[2020-05-15 01:23:30,239]: 10_V : 0.002315593363758004
[2020-05-15 01:23:30,239]: blosum62.F39 : 0.0023141519494668016
[2020-05-15 01:23:30,239]: 0_Y : 0.0023122740341745963
[2020-05-15 01:23:30,239]: blosum62.F100 : 0.0023106571372615062
[2020-05-15 01:23:30,239]: blosum62.F71 : 0.0023104486326814646
[2020-05-15 01:23:30,240]: 4_A : 0.0023084629864162853
[2020-05-15 01:23:30,240]: 10_F : 0.0023064003391948507
[2020-05-15 01:23:30,240]: 3_C : 0.0023052998731681045
[2020-05-15 01:23:30,240]: 7_T : 0.0023042016605158673
[2020-05-15 01:23:30,240]: blosum62.F193 : 0.00229903400947608
[2020-05-15 01:23:30,240]: 2_D : 0.0022953783957257398
[2020-05-15 01:23:30,240]: blosum62.F198 : 0.0022947808671224534
[2020-05-15 01:23:30,240]: blosum62.F122 : 0.0022915688209098773
[2020-05-15 01:23:30,240]: blosum62.F192 : 0.0022910079488788707
[2020-05-15 01:23:30,240]: 6_W : 0.0022874716477835405
[2020-05-15 01:23:30,241]: 9_G : 0.0022825365475889767
[2020-05-15 01:23:30,241]: blosum62.F48 : 0.002282083658874166
[2020-05-15 01:23:30,241]: 1_M : 0.0022804088218758276
[2020-05-15 01:23:30,241]: blosum62.F141 : 0.0022799559314029627
[2020-05-15 01:23:30,241]: 0_W : 0.0022796039130500165
[2020-05-15 01:23:30,241]: 6_Y : 0.0022790331988555837
[2020-05-15 01:23:30,241]: 8_Q : 0.002278143845393749
[2020-05-15 01:23:30,241]: 4_Y : 0.0022780362296335077
[2020-05-15 01:23:30,241]: 8_K : 0.0022741272758630485
[2020-05-15 01:23:30,242]: 2_C : 0.0022727855749127323
[2020-05-15 01:23:30,242]: 8_B : 0.002271092203893062
[2020-05-15 01:23:30,242]: blosum62.F147 : 0.002270696992393468
[2020-05-15 01:23:30,242]: 8_H : 0.0022648571285168524
[2020-05-15 01:23:30,242]: 3_W : 0.002263846010544055
[2020-05-15 01:23:30,242]: blosum62.F135 : 0.0022638403461973065
[2020-05-15 01:23:30,242]: 0_R : 0.002259483123884784
[2020-05-15 01:23:30,242]: blosum62.F148 : 0.0022581751481973913
[2020-05-15 01:23:30,242]: 3_S : 0.0022580962843460183
[2020-05-15 01:23:30,243]: blosum62.F40 : 0.002258070122225246
[2020-05-15 01:23:30,243]: blosum62.F1 : 0.0022566563675334443
[2020-05-15 01:23:30,243]: 7_W : 0.0022566327692304915
[2020-05-15 01:23:30,243]: blosum62.F27 : 0.0022549173663460992
[2020-05-15 01:23:30,243]: 8_E : 0.0022547505851367926
[2020-05-15 01:23:30,243]: 9_I : 0.0022532746508847085
[2020-05-15 01:23:30,243]: 1_L : 0.0022503535766358724
[2020-05-15 01:23:30,243]: 3_G : 0.002249587673650153
[2020-05-15 01:23:30,243]: 6_N : 0.0022481667263089763
[2020-05-15 01:23:30,243]: 2_W : 0.0022465539727460912
[2020-05-15 01:23:30,244]: 7_P : 0.0022451112191181196
[2020-05-15 01:23:30,244]: 0_P : 0.002243228580803781
[2020-05-15 01:23:30,244]: blosum62.F218 : 0.0022406086813486006
[2020-05-15 01:23:30,244]: 2_N : 0.002239774170615043
[2020-05-15 01:23:30,244]: 2_M : 0.0022386539059324026
[2020-05-15 01:23:30,244]: 2_T : 0.0022332891769139226
[2020-05-15 01:23:30,244]: 3_P : 0.0022317159878613357
[2020-05-15 01:23:30,244]: blosum62.F26 : 0.0022299788842534136
[2020-05-15 01:23:30,244]: 0_V : 0.002229200342692153
[2020-05-15 01:23:30,245]: blosum62.F132 : 0.0022291693082019323
[2020-05-15 01:23:30,245]: 7_Y : 0.002228044272331277
[2020-05-15 01:23:30,245]: 4_R : 0.00222617694541615
[2020-05-15 01:23:30,245]: 9_T : 0.002224371530318249
[2020-05-15 01:23:30,245]: 9_L : 0.0022242411120434505
[2020-05-15 01:23:30,245]: 2_H : 0.0022200907929480302
[2020-05-15 01:23:30,245]: blosum62.F79 : 0.0022185694137477723
[2020-05-15 01:23:30,245]: blosum62.F131 : 0.0022151546389915897
[2020-05-15 01:23:30,245]: 1_V : 0.002214653554572352
[2020-05-15 01:23:30,245]: 7_I : 0.0022126090731631374
[2020-05-15 01:23:30,246]: blosum62.F206 : 0.0022125859510261103
[2020-05-15 01:23:30,246]: 8_C : 0.0022113306913518747
[2020-05-15 01:23:30,246]: 8_S : 0.002210675423339246
[2020-05-15 01:23:30,246]: blosum62.F217 : 0.002210319006441886
[2020-05-15 01:23:30,246]: blosum62.F179 : 0.0022086761696884947
[2020-05-15 01:23:30,246]: blosum62.F191 : 0.002203919021720571
[2020-05-15 01:23:30,246]: 10_H : 0.0022006388533440946
[2020-05-15 01:23:30,246]: blosum62.F203 : 0.0022002746106621956
[2020-05-15 01:23:30,246]: 4_L : 0.002197962644431678
[2020-05-15 01:23:30,246]: 1_D : 0.002197149594625382
[2020-05-15 01:23:30,247]: 10_I : 0.0021968338559881302
[2020-05-15 01:23:30,247]: blosum62.F46 : 0.0021964868176305758
[2020-05-15 01:23:30,247]: 3_F : 0.0021935848121346414
[2020-05-15 01:23:30,247]: 0_A : 0.0021933930275473846
[2020-05-15 01:23:30,247]: 6_D : 0.0021906448239168335
[2020-05-15 01:23:30,247]: 10_E : 0.002186676841439025
[2020-05-15 01:23:30,247]: blosum62.F73 : 0.0021857684436492313
[2020-05-15 01:23:30,247]: blosum62.F160 : 0.0021839309627636793
[2020-05-15 01:23:30,248]: 6_H : 0.0021822036011288613
[2020-05-15 01:23:30,248]: 9_P : 0.002181460363737878
[2020-05-15 01:23:30,248]: blosum62.F51 : 0.002180471668716889
[2020-05-15 01:23:30,248]: 2_Y : 0.002179561013239788
[2020-05-15 01:23:30,248]: blosum62.F150 : 0.0021780921942469193
[2020-05-15 01:23:30,248]: blosum62.F75 : 0.0021702879677754656
[2020-05-15 01:23:30,248]: blosum62.F30 : 0.002168196304256896
[2020-05-15 01:23:30,248]: blosum62.F129 : 0.0021652533093126473
[2020-05-15 01:23:30,248]: 9_H : 0.0021617540390003733
[2020-05-15 01:23:30,248]: blosum62.F188 : 0.0021612153607680346
[2020-05-15 01:23:30,249]: blosum62.F96 : 0.0021602425789327183
[2020-05-15 01:23:30,249]: 1_B : 0.002157433442632044
[2020-05-15 01:23:30,249]: 10_R : 0.0021565773257006503
[2020-05-15 01:23:30,249]: 4_N : 0.0021538872115163467
[2020-05-15 01:23:30,249]: blosum62.F128 : 0.002152245430243486
[2020-05-15 01:23:30,249]: 7_M : 0.0021502848801640355
[2020-05-15 01:23:30,249]: 2_G : 0.0021488802167202873
[2020-05-15 01:23:30,249]: 0_M : 0.002140112227845579
[2020-05-15 01:23:30,249]: 8_M : 0.002123997078462548
[2020-05-15 01:23:30,250]: 9_W : 0.0021136792713554926
[2020-05-15 01:23:30,250]: blosum62.F72 : 0.0021110209342593347
[2020-05-15 01:23:30,250]: 3_E : 0.002108285800298479
[2020-05-15 01:23:30,250]: blosum62.F171 : 0.002106518981495268
[2020-05-15 01:23:30,250]: 9_B : 0.0021042698226534672
[2020-05-15 01:23:30,250]: 6_L : 0.0021029095004442186
[2020-05-15 01:23:30,250]: blosum62.F45 : 0.0020978766382400166
[2020-05-15 01:23:30,250]: 1_H : 0.0020932412701236453
[2020-05-15 01:23:30,250]: blosum62.F14 : 0.0020920847884226897
[2020-05-15 01:23:30,251]: 10_T : 0.0020771860817895755
[2020-05-15 01:23:30,251]: 4_T : 0.002064448566651699
[2020-05-15 01:23:30,251]: 9_R : 0.0020619647333127602
[2020-05-15 01:23:30,251]: 0_H : 0.002052631484502421
[2020-05-15 01:23:30,251]: 0_N : 0.0020525833782197847
[2020-05-15 01:23:30,251]: 1_C : 0.002049805733119926
[2020-05-15 01:23:30,251]: 8_G : 0.00204696141270771
[2020-05-15 01:23:30,251]: 7_R : 0.002035657401116049
[2020-05-15 01:23:30,251]: 1_N : 0.002020554473695711
[2020-05-15 01:23:30,252]: 2_R : 0.0020104768587442343
[2020-05-15 01:23:30,252]: blosum62.F108 : 0.0019909084096083524
[2020-05-15 01:23:30,252]: blosum62.F91 : 0.0019755002614330807
[2020-05-15 01:23:30,252]: 9_Y : 0.001968646841467735
[2020-05-15 01:23:30,252]: 7_K : 0.0019575548237179825
[2020-05-15 01:23:30,252]: blosum62.F215 : 0.0019410997536983968
[2020-05-15 01:23:30,252]: 3_V : 0.0019399223061784012
[2020-05-15 01:23:30,252]: blosum62.F104 : 0.0019288421163175659
[2020-05-15 01:23:30,252]: blosum62.F102 : 0.0019254936525926899
[2020-05-15 01:23:30,253]: 10_Y : 0.001804488011561957
[2020-05-15 01:23:30,253]: blosum62.F117 : 0.0017898967193238865
[2020-05-15 01:23:30,253]: blosum62.F101 : 0.0017418894424249998
[2020-05-15 01:23:30,253]: 5_R : 0.0016448764521620927
[2020-05-15 01:23:30,253]: blosum62.F110 : 0.001628825700484184
[2020-05-15 01:23:30,253]: blosum62.F119 : 0.0016170520210190592
[2020-05-15 01:23:30,253]: blosum62.F112 : 0.0015900452796040968
[2020-05-15 01:23:30,253]: blosum62.F113 : 0.0015607225544866236
[2020-05-15 01:23:30,253]: blosum62.F115 : 0.0015292427082015648
[2020-05-15 01:23:30,254]: 0_B : 0.001522497221269114
[2020-05-15 01:23:30,254]: blosum62.F107 : 0.0014788068796228475
[2020-05-15 01:23:30,254]: blosum62.F105 : 0.0014478498833983503
[2020-05-15 01:23:30,254]: blosum62.F111 : 0.0013557078868687686
[2020-05-15 01:23:30,254]: blosum62.F120 : 0.0012711169663312174
[2020-05-15 01:23:30,254]: blosum62.F116 : 0.0012157868744319894
[2020-05-15 01:23:30,254]: blosum62.F106 : 0.0012134426722725865
[2020-05-15 01:23:30,254]: blosum62.F109 : 0.001178974616816099
[2020-05-15 01:23:30,254]: blosum62.F114 : 0.0011500120079134706
[2020-05-15 01:23:30,254]: blosum62.F118 : 0.0010657737069888853
[2020-05-15 01:23:30,255]: blosum62.F103 : 0.0010250577609494937
[2020-05-15 01:23:33,669]: Start dimension reduction ...
[2020-05-15 01:23:37,248]: length=1 f1=0.5551 accuarcy=0.5597 precision=0.5623 recall=0.5597 auc=0.5597 
[2020-05-15 01:23:38,170]: length=2 f1=0.5481 accuarcy=0.5549 precision=0.5585 recall=0.5549 auc=0.5549 
[2020-05-15 01:23:39,107]: length=3 f1=0.5721 accuarcy=0.5724 precision=0.5725 recall=0.5724 auc=0.5724 
[2020-05-15 01:23:39,585]: length=4 f1=0.7285 accuarcy=0.7311 precision=0.7401 recall=0.7311 auc=0.7311 
[2020-05-15 01:23:40,053]: length=5 f1=0.7323 accuarcy=0.7341 precision=0.7406 recall=0.7341 auc=0.7341 
[2020-05-15 01:23:40,571]: length=6 f1=0.7215 accuarcy=0.7218 precision=0.7229 recall=0.7218 auc=0.7218 
[2020-05-15 01:23:41,115]: length=7 f1=0.7297 accuarcy=0.7300 precision=0.7310 recall=0.7300 auc=0.7300 
[2020-05-15 01:23:41,671]: length=8 f1=0.7365 accuarcy=0.7369 precision=0.7381 recall=0.7369 auc=0.7369 
[2020-05-15 01:23:42,262]: length=9 f1=0.7301 accuarcy=0.7304 precision=0.7314 recall=0.7304 auc=0.7304 
[2020-05-15 01:23:42,860]: length=10 f1=0.7441 accuarcy=0.7444 precision=0.7454 recall=0.7444 auc=0.7444 
[2020-05-15 01:23:43,450]: length=11 f1=0.7514 accuarcy=0.7519 precision=0.7537 recall=0.7519 auc=0.7519 
[2020-05-15 01:23:44,042]: length=12 f1=0.7714 accuarcy=0.7717 precision=0.7728 recall=0.7717 auc=0.7717 
[2020-05-15 01:23:44,643]: length=13 f1=0.7747 accuarcy=0.7751 precision=0.7770 recall=0.7751 auc=0.7751 
[2020-05-15 01:23:45,250]: length=14 f1=0.7722 accuarcy=0.7727 precision=0.7750 recall=0.7727 auc=0.7727 
[2020-05-15 01:23:45,850]: length=15 f1=0.7726 accuarcy=0.7730 precision=0.7752 recall=0.7730 auc=0.7730 
[2020-05-15 01:23:46,490]: length=16 f1=0.7707 accuarcy=0.7710 precision=0.7725 recall=0.7710 auc=0.7710 
[2020-05-15 01:23:47,125]: length=17 f1=0.7863 accuarcy=0.7867 precision=0.7889 recall=0.7867 auc=0.7867 
[2020-05-15 01:23:47,767]: length=18 f1=0.7923 accuarcy=0.7928 precision=0.7957 recall=0.7928 auc=0.7928 
[2020-05-15 01:23:48,405]: length=19 f1=0.7947 accuarcy=0.7952 precision=0.7982 recall=0.7952 auc=0.7952 
[2020-05-15 01:23:49,040]: length=20 f1=0.7919 accuarcy=0.7925 precision=0.7958 recall=0.7925 auc=0.7925 
[2020-05-15 01:23:49,689]: length=21 f1=0.7951 accuarcy=0.7956 precision=0.7981 recall=0.7956 auc=0.7956 
[2020-05-15 01:23:50,341]: length=22 f1=0.8018 accuarcy=0.8024 precision=0.8060 recall=0.8024 auc=0.8024 
[2020-05-15 01:23:50,992]: length=23 f1=0.8033 accuarcy=0.8038 precision=0.8068 recall=0.8038 auc=0.8038 
[2020-05-15 01:23:51,641]: length=24 f1=0.8098 accuarcy=0.8102 precision=0.8130 recall=0.8102 auc=0.8102 
[2020-05-15 01:23:52,335]: length=25 f1=0.8060 accuarcy=0.8065 precision=0.8096 recall=0.8065 auc=0.8065 
[2020-05-15 01:23:53,034]: length=26 f1=0.8045 accuarcy=0.8051 precision=0.8089 recall=0.8051 auc=0.8051 
[2020-05-15 01:23:53,734]: length=27 f1=0.8153 accuarcy=0.8157 precision=0.8187 recall=0.8157 auc=0.8157 
[2020-05-15 01:23:54,443]: length=28 f1=0.8087 accuarcy=0.8092 precision=0.8126 recall=0.8092 auc=0.8092 
[2020-05-15 01:23:55,164]: length=29 f1=0.8186 accuarcy=0.8191 precision=0.8225 recall=0.8191 auc=0.8191 
[2020-05-15 01:23:55,868]: length=30 f1=0.8176 accuarcy=0.8181 precision=0.8212 recall=0.8181 auc=0.8181 
[2020-05-15 01:23:56,579]: length=31 f1=0.8136 accuarcy=0.8140 precision=0.8169 recall=0.8140 auc=0.8140 
[2020-05-15 01:23:57,286]: length=32 f1=0.8170 accuarcy=0.8174 precision=0.8205 recall=0.8174 auc=0.8174 
[2020-05-15 01:23:58,006]: length=33 f1=0.8207 accuarcy=0.8212 precision=0.8245 recall=0.8212 auc=0.8212 
[2020-05-15 01:23:58,750]: length=34 f1=0.8125 accuarcy=0.8130 precision=0.8163 recall=0.8130 auc=0.8130 
[2020-05-15 01:23:59,495]: length=35 f1=0.8166 accuarcy=0.8171 precision=0.8203 recall=0.8171 auc=0.8171 
[2020-05-15 01:24:00,274]: length=36 f1=0.8121 accuarcy=0.8126 precision=0.8164 recall=0.8126 auc=0.8126 
[2020-05-15 01:24:01,044]: length=37 f1=0.8132 accuarcy=0.8137 precision=0.8167 recall=0.8137 auc=0.8137 
[2020-05-15 01:24:01,812]: length=38 f1=0.8186 accuarcy=0.8191 precision=0.8225 recall=0.8191 auc=0.8191 
[2020-05-15 01:24:02,581]: length=39 f1=0.8158 accuarcy=0.8164 precision=0.8203 recall=0.8164 auc=0.8164 
[2020-05-15 01:24:03,380]: length=40 f1=0.8161 accuarcy=0.8167 precision=0.8209 recall=0.8167 auc=0.8167 
[2020-05-15 01:24:04,150]: length=41 f1=0.8135 accuarcy=0.8140 precision=0.8171 recall=0.8140 auc=0.8140 
[2020-05-15 01:24:04,921]: length=42 f1=0.8132 accuarcy=0.8137 precision=0.8165 recall=0.8137 auc=0.8137 
[2020-05-15 01:24:05,689]: length=43 f1=0.8145 accuarcy=0.8150 precision=0.8186 recall=0.8150 auc=0.8150 
[2020-05-15 01:24:06,463]: length=44 f1=0.8214 accuarcy=0.8218 precision=0.8247 recall=0.8218 auc=0.8218 
[2020-05-15 01:24:07,225]: length=45 f1=0.8118 accuarcy=0.8123 precision=0.8157 recall=0.8123 auc=0.8123 
[2020-05-15 01:24:07,981]: length=46 f1=0.8180 accuarcy=0.8184 precision=0.8215 recall=0.8184 auc=0.8184 
[2020-05-15 01:24:08,753]: length=47 f1=0.8200 accuarcy=0.8205 precision=0.8238 recall=0.8205 auc=0.8205 
[2020-05-15 01:24:09,521]: length=48 f1=0.8180 accuarcy=0.8184 precision=0.8218 recall=0.8184 auc=0.8184 
[2020-05-15 01:24:10,336]: length=49 f1=0.8172 accuarcy=0.8177 precision=0.8216 recall=0.8177 auc=0.8177 
[2020-05-15 01:24:11,136]: length=50 f1=0.8214 accuarcy=0.8218 precision=0.8251 recall=0.8218 auc=0.8218 
[2020-05-15 01:24:11,950]: length=51 f1=0.8217 accuarcy=0.8222 precision=0.8259 recall=0.8222 auc=0.8222 
[2020-05-15 01:24:12,747]: length=52 f1=0.8183 accuarcy=0.8188 precision=0.8221 recall=0.8188 auc=0.8188 
[2020-05-15 01:24:13,544]: length=53 f1=0.8151 accuarcy=0.8157 precision=0.8196 recall=0.8157 auc=0.8157 
[2020-05-15 01:24:14,347]: length=54 f1=0.8208 accuarcy=0.8212 precision=0.8239 recall=0.8212 auc=0.8212 
[2020-05-15 01:24:15,146]: length=55 f1=0.8239 accuarcy=0.8242 precision=0.8267 recall=0.8242 auc=0.8242 
[2020-05-15 01:24:15,955]: length=56 f1=0.8136 accuarcy=0.8140 precision=0.8164 recall=0.8140 auc=0.8140 
[2020-05-15 01:24:16,758]: length=57 f1=0.8242 accuarcy=0.8246 precision=0.8273 recall=0.8246 auc=0.8246 
[2020-05-15 01:24:17,564]: length=58 f1=0.8219 accuarcy=0.8222 precision=0.8245 recall=0.8222 auc=0.8222 
[2020-05-15 01:24:18,367]: length=59 f1=0.8200 accuarcy=0.8205 precision=0.8237 recall=0.8205 auc=0.8205 
[2020-05-15 01:24:19,172]: length=60 f1=0.8239 accuarcy=0.8242 precision=0.8268 recall=0.8242 auc=0.8242 
[2020-05-15 01:24:19,974]: length=61 f1=0.8177 accuarcy=0.8181 precision=0.8209 recall=0.8181 auc=0.8181 
[2020-05-15 01:24:20,795]: length=62 f1=0.8159 accuarcy=0.8164 precision=0.8197 recall=0.8164 auc=0.8164 
[2020-05-15 01:24:21,601]: length=63 f1=0.8206 accuarcy=0.8212 precision=0.8254 recall=0.8212 auc=0.8212 
[2020-05-15 01:24:22,453]: length=64 f1=0.8213 accuarcy=0.8218 precision=0.8257 recall=0.8218 auc=0.8218 
[2020-05-15 01:24:23,295]: length=65 f1=0.8164 accuarcy=0.8171 precision=0.8215 recall=0.8171 auc=0.8171 
[2020-05-15 01:24:24,146]: length=66 f1=0.8171 accuarcy=0.8177 precision=0.8221 recall=0.8177 auc=0.8177 
[2020-05-15 01:24:24,999]: length=67 f1=0.8297 accuarcy=0.8304 precision=0.8356 recall=0.8304 auc=0.8304 
[2020-05-15 01:24:25,850]: length=68 f1=0.8175 accuarcy=0.8181 precision=0.8224 recall=0.8181 auc=0.8181 
[2020-05-15 01:24:26,697]: length=69 f1=0.8213 accuarcy=0.8218 precision=0.8254 recall=0.8218 auc=0.8218 
[2020-05-15 01:24:27,551]: length=70 f1=0.8134 accuarcy=0.8140 precision=0.8178 recall=0.8140 auc=0.8140 
[2020-05-15 01:24:28,405]: length=71 f1=0.8189 accuarcy=0.8195 precision=0.8237 recall=0.8195 auc=0.8195 
[2020-05-15 01:24:29,249]: length=72 f1=0.8124 accuarcy=0.8130 precision=0.8168 recall=0.8130 auc=0.8130 
[2020-05-15 01:24:30,102]: length=73 f1=0.8183 accuarcy=0.8188 precision=0.8223 recall=0.8188 auc=0.8188 
[2020-05-15 01:24:30,954]: length=74 f1=0.8171 accuarcy=0.8177 precision=0.8222 recall=0.8177 auc=0.8177 
[2020-05-15 01:24:31,811]: length=75 f1=0.8208 accuarcy=0.8212 precision=0.8241 recall=0.8212 auc=0.8212 
[2020-05-15 01:24:32,669]: length=76 f1=0.8222 accuarcy=0.8229 precision=0.8275 recall=0.8229 auc=0.8229 
[2020-05-15 01:24:33,518]: length=77 f1=0.8234 accuarcy=0.8239 precision=0.8276 recall=0.8239 auc=0.8239 
[2020-05-15 01:24:34,362]: length=78 f1=0.8172 accuarcy=0.8177 precision=0.8219 recall=0.8177 auc=0.8177 
[2020-05-15 01:24:35,218]: length=79 f1=0.8203 accuarcy=0.8208 precision=0.8247 recall=0.8208 auc=0.8208 
[2020-05-15 01:24:36,064]: length=80 f1=0.8185 accuarcy=0.8191 precision=0.8235 recall=0.8191 auc=0.8191 
[2020-05-15 01:24:36,961]: length=81 f1=0.8251 accuarcy=0.8256 precision=0.8294 recall=0.8256 auc=0.8256 
[2020-05-15 01:24:37,866]: length=82 f1=0.8157 accuarcy=0.8164 precision=0.8208 recall=0.8164 auc=0.8164 
[2020-05-15 01:24:38,758]: length=83 f1=0.8250 accuarcy=0.8256 precision=0.8299 recall=0.8256 auc=0.8256 
[2020-05-15 01:24:39,653]: length=84 f1=0.8223 accuarcy=0.8229 precision=0.8273 recall=0.8229 auc=0.8229 
[2020-05-15 01:24:40,552]: length=85 f1=0.8236 accuarcy=0.8242 precision=0.8290 recall=0.8242 auc=0.8242 
[2020-05-15 01:24:41,441]: length=86 f1=0.8240 accuarcy=0.8246 precision=0.8285 recall=0.8246 auc=0.8246 
[2020-05-15 01:24:42,338]: length=87 f1=0.8227 accuarcy=0.8232 precision=0.8269 recall=0.8232 auc=0.8232 
[2020-05-15 01:24:43,228]: length=88 f1=0.8257 accuarcy=0.8263 precision=0.8307 recall=0.8263 auc=0.8263 
[2020-05-15 01:24:44,122]: length=89 f1=0.8254 accuarcy=0.8259 precision=0.8302 recall=0.8259 auc=0.8259 
[2020-05-15 01:24:45,016]: length=90 f1=0.8198 accuarcy=0.8205 precision=0.8252 recall=0.8205 auc=0.8205 
[2020-05-15 01:24:45,907]: length=91 f1=0.8264 accuarcy=0.8270 precision=0.8312 recall=0.8270 auc=0.8270 
[2020-05-15 01:24:46,802]: length=92 f1=0.8232 accuarcy=0.8235 precision=0.8265 recall=0.8235 auc=0.8235 
[2020-05-15 01:24:47,689]: length=93 f1=0.8237 accuarcy=0.8242 precision=0.8283 recall=0.8242 auc=0.8242 
[2020-05-15 01:24:48,576]: length=94 f1=0.8248 accuarcy=0.8253 precision=0.8287 recall=0.8253 auc=0.8253 
[2020-05-15 01:24:49,463]: length=95 f1=0.8244 accuarcy=0.8249 precision=0.8284 recall=0.8249 auc=0.8249 
[2020-05-15 01:24:50,347]: length=96 f1=0.8261 accuarcy=0.8266 precision=0.8305 recall=0.8266 auc=0.8266 
[2020-05-15 01:24:51,242]: length=97 f1=0.8298 accuarcy=0.8304 precision=0.8348 recall=0.8304 auc=0.8304 
[2020-05-15 01:24:52,134]: length=98 f1=0.8267 accuarcy=0.8273 precision=0.8316 recall=0.8273 auc=0.8273 
[2020-05-15 01:24:53,028]: length=99 f1=0.8250 accuarcy=0.8256 precision=0.8301 recall=0.8256 auc=0.8256 
[2020-05-15 01:24:53,972]: length=100 f1=0.8258 accuarcy=0.8263 precision=0.8298 recall=0.8263 auc=0.8263 
[2020-05-15 01:24:54,910]: length=101 f1=0.8285 accuarcy=0.8290 precision=0.8327 recall=0.8290 auc=0.8290 
[2020-05-15 01:24:55,844]: length=102 f1=0.8285 accuarcy=0.8290 precision=0.8329 recall=0.8290 auc=0.8290 
[2020-05-15 01:24:56,780]: length=103 f1=0.8222 accuarcy=0.8229 precision=0.8275 recall=0.8229 auc=0.8229 
[2020-05-15 01:24:57,707]: length=104 f1=0.8231 accuarcy=0.8235 precision=0.8272 recall=0.8235 auc=0.8235 
[2020-05-15 01:24:58,638]: length=105 f1=0.8207 accuarcy=0.8212 precision=0.8243 recall=0.8212 auc=0.8212 
[2020-05-15 01:24:59,573]: length=106 f1=0.8281 accuarcy=0.8287 precision=0.8329 recall=0.8287 auc=0.8287 
[2020-05-15 01:25:00,514]: length=107 f1=0.8282 accuarcy=0.8287 precision=0.8324 recall=0.8287 auc=0.8287 
[2020-05-15 01:25:01,444]: length=108 f1=0.8230 accuarcy=0.8235 precision=0.8274 recall=0.8235 auc=0.8235 
[2020-05-15 01:25:02,369]: length=109 f1=0.8318 accuarcy=0.8324 precision=0.8371 recall=0.8324 auc=0.8324 
[2020-05-15 01:25:03,318]: length=110 f1=0.8264 accuarcy=0.8270 precision=0.8314 recall=0.8270 auc=0.8270 
[2020-05-15 01:25:04,246]: length=111 f1=0.8257 accuarcy=0.8263 precision=0.8309 recall=0.8263 auc=0.8263 
[2020-05-15 01:25:05,167]: length=112 f1=0.8264 accuarcy=0.8270 precision=0.8314 recall=0.8270 auc=0.8270 
[2020-05-15 01:25:06,102]: length=113 f1=0.8215 accuarcy=0.8222 precision=0.8275 recall=0.8222 auc=0.8222 
[2020-05-15 01:25:07,027]: length=114 f1=0.8230 accuarcy=0.8235 precision=0.8275 recall=0.8235 auc=0.8235 
[2020-05-15 01:25:07,950]: length=115 f1=0.8287 accuarcy=0.8294 precision=0.8342 recall=0.8294 auc=0.8294 
[2020-05-15 01:25:08,877]: length=116 f1=0.8252 accuarcy=0.8259 precision=0.8312 recall=0.8259 auc=0.8259 
[2020-05-15 01:25:09,804]: length=117 f1=0.8274 accuarcy=0.8280 precision=0.8326 recall=0.8280 auc=0.8280 
[2020-05-15 01:25:10,739]: length=118 f1=0.8250 accuarcy=0.8256 precision=0.8303 recall=0.8256 auc=0.8256 
[2020-05-15 01:25:11,668]: length=119 f1=0.8243 accuarcy=0.8249 precision=0.8298 recall=0.8249 auc=0.8249 
[2020-05-15 01:25:12,596]: length=120 f1=0.8233 accuarcy=0.8239 precision=0.8286 recall=0.8239 auc=0.8239 
[2020-05-15 01:25:13,570]: length=121 f1=0.8236 accuarcy=0.8242 precision=0.8291 recall=0.8242 auc=0.8242 
[2020-05-15 01:25:14,546]: length=122 f1=0.8257 accuarcy=0.8263 precision=0.8309 recall=0.8263 auc=0.8263 
[2020-05-15 01:25:15,529]: length=123 f1=0.8264 accuarcy=0.8270 precision=0.8315 recall=0.8270 auc=0.8270 
[2020-05-15 01:25:16,495]: length=124 f1=0.8284 accuarcy=0.8290 precision=0.8336 recall=0.8290 auc=0.8290 
[2020-05-15 01:25:17,468]: length=125 f1=0.8290 accuarcy=0.8297 precision=0.8352 recall=0.8297 auc=0.8297 
[2020-05-15 01:25:18,445]: length=126 f1=0.8292 accuarcy=0.8297 precision=0.8335 recall=0.8297 auc=0.8297 
[2020-05-15 01:25:19,410]: length=127 f1=0.8225 accuarcy=0.8232 precision=0.8282 recall=0.8232 auc=0.8232 
[2020-05-15 01:25:20,389]: length=128 f1=0.8242 accuarcy=0.8249 precision=0.8300 recall=0.8249 auc=0.8249 
[2020-05-15 01:25:21,368]: length=129 f1=0.8208 accuarcy=0.8215 precision=0.8265 recall=0.8215 auc=0.8215 
[2020-05-15 01:25:22,349]: length=130 f1=0.8187 accuarcy=0.8195 precision=0.8246 recall=0.8195 auc=0.8195 
[2020-05-15 01:25:23,337]: length=131 f1=0.8294 accuarcy=0.8300 precision=0.8348 recall=0.8300 auc=0.8300 
[2020-05-15 01:25:24,319]: length=132 f1=0.8226 accuarcy=0.8232 precision=0.8277 recall=0.8232 auc=0.8232 
[2020-05-15 01:25:25,298]: length=133 f1=0.8264 accuarcy=0.8270 precision=0.8316 recall=0.8270 auc=0.8270 
[2020-05-15 01:25:26,286]: length=134 f1=0.8284 accuarcy=0.8290 precision=0.8338 recall=0.8290 auc=0.8290 
[2020-05-15 01:25:27,267]: length=135 f1=0.8273 accuarcy=0.8280 precision=0.8329 recall=0.8280 auc=0.8280 
[2020-05-15 01:25:28,254]: length=136 f1=0.8257 accuarcy=0.8263 precision=0.8310 recall=0.8263 auc=0.8263 
[2020-05-15 01:25:29,242]: length=137 f1=0.8278 accuarcy=0.8283 precision=0.8325 recall=0.8283 auc=0.8283 
[2020-05-15 01:25:30,231]: length=138 f1=0.8267 accuarcy=0.8273 precision=0.8318 recall=0.8273 auc=0.8273 
[2020-05-15 01:25:31,210]: length=139 f1=0.8257 accuarcy=0.8263 precision=0.8308 recall=0.8263 auc=0.8263 
[2020-05-15 01:25:32,215]: length=140 f1=0.8218 accuarcy=0.8225 precision=0.8280 recall=0.8225 auc=0.8225 
[2020-05-15 01:25:33,206]: length=141 f1=0.8250 accuarcy=0.8256 precision=0.8301 recall=0.8256 auc=0.8256 
[2020-05-15 01:25:34,198]: length=142 f1=0.8225 accuarcy=0.8232 precision=0.8283 recall=0.8232 auc=0.8232 
[2020-05-15 01:25:35,188]: length=143 f1=0.8263 accuarcy=0.8270 precision=0.8318 recall=0.8270 auc=0.8270 
[2020-05-15 01:25:36,211]: length=144 f1=0.8229 accuarcy=0.8235 precision=0.8286 recall=0.8235 auc=0.8235 
[2020-05-15 01:25:37,246]: length=145 f1=0.8236 accuarcy=0.8242 precision=0.8290 recall=0.8242 auc=0.8242 
[2020-05-15 01:25:38,268]: length=146 f1=0.8261 accuarcy=0.8266 precision=0.8306 recall=0.8266 auc=0.8266 
[2020-05-15 01:25:39,304]: length=147 f1=0.8236 accuarcy=0.8242 precision=0.8289 recall=0.8242 auc=0.8242 
[2020-05-15 01:25:40,330]: length=148 f1=0.8250 accuarcy=0.8256 precision=0.8300 recall=0.8256 auc=0.8256 
[2020-05-15 01:25:41,358]: length=149 f1=0.8229 accuarcy=0.8235 precision=0.8286 recall=0.8235 auc=0.8235 
[2020-05-15 01:25:42,389]: length=150 f1=0.8170 accuarcy=0.8177 precision=0.8227 recall=0.8177 auc=0.8177 
[2020-05-15 01:25:43,424]: length=151 f1=0.8233 accuarcy=0.8239 precision=0.8284 recall=0.8239 auc=0.8239 
[2020-05-15 01:25:44,451]: length=152 f1=0.8233 accuarcy=0.8239 precision=0.8286 recall=0.8239 auc=0.8239 
[2020-05-15 01:25:45,480]: length=153 f1=0.8277 accuarcy=0.8283 precision=0.8331 recall=0.8283 auc=0.8283 
[2020-05-15 01:25:46,517]: length=154 f1=0.8249 accuarcy=0.8256 precision=0.8305 recall=0.8256 auc=0.8256 
[2020-05-15 01:25:47,551]: length=155 f1=0.8202 accuarcy=0.8208 precision=0.8254 recall=0.8208 auc=0.8208 
[2020-05-15 01:25:48,580]: length=156 f1=0.8274 accuarcy=0.8280 precision=0.8324 recall=0.8280 auc=0.8280 
[2020-05-15 01:25:49,607]: length=157 f1=0.8260 accuarcy=0.8266 precision=0.8315 recall=0.8266 auc=0.8266 
[2020-05-15 01:25:50,639]: length=158 f1=0.8256 accuarcy=0.8263 precision=0.8313 recall=0.8263 auc=0.8263 
[2020-05-15 01:25:51,669]: length=159 f1=0.8219 accuarcy=0.8225 precision=0.8268 recall=0.8225 auc=0.8225 
[2020-05-15 01:25:52,699]: length=160 f1=0.8220 accuarcy=0.8225 precision=0.8266 recall=0.8225 auc=0.8225 
[2020-05-15 01:25:53,733]: length=161 f1=0.8219 accuarcy=0.8225 precision=0.8269 recall=0.8225 auc=0.8225 
[2020-05-15 01:25:54,770]: length=162 f1=0.8261 accuarcy=0.8266 precision=0.8307 recall=0.8266 auc=0.8266 
[2020-05-15 01:25:55,802]: length=163 f1=0.8215 accuarcy=0.8222 precision=0.8270 recall=0.8222 auc=0.8222 
[2020-05-15 01:25:56,830]: length=164 f1=0.8281 accuarcy=0.8287 precision=0.8327 recall=0.8287 auc=0.8287 
[2020-05-15 01:25:57,867]: length=165 f1=0.8237 accuarcy=0.8242 precision=0.8280 recall=0.8242 auc=0.8242 
[2020-05-15 01:25:58,905]: length=166 f1=0.8239 accuarcy=0.8246 precision=0.8293 recall=0.8246 auc=0.8246 
[2020-05-15 01:25:59,946]: length=167 f1=0.8257 accuarcy=0.8263 precision=0.8308 recall=0.8263 auc=0.8263 
[2020-05-15 01:26:00,986]: length=168 f1=0.8320 accuarcy=0.8324 precision=0.8357 recall=0.8324 auc=0.8324 
[2020-05-15 01:26:02,064]: length=169 f1=0.8292 accuarcy=0.8297 precision=0.8335 recall=0.8297 auc=0.8297 
[2020-05-15 01:26:03,171]: length=170 f1=0.8311 accuarcy=0.8317 precision=0.8369 recall=0.8317 auc=0.8317 
[2020-05-15 01:26:04,253]: length=171 f1=0.8275 accuarcy=0.8280 precision=0.8319 recall=0.8280 auc=0.8280 
[2020-05-15 01:26:05,333]: length=172 f1=0.8243 accuarcy=0.8249 precision=0.8294 recall=0.8249 auc=0.8249 
[2020-05-15 01:26:06,417]: length=173 f1=0.8253 accuarcy=0.8259 precision=0.8306 recall=0.8259 auc=0.8259 
[2020-05-15 01:26:07,501]: length=174 f1=0.8285 accuarcy=0.8290 precision=0.8333 recall=0.8290 auc=0.8290 
[2020-05-15 01:26:08,582]: length=175 f1=0.8285 accuarcy=0.8290 precision=0.8330 recall=0.8290 auc=0.8290 
[2020-05-15 01:26:09,659]: length=176 f1=0.8220 accuarcy=0.8225 precision=0.8266 recall=0.8225 auc=0.8225 
[2020-05-15 01:26:10,748]: length=177 f1=0.8282 accuarcy=0.8287 precision=0.8323 recall=0.8287 auc=0.8287 
[2020-05-15 01:26:11,834]: length=178 f1=0.8220 accuarcy=0.8225 precision=0.8262 recall=0.8225 auc=0.8225 
[2020-05-15 01:26:12,917]: length=179 f1=0.8230 accuarcy=0.8235 precision=0.8275 recall=0.8235 auc=0.8235 
[2020-05-15 01:26:13,989]: length=180 f1=0.8271 accuarcy=0.8276 precision=0.8319 recall=0.8276 auc=0.8276 
[2020-05-15 01:26:15,069]: length=181 f1=0.8257 accuarcy=0.8263 precision=0.8307 recall=0.8263 auc=0.8263 
[2020-05-15 01:26:16,151]: length=182 f1=0.8268 accuarcy=0.8273 precision=0.8309 recall=0.8273 auc=0.8273 
[2020-05-15 01:26:17,224]: length=183 f1=0.8198 accuarcy=0.8205 precision=0.8251 recall=0.8205 auc=0.8205 
[2020-05-15 01:26:18,297]: length=184 f1=0.8251 accuarcy=0.8256 precision=0.8293 recall=0.8256 auc=0.8256 
[2020-05-15 01:26:19,386]: length=185 f1=0.8264 accuarcy=0.8270 precision=0.8311 recall=0.8270 auc=0.8270 
[2020-05-15 01:26:20,468]: length=186 f1=0.8257 accuarcy=0.8263 precision=0.8308 recall=0.8263 auc=0.8263 
[2020-05-15 01:26:21,558]: length=187 f1=0.8305 accuarcy=0.8311 precision=0.8353 recall=0.8311 auc=0.8311 
[2020-05-15 01:26:22,646]: length=188 f1=0.8284 accuarcy=0.8290 precision=0.8338 recall=0.8290 auc=0.8290 
[2020-05-15 01:26:23,737]: length=189 f1=0.8209 accuarcy=0.8215 precision=0.8262 recall=0.8215 auc=0.8215 
[2020-05-15 01:26:24,820]: length=190 f1=0.8319 accuarcy=0.8324 precision=0.8369 recall=0.8324 auc=0.8324 
[2020-05-15 01:26:25,907]: length=191 f1=0.8298 accuarcy=0.8304 precision=0.8346 recall=0.8304 auc=0.8304 
[2020-05-15 01:26:26,982]: length=192 f1=0.8306 accuarcy=0.8311 precision=0.8346 recall=0.8311 auc=0.8311 
[2020-05-15 01:26:28,059]: length=193 f1=0.8250 accuarcy=0.8256 precision=0.8300 recall=0.8256 auc=0.8256 
[2020-05-15 01:26:29,145]: length=194 f1=0.8318 accuarcy=0.8324 precision=0.8371 recall=0.8324 auc=0.8324 
[2020-05-15 01:26:30,225]: length=195 f1=0.8285 accuarcy=0.8290 precision=0.8330 recall=0.8290 auc=0.8290 
[2020-05-15 01:26:31,351]: length=196 f1=0.8268 accuarcy=0.8273 precision=0.8313 recall=0.8273 auc=0.8273 
[2020-05-15 01:26:32,475]: length=197 f1=0.8301 accuarcy=0.8307 precision=0.8353 recall=0.8307 auc=0.8307 
[2020-05-15 01:26:33,610]: length=198 f1=0.8233 accuarcy=0.8239 precision=0.8282 recall=0.8239 auc=0.8239 
[2020-05-15 01:26:34,735]: length=199 f1=0.8243 accuarcy=0.8249 precision=0.8295 recall=0.8249 auc=0.8249 
[2020-05-15 01:26:35,854]: length=200 f1=0.8243 accuarcy=0.8249 precision=0.8294 recall=0.8249 auc=0.8249 
[2020-05-15 01:26:36,983]: length=201 f1=0.8274 accuarcy=0.8280 precision=0.8323 recall=0.8280 auc=0.8280 
[2020-05-15 01:26:38,112]: length=202 f1=0.8316 accuarcy=0.8321 precision=0.8362 recall=0.8321 auc=0.8321 
[2020-05-15 01:26:39,239]: length=203 f1=0.8244 accuarcy=0.8249 precision=0.8291 recall=0.8249 auc=0.8249 
[2020-05-15 01:26:40,366]: length=204 f1=0.8254 accuarcy=0.8259 precision=0.8301 recall=0.8259 auc=0.8259 
[2020-05-15 01:26:41,489]: length=205 f1=0.8295 accuarcy=0.8300 precision=0.8342 recall=0.8300 auc=0.8300 
[2020-05-15 01:26:42,614]: length=206 f1=0.8286 accuarcy=0.8290 precision=0.8324 recall=0.8290 auc=0.8290 
[2020-05-15 01:26:43,743]: length=207 f1=0.8264 accuarcy=0.8270 precision=0.8312 recall=0.8270 auc=0.8270 
[2020-05-15 01:26:44,861]: length=208 f1=0.8326 accuarcy=0.8331 precision=0.8374 recall=0.8331 auc=0.8331 
[2020-05-15 01:26:45,990]: length=209 f1=0.8274 accuarcy=0.8280 precision=0.8325 recall=0.8280 auc=0.8280 
[2020-05-15 01:26:47,121]: length=210 f1=0.8229 accuarcy=0.8235 precision=0.8281 recall=0.8235 auc=0.8235 
[2020-05-15 01:26:48,247]: length=211 f1=0.8280 accuarcy=0.8287 precision=0.8335 recall=0.8287 auc=0.8287 
[2020-05-15 01:26:49,385]: length=212 f1=0.8309 accuarcy=0.8314 precision=0.8357 recall=0.8314 auc=0.8314 
[2020-05-15 01:26:50,507]: length=213 f1=0.8314 accuarcy=0.8321 precision=0.8373 recall=0.8321 auc=0.8321 
[2020-05-15 01:26:51,632]: length=214 f1=0.8232 accuarcy=0.8239 precision=0.8289 recall=0.8239 auc=0.8239 
[2020-05-15 01:26:52,768]: length=215 f1=0.8271 accuarcy=0.8276 precision=0.8322 recall=0.8276 auc=0.8276 
[2020-05-15 01:26:53,900]: length=216 f1=0.8316 accuarcy=0.8321 precision=0.8360 recall=0.8321 auc=0.8321 
[2020-05-15 01:26:55,031]: length=217 f1=0.8271 accuarcy=0.8276 precision=0.8319 recall=0.8276 auc=0.8276 
[2020-05-15 01:26:56,159]: length=218 f1=0.8322 accuarcy=0.8328 precision=0.8371 recall=0.8328 auc=0.8328 
[2020-05-15 01:26:57,282]: length=219 f1=0.8261 accuarcy=0.8266 precision=0.8305 recall=0.8266 auc=0.8266 
[2020-05-15 01:26:58,411]: length=220 f1=0.8264 accuarcy=0.8270 precision=0.8314 recall=0.8270 auc=0.8270 
[2020-05-15 01:26:59,546]: length=221 f1=0.8251 accuarcy=0.8256 precision=0.8293 recall=0.8256 auc=0.8256 
[2020-05-15 01:27:00,686]: length=222 f1=0.8275 accuarcy=0.8280 precision=0.8319 recall=0.8280 auc=0.8280 
[2020-05-15 01:27:01,826]: length=223 f1=0.8275 accuarcy=0.8280 precision=0.8319 recall=0.8280 auc=0.8280 
[2020-05-15 01:27:02,956]: length=224 f1=0.8234 accuarcy=0.8239 precision=0.8278 recall=0.8239 auc=0.8239 
[2020-05-15 01:27:04,129]: length=225 f1=0.8254 accuarcy=0.8259 precision=0.8304 recall=0.8259 auc=0.8259 
[2020-05-15 01:27:05,309]: length=226 f1=0.8212 accuarcy=0.8218 precision=0.8264 recall=0.8218 auc=0.8218 
[2020-05-15 01:27:06,491]: length=227 f1=0.8336 accuarcy=0.8341 precision=0.8385 recall=0.8341 auc=0.8341 
[2020-05-15 01:27:07,667]: length=228 f1=0.8240 accuarcy=0.8246 precision=0.8288 recall=0.8246 auc=0.8246 
[2020-05-15 01:27:08,844]: length=229 f1=0.8339 accuarcy=0.8345 precision=0.8388 recall=0.8345 auc=0.8345 
[2020-05-15 01:27:10,026]: length=230 f1=0.8199 accuarcy=0.8205 precision=0.8249 recall=0.8205 auc=0.8205 
[2020-05-15 01:27:11,196]: length=231 f1=0.8240 accuarcy=0.8246 precision=0.8289 recall=0.8246 auc=0.8246 
[2020-05-15 01:27:12,370]: length=232 f1=0.8244 accuarcy=0.8249 precision=0.8291 recall=0.8249 auc=0.8249 
[2020-05-15 01:27:13,551]: length=233 f1=0.8254 accuarcy=0.8259 precision=0.8304 recall=0.8259 auc=0.8259 
[2020-05-15 01:27:14,729]: length=234 f1=0.8258 accuarcy=0.8263 precision=0.8302 recall=0.8263 auc=0.8263 
[2020-05-15 01:27:15,911]: length=235 f1=0.8264 accuarcy=0.8270 precision=0.8314 recall=0.8270 auc=0.8270 
[2020-05-15 01:27:17,086]: length=236 f1=0.8278 accuarcy=0.8283 precision=0.8322 recall=0.8283 auc=0.8283 
[2020-05-15 01:27:18,279]: length=237 f1=0.8251 accuarcy=0.8256 precision=0.8295 recall=0.8256 auc=0.8256 
[2020-05-15 01:27:19,468]: length=238 f1=0.8268 accuarcy=0.8273 precision=0.8311 recall=0.8273 auc=0.8273 
[2020-05-15 01:27:20,651]: length=239 f1=0.8278 accuarcy=0.8283 precision=0.8323 recall=0.8283 auc=0.8283 
[2020-05-15 01:27:21,832]: length=240 f1=0.8301 accuarcy=0.8307 precision=0.8358 recall=0.8307 auc=0.8307 
[2020-05-15 01:27:23,024]: length=241 f1=0.8340 accuarcy=0.8345 precision=0.8384 recall=0.8345 auc=0.8345 
[2020-05-15 01:27:24,200]: length=242 f1=0.8250 accuarcy=0.8256 precision=0.8302 recall=0.8256 auc=0.8256 
[2020-05-15 01:27:25,387]: length=243 f1=0.8247 accuarcy=0.8253 precision=0.8294 recall=0.8253 auc=0.8253 
[2020-05-15 01:27:26,570]: length=244 f1=0.8281 accuarcy=0.8287 precision=0.8329 recall=0.8287 auc=0.8287 
[2020-05-15 01:27:27,756]: length=245 f1=0.8253 accuarcy=0.8259 precision=0.8307 recall=0.8259 auc=0.8259 
[2020-05-15 01:27:28,941]: length=246 f1=0.8305 accuarcy=0.8311 precision=0.8359 recall=0.8311 auc=0.8311 
[2020-05-15 01:27:30,122]: length=247 f1=0.8301 accuarcy=0.8307 precision=0.8356 recall=0.8307 auc=0.8307 
[2020-05-15 01:27:31,305]: length=248 f1=0.8250 accuarcy=0.8256 precision=0.8300 recall=0.8256 auc=0.8256 
[2020-05-15 01:27:32,487]: length=249 f1=0.8333 accuarcy=0.8338 precision=0.8379 recall=0.8338 auc=0.8338 
[2020-05-15 01:27:33,671]: length=250 f1=0.8288 accuarcy=0.8294 precision=0.8335 recall=0.8294 auc=0.8294 
[2020-05-15 01:27:34,861]: length=251 f1=0.8250 accuarcy=0.8256 precision=0.8298 recall=0.8256 auc=0.8256 
[2020-05-15 01:27:36,040]: length=252 f1=0.8284 accuarcy=0.8290 precision=0.8337 recall=0.8290 auc=0.8290 
[2020-05-15 01:27:37,235]: length=253 f1=0.8311 accuarcy=0.8317 precision=0.8367 recall=0.8317 auc=0.8317 
[2020-05-15 01:27:38,417]: length=254 f1=0.8281 accuarcy=0.8287 precision=0.8334 recall=0.8287 auc=0.8287 
[2020-05-15 01:27:39,606]: length=255 f1=0.8286 accuarcy=0.8290 precision=0.8325 recall=0.8290 auc=0.8290 
[2020-05-15 01:27:40,824]: length=256 f1=0.8253 accuarcy=0.8259 precision=0.8306 recall=0.8259 auc=0.8259 
[2020-05-15 01:27:42,054]: length=257 f1=0.8305 accuarcy=0.8311 precision=0.8353 recall=0.8311 auc=0.8311 
[2020-05-15 01:27:43,280]: length=258 f1=0.8342 accuarcy=0.8348 precision=0.8398 recall=0.8348 auc=0.8348 
[2020-05-15 01:27:44,502]: length=259 f1=0.8264 accuarcy=0.8270 precision=0.8311 recall=0.8270 auc=0.8270 
[2020-05-15 01:27:45,722]: length=260 f1=0.8285 accuarcy=0.8290 precision=0.8332 recall=0.8290 auc=0.8290 
[2020-05-15 01:27:46,959]: length=261 f1=0.8319 accuarcy=0.8324 precision=0.8363 recall=0.8324 auc=0.8324 
[2020-05-15 01:27:48,184]: length=262 f1=0.8264 accuarcy=0.8270 precision=0.8316 recall=0.8270 auc=0.8270 
[2020-05-15 01:27:49,399]: length=263 f1=0.8285 accuarcy=0.8290 precision=0.8331 recall=0.8290 auc=0.8290 
[2020-05-15 01:27:50,624]: length=264 f1=0.8308 accuarcy=0.8314 precision=0.8359 recall=0.8314 auc=0.8314 
[2020-05-15 01:27:51,857]: length=265 f1=0.8303 accuarcy=0.8307 precision=0.8343 recall=0.8307 auc=0.8307 
[2020-05-15 01:27:53,088]: length=266 f1=0.8320 accuarcy=0.8324 precision=0.8358 recall=0.8324 auc=0.8324 
[2020-05-15 01:27:54,315]: length=267 f1=0.8284 accuarcy=0.8290 precision=0.8338 recall=0.8290 auc=0.8290 
[2020-05-15 01:27:55,536]: length=268 f1=0.8326 accuarcy=0.8331 precision=0.8373 recall=0.8331 auc=0.8331 
[2020-05-15 01:27:56,769]: length=269 f1=0.8312 accuarcy=0.8317 precision=0.8358 recall=0.8317 auc=0.8317 
[2020-05-15 01:27:57,997]: length=270 f1=0.8271 accuarcy=0.8276 precision=0.8318 recall=0.8276 auc=0.8276 
[2020-05-15 01:27:59,236]: length=271 f1=0.8295 accuarcy=0.8300 precision=0.8343 recall=0.8300 auc=0.8300 
[2020-05-15 01:28:00,453]: length=272 f1=0.8308 accuarcy=0.8314 precision=0.8360 recall=0.8314 auc=0.8314 
[2020-05-15 01:28:01,681]: length=273 f1=0.8292 accuarcy=0.8297 precision=0.8339 recall=0.8297 auc=0.8297 
[2020-05-15 01:28:02,901]: length=274 f1=0.8243 accuarcy=0.8249 precision=0.8294 recall=0.8249 auc=0.8249 
[2020-05-15 01:28:04,151]: length=275 f1=0.8326 accuarcy=0.8331 precision=0.8370 recall=0.8331 auc=0.8331 
[2020-05-15 01:28:05,371]: length=276 f1=0.8312 accuarcy=0.8317 precision=0.8363 recall=0.8317 auc=0.8317 
[2020-05-15 01:28:06,604]: length=277 f1=0.8294 accuarcy=0.8300 precision=0.8346 recall=0.8300 auc=0.8300 
[2020-05-15 01:28:07,822]: length=278 f1=0.8274 accuarcy=0.8280 precision=0.8321 recall=0.8280 auc=0.8280 
[2020-05-15 01:28:09,057]: length=279 f1=0.8343 accuarcy=0.8348 precision=0.8394 recall=0.8348 auc=0.8348 
[2020-05-15 01:28:10,289]: length=280 f1=0.8292 accuarcy=0.8297 precision=0.8339 recall=0.8297 auc=0.8297 
[2020-05-15 01:28:11,538]: length=281 f1=0.8294 accuarcy=0.8300 precision=0.8346 recall=0.8300 auc=0.8300 
[2020-05-15 01:28:12,782]: length=282 f1=0.8309 accuarcy=0.8314 precision=0.8357 recall=0.8314 auc=0.8314 
[2020-05-15 01:28:14,003]: length=283 f1=0.8295 accuarcy=0.8300 precision=0.8344 recall=0.8300 auc=0.8300 
[2020-05-15 01:28:15,238]: length=284 f1=0.8329 accuarcy=0.8334 precision=0.8380 recall=0.8334 auc=0.8334 
[2020-05-15 01:28:16,469]: length=285 f1=0.8285 accuarcy=0.8290 precision=0.8328 recall=0.8290 auc=0.8290 
[2020-05-15 01:28:17,697]: length=286 f1=0.8270 accuarcy=0.8276 precision=0.8323 recall=0.8276 auc=0.8276 
[2020-05-15 01:28:18,936]: length=287 f1=0.8279 accuarcy=0.8283 precision=0.8319 recall=0.8283 auc=0.8283 
[2020-05-15 01:28:20,171]: length=288 f1=0.8332 accuarcy=0.8338 precision=0.8382 recall=0.8338 auc=0.8338 
[2020-05-15 01:28:21,442]: length=289 f1=0.8281 accuarcy=0.8287 precision=0.8332 recall=0.8287 auc=0.8287 
[2020-05-15 01:28:22,734]: length=290 f1=0.8339 accuarcy=0.8345 precision=0.8389 recall=0.8345 auc=0.8345 
[2020-05-15 01:28:24,010]: length=291 f1=0.8284 accuarcy=0.8290 precision=0.8334 recall=0.8290 auc=0.8290 
[2020-05-15 01:28:25,282]: length=292 f1=0.8335 accuarcy=0.8341 precision=0.8396 recall=0.8341 auc=0.8341 
[2020-05-15 01:28:26,563]: length=293 f1=0.8267 accuarcy=0.8273 precision=0.8317 recall=0.8273 auc=0.8273 
[2020-05-15 01:28:27,844]: length=294 f1=0.8254 accuarcy=0.8259 precision=0.8301 recall=0.8259 auc=0.8259 
[2020-05-15 01:28:29,117]: length=295 f1=0.8285 accuarcy=0.8290 precision=0.8333 recall=0.8290 auc=0.8290 
[2020-05-15 01:28:30,392]: length=296 f1=0.8267 accuarcy=0.8273 precision=0.8321 recall=0.8273 auc=0.8273 
[2020-05-15 01:28:31,663]: length=297 f1=0.8316 accuarcy=0.8321 precision=0.8361 recall=0.8321 auc=0.8321 
[2020-05-15 01:28:32,940]: length=298 f1=0.8285 accuarcy=0.8290 precision=0.8332 recall=0.8290 auc=0.8290 
[2020-05-15 01:28:34,221]: length=299 f1=0.8220 accuarcy=0.8225 precision=0.8264 recall=0.8225 auc=0.8225 
[2020-05-15 01:28:35,486]: length=300 f1=0.8281 accuarcy=0.8287 precision=0.8328 recall=0.8287 auc=0.8287 
[2020-05-15 01:28:36,761]: length=301 f1=0.8267 accuarcy=0.8273 precision=0.8320 recall=0.8273 auc=0.8273 
[2020-05-15 01:28:38,029]: length=302 f1=0.8353 accuarcy=0.8358 precision=0.8400 recall=0.8358 auc=0.8358 
[2020-05-15 01:28:39,298]: length=303 f1=0.8285 accuarcy=0.8290 precision=0.8331 recall=0.8290 auc=0.8290 
[2020-05-15 01:28:40,567]: length=304 f1=0.8298 accuarcy=0.8304 precision=0.8345 recall=0.8304 auc=0.8304 
[2020-05-15 01:28:41,843]: length=305 f1=0.8326 accuarcy=0.8331 precision=0.8375 recall=0.8331 auc=0.8331 
[2020-05-15 01:28:43,117]: length=306 f1=0.8327 accuarcy=0.8331 precision=0.8366 recall=0.8331 auc=0.8331 
[2020-05-15 01:28:44,409]: length=307 f1=0.8251 accuarcy=0.8256 precision=0.8296 recall=0.8256 auc=0.8256 
[2020-05-15 01:28:45,679]: length=308 f1=0.8254 accuarcy=0.8259 precision=0.8298 recall=0.8259 auc=0.8259 
[2020-05-15 01:28:46,965]: length=309 f1=0.8288 accuarcy=0.8294 precision=0.8333 recall=0.8294 auc=0.8294 
[2020-05-15 01:28:48,235]: length=310 f1=0.8251 accuarcy=0.8256 precision=0.8295 recall=0.8256 auc=0.8256 
[2020-05-15 01:28:49,512]: length=311 f1=0.8309 accuarcy=0.8314 precision=0.8357 recall=0.8314 auc=0.8314 
[2020-05-15 01:28:50,790]: length=312 f1=0.8268 accuarcy=0.8273 precision=0.8314 recall=0.8273 auc=0.8273 
[2020-05-15 01:28:52,082]: length=313 f1=0.8271 accuarcy=0.8276 precision=0.8321 recall=0.8276 auc=0.8276 
[2020-05-15 01:28:53,367]: length=314 f1=0.8257 accuarcy=0.8263 precision=0.8307 recall=0.8263 auc=0.8263 
[2020-05-15 01:28:54,643]: length=315 f1=0.8285 accuarcy=0.8290 precision=0.8330 recall=0.8290 auc=0.8290 
[2020-05-15 01:28:55,921]: length=316 f1=0.8243 accuarcy=0.8249 precision=0.8298 recall=0.8249 auc=0.8249 
[2020-05-15 01:28:57,195]: length=317 f1=0.8309 accuarcy=0.8314 precision=0.8357 recall=0.8314 auc=0.8314 
[2020-05-15 01:28:58,466]: length=318 f1=0.8284 accuarcy=0.8290 precision=0.8340 recall=0.8290 auc=0.8290 
[2020-05-15 01:28:59,741]: length=319 f1=0.8305 accuarcy=0.8311 precision=0.8354 recall=0.8311 auc=0.8311 
[2020-05-15 01:29:01,006]: length=320 f1=0.8246 accuarcy=0.8253 precision=0.8301 recall=0.8253 auc=0.8253 
[2020-05-15 01:29:02,286]: length=321 f1=0.8302 accuarcy=0.8307 precision=0.8345 recall=0.8307 auc=0.8307 
[2020-05-15 01:29:03,559]: length=322 f1=0.8268 accuarcy=0.8273 precision=0.8312 recall=0.8273 auc=0.8273 
[2020-05-15 01:29:04,824]: length=323 f1=0.8285 accuarcy=0.8290 precision=0.8333 recall=0.8290 auc=0.8290 
[2020-05-15 01:29:06,150]: length=324 f1=0.8277 accuarcy=0.8283 precision=0.8330 recall=0.8283 auc=0.8283 
[2020-05-15 01:29:07,482]: length=325 f1=0.8274 accuarcy=0.8280 precision=0.8323 recall=0.8280 auc=0.8280 
[2020-05-15 01:29:08,799]: length=326 f1=0.8302 accuarcy=0.8307 precision=0.8351 recall=0.8307 auc=0.8307 
[2020-05-15 01:29:10,104]: length=327 f1=0.8284 accuarcy=0.8290 precision=0.8340 recall=0.8290 auc=0.8290 
[2020-05-15 01:29:11,430]: length=328 f1=0.8287 accuarcy=0.8294 precision=0.8341 recall=0.8294 auc=0.8294 
[2020-05-15 01:29:12,739]: length=329 f1=0.8281 accuarcy=0.8287 precision=0.8333 recall=0.8287 auc=0.8287 
[2020-05-15 01:29:14,059]: length=330 f1=0.8250 accuarcy=0.8256 precision=0.8303 recall=0.8256 auc=0.8256 
[2020-05-15 01:29:15,388]: length=331 f1=0.8237 accuarcy=0.8242 precision=0.8284 recall=0.8242 auc=0.8242 
[2020-05-15 01:29:16,696]: length=332 f1=0.8277 accuarcy=0.8283 precision=0.8333 recall=0.8283 auc=0.8283 
[2020-05-15 01:29:18,012]: length=333 f1=0.8263 accuarcy=0.8270 precision=0.8317 recall=0.8270 auc=0.8270 
[2020-05-15 01:29:19,334]: length=334 f1=0.8254 accuarcy=0.8259 precision=0.8302 recall=0.8259 auc=0.8259 
[2020-05-15 01:29:20,652]: length=335 f1=0.8247 accuarcy=0.8253 precision=0.8294 recall=0.8253 auc=0.8253 
[2020-05-15 01:29:21,964]: length=336 f1=0.8257 accuarcy=0.8263 precision=0.8310 recall=0.8263 auc=0.8263 
[2020-05-15 01:29:23,273]: length=337 f1=0.8239 accuarcy=0.8246 precision=0.8297 recall=0.8246 auc=0.8246 
[2020-05-15 01:29:24,587]: length=338 f1=0.8252 accuarcy=0.8259 precision=0.8314 recall=0.8259 auc=0.8259 
[2020-05-15 01:29:25,902]: length=339 f1=0.8260 accuarcy=0.8266 precision=0.8313 recall=0.8266 auc=0.8266 
[2020-05-15 01:29:27,206]: length=340 f1=0.8301 accuarcy=0.8307 precision=0.8353 recall=0.8307 auc=0.8307 
[2020-05-15 01:29:28,524]: length=341 f1=0.8284 accuarcy=0.8290 precision=0.8334 recall=0.8290 auc=0.8290 
[2020-05-15 01:29:29,842]: length=342 f1=0.8229 accuarcy=0.8235 precision=0.8286 recall=0.8235 auc=0.8235 
[2020-05-15 01:29:31,166]: length=343 f1=0.8265 accuarcy=0.8270 precision=0.8308 recall=0.8270 auc=0.8270 
[2020-05-15 01:29:32,479]: length=344 f1=0.8284 accuarcy=0.8290 precision=0.8338 recall=0.8290 auc=0.8290 
[2020-05-15 01:29:33,800]: length=345 f1=0.8263 accuarcy=0.8270 precision=0.8321 recall=0.8270 auc=0.8270 
[2020-05-15 01:29:35,118]: length=346 f1=0.8316 accuarcy=0.8321 precision=0.8363 recall=0.8321 auc=0.8321 
[2020-05-15 01:29:36,438]: length=347 f1=0.8264 accuarcy=0.8270 precision=0.8311 recall=0.8270 auc=0.8270 
[2020-05-15 01:29:37,760]: length=348 f1=0.8288 accuarcy=0.8294 precision=0.8340 recall=0.8294 auc=0.8294 
[2020-05-15 01:29:39,085]: length=349 f1=0.8277 accuarcy=0.8283 precision=0.8332 recall=0.8283 auc=0.8283 
[2020-05-15 01:29:40,401]: length=350 f1=0.8260 accuarcy=0.8266 precision=0.8311 recall=0.8266 auc=0.8266 
[2020-05-15 01:29:41,729]: length=351 f1=0.8281 accuarcy=0.8287 precision=0.8330 recall=0.8287 auc=0.8287 
[2020-05-15 01:29:43,043]: length=352 f1=0.8244 accuarcy=0.8249 precision=0.8289 recall=0.8249 auc=0.8249 
[2020-05-15 01:29:44,373]: length=353 f1=0.8247 accuarcy=0.8253 precision=0.8295 recall=0.8253 auc=0.8253 
[2020-05-15 01:29:45,694]: length=354 f1=0.8281 accuarcy=0.8287 precision=0.8333 recall=0.8287 auc=0.8287 
[2020-05-15 01:29:47,015]: length=355 f1=0.8329 accuarcy=0.8334 precision=0.8378 recall=0.8334 auc=0.8334 
[2020-05-15 01:29:48,337]: length=356 f1=0.8247 accuarcy=0.8253 precision=0.8298 recall=0.8253 auc=0.8253 
[2020-05-15 01:29:49,657]: length=357 f1=0.8274 accuarcy=0.8280 precision=0.8323 recall=0.8280 auc=0.8280 
[2020-05-15 01:29:50,986]: length=358 f1=0.8254 accuarcy=0.8259 precision=0.8304 recall=0.8259 auc=0.8259 
[2020-05-15 01:29:52,317]: length=359 f1=0.8264 accuarcy=0.8270 precision=0.8316 recall=0.8270 auc=0.8270 
[2020-05-15 01:29:53,649]: length=360 f1=0.8294 accuarcy=0.8300 precision=0.8348 recall=0.8300 auc=0.8300 
[2020-05-15 01:29:55,023]: length=361 f1=0.8264 accuarcy=0.8270 precision=0.8315 recall=0.8270 auc=0.8270 
[2020-05-15 01:29:56,391]: length=362 f1=0.8270 accuarcy=0.8276 precision=0.8324 recall=0.8276 auc=0.8276 
[2020-05-15 01:29:57,766]: length=363 f1=0.8285 accuarcy=0.8290 precision=0.8333 recall=0.8290 auc=0.8290 
[2020-05-15 01:29:59,139]: length=364 f1=0.8256 accuarcy=0.8263 precision=0.8315 recall=0.8263 auc=0.8263 
[2020-05-15 01:30:00,512]: length=365 f1=0.8309 accuarcy=0.8314 precision=0.8355 recall=0.8314 auc=0.8314 
[2020-05-15 01:30:01,880]: length=366 f1=0.8278 accuarcy=0.8283 precision=0.8328 recall=0.8283 auc=0.8283 
[2020-05-15 01:30:03,266]: length=367 f1=0.8220 accuarcy=0.8225 precision=0.8266 recall=0.8225 auc=0.8225 
[2020-05-15 01:30:04,635]: length=368 f1=0.8205 accuarcy=0.8212 precision=0.8262 recall=0.8212 auc=0.8212 
[2020-05-15 01:30:06,008]: length=369 f1=0.8274 accuarcy=0.8280 precision=0.8328 recall=0.8280 auc=0.8280 
[2020-05-15 01:30:07,371]: length=370 f1=0.8233 accuarcy=0.8239 precision=0.8284 recall=0.8239 auc=0.8239 
[2020-05-15 01:30:08,756]: length=371 f1=0.8281 accuarcy=0.8287 precision=0.8333 recall=0.8287 auc=0.8287 
[2020-05-15 01:30:10,127]: length=372 f1=0.8278 accuarcy=0.8283 precision=0.8325 recall=0.8283 auc=0.8283 
[2020-05-15 01:30:11,513]: length=373 f1=0.8288 accuarcy=0.8294 precision=0.8338 recall=0.8294 auc=0.8294 
[2020-05-15 01:30:12,897]: length=374 f1=0.8254 accuarcy=0.8259 precision=0.8303 recall=0.8259 auc=0.8259 
[2020-05-15 01:30:14,283]: length=375 f1=0.8243 accuarcy=0.8249 precision=0.8298 recall=0.8249 auc=0.8249 
[2020-05-15 01:30:15,644]: length=376 f1=0.8242 accuarcy=0.8249 precision=0.8300 recall=0.8249 auc=0.8249 
[2020-05-15 01:30:17,017]: length=377 f1=0.8285 accuarcy=0.8290 precision=0.8332 recall=0.8290 auc=0.8290 
[2020-05-15 01:30:18,402]: length=378 f1=0.8226 accuarcy=0.8232 precision=0.8276 recall=0.8232 auc=0.8232 
[2020-05-15 01:30:19,772]: length=379 f1=0.8292 accuarcy=0.8297 precision=0.8338 recall=0.8297 auc=0.8297 
[2020-05-15 01:30:21,145]: length=380 f1=0.8236 accuarcy=0.8242 precision=0.8287 recall=0.8242 auc=0.8242 
[2020-05-15 01:30:22,533]: length=381 f1=0.8219 accuarcy=0.8225 precision=0.8268 recall=0.8225 auc=0.8225 
[2020-05-15 01:30:23,909]: length=382 f1=0.8237 accuarcy=0.8242 precision=0.8284 recall=0.8242 auc=0.8242 
[2020-05-15 01:30:25,298]: length=383 f1=0.8237 accuarcy=0.8242 precision=0.8282 recall=0.8242 auc=0.8242 
[2020-05-15 01:30:26,669]: length=384 f1=0.8253 accuarcy=0.8259 precision=0.8309 recall=0.8259 auc=0.8259 
[2020-05-15 01:30:28,044]: length=385 f1=0.8301 accuarcy=0.8307 precision=0.8352 recall=0.8307 auc=0.8307 
[2020-05-15 01:30:29,422]: length=386 f1=0.8278 accuarcy=0.8283 precision=0.8325 recall=0.8283 auc=0.8283 
[2020-05-15 01:30:30,801]: length=387 f1=0.8253 accuarcy=0.8259 precision=0.8305 recall=0.8259 auc=0.8259 
[2020-05-15 01:30:32,176]: length=388 f1=0.8264 accuarcy=0.8270 precision=0.8316 recall=0.8270 auc=0.8270 
[2020-05-15 01:30:33,562]: length=389 f1=0.8276 accuarcy=0.8283 precision=0.8336 recall=0.8283 auc=0.8283 
[2020-05-15 01:30:34,936]: length=390 f1=0.8323 accuarcy=0.8328 precision=0.8368 recall=0.8328 auc=0.8328 
[2020-05-15 01:30:36,319]: length=391 f1=0.8248 accuarcy=0.8253 precision=0.8290 recall=0.8253 auc=0.8253 
[2020-05-15 01:30:37,686]: length=392 f1=0.8322 accuarcy=0.8328 precision=0.8372 recall=0.8328 auc=0.8328 
[2020-05-15 01:30:39,079]: length=393 f1=0.8263 accuarcy=0.8270 precision=0.8317 recall=0.8270 auc=0.8270 
[2020-05-15 01:30:40,465]: length=394 f1=0.8278 accuarcy=0.8283 precision=0.8327 recall=0.8283 auc=0.8283 
[2020-05-15 01:30:41,849]: length=395 f1=0.8224 accuarcy=0.8232 precision=0.8289 recall=0.8232 auc=0.8232 
[2020-05-15 01:30:43,217]: length=396 f1=0.8281 accuarcy=0.8287 precision=0.8334 recall=0.8287 auc=0.8287 
[2020-05-15 01:30:44,601]: length=397 f1=0.8287 accuarcy=0.8294 precision=0.8341 recall=0.8294 auc=0.8294 
[2020-05-15 01:30:45,979]: length=398 f1=0.8257 accuarcy=0.8263 precision=0.8306 recall=0.8263 auc=0.8263 
[2020-05-15 01:30:47,361]: length=399 f1=0.8220 accuarcy=0.8225 precision=0.8267 recall=0.8225 auc=0.8225 
[2020-05-15 01:30:48,759]: length=400 f1=0.8284 accuarcy=0.8290 precision=0.8340 recall=0.8290 auc=0.8290 
[2020-05-15 01:30:50,182]: length=401 f1=0.8277 accuarcy=0.8283 precision=0.8331 recall=0.8283 auc=0.8283 
[2020-05-15 01:30:51,594]: length=402 f1=0.8237 accuarcy=0.8242 precision=0.8283 recall=0.8242 auc=0.8242 
[2020-05-15 01:30:53,011]: length=403 f1=0.8291 accuarcy=0.8297 precision=0.8340 recall=0.8297 auc=0.8297 
[2020-05-15 01:30:54,417]: length=404 f1=0.8258 accuarcy=0.8263 precision=0.8301 recall=0.8263 auc=0.8263 
[2020-05-15 01:30:55,828]: length=405 f1=0.8258 accuarcy=0.8263 precision=0.8303 recall=0.8263 auc=0.8263 
[2020-05-15 01:30:57,239]: length=406 f1=0.8309 accuarcy=0.8314 precision=0.8357 recall=0.8314 auc=0.8314 
[2020-05-15 01:30:58,656]: length=407 f1=0.8284 accuarcy=0.8290 precision=0.8336 recall=0.8290 auc=0.8290 
[2020-05-15 01:31:00,080]: length=408 f1=0.8233 accuarcy=0.8239 precision=0.8286 recall=0.8239 auc=0.8239 
[2020-05-15 01:31:01,507]: length=409 f1=0.8281 accuarcy=0.8287 precision=0.8329 recall=0.8287 auc=0.8287 
[2020-05-15 01:31:02,938]: length=410 f1=0.8277 accuarcy=0.8283 precision=0.8335 recall=0.8283 auc=0.8283 
[2020-05-15 01:31:04,351]: length=411 f1=0.8256 accuarcy=0.8263 precision=0.8313 recall=0.8263 auc=0.8263 
[2020-05-15 01:31:05,766]: length=412 f1=0.8271 accuarcy=0.8276 precision=0.8321 recall=0.8276 auc=0.8276 
[2020-05-15 01:31:07,203]: length=413 f1=0.8306 accuarcy=0.8311 precision=0.8347 recall=0.8311 auc=0.8311 
[2020-05-15 01:31:08,610]: length=414 f1=0.8246 accuarcy=0.8253 precision=0.8299 recall=0.8253 auc=0.8253 
[2020-05-15 01:31:10,031]: length=415 f1=0.8234 accuarcy=0.8239 precision=0.8279 recall=0.8239 auc=0.8239 
[2020-05-15 01:31:11,440]: length=416 f1=0.8250 accuarcy=0.8256 precision=0.8300 recall=0.8256 auc=0.8256 
[2020-05-15 01:31:12,855]: length=417 f1=0.8274 accuarcy=0.8280 precision=0.8324 recall=0.8280 auc=0.8280 
[2020-05-15 01:31:14,271]: length=418 f1=0.8264 accuarcy=0.8270 precision=0.8313 recall=0.8270 auc=0.8270 
[2020-05-15 01:31:15,677]: length=419 f1=0.8281 accuarcy=0.8287 precision=0.8333 recall=0.8287 auc=0.8287 
[2020-05-15 01:31:17,101]: length=420 f1=0.8309 accuarcy=0.8314 precision=0.8354 recall=0.8314 auc=0.8314 
[2020-05-15 01:31:18,514]: length=421 f1=0.8267 accuarcy=0.8273 precision=0.8321 recall=0.8273 auc=0.8273 
[2020-05-15 01:31:19,919]: length=422 f1=0.8243 accuarcy=0.8249 precision=0.8295 recall=0.8249 auc=0.8249 
[2020-05-15 01:31:21,322]: length=423 f1=0.8198 accuarcy=0.8205 precision=0.8253 recall=0.8205 auc=0.8205 
[2020-05-15 01:31:22,731]: length=424 f1=0.8236 accuarcy=0.8242 precision=0.8287 recall=0.8242 auc=0.8242 
[2020-05-15 01:31:24,133]: length=425 f1=0.8245 accuarcy=0.8253 precision=0.8306 recall=0.8253 auc=0.8253 
[2020-05-15 01:31:25,541]: length=426 f1=0.8226 accuarcy=0.8232 precision=0.8279 recall=0.8232 auc=0.8232 
[2020-05-15 01:31:26,944]: length=427 f1=0.8298 accuarcy=0.8304 precision=0.8346 recall=0.8304 auc=0.8304 
[2020-05-15 01:31:28,345]: length=428 f1=0.8253 accuarcy=0.8259 precision=0.8310 recall=0.8259 auc=0.8259 
[2020-05-15 01:31:28,345]: ----------
[2020-05-15 01:31:28,346]: the max f1 = 0.8353
[2020-05-15 01:31:28,347]: ['blosum62.F62' 'blosum62.F53' 'blosum62.F159' '6_G' '1_A' 'blosum62.F11'
 'blosum62.F50' 'blosum62.F209' '10_C' 'blosum62.F216' '4_E'
 'blosum62.F195' 'blosum62.F20' 'blosum62.F219' 'blosum62.F208' '8_N'
 'blosum62.F123' 'blosum62.F59' 'blosum62.F199' 'blosum62.F76'
 'blosum62.F182' 'blosum62.F92' 'blosum62.F186' 'blosum62.F143'
 'blosum62.F2' 'blosum62.F95' 'blosum62.F167' 'blosum62.F28' 'blosum62.F8'
 'blosum62.F163' 'blosum62.F12' 'blosum62.F25' 'blosum62.F144'
 'blosum62.F47' 'blosum62.F174' 'blosum62.F19' '6_S' 'blosum62.F42' '9_S'
 'blosum62.F33' 'blosum62.F61' 'blosum62.F146' 'blosum62.F145' '1_P' '4_D'
 '4_I' 'blosum62.F6' '8_I' 'blosum62.F125' '0_K' 'blosum62.F65' '0_T'
 '8_A' 'blosum62.F99' 'blosum62.F10' 'blosum62.F178' 'blosum62.F9'
 'blosum62.F21' '4_F' 'blosum62.F80' 'blosum62.F78' 'blosum62.F138'
 'blosum62.F63' 'blosum62.F58' '1_R' 'blosum62.F54' 'blosum62.F175' '3_M'
 'blosum62.F176' 'blosum62.F49' 'blosum62.F124' '7_A' '3_L' '6_I'
 'blosum62.F205' 'blosum62.F29' 'blosum62.F154' '3_A' 'blosum62.F134'
 'blosum62.F161' 'blosum62.F81' 'blosum62.F153' '0_D' '1_G' 'blosum62.F77'
 'blosum62.F93' '4_V' '1_K' 'blosum62.F164' '6_V' 'blosum62.F158' '2_K'
 '0_Q' '6_R' 'blosum62.F201' '3_Q' '0_G' 'blosum62.F180' 'blosum62.F4'
 'blosum62.F55' '8_F' 'blosum62.F66' '10_G' '9_K' '6_B' 'blosum62.F32'
 '8_D' '9_F' 'blosum62.F133' 'blosum62.F157' 'blosum62.F18' '7_H' '3_H'
 'blosum62.F69' '1_Y' 'blosum62.F70' 'blosum62.F94' '10_K' 'blosum62.F212'
 '7_F' '9_C' 'blosum62.F44' 'blosum62.F121' 'blosum62.F172' '2_I'
 'blosum62.F185' 'blosum62.F60' 'blosum62.F52' 'blosum62.F38'
 'blosum62.F190' '6_M' 'blosum62.F220' 'blosum62.F197' 'blosum62.F97'
 'blosum62.F194' 'blosum62.F170' '6_E' '6_Q' '0_C' 'blosum62.F64'
 'blosum62.F37' '1_Q' '8_V' 'blosum62.F41' 'blosum62.F90' 'blosum62.F177'
 'blosum62.F126' '4_K' 'blosum62.F127' '6_A' 'blosum62.F35'
 'blosum62.F149' 'blosum62.F16' '10_A' 'blosum62.F130' '10_B'
 'blosum62.F210' 'blosum62.F87' '8_P' 'blosum62.F162' '1_E' '7_N'
 'blosum62.F166' 'blosum62.F142' '6_K' 'blosum62.F155' '10_Q'
 'blosum62.F151' '9_Q' 'blosum62.F67' 'blosum62.F207' '6_C'
 'blosum62.F200' '4_S' '9_E' '9_N' 'blosum62.F183' '0_I' '7_C' '0_L'
 'blosum62.F140' '3_R' '3_Y' 'blosum62.F136' 'blosum62.F211'
 'blosum62.F82' 'blosum62.F98' 'blosum62.F24' '2_L' '0_S' '4_W'
 'blosum62.F169' 'blosum62.F137' '3_N' '9_D' '10_N' 'blosum62.F84' '10_S'
 'blosum62.F56' '2_F' '6_F' '6_P' 'blosum62.F86' '1_F' '9_V'
 'blosum62.F156' '4_Q' 'blosum62.F34' '2_V' 'blosum62.F139' 'blosum62.F83'
 'blosum62.F189' '0_F' '7_Q' '1_I' '10_P' '8_L' 'blosum62.F88'
 'blosum62.F187' 'blosum62.F152' 'blosum62.F36' 'blosum62.F213'
 'blosum62.F74' '2_P' 'blosum62.F196' '8_Y' '3_K' 'blosum62.F202' '1_T'
 '10_L' '4_P' 'blosum62.F13' 'blosum62.F7' 'blosum62.F85' 'blosum62.F57'
 'blosum62.F89' 'blosum62.F5' '3_D' '2_A' '9_A' '0_E' '7_L' 'blosum62.F22'
 '4_G' '7_B' 'blosum62.F43' 'blosum62.F15' 'blosum62.F165' '10_D' '10_W'
 '10_M' 'blosum62.F181' '8_W' '2_Q' '3_I' '4_C' 'blosum62.F204' '1_W'
 '4_H' '4_M' '7_G' '3_T' '7_D' 'blosum62.F184' 'blosum62.F68' '7_V'
 'blosum62.F3' 'blosum62.F23' '1_S' '8_R' 'blosum62.F31' '2_S' '8_T' '6_T'
 'blosum62.F168' '7_S' 'blosum62.F17' 'blosum62.F173' '2_E' '9_M' '7_E'
 'blosum62.F214' '10_V' 'blosum62.F39' '0_Y' 'blosum62.F100'
 'blosum62.F71' '4_A' '10_F' '3_C' '7_T' 'blosum62.F193' '2_D'
 'blosum62.F198' 'blosum62.F122' 'blosum62.F192' '6_W' '9_G'
 'blosum62.F48' '1_M' 'blosum62.F141' '0_W'],length = 302
[2020-05-15 01:31:28,347]: -----------
[2020-05-15 01:31:29,663]: ***confusion matrix***
Predicted   0.0   1.0
Actual               
0.0        1306   159
1.0         322  1143
[2020-05-15 01:31:29,666]: f1 =0.8353 
[2020-05-15 01:31:29,667]: accuarcy = 0.8358 
[2020-05-15 01:31:29,671]: precision =0.8400 
[2020-05-15 01:31:29,674]: recall =0.8358
[2020-05-15 01:31:29,680]: auc = 0.8358
[2020-05-15 01:31:31,137]: -----------
[2020-05-15 01:31:31,138]: The output by the terminal's log has been saved in the /home/heshida/pycharm_tmp2/Logs/202005150024.log.
[2020-05-15 01:31:31,138]: metrics have been saved in the /home/heshida/pycharm_tmp2/Results/m.csv.
[2020-05-15 01:33:02,753]: Scatter charts visualized by t-SNE dataset has been saved in the /home/heshida/pycharm_tmp2/Results/zscale_nonehot.csv.png.
[2020-05-15 01:33:02,753]: Reduced dimensional dataset has been saved in the /home/heshida/pycharm_tmp2/Results/out.csv.
[2020-05-15 01:33:02,753]: ---mrmd 2.0 end---
