[2020-08-11 09:49:57,246]: ---mrmd 2.0 start----
[2020-08-11 09:49:57,258]: ANOVA start...
[2020-08-11 09:49:57,269]: ANOVA  end.
[2020-08-11 09:49:57,269]: MI start...
[2020-08-11 09:49:57,364]: MI end.
[2020-08-11 09:49:57,364]: mrmd start...
[2020-08-11 09:49:57,391]: mrmd end.
[2020-08-11 09:49:57,391]: mRMR start...
[2020-08-11 09:49:57,549]: linear model start...
[2020-08-11 09:49:57,570]: linear model end.
[2020-08-11 09:49:57,571]: chi2 start...
[2020-08-11 09:49:57,589]: chi2 end.
[2020-08-11 09:49:57,589]: tree feature importance start...
[2020-08-11 09:49:57,819]: tree feature importance  end.
[2020-08-11 09:49:57,819]: F_value start...
[2020-08-11 09:49:57,827]: F_value  end.
[2020-08-11 09:49:57,827]: ref start...
[2020-08-11 09:50:02,628]: ref end.
[2020-08-11 09:50:02,640]: The final  rank is
[2020-08-11 09:50:02,640]: A : 0.07234652501426167
[2020-08-11 09:50:02,640]: Y : 0.07000597841498939
[2020-08-11 09:50:02,640]: C : 0.06449444954283708
[2020-08-11 09:50:02,640]: D : 0.060457690958330056
[2020-08-11 09:50:02,640]: Q : 0.054572177714277796
[2020-08-11 09:50:02,640]: G : 0.05178813283690278
[2020-08-11 09:50:02,641]: S : 0.05152775022598395
[2020-08-11 09:50:02,641]: H : 0.05149138643126165
[2020-08-11 09:50:02,641]: R : 0.04952455619298267
[2020-08-11 09:50:02,641]: L : 0.04873298262961073
[2020-08-11 09:50:02,641]: I : 0.046562858384910526
[2020-08-11 09:50:02,641]: V : 0.046390419020450525
[2020-08-11 09:50:02,641]: M : 0.04637158013377593
[2020-08-11 09:50:02,641]: T : 0.04383027741957639
[2020-08-11 09:50:02,641]: K : 0.04317271458802151
[2020-08-11 09:50:02,641]: N : 0.042206230399148385
[2020-08-11 09:50:02,641]: F : 0.04196348141871024
[2020-08-11 09:50:02,641]: W : 0.04007900925940757
[2020-08-11 09:50:02,641]: E : 0.03966164393900719
[2020-08-11 09:50:02,641]: P : 0.034820155475554
[2020-08-11 09:50:02,655]: Start dimension reduction ...
[2020-08-11 09:50:04,761]: length=1 f1=0.6005 accuarcy=0.6027 precision=0.6002 recall=0.6027 auc=0.5951 
[2020-08-11 09:50:05,078]: length=2 f1=0.6308 accuarcy=0.6301 precision=0.6374 recall=0.6301 auc=0.6333 
[2020-08-11 09:50:05,373]: length=3 f1=0.7801 accuarcy=0.7808 precision=0.7805 recall=0.7808 auc=0.7761 
[2020-08-11 09:50:05,972]: length=4 f1=0.6831 accuarcy=0.6849 precision=0.6837 recall=0.6849 auc=0.6780 
[2020-08-11 09:50:06,324]: length=5 f1=0.7219 accuarcy=0.7260 precision=0.7279 recall=0.7260 auc=0.7155 
[2020-08-11 09:50:06,753]: length=6 f1=0.8053 accuarcy=0.8082 precision=0.8139 recall=0.8082 auc=0.7985 
[2020-08-11 09:50:07,061]: length=7 f1=0.8476 accuarcy=0.8493 precision=0.8542 recall=0.8493 auc=0.8413 
[2020-08-11 09:50:07,333]: length=8 f1=0.8199 accuarcy=0.8219 precision=0.8258 recall=0.8219 auc=0.8136 
[2020-08-11 09:50:07,604]: length=9 f1=0.8619 accuarcy=0.8630 precision=0.8661 recall=0.8630 auc=0.8564 
[2020-08-11 09:50:07,888]: length=10 f1=0.8619 accuarcy=0.8630 precision=0.8661 recall=0.8630 auc=0.8564 
[2020-08-11 09:50:08,179]: length=11 f1=0.8476 accuarcy=0.8493 precision=0.8542 recall=0.8493 auc=0.8413 
[2020-08-11 09:50:08,453]: length=12 f1=0.8900 accuarcy=0.8904 precision=0.8910 recall=0.8904 auc=0.8867 
[2020-08-11 09:50:08,728]: length=13 f1=0.8900 accuarcy=0.8904 precision=0.8910 recall=0.8904 auc=0.8867 
[2020-08-11 09:50:09,004]: length=14 f1=0.8760 accuarcy=0.8767 precision=0.8783 recall=0.8767 auc=0.8716 
[2020-08-11 09:50:09,281]: length=15 f1=0.8619 accuarcy=0.8630 precision=0.8661 recall=0.8630 auc=0.8564 
[2020-08-11 09:50:09,570]: length=16 f1=0.8619 accuarcy=0.8630 precision=0.8661 recall=0.8630 auc=0.8564 
[2020-08-11 09:50:09,844]: length=17 f1=0.8760 accuarcy=0.8767 precision=0.8783 recall=0.8767 auc=0.8716 
[2020-08-11 09:50:10,145]: length=18 f1=0.8900 accuarcy=0.8904 precision=0.8910 recall=0.8904 auc=0.8867 
[2020-08-11 09:50:10,427]: length=19 f1=0.7933 accuarcy=0.7945 precision=0.7949 recall=0.7945 auc=0.7886 
[2020-08-11 09:50:10,733]: length=20 f1=0.8491 accuarcy=0.8493 precision=0.8492 recall=0.8493 auc=0.8466 
[2020-08-11 09:50:10,733]: ----------
[2020-08-11 09:50:10,733]: the max f1 = 0.8900
[2020-08-11 09:50:10,733]: ['A' 'Y' 'C' 'D' 'Q' 'G' 'S' 'H' 'R' 'L' 'I' 'V'],length = 12
[2020-08-11 09:50:10,733]: -----------
[2020-08-11 09:50:11,044]: ***confusion matrix***
Predicted  0.0  1.0
Actual             
0.0         37    3
1.0          5   28
[2020-08-11 09:50:11,045]: f1 =0.8900 
[2020-08-11 09:50:11,045]: accuarcy = 0.8904 
[2020-08-11 09:50:11,046]: precision =0.8910 
[2020-08-11 09:50:11,047]: recall =0.8904
[2020-08-11 09:50:11,049]: auc = 0.8867
[2020-08-11 09:50:11,055]: -----------
[2020-08-11 09:50:11,055]: The output by the terminal's log has been saved in the C:\Users\Administer\Desktop\工作\MRMD3.0\Logs\202008110949.log.
[2020-08-11 09:50:11,055]: metrics have been saved in the C:\Users\Administer\Desktop\工作\MRMD3.0\Results\test.metrics.csv.
[2020-08-11 09:50:11,055]: Reduced dimensional dataset has been saved in the C:\Users\Administer\Desktop\工作\MRMD3.0\Results\out.csv.
[2020-08-11 09:50:11,055]: ---mrmd 2.0 end---
