[2020-08-07 17:08:42,493]: ---mrmd 2.0 start----
[2020-08-07 17:08:42,573]: ANOVA start...
[2020-08-07 17:08:42,587]: ANOVA  end.
[2020-08-07 17:08:42,588]: MI start...
[2020-08-07 17:08:42,793]: MI end.
[2020-08-07 17:08:42,794]: mrmd start...
[2020-08-07 17:08:42,828]: mrmd end.
[2020-08-07 17:08:42,829]: mRMR start...
[2020-08-07 17:08:43,009]: linear model start...
[2020-08-07 17:08:43,038]: linear model end.
[2020-08-07 17:08:43,038]: chi2 start...
[2020-08-07 17:08:43,051]: chi2 end.
[2020-08-07 17:08:43,051]: tree feature importance start...
[2020-08-07 17:08:43,453]: tree feature importance  end.
[2020-08-07 17:08:43,454]: F_value start...
[2020-08-07 17:08:43,461]: F_value  end.
[2020-08-07 17:08:43,461]: ref start...
[2020-08-07 17:08:50,551]: ref end.
[2020-08-07 17:08:50,565]: The final  rank is
[2020-08-07 17:08:50,565]: C : 0.059631830786474604
[2020-08-07 17:08:50,565]: M : 0.059170935945451454
[2020-08-07 17:08:50,565]: G : 0.05853554229676305
[2020-08-07 17:08:50,565]: K : 0.0563080442838
[2020-08-07 17:08:50,566]: P : 0.055379418155100994
[2020-08-07 17:08:50,566]: Q : 0.05457001743942529
[2020-08-07 17:08:50,566]: S : 0.051871736023107594
[2020-08-07 17:08:50,566]: I : 0.050596988440657124
[2020-08-07 17:08:50,566]: N : 0.05050622923268848
[2020-08-07 17:08:50,566]: Y : 0.05046351148740098
[2020-08-07 17:08:50,566]: E : 0.05024673514851012
[2020-08-07 17:08:50,566]: T : 0.04858244997336458
[2020-08-07 17:08:50,566]: L : 0.04790189049693375
[2020-08-07 17:08:50,566]: R : 0.047649838588501775
[2020-08-07 17:08:50,566]: A : 0.04598595342031132
[2020-08-07 17:08:50,566]: V : 0.04584556520485941
[2020-08-07 17:08:50,566]: H : 0.043660745982787554
[2020-08-07 17:08:50,566]: D : 0.041795735813550575
[2020-08-07 17:08:50,566]: W : 0.03839866279303896
[2020-08-07 17:08:50,566]: F : 0.03268333613839193
[2020-08-07 17:08:50,566]: class : 0.010214832348880785
[2020-08-07 17:08:50,579]: Start dimension reduction ...
