[2020-05-07 18:58:32,301]: ---mrmd 2.0 start----
[2020-05-07 18:58:33,059]: ANOVA start...
[2020-05-07 18:58:33,061]: ANOVA end.
[2020-05-07 18:58:33,062]: mic start...
[2020-05-07 18:58:33,268]: mic end.
[2020-05-07 18:58:33,269]: mrmd start...
[2020-05-07 18:58:33,295]: mrmd end.
[2020-05-07 18:58:33,295]: mRMR start...
[2020-05-07 18:58:33,332]: mRMR end.
[2020-05-07 18:58:33,333]: lasso start...
[2020-05-07 18:58:33,354]: lasso end.
[2020-05-07 18:58:33,354]: chi2 start...
[2020-05-07 18:58:33,370]: chi2 end.
[2020-05-07 18:58:33,370]: ref start...
[2020-05-07 18:58:33,446]: ref end.
[2020-05-07 18:58:33,447]: rank start ...
[2020-05-07 18:58:33,450]: The final  rank is
[2020-05-07 18:58:33,450]: K : 0.0657
[2020-05-07 18:58:33,450]: T : 0.0634
[2020-05-07 18:58:33,451]: R : 0.0602
[2020-05-07 18:58:33,451]: I : 0.0582
[2020-05-07 18:58:33,451]: Q : 0.0574
[2020-05-07 18:58:33,451]: A : 0.0569
[2020-05-07 18:58:33,451]: E : 0.0557
[2020-05-07 18:58:33,451]: V : 0.0541
[2020-05-07 18:58:33,451]: G : 0.0517
[2020-05-07 18:58:33,451]: Y : 0.0508
[2020-05-07 18:58:33,451]: P : 0.0497
[2020-05-07 18:58:33,452]: S : 0.0474
[2020-05-07 18:58:33,452]: C : 0.0472
[2020-05-07 18:58:33,452]: W : 0.0463
[2020-05-07 18:58:33,452]: N : 0.0440
[2020-05-07 18:58:33,452]: D : 0.0427
[2020-05-07 18:58:33,452]: M : 0.0397
[2020-05-07 18:58:33,452]: L : 0.0384
[2020-05-07 18:58:33,452]: H : 0.0360
[2020-05-07 18:58:33,452]: F : 0.0347
[2020-05-07 18:58:33,453]: feature_rank end
[2020-05-07 18:58:33,474]: Start dimension reduction ...
