[2020-05-14 20:07:28,932]: ---mrmd 2.0 start----
[2020-05-14 20:07:29,722]: ANOVA start...
[2020-05-14 20:07:29,739]: ANOVA  end.
[2020-05-14 20:07:29,740]: ANOVA start...
[2020-05-14 20:07:29,878]: ANOVA  end.
[2020-05-14 20:07:29,923]: mRMR start...
[2020-05-14 20:07:29,965]: mRMR end.
[2020-05-14 20:07:29,965]: lasso start...
[2020-05-14 20:07:29,990]: lasso end.
[2020-05-14 20:07:29,991]: chi2 start...
[2020-05-14 20:07:30,008]: chi2 end.
[2020-05-14 20:07:30,009]: ANOVA start...
[2020-05-14 20:07:30,022]: ANOVA  end.
[2020-05-14 20:07:30,022]: ref start...
[2020-05-14 20:07:38,888]: ref end.
[2020-05-14 20:07:38,917]: The final  rank is
[2020-05-14 20:07:38,918]: G : 0.06502736722497741
[2020-05-14 20:07:38,918]: C : 0.06375199934489739
[2020-05-14 20:07:38,918]: K : 0.06149786483357529
[2020-05-14 20:07:38,918]: R : 0.06069400422294134
[2020-05-14 20:07:38,918]: Q : 0.057421646978202866
[2020-05-14 20:07:38,918]: A : 0.05673455372442928
[2020-05-14 20:07:38,918]: W : 0.056272485176832476
[2020-05-14 20:07:38,918]: T : 0.05346757679128508
[2020-05-14 20:07:38,919]: V : 0.052191192651418375
[2020-05-14 20:07:38,919]: L : 0.051482847605373264
[2020-05-14 20:07:38,919]: Y : 0.05129819032613663
[2020-05-14 20:07:38,919]: S : 0.05088578098201084
[2020-05-14 20:07:38,919]: I : 0.04789742090510757
[2020-05-14 20:07:38,919]: H : 0.04499867226300869
[2020-05-14 20:07:38,919]: E : 0.04414824353019905
[2020-05-14 20:07:38,919]: P : 0.04349956033295274
[2020-05-14 20:07:38,920]: N : 0.04210900383246777
[2020-05-14 20:07:38,920]: F : 0.03426119412876949
[2020-05-14 20:07:38,920]: M : 0.033359449550430284
[2020-05-14 20:07:38,920]: D : 0.02900094559498432
[2020-05-14 20:07:38,946]: Start dimension reduction ...
[2020-05-14 20:07:42,623]: length=1 f1=0.4045 accuarcy=0.4521 precision=0.3678 recall=0.4521 auc=0.5327 
[2020-05-14 20:07:43,455]: length=2 f1=0.3962 accuarcy=0.3973 precision=0.4013 recall=0.3973 auc=0.5382 
[2020-05-14 20:07:44,302]: length=3 f1=0.4355 accuarcy=0.4384 precision=0.4352 recall=0.4384 auc=0.5522 
[2020-05-14 20:07:44,620]: length=4 f1=0.4827 accuarcy=0.4932 precision=0.4751 recall=0.4932 auc=0.5934 
[2020-05-14 20:07:44,927]: length=5 f1=0.4071 accuarcy=0.4110 precision=0.4093 recall=0.4110 auc=0.5546 
[2020-05-14 20:07:45,228]: length=6 f1=0.4379 accuarcy=0.4384 precision=0.4381 recall=0.4384 auc=0.5680 
[2020-05-14 20:07:45,530]: length=7 f1=0.4616 accuarcy=0.4658 precision=0.4597 recall=0.4658 auc=0.5798 
[2020-05-14 20:07:45,833]: length=8 f1=0.4337 accuarcy=0.4384 precision=0.4308 recall=0.4384 auc=0.5567 
[2020-05-14 20:07:46,141]: length=9 f1=0.4651 accuarcy=0.4658 precision=0.4647 recall=0.4658 auc=0.5865 
[2020-05-14 20:07:46,442]: length=10 f1=0.4436 accuarcy=0.4521 precision=0.4378 recall=0.4521 auc=0.5608 
[2020-05-14 20:07:46,743]: length=11 f1=0.4917 accuarcy=0.4932 precision=0.4976 recall=0.4932 auc=0.5905 
[2020-05-14 20:07:47,049]: length=12 f1=0.4803 accuarcy=0.4932 precision=0.4755 recall=0.4932 auc=0.5863 
[2020-05-14 20:07:47,353]: length=13 f1=0.4741 accuarcy=0.4932 precision=0.4644 recall=0.4932 auc=0.5812 
[2020-05-14 20:07:47,658]: length=14 f1=0.4499 accuarcy=0.4658 precision=0.4462 recall=0.4658 auc=0.5586 
[2020-05-14 20:07:47,959]: length=15 f1=0.4999 accuarcy=0.5205 precision=0.4992 recall=0.5205 auc=0.5946 
[2020-05-14 20:07:48,263]: length=16 f1=0.4500 accuarcy=0.4658 precision=0.4406 recall=0.4658 auc=0.5623 
[2020-05-14 20:07:48,565]: length=17 f1=0.4803 accuarcy=0.4932 precision=0.4755 recall=0.4932 auc=0.5863 
[2020-05-14 20:07:48,868]: length=18 f1=0.4777 accuarcy=0.4932 precision=0.4801 recall=0.4932 auc=0.5773 
[2020-05-14 20:07:49,180]: length=19 f1=0.4355 accuarcy=0.4521 precision=0.4311 recall=0.4521 auc=0.5474 
[2020-05-14 20:07:49,490]: length=20 f1=0.4733 accuarcy=0.4932 precision=0.4728 recall=0.4932 auc=0.5743 
[2020-05-14 20:07:49,491]: ----------
[2020-05-14 20:07:49,491]: the max f1 = 0.4999
[2020-05-14 20:07:49,491]: ['G' 'C' 'K' 'R' 'Q' 'A' 'W' 'T' 'V' 'L' 'Y' 'S' 'I' 'H' 'E'],length = 15
[2020-05-14 20:07:49,491]: -----------
[2020-05-14 20:07:49,835]: ***confusion matrix***
Predicted  0.0  1.0  2.0
Actual                  
0.0          2    0   15
1.0          0   13    8
2.0          7    5   23
[2020-05-14 20:07:49,838]: f1 =0.4999 
[2020-05-14 20:07:49,838]: accuarcy = 0.5205 
[2020-05-14 20:07:49,840]: precision =0.4992 
[2020-05-14 20:07:49,842]: recall =0.5205
[2020-05-14 20:07:49,847]: auc = 0.5946
[2020-05-14 20:07:49,856]: -----------
[2020-05-14 20:07:49,857]: The output by the terminal's log has been saved in the /home/heshida/pycharm_tmp2/Logs/202005142007.log.
[2020-05-14 20:07:49,857]: metrics have been saved in the /home/heshida/pycharm_tmp2/Results/m.csv.
[2020-05-14 20:07:50,984]: Scatter charts visualized by t-SNE dataset has been saved in the /home/heshida/pycharm_tmp2/Results/test.csv.png.
[2020-05-14 20:07:50,985]: Reduced dimensional dataset has been saved in the /home/heshida/pycharm_tmp2/Results/out.csv.
[2020-05-14 20:07:50,985]: ---mrmd 2.0 end---
