[2020-05-14 21:01:00,009]: ---mrmd 2.0 start----
[2020-05-14 21:01:00,785]: ANOVA start...
[2020-05-14 21:01:00,802]: ANOVA  end.
[2020-05-14 21:01:00,802]: ANOVA start...
[2020-05-14 21:01:00,939]: ANOVA  end.
[2020-05-14 21:01:00,939]: mrmd start...
[2020-05-14 21:01:01,005]: mrmd end.
[2020-05-14 21:01:01,005]: mRMR start...
[2020-05-14 21:01:01,047]: mRMR end.
[2020-05-14 21:01:01,047]: lasso start...
[2020-05-14 21:01:01,067]: lasso end.
[2020-05-14 21:01:01,067]: chi2 start...
[2020-05-14 21:01:01,079]: chi2 end.
[2020-05-14 21:01:01,079]: ANOVA start...
[2020-05-14 21:01:01,092]: ANOVA  end.
[2020-05-14 21:01:01,092]: ref start...
[2020-05-14 21:01:09,790]: ref end.
[2020-05-14 21:01:09,818]: The final  rank is
[2020-05-14 21:01:09,818]: C : 0.0660998244403677
[2020-05-14 21:01:09,818]: T : 0.06105056063063779
[2020-05-14 21:01:09,818]: L : 0.06013365002738944
[2020-05-14 21:01:09,818]: H : 0.05756903581653228
[2020-05-14 21:01:09,818]: Q : 0.055176839723681446
[2020-05-14 21:01:09,819]: K : 0.0540863338044402
[2020-05-14 21:01:09,819]: A : 0.05337051792557928
[2020-05-14 21:01:09,819]: G : 0.052031265640958946
[2020-05-14 21:01:09,819]: R : 0.0515216163288817
[2020-05-14 21:01:09,819]: V : 0.0504406873618305
[2020-05-14 21:01:09,819]: P : 0.049309300083000225
[2020-05-14 21:01:09,819]: I : 0.04890602627854712
[2020-05-14 21:01:09,819]: S : 0.04796996941485678
[2020-05-14 21:01:09,819]: M : 0.047194137845429494
[2020-05-14 21:01:09,820]: Y : 0.0462591201358998
[2020-05-14 21:01:09,820]: W : 0.04572639076293189
[2020-05-14 21:01:09,820]: E : 0.04497254033512233
[2020-05-14 21:01:09,820]: N : 0.03848747290772642
[2020-05-14 21:01:09,820]: D : 0.03729133152999184
[2020-05-14 21:01:09,820]: F : 0.03240337900619469
[2020-05-14 21:01:09,846]: Start dimension reduction ...
[2020-05-14 21:01:13,622]: length=1 f1=0.4780 accuarcy=0.5205 precision=0.4976 recall=0.5205 auc=0.5731 
[2020-05-14 21:01:14,453]: length=2 f1=0.3892 accuarcy=0.3973 precision=0.3826 recall=0.3973 auc=0.5129 
[2020-05-14 21:01:15,277]: length=3 f1=0.3814 accuarcy=0.3836 precision=0.3816 recall=0.3836 auc=0.5118 
[2020-05-14 21:01:15,600]: length=4 f1=0.4484 accuarcy=0.4521 precision=0.4456 recall=0.4521 auc=0.5608 
[2020-05-14 21:01:15,904]: length=5 f1=0.3748 accuarcy=0.3836 precision=0.3680 recall=0.3836 auc=0.5055 
[2020-05-14 21:01:16,209]: length=6 f1=0.3768 accuarcy=0.3836 precision=0.3749 recall=0.3836 auc=0.5112 
[2020-05-14 21:01:16,518]: length=7 f1=0.3976 accuarcy=0.4110 precision=0.3893 recall=0.4110 auc=0.5253 
[2020-05-14 21:01:16,819]: length=8 f1=0.4830 accuarcy=0.5068 precision=0.4726 recall=0.5068 auc=0.5870 
[2020-05-14 21:01:17,122]: length=9 f1=0.4973 accuarcy=0.5068 precision=0.4935 recall=0.5068 auc=0.6016 
[2020-05-14 21:01:17,421]: length=10 f1=0.4273 accuarcy=0.4384 precision=0.4317 recall=0.4384 auc=0.5356 
[2020-05-14 21:01:17,733]: length=11 f1=0.4709 accuarcy=0.4795 precision=0.4654 recall=0.4795 auc=0.5799 
[2020-05-14 21:01:18,034]: length=12 f1=0.4497 accuarcy=0.4658 precision=0.4516 recall=0.4658 auc=0.5542 
[2020-05-14 21:01:18,335]: length=13 f1=0.4605 accuarcy=0.4795 precision=0.4494 recall=0.4795 auc=0.5764 
[2020-05-14 21:01:18,638]: length=14 f1=0.3723 accuarcy=0.3836 precision=0.3744 recall=0.3836 auc=0.4950 
[2020-05-14 21:01:18,943]: length=15 f1=0.4564 accuarcy=0.4658 precision=0.4506 recall=0.4658 auc=0.5660 
[2020-05-14 21:01:19,247]: length=16 f1=0.4280 accuarcy=0.4384 precision=0.4265 recall=0.4384 auc=0.5399 
[2020-05-14 21:01:19,553]: length=17 f1=0.4766 accuarcy=0.4932 precision=0.4789 recall=0.4932 auc=0.5745 
[2020-05-14 21:01:19,857]: length=18 f1=0.4908 accuarcy=0.5205 precision=0.4755 recall=0.5205 auc=0.5939 
[2020-05-14 21:01:20,164]: length=19 f1=0.4695 accuarcy=0.4932 precision=0.4741 recall=0.4932 auc=0.5697 
[2020-05-14 21:01:20,470]: length=20 f1=0.4596 accuarcy=0.4795 precision=0.4623 recall=0.4795 auc=0.5620 
[2020-05-14 21:01:20,470]: ----------
[2020-05-14 21:01:20,470]: the max f1 = 0.4973
[2020-05-14 21:01:20,471]: ['C' 'T' 'L' 'H' 'Q' 'K' 'A' 'G' 'R'],length = 9
[2020-05-14 21:01:20,471]: -----------
[2020-05-14 21:01:20,813]: ***confusion matrix***
Predicted  0.0  1.0  2.0
Actual                  
0.0          4    2   11
1.0          0   13    8
2.0          8    7   20
[2020-05-14 21:01:20,816]: f1 =0.4973 
[2020-05-14 21:01:20,816]: accuarcy = 0.5068 
[2020-05-14 21:01:20,818]: precision =0.4935 
[2020-05-14 21:01:20,820]: recall =0.5068
[2020-05-14 21:01:20,825]: auc = 0.6016
[2020-05-14 21:01:20,834]: -----------
[2020-05-14 21:01:20,834]: The output by the terminal's log has been saved in the /home/heshida/pycharm_tmp2/Logs/202005142101.log.
[2020-05-14 21:01:20,834]: metrics have been saved in the /home/heshida/pycharm_tmp2/Results/m.csv.
[2020-05-14 21:01:21,982]: Scatter charts visualized by t-SNE dataset has been saved in the /home/heshida/pycharm_tmp2/Results/test.csv.png.
[2020-05-14 21:01:21,983]: Reduced dimensional dataset has been saved in the /home/heshida/pycharm_tmp2/Results/out.csv.
[2020-05-14 21:01:21,983]: ---mrmd 2.0 end---
