[2020-05-10 22:10:10,962]: ---mrmd 2.0 start----
[2020-05-10 22:10:11,698]: ANOVA start...
[2020-05-10 22:10:11,701]: ANOVA end.
[2020-05-10 22:10:11,701]: mic start...
[2020-05-10 22:10:11,908]: mic end.
[2020-05-10 22:10:11,908]: mrmd start...
[2020-05-10 22:10:11,934]: mrmd end.
[2020-05-10 22:10:11,935]: mRMR start...
[2020-05-10 22:10:11,972]: mRMR end.
[2020-05-10 22:10:11,972]: lasso start...
[2020-05-10 22:10:11,989]: lasso end.
[2020-05-10 22:10:11,990]: chi2 start...
[2020-05-10 22:10:12,005]: chi2 end.
[2020-05-10 22:10:12,005]: ref start...
[2020-05-10 22:10:12,078]: ref end.
[2020-05-10 22:10:12,092]: The final  rank is
[2020-05-10 22:10:12,092]: K : 0.0690785632503797
[2020-05-10 22:10:12,092]: T : 0.06596555106877368
[2020-05-10 22:10:12,092]: R : 0.06242359193006594
[2020-05-10 22:10:12,092]: Q : 0.05925577100144449
[2020-05-10 22:10:12,092]: I : 0.058947516924739284
[2020-05-10 22:10:12,092]: A : 0.05800764254679676
[2020-05-10 22:10:12,093]: E : 0.05769967990753704
[2020-05-10 22:10:12,093]: V : 0.05534103970805543
[2020-05-10 22:10:12,093]: Y : 0.05244160805337384
[2020-05-10 22:10:12,093]: G : 0.0509468742195343
[2020-05-10 22:10:12,093]: P : 0.049519504745027774
[2020-05-10 22:10:12,093]: C : 0.04765237774114939
[2020-05-10 22:10:12,093]: S : 0.04749410510572205
[2020-05-10 22:10:12,093]: W : 0.046058731561151034
[2020-05-10 22:10:12,093]: N : 0.04186750312365192
[2020-05-10 22:10:12,094]: D : 0.04050797445694472
[2020-05-10 22:10:12,094]: M : 0.036770006395781624
[2020-05-10 22:10:12,094]: L : 0.03540961962154634
[2020-05-10 22:10:12,094]: H : 0.032800989537869606
[2020-05-10 22:10:12,094]: F : 0.03181134910045505
[2020-05-10 22:10:12,115]: Start dimension reduction ...
[2020-05-10 22:10:15,475]: length=1 f1=0.4422 accuarcy=0.4521 precision=0.4432 recall=0.4521 auc=0.5539 
[2020-05-10 22:10:16,276]: length=2 f1=0.4471 accuarcy=0.4521 precision=0.4441 recall=0.4521 auc=0.5643 
[2020-05-10 22:10:17,072]: length=3 f1=0.3985 accuarcy=0.4110 precision=0.3928 recall=0.4110 auc=0.5257 
[2020-05-10 22:10:17,377]: length=4 f1=0.4336 accuarcy=0.4384 precision=0.4318 recall=0.4384 auc=0.5500 
[2020-05-10 22:10:17,671]: length=5 f1=0.4045 accuarcy=0.4110 precision=0.4025 recall=0.4110 auc=0.5267 
[2020-05-10 22:10:17,964]: length=6 f1=0.4427 accuarcy=0.4521 precision=0.4460 recall=0.4521 auc=0.5574 
[2020-05-10 22:10:18,257]: length=7 f1=0.3932 accuarcy=0.4110 precision=0.3898 recall=0.4110 auc=0.5129 
[2020-05-10 22:10:18,547]: length=8 f1=0.4300 accuarcy=0.4521 precision=0.4280 recall=0.4521 auc=0.5407 
[2020-05-10 22:10:18,840]: length=9 f1=0.4807 accuarcy=0.4795 precision=0.4862 recall=0.4795 auc=0.5835 
[2020-05-10 22:10:19,131]: length=10 f1=0.5529 accuarcy=0.5616 precision=0.5530 recall=0.5616 auc=0.6395 
[2020-05-10 22:10:19,429]: length=11 f1=0.4698 accuarcy=0.4795 precision=0.4659 recall=0.4795 auc=0.5736 
[2020-05-10 22:10:19,722]: length=12 f1=0.4609 accuarcy=0.4658 precision=0.4580 recall=0.4658 auc=0.5738 
[2020-05-10 22:10:20,015]: length=13 f1=0.5245 accuarcy=0.5342 precision=0.5211 recall=0.5342 auc=0.6207 
[2020-05-10 22:10:20,313]: length=14 f1=0.4957 accuarcy=0.5068 precision=0.4897 recall=0.5068 auc=0.5988 
[2020-05-10 22:10:20,604]: length=15 f1=0.4518 accuarcy=0.4658 precision=0.4580 recall=0.4658 auc=0.5559 
[2020-05-10 22:10:20,897]: length=16 f1=0.4721 accuarcy=0.4932 precision=0.4640 recall=0.4932 auc=0.5798 
[2020-05-10 22:10:21,193]: length=17 f1=0.4724 accuarcy=0.4795 precision=0.4764 recall=0.4795 auc=0.5746 
[2020-05-10 22:10:21,494]: length=18 f1=0.4777 accuarcy=0.4932 precision=0.4801 recall=0.4932 auc=0.5773 
[2020-05-10 22:10:21,790]: length=19 f1=0.4931 accuarcy=0.5205 precision=0.4980 recall=0.5205 auc=0.5898 
[2020-05-10 22:10:22,084]: length=20 f1=0.4787 accuarcy=0.4932 precision=0.4853 recall=0.4932 auc=0.5761 
[2020-05-10 22:10:22,084]: ----------
[2020-05-10 22:10:22,085]: the max f1 = 0.5529
[2020-05-10 22:10:22,085]: ['K' 'T' 'R' 'Q' 'I' 'A' 'E' 'V' 'Y' 'G'],length = 10
[2020-05-10 22:10:22,085]: -----------
[2020-05-10 22:10:22,376]: ***confusion matrix***
[2020-05-10 22:10:22,377]:                pos_class      neg_class      
[2020-05-10 22:10:22,377]: pos_class      TP:13             FN:2              
[2020-05-10 22:10:22,377]: neg_class      FP:0              TN:5              
[2020-05-10 22:10:22,379]: f1 =0.5529 
[2020-05-10 22:10:22,379]: accuarcy = 0.5616 
[2020-05-10 22:10:22,381]: precision =0.5530 
[2020-05-10 22:10:22,383]: recall =0.5616
[2020-05-10 22:10:22,388]: auc = 0.6395
[2020-05-10 22:10:22,394]: -----------
[2020-05-10 22:10:22,394]: The output by the terminal's log has been saved in the /home/heshida/pycharm_tmp2/Logs/202005102210.log.
[2020-05-10 22:10:22,395]: metrics have been saved in the /home/heshida/pycharm_tmp2/Results/m.csv.
[2020-05-10 22:10:23,525]: Scatter charts visualized by t-SNE dataset has been saved in the /home/heshida/pycharm_tmp2/Results/test.csv.png.
[2020-05-10 22:10:23,525]: Reduced dimensional dataset has been saved in the /home/heshida/pycharm_tmp2/Results/out.csv.
[2020-05-10 22:10:23,525]: ---mrmd 2.0 end---
