[2020-05-07 21:57:52,386]: ---mrmd 2.0 start----
[2020-05-07 21:57:53,151]: ANOVA start...
[2020-05-07 21:57:53,154]: ANOVA end.
[2020-05-07 21:57:53,154]: mic start...
[2020-05-07 21:57:53,369]: mic end.
[2020-05-07 21:57:53,370]: mrmd start...
[2020-05-07 21:57:53,397]: mrmd end.
[2020-05-07 21:57:53,397]: mRMR start...
[2020-05-07 21:57:53,435]: mRMR end.
[2020-05-07 21:57:53,435]: lasso start...
[2020-05-07 21:57:53,453]: lasso end.
[2020-05-07 21:57:53,453]: chi2 start...
[2020-05-07 21:57:53,469]: chi2 end.
[2020-05-07 21:57:53,470]: ref start...
[2020-05-07 21:57:53,546]: ref end.
[2020-05-07 21:57:53,547]: rank start ...
[2020-05-07 21:57:53,550]: The final  rank is
[2020-05-07 21:57:53,551]: K : 0.0657
[2020-05-07 21:57:53,551]: T : 0.0634
[2020-05-07 21:57:53,551]: R : 0.0602
[2020-05-07 21:57:53,551]: I : 0.0582
[2020-05-07 21:57:53,551]: Q : 0.0574
[2020-05-07 21:57:53,551]: A : 0.0569
[2020-05-07 21:57:53,551]: E : 0.0557
[2020-05-07 21:57:53,551]: V : 0.0541
[2020-05-07 21:57:53,552]: G : 0.0517
[2020-05-07 21:57:53,552]: Y : 0.0508
[2020-05-07 21:57:53,552]: P : 0.0497
[2020-05-07 21:57:53,552]: S : 0.0474
[2020-05-07 21:57:53,552]: C : 0.0472
[2020-05-07 21:57:53,552]: W : 0.0463
[2020-05-07 21:57:53,552]: N : 0.0440
[2020-05-07 21:57:53,552]: D : 0.0427
[2020-05-07 21:57:53,552]: M : 0.0397
[2020-05-07 21:57:53,553]: L : 0.0384
[2020-05-07 21:57:53,553]: H : 0.0360
[2020-05-07 21:57:53,553]: F : 0.0347
[2020-05-07 21:57:53,553]: feature_rank end
[2020-05-07 21:57:53,553]: ANOVA start...
[2020-05-07 21:57:53,556]: ANOVA end.
[2020-05-07 21:57:53,556]: mic start...
[2020-05-07 21:57:53,748]: mic end.
[2020-05-07 21:57:53,748]: mrmd start...
[2020-05-07 21:57:53,775]: mrmd end.
[2020-05-07 21:57:53,775]: mRMR start...
[2020-05-07 21:57:53,814]: mRMR end.
[2020-05-07 21:57:53,814]: lasso start...
[2020-05-07 21:57:53,832]: lasso end.
[2020-05-07 21:57:53,832]: chi2 start...
[2020-05-07 21:57:53,848]: chi2 end.
[2020-05-07 21:57:53,848]: ref start...
[2020-05-07 21:57:53,923]: ref end.
[2020-05-07 21:57:53,945]: Start dimension reduction ...
[2020-05-07 21:57:57,621]: length=1 f1=0.4422 accuarcy=0.4521 precision=0.4432 recall=0.4521 auc=0.5539 
[2020-05-07 21:57:58,858]: length=2 f1=0.4471 accuarcy=0.4521 precision=0.4441 recall=0.4521 auc=0.5643 
