[2020-05-09 10:24:49,834]: ---mrmd 2.0 start----
[2020-05-09 10:24:50,576]: ANOVA start...
[2020-05-09 10:24:50,579]: ANOVA end.
[2020-05-09 10:24:50,579]: mic start...
[2020-05-09 10:24:50,790]: mic end.
[2020-05-09 10:24:50,791]: mrmd start...
[2020-05-09 10:24:50,817]: mrmd end.
[2020-05-09 10:24:50,818]: mRMR start...
[2020-05-09 10:24:50,855]: mRMR end.
[2020-05-09 10:24:50,856]: lasso start...
[2020-05-09 10:24:50,873]: lasso end.
[2020-05-09 10:24:50,873]: chi2 start...
[2020-05-09 10:24:50,889]: chi2 end.
[2020-05-09 10:24:50,890]: ref start...
[2020-05-09 10:24:50,959]: ref end.
[2020-05-09 10:24:50,966]: The final  rank is
[2020-05-09 10:24:50,966]: N : 1.27338933566783e-06
[2020-05-09 10:24:50,966]: L : 9.597765984746766e-07
[2020-05-09 10:24:50,966]: H : 9.597765984746766e-07
[2020-05-09 10:24:50,966]: M : 9.597765984746766e-07
[2020-05-09 10:24:50,966]: G : 9.597765984746766e-07
[2020-05-09 10:24:50,967]: F : 9.597765984746766e-07
[2020-05-09 10:24:50,967]: D : 9.597765984746766e-07
[2020-05-09 10:24:50,967]: T : 3.3255112408837005e-07
[2020-05-09 10:24:50,967]: R : 3.3255112408837005e-07
[2020-05-09 10:24:50,967]: S : 3.3255112408837005e-07
[2020-05-09 10:24:50,967]: C : 3.3255112408837005e-07
[2020-05-09 10:24:50,967]: Y : 3.3255112408837005e-07
[2020-05-09 10:24:50,967]: E : 3.3255112408837005e-07
[2020-05-09 10:24:50,967]: Q : 3.3255112408837005e-07
[2020-05-09 10:24:50,967]: W : 3.3255112408837005e-07
[2020-05-09 10:24:50,967]: A : 3.3255112408837005e-07
[2020-05-09 10:24:50,967]: K : 3.3255112408837005e-07
[2020-05-09 10:24:50,967]: I : 3.3255112408837005e-07
[2020-05-09 10:24:50,967]: P : 3.3255112408837005e-07
[2020-05-09 10:24:50,967]: V : 3.3255112408837005e-07
[2020-05-09 10:24:50,986]: Start dimension reduction ...
[2020-05-09 10:24:54,566]: length=1 f1=0.4142 accuarcy=0.4384 precision=0.4053 recall=0.4384 auc=0.5295 
[2020-05-09 10:24:55,355]: length=2 f1=0.5034 accuarcy=0.5205 precision=0.4954 recall=0.5205 auc=0.6029 
[2020-05-09 10:24:56,162]: length=3 f1=0.4200 accuarcy=0.4521 precision=0.4062 recall=0.4521 auc=0.5368 
[2020-05-09 10:24:56,468]: length=4 f1=0.4253 accuarcy=0.4521 precision=0.4197 recall=0.4521 auc=0.5377 
[2020-05-09 10:24:56,764]: length=5 f1=0.4701 accuarcy=0.4932 precision=0.4720 recall=0.4932 auc=0.5692 
[2020-05-09 10:24:57,065]: length=6 f1=0.4464 accuarcy=0.4795 precision=0.4471 recall=0.4795 auc=0.5533 
[2020-05-09 10:24:57,357]: length=7 f1=0.3404 accuarcy=0.3836 precision=0.3446 recall=0.3836 auc=0.4731 
[2020-05-09 10:24:57,651]: length=8 f1=0.4550 accuarcy=0.4795 precision=0.4773 recall=0.4795 auc=0.5547 
[2020-05-09 10:24:57,948]: length=9 f1=0.4395 accuarcy=0.4521 precision=0.4416 recall=0.4521 auc=0.5465 
[2020-05-09 10:24:58,244]: length=10 f1=0.4485 accuarcy=0.4658 precision=0.4581 recall=0.4658 auc=0.5499 
[2020-05-09 10:24:58,536]: length=11 f1=0.4517 accuarcy=0.4795 precision=0.4401 recall=0.4795 auc=0.5613 
[2020-05-09 10:24:58,835]: length=12 f1=0.4242 accuarcy=0.4521 precision=0.4181 recall=0.4521 auc=0.5366 
[2020-05-09 10:24:59,131]: length=13 f1=0.4126 accuarcy=0.4521 precision=0.4135 recall=0.4521 auc=0.5275 
[2020-05-09 10:24:59,425]: length=14 f1=0.4165 accuarcy=0.4384 precision=0.4197 recall=0.4384 auc=0.5276 
[2020-05-09 10:24:59,723]: length=15 f1=0.4642 accuarcy=0.4932 precision=0.4706 recall=0.4932 auc=0.5663 
[2020-05-09 10:25:00,019]: length=16 f1=0.4488 accuarcy=0.4658 precision=0.4422 recall=0.4658 auc=0.5598 
[2020-05-09 10:25:00,315]: length=17 f1=0.5267 accuarcy=0.5479 precision=0.5364 recall=0.5479 auc=0.6087 
[2020-05-09 10:25:00,684]: length=18 f1=0.4406 accuarcy=0.4658 precision=0.4310 recall=0.4658 auc=0.5504 
[2020-05-09 10:25:00,981]: length=19 f1=0.4445 accuarcy=0.4658 precision=0.4454 recall=0.4658 auc=0.5508 
[2020-05-09 10:25:01,275]: length=20 f1=0.4244 accuarcy=0.4384 precision=0.4246 recall=0.4384 auc=0.5353 
[2020-05-09 10:25:01,276]: ----------
[2020-05-09 10:25:01,276]: the max f1 = 0.5267
[2020-05-09 10:25:01,276]: ['N' 'L' 'H' 'M' 'G' 'F' 'D' 'T' 'R' 'S' 'C' 'Y' 'E' 'Q' 'W' 'A' 'K'],length = 17
[2020-05-09 10:25:01,276]: -----------
[2020-05-09 10:25:01,562]: ***confusion matrix***
[2020-05-09 10:25:01,562]:                pos_class      neg_class      
[2020-05-09 10:25:01,562]: pos_class      TP:12             FN:1              
[2020-05-09 10:25:01,562]: neg_class      FP:1              TN:2              
[2020-05-09 10:25:01,564]: f1 =0.5267 
[2020-05-09 10:25:01,565]: accuarcy = 0.5479 
[2020-05-09 10:25:01,566]: precision =0.5364 
[2020-05-09 10:25:01,568]: recall =0.5479
[2020-05-09 10:25:01,573]: auc = 0.6087
[2020-05-09 10:25:01,580]: -----------
[2020-05-09 10:25:01,580]: The output by the terminal's log has been saved in the /home/heshida/pycharm_tmp2/Logs/202005091024.log.
[2020-05-09 10:25:01,580]: metrics have been saved in the /home/heshida/pycharm_tmp2/Results/b.csv.
[2020-05-09 10:25:02,708]: Scatter charts visualized by t-SNE dataset has been saved in the /home/heshida/pycharm_tmp2/Results/test.csv.png.
[2020-05-09 10:25:02,708]: Reduced dimensional dataset has been saved in the /home/heshida/pycharm_tmp2/Results/a.csv.
[2020-05-09 10:25:02,708]: ---mrmd 2.0 end---
