[2020-05-15 19:14:55,658]: ---mrmd 2.0 start----
[2020-05-15 19:16:03,024]: ANOVA start...
[2020-05-15 19:16:03,231]: ANOVA  end.
[2020-05-15 19:16:03,231]: mic start...
[2020-05-15 19:16:05,472]: mic  end.
[2020-05-15 19:16:05,472]: mrmd start...
[2020-05-15 19:16:06,144]: mrmd end.
[2020-05-15 19:16:06,144]: mRMR start...
[2020-05-15 19:16:08,109]: mRMR end.
[2020-05-15 19:16:08,110]: linear model start...
[2020-05-15 19:16:08,479]: linear model end.
[2020-05-15 19:16:08,486]: chi2 start...
[2020-05-15 19:16:08,698]: chi2 end.
[2020-05-15 19:16:08,698]: tree feature importance start...
[2020-05-15 19:16:10,244]: tree feature importance  end.
[2020-05-15 19:16:10,244]: F_value start...
[2020-05-15 19:16:10,440]: F_value  end.
[2020-05-15 19:16:10,440]: ref start...
[2020-05-15 19:17:08,629]: ref end.
[2020-05-15 19:17:08,878]: The final  rank is
[2020-05-15 19:17:08,878]: Pos11.ZSCALE3 : 0.023571576469297584
[2020-05-15 19:17:08,879]: Pos9.ZSCALE5 : 0.023562548584210558
[2020-05-15 19:17:08,879]: Pos8.ZSCALE5 : 0.023402666893717713
[2020-05-15 19:17:08,879]: Pos2.ZSCALE3 : 0.023044320853140458
[2020-05-15 19:17:08,879]: Pos2.ZSCALE1 : 0.022912767723421528
[2020-05-15 19:17:08,879]: Pos11.ZSCALE4 : 0.022846388572312814
[2020-05-15 19:17:08,879]: Pos5.ZSCALE3 : 0.02278892410953316
[2020-05-15 19:17:08,879]: Pos11.ZSCALE5 : 0.022725438320009405
[2020-05-15 19:17:08,879]: Pos1.ZSCALE4 : 0.02215275498775542
[2020-05-15 19:17:08,880]: Pos11.ZSCALE1 : 0.022114738603773255
[2020-05-15 19:17:08,880]: Pos10.ZSCALE5 : 0.021755183311743344
[2020-05-15 19:17:08,880]: Pos8.ZSCALE2 : 0.021663184547478842
[2020-05-15 19:17:08,880]: Pos7.ZSCALE5 : 0.021638033200214877
[2020-05-15 19:17:08,880]: Pos9.ZSCALE2 : 0.02155056547638302
[2020-05-15 19:17:08,880]: Pos10.ZSCALE3 : 0.02111835358389933
[2020-05-15 19:17:08,880]: Pos5.ZSCALE5 : 0.02109975790685553
[2020-05-15 19:17:08,880]: Pos3.ZSCALE2 : 0.02089441276097639
[2020-05-15 19:17:08,880]: Pos3.ZSCALE1 : 0.020879961507525534
[2020-05-15 19:17:08,880]: Pos4.ZSCALE1 : 0.020873799920075722
[2020-05-15 19:17:08,881]: Pos7.ZSCALE3 : 0.02081807166008129
[2020-05-15 19:17:08,881]: Pos3.ZSCALE3 : 0.020815772967790584
[2020-05-15 19:17:08,881]: Pos7.ZSCALE1 : 0.020787984733648193
[2020-05-15 19:17:08,881]: Pos8.ZSCALE1 : 0.0207427414765906
[2020-05-15 19:17:08,881]: Pos9.ZSCALE4 : 0.0206056331166138
[2020-05-15 19:17:08,881]: Pos10.ZSCALE2 : 0.020503642071970613
[2020-05-15 19:17:08,881]: Pos4.ZSCALE3 : 0.020072800020097824
[2020-05-15 19:17:08,881]: Pos10.ZSCALE1 : 0.020024940987394258
[2020-05-15 19:17:08,881]: Pos8.ZSCALE3 : 0.020003347471227964
[2020-05-15 19:17:08,882]: Pos1.ZSCALE5 : 0.01981927637871285
[2020-05-15 19:17:08,882]: Pos9.ZSCALE1 : 0.019656107280896003
[2020-05-15 19:17:08,882]: Pos10.ZSCALE4 : 0.019450521865188
[2020-05-15 19:17:08,882]: Pos11.ZSCALE2 : 0.0193200014807414
[2020-05-15 19:17:08,882]: Pos3.ZSCALE5 : 0.019194989857215652
[2020-05-15 19:17:08,882]: Pos7.ZSCALE4 : 0.019071699147054675
[2020-05-15 19:17:08,882]: Pos2.ZSCALE4 : 0.019056845947137916
[2020-05-15 19:17:08,882]: Pos1.ZSCALE3 : 0.01905106295035509
[2020-05-15 19:17:08,883]: Pos2.ZSCALE2 : 0.018703768086751418
[2020-05-15 19:17:08,883]: Pos5.ZSCALE4 : 0.018673532850184492
[2020-05-15 19:17:08,883]: Pos4.ZSCALE4 : 0.01836898145027932
[2020-05-15 19:17:08,883]: Pos3.ZSCALE4 : 0.017712391579969237
[2020-05-15 19:17:08,883]: Pos1.ZSCALE1 : 0.01764175402803399
[2020-05-15 19:17:08,883]: Pos4.ZSCALE2 : 0.01749403176103255
[2020-05-15 19:17:08,883]: Pos5.ZSCALE1 : 0.01702138015563981
[2020-05-15 19:17:08,883]: Pos8.ZSCALE4 : 0.01677858420927445
[2020-05-15 19:17:08,883]: Pos2.ZSCALE5 : 0.01661490947728093
[2020-05-15 19:17:08,884]: Pos9.ZSCALE3 : 0.015600512967457271
[2020-05-15 19:17:08,884]: Pos1.ZSCALE2 : 0.015178075454754553
[2020-05-15 19:17:08,884]: Pos7.ZSCALE2 : 0.014479374991176002
[2020-05-15 19:17:08,884]: Pos4.ZSCALE5 : 0.014322328831971383
[2020-05-15 19:17:08,884]: Pos5.ZSCALE2 : 0.01231646622437449
[2020-05-15 19:17:08,884]: Pos6.ZSCALE2 : 0.009503091186778527
