[2020-05-08 21:09:48,578]: ---mrmd 2.0 start----
[2020-05-08 21:09:49,978]: ANOVA start...
[2020-05-08 21:09:49,980]: ANOVA end.
[2020-05-08 21:09:49,980]: mic start...
[2020-05-08 21:10:02,289]: mic end.
[2020-05-08 21:10:02,290]: mrmd start...
[2020-05-08 21:10:02,303]: mrmd end.
[2020-05-08 21:10:02,304]: mRMR start...
[2020-05-08 21:10:02,373]: mRMR end.
[2020-05-08 21:10:02,373]: lasso start...
[2020-05-08 21:10:02,382]: lasso end.
[2020-05-08 21:10:02,383]: chi2 start...
[2020-05-08 21:10:02,391]: chi2 end.
[2020-05-08 21:10:02,391]: ref start...
[2020-05-08 21:10:02,437]: ref end.
[2020-05-08 21:10:02,438]: rank start ...
[2020-05-08 21:10:02,440]: The final  rank is
[2020-05-08 21:10:02,440]: K : 0.0657
[2020-05-08 21:10:02,440]: T : 0.0634
[2020-05-08 21:10:02,440]: R : 0.0602
[2020-05-08 21:10:02,441]: I : 0.0582
[2020-05-08 21:10:02,441]: Q : 0.0574
[2020-05-08 21:10:02,441]: A : 0.0569
[2020-05-08 21:10:02,441]: E : 0.0557
[2020-05-08 21:10:02,441]: V : 0.0541
[2020-05-08 21:10:02,441]: G : 0.0517
[2020-05-08 21:10:02,441]: Y : 0.0508
[2020-05-08 21:10:02,442]: P : 0.0497
[2020-05-08 21:10:02,442]: S : 0.0474
[2020-05-08 21:10:02,442]: C : 0.0472
[2020-05-08 21:10:02,442]: W : 0.0463
[2020-05-08 21:10:02,442]: N : 0.0440
[2020-05-08 21:10:02,442]: D : 0.0427
[2020-05-08 21:10:02,442]: M : 0.0397
[2020-05-08 21:10:02,442]: L : 0.0384
[2020-05-08 21:10:02,442]: H : 0.0360
[2020-05-08 21:10:02,442]: F : 0.0347
[2020-05-08 21:10:02,443]: feature_rank end
[2020-05-08 21:10:02,457]: Start dimension reduction ...
[2020-05-08 21:10:12,047]: length=1 f1=0.4422 accuarcy=0.4521 precision=0.4432 recall=0.4521 auc=0.5539 
[2020-05-08 21:10:21,002]: length=2 f1=0.4280 accuarcy=0.4384 precision=0.4233 recall=0.4384 auc=0.5455 
[2020-05-08 21:10:29,589]: length=3 f1=0.3985 accuarcy=0.4110 precision=0.3928 recall=0.4110 auc=0.5257 
[2020-05-08 21:10:40,159]: length=4 f1=0.3337 accuarcy=0.3425 precision=0.3317 recall=0.3425 auc=0.4707 
[2020-05-08 21:10:51,733]: length=5 f1=0.3903 accuarcy=0.3973 precision=0.3893 recall=0.3973 auc=0.5153 
[2020-05-08 21:11:01,346]: length=6 f1=0.4117 accuarcy=0.4247 precision=0.4100 recall=0.4247 auc=0.5311 
[2020-05-08 21:11:12,082]: length=7 f1=0.4421 accuarcy=0.4521 precision=0.4384 recall=0.4521 auc=0.5529 
[2020-05-08 21:11:21,376]: length=8 f1=0.4712 accuarcy=0.4795 precision=0.4750 recall=0.4795 auc=0.5743 
[2020-05-08 21:11:31,464]: length=9 f1=0.4565 accuarcy=0.4658 precision=0.4500 recall=0.4658 auc=0.5712 
