[2020-05-14 21:07:33,956]: ---mrmd 2.0 start----
[2020-05-14 21:07:35,206]: ANOVA start...
[2020-05-14 21:07:35,292]: ANOVA  end.
[2020-05-14 21:07:35,293]: ANOVA start...
[2020-05-14 21:07:36,621]: ANOVA  end.
[2020-05-14 21:07:36,621]: mrmd start...
[2020-05-14 21:07:43,077]: mrmd end.
[2020-05-14 21:07:43,078]: mRMR start...
[2020-05-14 21:07:59,232]: mRMR end.
[2020-05-14 21:07:59,233]: lasso start...
[2020-05-14 21:07:59,372]: lasso end.
[2020-05-14 21:07:59,373]: chi2 start...
[2020-05-14 21:07:59,537]: chi2 end.
[2020-05-14 21:07:59,537]: ANOVA start...
[2020-05-14 21:07:59,640]: ANOVA  end.
[2020-05-14 21:07:59,640]: ref start...
[2020-05-14 21:08:48,245]: ref end.
[2020-05-14 21:08:48,854]: The final  rank is
[2020-05-14 21:08:48,855]: 45_a : 0.005717511967839362
[2020-05-14 21:08:48,855]: 14_c : 0.00565347679984104
[2020-05-14 21:08:48,855]: 16_g : 0.005467701345228518
[2020-05-14 21:08:48,855]: 38_g : 0.005377600035071726
[2020-05-14 21:08:48,855]: 24_t : 0.005374055392442637
[2020-05-14 21:08:48,855]: 49_c : 0.00535657071939942
[2020-05-14 21:08:48,856]: 31_t : 0.0053073822718188255
[2020-05-14 21:08:48,856]: 39_g : 0.005287843712684459
[2020-05-14 21:08:48,856]: 30_t : 0.005264636684311339
[2020-05-14 21:08:48,856]: 32_t : 0.005243998503730919
[2020-05-14 21:08:48,856]: 53_g : 0.00522806581489736
[2020-05-14 21:08:48,856]: 41_a : 0.005197361108422045
[2020-05-14 21:08:48,856]: 16_c : 0.005191929136280521
[2020-05-14 21:08:48,856]: 14_a : 0.005168198983461226
[2020-05-14 21:08:48,856]: 48_t : 0.005131785825864019
[2020-05-14 21:08:48,857]: 24_g : 0.005103873542694776
[2020-05-14 21:08:48,857]: 50_c : 0.0051016193527972575
[2020-05-14 21:08:48,857]: 45_c : 0.005093462598741868
[2020-05-14 21:08:48,857]: 17_g : 0.005059529325398681
[2020-05-14 21:08:48,857]: 50_g : 0.005053579747212225
[2020-05-14 21:08:48,857]: 49_g : 0.0050135217666788905
[2020-05-14 21:08:48,857]: 29_c : 0.00499553093324088
[2020-05-14 21:08:48,857]: 5_a : 0.004976132917517095
[2020-05-14 21:08:48,857]: 25_t : 0.004974240251434141
[2020-05-14 21:08:48,857]: 18_t : 0.004974200727309712
[2020-05-14 21:08:48,858]: 52_t : 0.004972510383880165
[2020-05-14 21:08:48,858]: 45_t : 0.004939217420999885
[2020-05-14 21:08:48,858]: 54_c : 0.004937172235557243
[2020-05-14 21:08:48,858]: 51_g : 0.004917368854689011
[2020-05-14 21:08:48,858]: 29_g : 0.004916759313808303
[2020-05-14 21:08:48,858]: 20_g : 0.0049141118341519885
[2020-05-14 21:08:48,858]: 39_a : 0.004896806392414615
[2020-05-14 21:08:48,858]: 53_a : 0.004887376236220539
[2020-05-14 21:08:48,858]: 43_g : 0.004873290497943171
[2020-05-14 21:08:48,859]: 9_a : 0.004848135881026715
[2020-05-14 21:08:48,859]: 0_t : 0.004821070250079829
[2020-05-14 21:08:48,859]: 51_c : 0.004816540136522026
[2020-05-14 21:08:48,859]: 50_a : 0.004814866659581555
[2020-05-14 21:08:48,859]: 32_g : 0.004814567972391542
[2020-05-14 21:08:48,859]: 39_c : 0.004814373916182617
[2020-05-14 21:08:48,859]: 46_a : 0.0048090511525521054
[2020-05-14 21:08:48,859]: 5_g : 0.004808567376404558
[2020-05-14 21:08:48,859]: 23_t : 0.004807982881028119
[2020-05-14 21:08:48,860]: 39_t : 0.004806533187977496
[2020-05-14 21:08:48,860]: 38_t : 0.00480646446146274
[2020-05-14 21:08:48,860]: 37_t : 0.004804880121777711
[2020-05-14 21:08:48,860]: 35_c : 0.004797801788981471
[2020-05-14 21:08:48,860]: 54_a : 0.004767567708450839
[2020-05-14 21:08:48,860]: 37_a : 0.004765613747981168
[2020-05-14 21:08:48,860]: 52_c : 0.004760430652256303
[2020-05-14 21:08:48,860]: 42_a : 0.004757608418388085
[2020-05-14 21:08:48,860]: 41_c : 0.0047501634774659894
[2020-05-14 21:08:48,861]: 26_a : 0.004715699883781701
[2020-05-14 21:08:48,861]: 34_g : 0.004711185674199817
[2020-05-14 21:08:48,861]: 5_t : 0.004710983346038329
[2020-05-14 21:08:48,861]: 34_c : 0.004710050605188086
[2020-05-14 21:08:48,861]: 30_g : 0.0046918881167296676
[2020-05-14 21:08:48,861]: 28_g : 0.004682758643678508
[2020-05-14 21:08:48,861]: 13_c : 0.004680631660572358
[2020-05-14 21:08:48,861]: 33_t : 0.004667274220256533
[2020-05-14 21:08:48,861]: 19_a : 0.00466676282319794
[2020-05-14 21:08:48,862]: 15_a : 0.004666456806451693
[2020-05-14 21:08:48,862]: 36_g : 0.004661133208879411
[2020-05-14 21:08:48,862]: 9_g : 0.004659963827626897
[2020-05-14 21:08:48,862]: 46_c : 0.004649710436759689
[2020-05-14 21:08:48,862]: 42_c : 0.004649510876114756
[2020-05-14 21:08:48,862]: 10_t : 0.0046493610143011
[2020-05-14 21:08:48,862]: 17_t : 0.004648653069304716
[2020-05-14 21:08:48,862]: 4_t : 0.0046476498806112074
[2020-05-14 21:08:48,862]: 13_t : 0.004643564517232297
[2020-05-14 21:08:48,863]: 37_g : 0.004630466020272682
[2020-05-14 21:08:48,863]: 49_a : 0.004628360758940771
[2020-05-14 21:08:48,863]: 31_a : 0.00462747819343171
[2020-05-14 21:08:48,863]: 8_t : 0.004614793307818646
[2020-05-14 21:08:48,863]: 17_a : 0.004613882676415817
[2020-05-14 21:08:48,863]: 54_t : 0.004589718890441311
[2020-05-14 21:08:48,863]: 32_a : 0.004577206924965494
[2020-05-14 21:08:48,863]: 10_c : 0.0045750780519660285
[2020-05-14 21:08:48,863]: 11_t : 0.004571886446171985
[2020-05-14 21:08:48,864]: 52_a : 0.004566674949418709
[2020-05-14 21:08:48,864]: 22_g : 0.004566023348075864
[2020-05-14 21:08:48,864]: 16_t : 0.004563424283010179
[2020-05-14 21:08:48,864]: 15_g : 0.004561732439755354
[2020-05-14 21:08:48,864]: 7_c : 0.0045515782442747555
[2020-05-14 21:08:48,864]: 6_a : 0.004543631260376688
[2020-05-14 21:08:48,864]: 36_a : 0.004540722324774906
[2020-05-14 21:08:48,864]: 56_a : 0.004538965969370157
[2020-05-14 21:08:48,864]: 1_t : 0.004538677061157617
[2020-05-14 21:08:48,865]: 2_t : 0.004520520068911006
[2020-05-14 21:08:48,865]: 19_t : 0.004517680325983166
[2020-05-14 21:08:48,865]: 20_c : 0.004512832141527964
[2020-05-14 21:08:48,865]: 7_t : 0.0045039045425105005
[2020-05-14 21:08:48,865]: 44_t : 0.004493562992710021
[2020-05-14 21:08:48,865]: 55_c : 0.0044901191394450205
[2020-05-14 21:08:48,865]: 27_t : 0.004489724293168255
[2020-05-14 21:08:48,865]: 8_g : 0.004483708497988408
[2020-05-14 21:08:48,865]: 10_a : 0.004471138214880787
[2020-05-14 21:08:48,866]: 11_g : 0.004464770993538308
[2020-05-14 21:08:48,866]: 13_a : 0.004460610030330546
[2020-05-14 21:08:48,866]: 22_t : 0.004448559417109441
[2020-05-14 21:08:48,866]: 28_a : 0.004442083634128131
[2020-05-14 21:08:48,866]: 40_a : 0.004427133655246767
[2020-05-14 21:08:48,866]: 37_c : 0.004417964561274057
[2020-05-14 21:08:48,866]: 33_a : 0.004412537259430074
[2020-05-14 21:08:48,866]: 9_c : 0.004396227539463961
[2020-05-14 21:08:48,866]: 8_a : 0.004393786884800835
[2020-05-14 21:08:48,867]: 40_c : 0.00439365074520555
[2020-05-14 21:08:48,867]: 51_t : 0.004393545873260751
[2020-05-14 21:08:48,867]: 40_t : 0.004391912955289851
[2020-05-14 21:08:48,867]: 3_g : 0.0043872603634537355
[2020-05-14 21:08:48,867]: 25_g : 0.004383379648838481
[2020-05-14 21:08:48,867]: 27_a : 0.004382580740057658
[2020-05-14 21:08:48,867]: 21_t : 0.004353868874694372
[2020-05-14 21:08:48,867]: 47_c : 0.004352894234232205
[2020-05-14 21:08:48,867]: 6_c : 0.004344902297850143
[2020-05-14 21:08:48,868]: 16_a : 0.004342747039735803
[2020-05-14 21:08:48,868]: 45_g : 0.00433996756072601
[2020-05-14 21:08:48,868]: 23_a : 0.0043365967431983855
[2020-05-14 21:08:48,868]: 42_g : 0.0043313544904714195
[2020-05-14 21:08:48,868]: 27_c : 0.004328683041957877
[2020-05-14 21:08:48,868]: 12_g : 0.004327710738264086
[2020-05-14 21:08:48,868]: 36_t : 0.004325135799073845
[2020-05-14 21:08:48,868]: 35_t : 0.004323155796113522
[2020-05-14 21:08:48,868]: 22_a : 0.004322677752176096
[2020-05-14 21:08:48,869]: 4_a : 0.004308344935645432
[2020-05-14 21:08:48,869]: 38_c : 0.00430740993262181
[2020-05-14 21:08:48,869]: 20_a : 0.004306339056541656
[2020-05-14 21:08:48,869]: 43_a : 0.00430089616528343
[2020-05-14 21:08:48,869]: 26_c : 0.004294816019456982
[2020-05-14 21:08:48,869]: 12_t : 0.004288544790296062
[2020-05-14 21:08:48,869]: 50_t : 0.004288276294270545
[2020-05-14 21:08:48,869]: 52_g : 0.0042844213730175214
[2020-05-14 21:08:48,869]: 43_t : 0.004278630356010731
[2020-05-14 21:08:48,869]: 44_a : 0.00427561881678575
[2020-05-14 21:08:48,870]: 46_t : 0.004269511642172272
[2020-05-14 21:08:48,870]: 25_c : 0.004262543021406789
[2020-05-14 21:08:48,870]: 26_t : 0.004258902142559112
[2020-05-14 21:08:48,870]: 31_c : 0.004237300164994998
[2020-05-14 21:08:48,870]: 51_a : 0.004236664696180544
[2020-05-14 21:08:48,870]: 30_a : 0.004233022425546689
[2020-05-14 21:08:48,870]: 33_c : 0.004207494153027535
[2020-05-14 21:08:48,870]: 2_c : 0.0042031658344630326
[2020-05-14 21:08:48,870]: 55_a : 0.004193603623208723
[2020-05-14 21:08:48,871]: 49_t : 0.0041916328854873335
[2020-05-14 21:08:48,871]: 53_t : 0.0041749163557691735
[2020-05-14 21:08:48,871]: 14_g : 0.004172573994761114
[2020-05-14 21:08:48,871]: 54_g : 0.004165110220452394
[2020-05-14 21:08:48,871]: 55_t : 0.004159124909817285
[2020-05-14 21:08:48,871]: 21_g : 0.004158628774205476
[2020-05-14 21:08:48,871]: 36_c : 0.004146742901057931
[2020-05-14 21:08:48,871]: 17_c : 0.004143606675270596
[2020-05-14 21:08:48,872]: 6_t : 0.004143558786999652
[2020-05-14 21:08:48,872]: 47_t : 0.004132086352555239
[2020-05-14 21:08:48,872]: 25_a : 0.004130983998325346
[2020-05-14 21:08:48,872]: 38_a : 0.004127195914537562
[2020-05-14 21:08:48,872]: 27_g : 0.004125248700639979
[2020-05-14 21:08:48,872]: 31_g : 0.004125195446762649
[2020-05-14 21:08:48,872]: 19_g : 0.004120039439716197
[2020-05-14 21:08:48,872]: 48_c : 0.004119053801410028
[2020-05-14 21:08:48,872]: 56_t : 0.004114452264376497
[2020-05-14 21:08:48,873]: 19_c : 0.00411267508557939
[2020-05-14 21:08:48,873]: 44_c : 0.004109100262601037
[2020-05-14 21:08:48,873]: 41_t : 0.004104063315716006
[2020-05-14 21:08:48,873]: 42_t : 0.004100567043720747
[2020-05-14 21:08:48,873]: 15_c : 0.00409743712220278
[2020-05-14 21:08:48,873]: 55_g : 0.004093878355851582
[2020-05-14 21:08:48,873]: 24_a : 0.0040914079670003635
[2020-05-14 21:08:48,873]: 34_t : 0.0040904569968385355
[2020-05-14 21:08:48,873]: 56_c : 0.004083493633811145
[2020-05-14 21:08:48,873]: 0_a : 0.004077768128775954
[2020-05-14 21:08:48,874]: 11_c : 0.00407753987092094
[2020-05-14 21:08:48,874]: 24_c : 0.004061002312599547
[2020-05-14 21:08:48,874]: 34_a : 0.0040584719712417
[2020-05-14 21:08:48,874]: 1_g : 0.004055466295836357
[2020-05-14 21:08:48,874]: 44_g : 0.004051788501293293
[2020-05-14 21:08:48,874]: 48_g : 0.004051013930357511
[2020-05-14 21:08:48,874]: 8_c : 0.004035666432482804
[2020-05-14 21:08:48,874]: 6_g : 0.004034300248239021
[2020-05-14 21:08:48,874]: 2_a : 0.004034279886797969
[2020-05-14 21:08:48,875]: 20_t : 0.004031827108357622
[2020-05-14 21:08:48,875]: 47_g : 0.0040257809426414775
[2020-05-14 21:08:48,875]: 0_g : 0.004019035962473706
[2020-05-14 21:08:48,875]: 18_a : 0.0040151968460771315
[2020-05-14 21:08:48,875]: 2_g : 0.004015098425570486
[2020-05-14 21:08:48,875]: 3_a : 0.004000687228363467
[2020-05-14 21:08:48,875]: 11_a : 0.003993091411195073
[2020-05-14 21:08:48,875]: 0_c : 0.0039849340885887265
[2020-05-14 21:08:48,875]: 13_g : 0.003984130312871381
[2020-05-14 21:08:48,876]: 43_c : 0.003971112166193804
[2020-05-14 21:08:48,876]: 21_c : 0.003967719298689167
[2020-05-14 21:08:48,876]: 28_t : 0.003962291771448418
[2020-05-14 21:08:48,876]: 48_a : 0.0039564324856305915
[2020-05-14 21:08:48,876]: 18_g : 0.003953133962642216
[2020-05-14 21:08:48,876]: 28_c : 0.0039300611059866816
[2020-05-14 21:08:48,876]: 56_g : 0.003926437460990711
[2020-05-14 21:08:48,876]: 10_g : 0.003926364236274798
[2020-05-14 21:08:48,876]: 41_g : 0.0039234401918314
[2020-05-14 21:08:48,877]: 3_c : 0.003922368157386682
[2020-05-14 21:08:48,877]: 14_t : 0.0038872825768853
[2020-05-14 21:08:48,877]: 18_c : 0.0038866281844704125
[2020-05-14 21:08:48,877]: 3_t : 0.003884111396570604
[2020-05-14 21:08:48,877]: 9_t : 0.003869941959846231
[2020-05-14 21:08:48,877]: 15_t : 0.003854597425408352
[2020-05-14 21:08:48,877]: 5_c : 0.003851733670019339
[2020-05-14 21:08:48,877]: 23_g : 0.0038281086194723764
[2020-05-14 21:08:48,877]: 26_g : 0.0038274601268920437
[2020-05-14 21:08:48,878]: 23_c : 0.0038230536004982183
[2020-05-14 21:08:48,878]: 1_a : 0.003820138263675729
[2020-05-14 21:08:48,878]: 7_a : 0.00381482264659429
[2020-05-14 21:08:48,878]: 30_c : 0.0037657636319386053
[2020-05-14 21:08:48,878]: 47_a : 0.003765715109300305
[2020-05-14 21:08:48,878]: 53_c : 0.003751475129822165
[2020-05-14 21:08:48,878]: 35_g : 0.003743945386549673
[2020-05-14 21:08:48,878]: 4_g : 0.0037407838376988718
[2020-05-14 21:08:48,878]: 12_a : 0.003733502732799553
[2020-05-14 21:08:48,879]: 1_c : 0.003669774625514766
[2020-05-14 21:08:48,879]: 22_c : 0.003658511797884754
[2020-05-14 21:08:48,879]: 29_a : 0.0036476273228262
[2020-05-14 21:08:48,879]: 12_c : 0.00361009974036124
[2020-05-14 21:08:48,879]: 4_c : 0.003567550149912008
[2020-05-14 21:08:48,879]: 46_g : 0.0035472994645807036
[2020-05-14 21:08:48,879]: 21_a : 0.0035174069216865676
[2020-05-14 21:08:48,879]: 40_g : 0.0034892198180923794
[2020-05-14 21:08:48,880]: 35_a : 0.0034375283977762126
[2020-05-14 21:08:48,880]: 32_c : 0.003366118874617323
[2020-05-14 21:08:48,880]: 7_g : 0.003104419749334906
[2020-05-14 21:08:48,880]: 29_t : 0.0029870999439469657
[2020-05-14 21:08:48,880]: 33_g : 0.0029700304312049574
[2020-05-14 21:08:49,058]: Start dimension reduction ...
[2020-05-14 21:08:52,824]: length=1 f1=0.5538 accuarcy=0.5849 precision=0.6178 recall=0.5849 auc=0.5849 
[2020-05-14 21:08:53,640]: length=2 f1=0.5625 accuarcy=0.5849 precision=0.6068 recall=0.5849 auc=0.5849 
[2020-05-14 21:08:54,457]: length=3 f1=0.7735 accuarcy=0.7736 precision=0.7740 recall=0.7736 auc=0.7736 
[2020-05-14 21:08:54,770]: length=4 f1=0.7918 accuarcy=0.7925 precision=0.7962 recall=0.7925 auc=0.7925 
[2020-05-14 21:08:55,079]: length=5 f1=0.7453 accuarcy=0.7453 precision=0.7454 recall=0.7453 auc=0.7453 
[2020-05-14 21:08:55,377]: length=6 f1=0.7547 accuarcy=0.7547 precision=0.7547 recall=0.7547 auc=0.7547 
[2020-05-14 21:08:55,672]: length=7 f1=0.7640 accuarcy=0.7642 precision=0.7650 recall=0.7642 auc=0.7642 
[2020-05-14 21:08:55,968]: length=8 f1=0.7830 accuarcy=0.7830 precision=0.7831 recall=0.7830 auc=0.7830 
[2020-05-14 21:08:56,265]: length=9 f1=0.7546 accuarcy=0.7547 precision=0.7551 recall=0.7547 auc=0.7547 
[2020-05-14 21:08:56,564]: length=10 f1=0.7641 accuarcy=0.7642 precision=0.7642 recall=0.7642 auc=0.7642 
[2020-05-14 21:08:56,860]: length=11 f1=0.7453 accuarcy=0.7453 precision=0.7454 recall=0.7453 auc=0.7453 
[2020-05-14 21:08:57,162]: length=12 f1=0.7453 accuarcy=0.7453 precision=0.7454 recall=0.7453 auc=0.7453 
[2020-05-14 21:08:57,459]: length=13 f1=0.7358 accuarcy=0.7358 precision=0.7362 recall=0.7358 auc=0.7358 
[2020-05-14 21:08:57,761]: length=14 f1=0.8393 accuarcy=0.8396 precision=0.8427 recall=0.8396 auc=0.8396 
[2020-05-14 21:08:58,067]: length=15 f1=0.8396 accuarcy=0.8396 precision=0.8397 recall=0.8396 auc=0.8396 
[2020-05-14 21:08:58,380]: length=16 f1=0.8490 accuarcy=0.8491 precision=0.8496 recall=0.8491 auc=0.8491 
[2020-05-14 21:08:58,676]: length=17 f1=0.8206 accuarcy=0.8208 precision=0.8218 recall=0.8208 auc=0.8208 
[2020-05-14 21:08:58,970]: length=18 f1=0.8491 accuarcy=0.8491 precision=0.8491 recall=0.8491 auc=0.8491 
[2020-05-14 21:08:59,273]: length=19 f1=0.8299 accuarcy=0.8302 precision=0.8321 recall=0.8302 auc=0.8302 
[2020-05-14 21:08:59,578]: length=20 f1=0.8396 accuarcy=0.8396 precision=0.8397 recall=0.8396 auc=0.8396 
[2020-05-14 21:08:59,876]: length=21 f1=0.8585 accuarcy=0.8585 precision=0.8586 recall=0.8585 auc=0.8585 
[2020-05-14 21:09:00,176]: length=22 f1=0.8679 accuarcy=0.8679 precision=0.8679 recall=0.8679 auc=0.8679 
[2020-05-14 21:09:00,478]: length=23 f1=0.9056 accuarcy=0.9057 precision=0.9062 recall=0.9057 auc=0.9057 
[2020-05-14 21:09:00,773]: length=24 f1=0.9151 accuarcy=0.9151 precision=0.9152 recall=0.9151 auc=0.9151 
[2020-05-14 21:09:01,077]: length=25 f1=0.9151 accuarcy=0.9151 precision=0.9152 recall=0.9151 auc=0.9151 
[2020-05-14 21:09:01,378]: length=26 f1=0.8868 accuarcy=0.8868 precision=0.8868 recall=0.8868 auc=0.8868 
[2020-05-14 21:09:01,674]: length=27 f1=0.9151 accuarcy=0.9151 precision=0.9152 recall=0.9151 auc=0.9151 
[2020-05-14 21:09:01,972]: length=28 f1=0.8868 accuarcy=0.8868 precision=0.8868 recall=0.8868 auc=0.8868 
[2020-05-14 21:09:02,271]: length=29 f1=0.9057 accuarcy=0.9057 precision=0.9057 recall=0.9057 auc=0.9057 
[2020-05-14 21:09:02,571]: length=30 f1=0.8962 accuarcy=0.8962 precision=0.8964 recall=0.8962 auc=0.8962 
[2020-05-14 21:09:02,877]: length=31 f1=0.9245 accuarcy=0.9245 precision=0.9245 recall=0.9245 auc=0.9245 
[2020-05-14 21:09:03,181]: length=32 f1=0.9056 accuarcy=0.9057 precision=0.9062 recall=0.9057 auc=0.9057 
[2020-05-14 21:09:03,483]: length=33 f1=0.9057 accuarcy=0.9057 precision=0.9057 recall=0.9057 auc=0.9057 
[2020-05-14 21:09:03,781]: length=34 f1=0.9151 accuarcy=0.9151 precision=0.9152 recall=0.9151 auc=0.9151 
[2020-05-14 21:09:04,082]: length=35 f1=0.9245 accuarcy=0.9245 precision=0.9245 recall=0.9245 auc=0.9245 
[2020-05-14 21:09:04,381]: length=36 f1=0.9244 accuarcy=0.9245 precision=0.9270 recall=0.9245 auc=0.9245 
[2020-05-14 21:09:04,689]: length=37 f1=0.9151 accuarcy=0.9151 precision=0.9152 recall=0.9151 auc=0.9151 
[2020-05-14 21:09:04,989]: length=38 f1=0.8773 accuarcy=0.8774 precision=0.8786 recall=0.8774 auc=0.8774 
[2020-05-14 21:09:05,289]: length=39 f1=0.9057 accuarcy=0.9057 precision=0.9057 recall=0.9057 auc=0.9057 
[2020-05-14 21:09:05,591]: length=40 f1=0.9245 accuarcy=0.9245 precision=0.9251 recall=0.9245 auc=0.9245 
[2020-05-14 21:09:05,896]: length=41 f1=0.9056 accuarcy=0.9057 precision=0.9062 recall=0.9057 auc=0.9057 
[2020-05-14 21:09:06,195]: length=42 f1=0.8961 accuarcy=0.8962 precision=0.8975 recall=0.8962 auc=0.8962 
[2020-05-14 21:09:06,496]: length=43 f1=0.9151 accuarcy=0.9151 precision=0.9152 recall=0.9151 auc=0.9151 
[2020-05-14 21:09:06,797]: length=44 f1=0.9245 accuarcy=0.9245 precision=0.9251 recall=0.9245 auc=0.9245 
[2020-05-14 21:09:07,098]: length=45 f1=0.9151 accuarcy=0.9151 precision=0.9152 recall=0.9151 auc=0.9151 
[2020-05-14 21:09:07,409]: length=46 f1=0.9057 accuarcy=0.9057 precision=0.9057 recall=0.9057 auc=0.9057 
[2020-05-14 21:09:07,707]: length=47 f1=0.9528 accuarcy=0.9528 precision=0.9530 recall=0.9528 auc=0.9528 
[2020-05-14 21:09:08,008]: length=48 f1=0.9434 accuarcy=0.9434 precision=0.9434 recall=0.9434 auc=0.9434 
[2020-05-14 21:09:08,307]: length=49 f1=0.9340 accuarcy=0.9340 precision=0.9341 recall=0.9340 auc=0.9340 
[2020-05-14 21:09:08,608]: length=50 f1=0.9055 accuarcy=0.9057 precision=0.9080 recall=0.9057 auc=0.9057 
[2020-05-14 21:09:08,908]: length=51 f1=0.9245 accuarcy=0.9245 precision=0.9251 recall=0.9245 auc=0.9245 
[2020-05-14 21:09:09,215]: length=52 f1=0.9434 accuarcy=0.9434 precision=0.9440 recall=0.9434 auc=0.9434 
[2020-05-14 21:09:09,516]: length=53 f1=0.8962 accuarcy=0.8962 precision=0.8964 recall=0.8962 auc=0.8962 
[2020-05-14 21:09:09,821]: length=54 f1=0.9150 accuarcy=0.9151 precision=0.9164 recall=0.9151 auc=0.9151 
[2020-05-14 21:09:10,153]: length=55 f1=0.9245 accuarcy=0.9245 precision=0.9251 recall=0.9245 auc=0.9245 
[2020-05-14 21:09:10,457]: length=56 f1=0.9151 accuarcy=0.9151 precision=0.9152 recall=0.9151 auc=0.9151 
[2020-05-14 21:09:10,769]: length=57 f1=0.9340 accuarcy=0.9340 precision=0.9341 recall=0.9340 auc=0.9340 
[2020-05-14 21:09:11,072]: length=58 f1=0.9056 accuarcy=0.9057 precision=0.9062 recall=0.9057 auc=0.9057 
[2020-05-14 21:09:11,377]: length=59 f1=0.9057 accuarcy=0.9057 precision=0.9057 recall=0.9057 auc=0.9057 
[2020-05-14 21:09:11,678]: length=60 f1=0.8962 accuarcy=0.8962 precision=0.8964 recall=0.8962 auc=0.8962 
[2020-05-14 21:09:11,979]: length=61 f1=0.9150 accuarcy=0.9151 precision=0.9164 recall=0.9151 auc=0.9151 
[2020-05-14 21:09:12,284]: length=62 f1=0.9245 accuarcy=0.9245 precision=0.9245 recall=0.9245 auc=0.9245 
[2020-05-14 21:09:12,585]: length=63 f1=0.8773 accuarcy=0.8774 precision=0.8775 recall=0.8774 auc=0.8774 
[2020-05-14 21:09:12,887]: length=64 f1=0.9056 accuarcy=0.9057 precision=0.9062 recall=0.9057 auc=0.9057 
[2020-05-14 21:09:13,188]: length=65 f1=0.9055 accuarcy=0.9057 precision=0.9080 recall=0.9057 auc=0.9057 
[2020-05-14 21:09:13,488]: length=66 f1=0.8864 accuarcy=0.8868 precision=0.8918 recall=0.8868 auc=0.8868 
[2020-05-14 21:09:13,793]: length=67 f1=0.8677 accuarcy=0.8679 precision=0.8700 recall=0.8679 auc=0.8679 
[2020-05-14 21:09:14,096]: length=68 f1=0.8677 accuarcy=0.8679 precision=0.8700 recall=0.8679 auc=0.8679 
[2020-05-14 21:09:14,399]: length=69 f1=0.8582 accuarcy=0.8585 precision=0.8617 recall=0.8585 auc=0.8585 
[2020-05-14 21:09:14,700]: length=70 f1=0.8960 accuarcy=0.8962 precision=0.8998 recall=0.8962 auc=0.8962 
[2020-05-14 21:09:15,003]: length=71 f1=0.8866 accuarcy=0.8868 precision=0.8890 recall=0.8868 auc=0.8868 
[2020-05-14 21:09:15,303]: length=72 f1=0.8773 accuarcy=0.8774 precision=0.8786 recall=0.8774 auc=0.8774 
[2020-05-14 21:09:15,618]: length=73 f1=0.8679 accuarcy=0.8679 precision=0.8684 recall=0.8679 auc=0.8679 
[2020-05-14 21:09:15,919]: length=74 f1=0.8773 accuarcy=0.8774 precision=0.8775 recall=0.8774 auc=0.8774 
[2020-05-14 21:09:16,228]: length=75 f1=0.8490 accuarcy=0.8491 precision=0.8496 recall=0.8491 auc=0.8491 
[2020-05-14 21:09:16,539]: length=76 f1=0.9151 accuarcy=0.9151 precision=0.9152 recall=0.9151 auc=0.9151 
[2020-05-14 21:09:16,847]: length=77 f1=0.9056 accuarcy=0.9057 precision=0.9062 recall=0.9057 auc=0.9057 
[2020-05-14 21:09:17,153]: length=78 f1=0.8962 accuarcy=0.8962 precision=0.8964 recall=0.8962 auc=0.8962 
[2020-05-14 21:09:17,458]: length=79 f1=0.9244 accuarcy=0.9245 precision=0.9270 recall=0.9245 auc=0.9245 
[2020-05-14 21:09:17,770]: length=80 f1=0.9245 accuarcy=0.9245 precision=0.9245 recall=0.9245 auc=0.9245 
[2020-05-14 21:09:18,068]: length=81 f1=0.8773 accuarcy=0.8774 precision=0.8775 recall=0.8774 auc=0.8774 
[2020-05-14 21:09:18,376]: length=82 f1=0.8677 accuarcy=0.8679 precision=0.8700 recall=0.8679 auc=0.8679 
[2020-05-14 21:09:18,680]: length=83 f1=0.8960 accuarcy=0.8962 precision=0.8998 recall=0.8962 auc=0.8962 
[2020-05-14 21:09:18,984]: length=84 f1=0.8866 accuarcy=0.8868 precision=0.8890 recall=0.8868 auc=0.8868 
[2020-05-14 21:09:19,293]: length=85 f1=0.8866 accuarcy=0.8868 precision=0.8890 recall=0.8868 auc=0.8868 
[2020-05-14 21:09:19,597]: length=86 f1=0.8866 accuarcy=0.8868 precision=0.8890 recall=0.8868 auc=0.8868 
[2020-05-14 21:09:19,905]: length=87 f1=0.9056 accuarcy=0.9057 precision=0.9062 recall=0.9057 auc=0.9057 
[2020-05-14 21:09:20,218]: length=88 f1=0.8962 accuarcy=0.8962 precision=0.8964 recall=0.8962 auc=0.8962 
[2020-05-14 21:09:20,528]: length=89 f1=0.9056 accuarcy=0.9057 precision=0.9062 recall=0.9057 auc=0.9057 
[2020-05-14 21:09:20,835]: length=90 f1=0.8864 accuarcy=0.8868 precision=0.8918 recall=0.8868 auc=0.8868 
[2020-05-14 21:09:21,143]: length=91 f1=0.9244 accuarcy=0.9245 precision=0.9270 recall=0.9245 auc=0.9245 
[2020-05-14 21:09:21,449]: length=92 f1=0.9057 accuarcy=0.9057 precision=0.9057 recall=0.9057 auc=0.9057 
[2020-05-14 21:09:21,755]: length=93 f1=0.8962 accuarcy=0.8962 precision=0.8964 recall=0.8962 auc=0.8962 
[2020-05-14 21:09:22,060]: length=94 f1=0.8961 accuarcy=0.8962 precision=0.8975 recall=0.8962 auc=0.8962 
[2020-05-14 21:09:22,372]: length=95 f1=0.9056 accuarcy=0.9057 precision=0.9062 recall=0.9057 auc=0.9057 
[2020-05-14 21:09:22,674]: length=96 f1=0.8962 accuarcy=0.8962 precision=0.8964 recall=0.8962 auc=0.8962 
[2020-05-14 21:09:22,980]: length=97 f1=0.8677 accuarcy=0.8679 precision=0.8700 recall=0.8679 auc=0.8679 
[2020-05-14 21:09:23,291]: length=98 f1=0.9434 accuarcy=0.9434 precision=0.9434 recall=0.9434 auc=0.9434 
[2020-05-14 21:09:23,603]: length=99 f1=0.8868 accuarcy=0.8868 precision=0.8873 recall=0.8868 auc=0.8868 
[2020-05-14 21:09:23,916]: length=100 f1=0.8868 accuarcy=0.8868 precision=0.8873 recall=0.8868 auc=0.8868 
[2020-05-14 21:09:24,233]: length=101 f1=0.9245 accuarcy=0.9245 precision=0.9251 recall=0.9245 auc=0.9245 
[2020-05-14 21:09:24,538]: length=102 f1=0.8958 accuarcy=0.8962 precision=0.9033 recall=0.8962 auc=0.8962 
[2020-05-14 21:09:24,839]: length=103 f1=0.8861 accuarcy=0.8868 precision=0.8958 recall=0.8868 auc=0.8868 
[2020-05-14 21:09:25,145]: length=104 f1=0.8962 accuarcy=0.8962 precision=0.8964 recall=0.8962 auc=0.8962 
[2020-05-14 21:09:25,448]: length=105 f1=0.8864 accuarcy=0.8868 precision=0.8918 recall=0.8868 auc=0.8868 
[2020-05-14 21:09:25,751]: length=106 f1=0.8771 accuarcy=0.8774 precision=0.8807 recall=0.8774 auc=0.8774 
[2020-05-14 21:09:26,056]: length=107 f1=0.9056 accuarcy=0.9057 precision=0.9062 recall=0.9057 auc=0.9057 
[2020-05-14 21:09:26,369]: length=108 f1=0.9056 accuarcy=0.9057 precision=0.9062 recall=0.9057 auc=0.9057 
[2020-05-14 21:09:26,675]: length=109 f1=0.8679 accuarcy=0.8679 precision=0.8684 recall=0.8679 auc=0.8679 
[2020-05-14 21:09:26,983]: length=110 f1=0.8866 accuarcy=0.8868 precision=0.8890 recall=0.8868 auc=0.8868 
[2020-05-14 21:09:27,292]: length=111 f1=0.8864 accuarcy=0.8868 precision=0.8918 recall=0.8868 auc=0.8868 
[2020-05-14 21:09:27,599]: length=112 f1=0.8675 accuarcy=0.8679 precision=0.8727 recall=0.8679 auc=0.8679 
[2020-05-14 21:09:27,910]: length=113 f1=0.9051 accuarcy=0.9057 precision=0.9151 recall=0.9057 auc=0.9057 
[2020-05-14 21:09:28,213]: length=114 f1=0.8962 accuarcy=0.8962 precision=0.8964 recall=0.8962 auc=0.8962 
[2020-05-14 21:09:28,521]: length=115 f1=0.8584 accuarcy=0.8585 precision=0.8596 recall=0.8585 auc=0.8585 
[2020-05-14 21:09:28,832]: length=116 f1=0.8765 accuarcy=0.8774 precision=0.8886 recall=0.8774 auc=0.8774 
[2020-05-14 21:09:29,137]: length=117 f1=0.9055 accuarcy=0.9057 precision=0.9080 recall=0.9057 auc=0.9057 
[2020-05-14 21:09:29,443]: length=118 f1=0.8773 accuarcy=0.8774 precision=0.8786 recall=0.8774 auc=0.8774 
[2020-05-14 21:09:29,749]: length=119 f1=0.8677 accuarcy=0.8679 precision=0.8700 recall=0.8679 auc=0.8679 
[2020-05-14 21:09:30,057]: length=120 f1=0.9057 accuarcy=0.9057 precision=0.9057 recall=0.9057 auc=0.9057 
[2020-05-14 21:09:30,364]: length=121 f1=0.8677 accuarcy=0.8679 precision=0.8700 recall=0.8679 auc=0.8679 
[2020-05-14 21:09:30,673]: length=122 f1=0.8768 accuarcy=0.8774 precision=0.8841 recall=0.8774 auc=0.8774 
[2020-05-14 21:09:30,974]: length=123 f1=0.8490 accuarcy=0.8491 precision=0.8496 recall=0.8491 auc=0.8491 
[2020-05-14 21:09:31,279]: length=124 f1=0.8773 accuarcy=0.8774 precision=0.8775 recall=0.8774 auc=0.8774 
[2020-05-14 21:09:31,590]: length=125 f1=0.8961 accuarcy=0.8962 precision=0.8975 recall=0.8962 auc=0.8962 
[2020-05-14 21:09:31,900]: length=126 f1=0.9056 accuarcy=0.9057 precision=0.9062 recall=0.9057 auc=0.9057 
[2020-05-14 21:09:32,205]: length=127 f1=0.9055 accuarcy=0.9057 precision=0.9080 recall=0.9057 auc=0.9057 
[2020-05-14 21:09:32,512]: length=128 f1=0.8771 accuarcy=0.8774 precision=0.8807 recall=0.8774 auc=0.8774 
[2020-05-14 21:09:32,820]: length=129 f1=0.8677 accuarcy=0.8679 precision=0.8700 recall=0.8679 auc=0.8679 
[2020-05-14 21:09:33,129]: length=130 f1=0.8771 accuarcy=0.8774 precision=0.8807 recall=0.8774 auc=0.8774 
[2020-05-14 21:09:33,436]: length=131 f1=0.8864 accuarcy=0.8868 precision=0.8918 recall=0.8868 auc=0.8868 
[2020-05-14 21:09:33,740]: length=132 f1=0.9056 accuarcy=0.9057 precision=0.9062 recall=0.9057 auc=0.9057 
[2020-05-14 21:09:34,047]: length=133 f1=0.9151 accuarcy=0.9151 precision=0.9152 recall=0.9151 auc=0.9151 
[2020-05-14 21:09:34,352]: length=134 f1=0.9057 accuarcy=0.9057 precision=0.9057 recall=0.9057 auc=0.9057 
[2020-05-14 21:09:34,661]: length=135 f1=0.8771 accuarcy=0.8774 precision=0.8807 recall=0.8774 auc=0.8774 
[2020-05-14 21:09:34,983]: length=136 f1=0.8866 accuarcy=0.8868 precision=0.8890 recall=0.8868 auc=0.8868 
[2020-05-14 21:09:35,288]: length=137 f1=0.9056 accuarcy=0.9057 precision=0.9062 recall=0.9057 auc=0.9057 
[2020-05-14 21:09:35,592]: length=138 f1=0.8866 accuarcy=0.8868 precision=0.8890 recall=0.8868 auc=0.8868 
[2020-05-14 21:09:35,895]: length=139 f1=0.9056 accuarcy=0.9057 precision=0.9062 recall=0.9057 auc=0.9057 
[2020-05-14 21:09:36,204]: length=140 f1=0.9151 accuarcy=0.9151 precision=0.9152 recall=0.9151 auc=0.9151 
[2020-05-14 21:09:36,509]: length=141 f1=0.9057 accuarcy=0.9057 precision=0.9057 recall=0.9057 auc=0.9057 
[2020-05-14 21:09:36,819]: length=142 f1=0.9243 accuarcy=0.9245 precision=0.9300 recall=0.9245 auc=0.9245 
[2020-05-14 21:09:37,126]: length=143 f1=0.8773 accuarcy=0.8774 precision=0.8775 recall=0.8774 auc=0.8774 
[2020-05-14 21:09:37,431]: length=144 f1=0.8672 accuarcy=0.8679 precision=0.8765 recall=0.8679 auc=0.8679 
[2020-05-14 21:09:37,738]: length=145 f1=0.8773 accuarcy=0.8774 precision=0.8775 recall=0.8774 auc=0.8774 
[2020-05-14 21:09:38,045]: length=146 f1=0.9150 accuarcy=0.9151 precision=0.9164 recall=0.9151 auc=0.9151 
[2020-05-14 21:09:38,353]: length=147 f1=0.9149 accuarcy=0.9151 precision=0.9188 recall=0.9151 auc=0.9151 
[2020-05-14 21:09:38,664]: length=148 f1=0.8868 accuarcy=0.8868 precision=0.8873 recall=0.8868 auc=0.8868 
[2020-05-14 21:09:38,970]: length=149 f1=0.8866 accuarcy=0.8868 precision=0.8890 recall=0.8868 auc=0.8868 
[2020-05-14 21:09:39,286]: length=150 f1=0.9056 accuarcy=0.9057 precision=0.9062 recall=0.9057 auc=0.9057 
[2020-05-14 21:09:39,595]: length=151 f1=0.8962 accuarcy=0.8962 precision=0.8964 recall=0.8962 auc=0.8962 
[2020-05-14 21:09:39,907]: length=152 f1=0.8866 accuarcy=0.8868 precision=0.8890 recall=0.8868 auc=0.8868 
[2020-05-14 21:09:40,219]: length=153 f1=0.8864 accuarcy=0.8868 precision=0.8918 recall=0.8868 auc=0.8868 
[2020-05-14 21:09:40,528]: length=154 f1=0.8773 accuarcy=0.8774 precision=0.8786 recall=0.8774 auc=0.8774 
[2020-05-14 21:09:40,834]: length=155 f1=0.8868 accuarcy=0.8868 precision=0.8873 recall=0.8868 auc=0.8868 
[2020-05-14 21:09:41,145]: length=156 f1=0.8773 accuarcy=0.8774 precision=0.8775 recall=0.8774 auc=0.8774 
[2020-05-14 21:09:41,455]: length=157 f1=0.8768 accuarcy=0.8774 precision=0.8841 recall=0.8774 auc=0.8774 
[2020-05-14 21:09:41,764]: length=158 f1=0.8864 accuarcy=0.8868 precision=0.8918 recall=0.8868 auc=0.8868 
[2020-05-14 21:09:42,070]: length=159 f1=0.8585 accuarcy=0.8585 precision=0.8586 recall=0.8585 auc=0.8585 
[2020-05-14 21:09:42,379]: length=160 f1=0.8866 accuarcy=0.8868 precision=0.8890 recall=0.8868 auc=0.8868 
[2020-05-14 21:09:42,688]: length=161 f1=0.8866 accuarcy=0.8868 precision=0.8890 recall=0.8868 auc=0.8868 
[2020-05-14 21:09:42,994]: length=162 f1=0.8773 accuarcy=0.8774 precision=0.8786 recall=0.8774 auc=0.8774 
[2020-05-14 21:09:43,302]: length=163 f1=0.8868 accuarcy=0.8868 precision=0.8873 recall=0.8868 auc=0.8868 
[2020-05-14 21:09:43,619]: length=164 f1=0.8773 accuarcy=0.8774 precision=0.8775 recall=0.8774 auc=0.8774 
[2020-05-14 21:09:43,928]: length=165 f1=0.9149 accuarcy=0.9151 precision=0.9188 recall=0.9151 auc=0.9151 
[2020-05-14 21:09:44,238]: length=166 f1=0.9055 accuarcy=0.9057 precision=0.9080 recall=0.9057 auc=0.9057 
[2020-05-14 21:09:44,549]: length=167 f1=0.8679 accuarcy=0.8679 precision=0.8684 recall=0.8679 auc=0.8679 
[2020-05-14 21:09:44,858]: length=168 f1=0.9149 accuarcy=0.9151 precision=0.9188 recall=0.9151 auc=0.9151 
[2020-05-14 21:09:45,168]: length=169 f1=0.9149 accuarcy=0.9151 precision=0.9188 recall=0.9151 auc=0.9151 
[2020-05-14 21:09:45,473]: length=170 f1=0.8773 accuarcy=0.8774 precision=0.8775 recall=0.8774 auc=0.8774 
[2020-05-14 21:09:45,787]: length=171 f1=0.8299 accuarcy=0.8302 precision=0.8321 recall=0.8302 auc=0.8302 
[2020-05-14 21:09:46,102]: length=172 f1=0.9056 accuarcy=0.9057 precision=0.9062 recall=0.9057 auc=0.9057 
[2020-05-14 21:09:46,410]: length=173 f1=0.8679 accuarcy=0.8679 precision=0.8684 recall=0.8679 auc=0.8679 
[2020-05-14 21:09:46,721]: length=174 f1=0.8679 accuarcy=0.8679 precision=0.8684 recall=0.8679 auc=0.8679 
[2020-05-14 21:09:47,027]: length=175 f1=0.8675 accuarcy=0.8679 precision=0.8727 recall=0.8679 auc=0.8679 
[2020-05-14 21:09:47,336]: length=176 f1=0.8773 accuarcy=0.8774 precision=0.8786 recall=0.8774 auc=0.8774 
[2020-05-14 21:09:47,646]: length=177 f1=0.9245 accuarcy=0.9245 precision=0.9245 recall=0.9245 auc=0.9245 
[2020-05-14 21:09:47,955]: length=178 f1=0.8962 accuarcy=0.8962 precision=0.8964 recall=0.8962 auc=0.8962 
[2020-05-14 21:09:48,267]: length=179 f1=0.8868 accuarcy=0.8868 precision=0.8873 recall=0.8868 auc=0.8868 
[2020-05-14 21:09:48,576]: length=180 f1=0.8866 accuarcy=0.8868 precision=0.8890 recall=0.8868 auc=0.8868 
[2020-05-14 21:09:48,884]: length=181 f1=0.8962 accuarcy=0.8962 precision=0.8964 recall=0.8962 auc=0.8962 
[2020-05-14 21:09:49,193]: length=182 f1=0.8679 accuarcy=0.8679 precision=0.8684 recall=0.8679 auc=0.8679 
[2020-05-14 21:09:49,499]: length=183 f1=0.8868 accuarcy=0.8868 precision=0.8873 recall=0.8868 auc=0.8868 
[2020-05-14 21:09:49,812]: length=184 f1=0.9055 accuarcy=0.9057 precision=0.9080 recall=0.9057 auc=0.9057 
[2020-05-14 21:09:50,123]: length=185 f1=0.8675 accuarcy=0.8679 precision=0.8727 recall=0.8679 auc=0.8679 
[2020-05-14 21:09:50,436]: length=186 f1=0.8960 accuarcy=0.8962 precision=0.8998 recall=0.8962 auc=0.8962 
[2020-05-14 21:09:50,753]: length=187 f1=0.8768 accuarcy=0.8774 precision=0.8841 recall=0.8774 auc=0.8774 
[2020-05-14 21:09:51,063]: length=188 f1=0.8961 accuarcy=0.8962 precision=0.8975 recall=0.8962 auc=0.8962 
[2020-05-14 21:09:51,374]: length=189 f1=0.8961 accuarcy=0.8962 precision=0.8975 recall=0.8962 auc=0.8962 
[2020-05-14 21:09:51,685]: length=190 f1=0.8679 accuarcy=0.8679 precision=0.8684 recall=0.8679 auc=0.8679 
[2020-05-14 21:09:51,996]: length=191 f1=0.8490 accuarcy=0.8491 precision=0.8496 recall=0.8491 auc=0.8491 
[2020-05-14 21:09:52,315]: length=192 f1=0.8675 accuarcy=0.8679 precision=0.8727 recall=0.8679 auc=0.8679 
[2020-05-14 21:09:52,623]: length=193 f1=0.8866 accuarcy=0.8868 precision=0.8890 recall=0.8868 auc=0.8868 
[2020-05-14 21:09:52,931]: length=194 f1=0.8679 accuarcy=0.8679 precision=0.8684 recall=0.8679 auc=0.8679 
[2020-05-14 21:09:53,246]: length=195 f1=0.8679 accuarcy=0.8679 precision=0.8684 recall=0.8679 auc=0.8679 
[2020-05-14 21:09:53,557]: length=196 f1=0.8582 accuarcy=0.8585 precision=0.8617 recall=0.8585 auc=0.8585 
[2020-05-14 21:09:53,864]: length=197 f1=0.8679 accuarcy=0.8679 precision=0.8684 recall=0.8679 auc=0.8679 
[2020-05-14 21:09:54,182]: length=198 f1=0.8961 accuarcy=0.8962 precision=0.8975 recall=0.8962 auc=0.8962 
[2020-05-14 21:09:54,501]: length=199 f1=0.8868 accuarcy=0.8868 precision=0.8868 recall=0.8868 auc=0.8868 
[2020-05-14 21:09:54,811]: length=200 f1=0.8961 accuarcy=0.8962 precision=0.8975 recall=0.8962 auc=0.8962 
[2020-05-14 21:09:55,118]: length=201 f1=0.8861 accuarcy=0.8868 precision=0.8958 recall=0.8868 auc=0.8868 
[2020-05-14 21:09:55,435]: length=202 f1=0.8868 accuarcy=0.8868 precision=0.8873 recall=0.8868 auc=0.8868 
[2020-05-14 21:09:55,744]: length=203 f1=0.8773 accuarcy=0.8774 precision=0.8786 recall=0.8774 auc=0.8774 
[2020-05-14 21:09:56,052]: length=204 f1=0.8868 accuarcy=0.8868 precision=0.8873 recall=0.8868 auc=0.8868 
[2020-05-14 21:09:56,368]: length=205 f1=0.9056 accuarcy=0.9057 precision=0.9062 recall=0.9057 auc=0.9057 
[2020-05-14 21:09:56,680]: length=206 f1=0.9055 accuarcy=0.9057 precision=0.9080 recall=0.9057 auc=0.9057 
[2020-05-14 21:09:56,992]: length=207 f1=0.8675 accuarcy=0.8679 precision=0.8727 recall=0.8679 auc=0.8679 
[2020-05-14 21:09:57,304]: length=208 f1=0.9056 accuarcy=0.9057 precision=0.9062 recall=0.9057 auc=0.9057 
[2020-05-14 21:09:57,619]: length=209 f1=0.8961 accuarcy=0.8962 precision=0.8975 recall=0.8962 auc=0.8962 
[2020-05-14 21:09:57,930]: length=210 f1=0.8961 accuarcy=0.8962 precision=0.8975 recall=0.8962 auc=0.8962 
[2020-05-14 21:09:58,241]: length=211 f1=0.8582 accuarcy=0.8585 precision=0.8617 recall=0.8585 auc=0.8585 
[2020-05-14 21:09:58,551]: length=212 f1=0.9054 accuarcy=0.9057 precision=0.9109 recall=0.9057 auc=0.9057 
[2020-05-14 21:09:58,870]: length=213 f1=0.8773 accuarcy=0.8774 precision=0.8786 recall=0.8774 auc=0.8774 
[2020-05-14 21:09:59,185]: length=214 f1=0.8868 accuarcy=0.8868 precision=0.8873 recall=0.8868 auc=0.8868 
[2020-05-14 21:09:59,496]: length=215 f1=0.8861 accuarcy=0.8868 precision=0.8958 recall=0.8868 auc=0.8868 
[2020-05-14 21:09:59,816]: length=216 f1=0.8773 accuarcy=0.8774 precision=0.8775 recall=0.8774 auc=0.8774 
[2020-05-14 21:10:00,126]: length=217 f1=0.9339 accuarcy=0.9340 precision=0.9354 recall=0.9340 auc=0.9340 
[2020-05-14 21:10:00,432]: length=218 f1=0.8773 accuarcy=0.8774 precision=0.8775 recall=0.8774 auc=0.8774 
[2020-05-14 21:10:00,748]: length=219 f1=0.8866 accuarcy=0.8868 precision=0.8890 recall=0.8868 auc=0.8868 
[2020-05-14 21:10:01,052]: length=220 f1=0.8771 accuarcy=0.8774 precision=0.8807 recall=0.8774 auc=0.8774 
[2020-05-14 21:10:01,362]: length=221 f1=0.9245 accuarcy=0.9245 precision=0.9245 recall=0.9245 auc=0.9245 
[2020-05-14 21:10:01,676]: length=222 f1=0.8677 accuarcy=0.8679 precision=0.8700 recall=0.8679 auc=0.8679 
[2020-05-14 21:10:01,987]: length=223 f1=0.8866 accuarcy=0.8868 precision=0.8890 recall=0.8868 auc=0.8868 
[2020-05-14 21:10:02,305]: length=224 f1=0.9244 accuarcy=0.9245 precision=0.9270 recall=0.9245 auc=0.9245 
[2020-05-14 21:10:02,614]: length=225 f1=0.8768 accuarcy=0.8774 precision=0.8841 recall=0.8774 auc=0.8774 
[2020-05-14 21:10:02,923]: length=226 f1=0.8868 accuarcy=0.8868 precision=0.8873 recall=0.8868 auc=0.8868 
[2020-05-14 21:10:03,232]: length=227 f1=0.9055 accuarcy=0.9057 precision=0.9080 recall=0.9057 auc=0.9057 
[2020-05-14 21:10:03,541]: length=228 f1=0.8773 accuarcy=0.8774 precision=0.8775 recall=0.8774 auc=0.8774 
[2020-05-14 21:10:03,542]: ----------
[2020-05-14 21:10:03,542]: the max f1 = 0.9528
[2020-05-14 21:10:03,542]: ['45_a' '14_c' '16_g' '38_g' '24_t' '49_c' '31_t' '39_g' '30_t' '32_t'
 '53_g' '41_a' '16_c' '14_a' '48_t' '24_g' '50_c' '45_c' '17_g' '50_g'
 '49_g' '29_c' '5_a' '25_t' '18_t' '52_t' '45_t' '54_c' '51_g' '29_g'
 '20_g' '39_a' '53_a' '43_g' '9_a' '0_t' '51_c' '50_a' '32_g' '39_c'
 '46_a' '5_g' '23_t' '39_t' '38_t' '37_t' '35_c'],length = 47
[2020-05-14 21:10:03,542]: -----------
[2020-05-14 21:10:03,885]: ***confusion matrix***
Predicted   0   1
Actual           
0          51   2
1           3  50
[2020-05-14 21:10:03,887]: f1 =0.9528 
[2020-05-14 21:10:03,888]: accuarcy = 0.9528 
[2020-05-14 21:10:03,890]: precision =0.9530 
[2020-05-14 21:10:03,892]: recall =0.9528
[2020-05-14 21:10:03,895]: auc = 0.9528
[2020-05-14 21:10:03,904]: -----------
[2020-05-14 21:10:03,904]: The output by the terminal's log has been saved in the /home/heshida/pycharm_tmp2/Logs/202005142107.log.
[2020-05-14 21:10:03,904]: metrics have been saved in the /home/heshida/pycharm_tmp2/Results/m.csv.
[2020-05-14 21:10:05,353]: Scatter charts visualized by t-SNE dataset has been saved in the /home/heshida/pycharm_tmp2/Results/dna.csv.png.
[2020-05-14 21:10:05,354]: Reduced dimensional dataset has been saved in the /home/heshida/pycharm_tmp2/Results/out.csv.
[2020-05-14 21:10:05,354]: ---mrmd 2.0 end---
