[2020-05-07 18:40:02,043]: ---mrmd 2.0 start----
[2020-05-07 18:40:02,800]: ANOVA start...
[2020-05-07 18:40:02,802]: ANOVA end.
[2020-05-07 18:40:02,803]: mic start...
[2020-05-07 18:40:03,014]: mic end.
[2020-05-07 18:40:03,014]: mrmd start...
[2020-05-07 18:40:03,041]: mrmd end.
[2020-05-07 18:40:03,041]: mRMR start...
[2020-05-07 18:40:03,079]: mRMR end.
[2020-05-07 18:40:03,079]: lasso start...
[2020-05-07 18:40:03,100]: lasso end.
[2020-05-07 18:40:03,100]: chi2 start...
[2020-05-07 18:40:03,116]: chi2 end.
[2020-05-07 18:40:03,116]: ref start...
[2020-05-07 18:40:03,192]: ref end.
[2020-05-07 18:40:03,194]: rank start ...
[2020-05-07 18:40:03,197]: The final  rank is
[2020-05-07 18:40:03,197]: K : 0.0657
[2020-05-07 18:40:03,197]: T : 0.0634
[2020-05-07 18:40:03,197]: R : 0.0602
[2020-05-07 18:40:03,197]: I : 0.0582
[2020-05-07 18:40:03,197]: Q : 0.0574
[2020-05-07 18:40:03,197]: A : 0.0569
[2020-05-07 18:40:03,198]: E : 0.0557
[2020-05-07 18:40:03,198]: V : 0.0541
[2020-05-07 18:40:03,198]: G : 0.0517
[2020-05-07 18:40:03,198]: Y : 0.0508
[2020-05-07 18:40:03,198]: P : 0.0497
[2020-05-07 18:40:03,198]: S : 0.0474
[2020-05-07 18:40:03,198]: C : 0.0472
[2020-05-07 18:40:03,198]: W : 0.0463
[2020-05-07 18:40:03,198]: N : 0.0440
[2020-05-07 18:40:03,199]: D : 0.0427
[2020-05-07 18:40:03,199]: M : 0.0397
[2020-05-07 18:40:03,199]: L : 0.0384
[2020-05-07 18:40:03,199]: H : 0.0360
[2020-05-07 18:40:03,199]: F : 0.0347
[2020-05-07 18:40:03,199]: feature_rank end
[2020-05-07 18:40:03,221]: Start dimension reduction ...
[2020-05-07 18:40:07,194]: length=1 f1=0.4422 accuarcy=0.4521 precision=0.4432 recall=0.4521 auc=0.5539 
[2020-05-07 18:40:08,300]: length=2 f1=0.4471 accuarcy=0.4521 precision=0.4441 recall=0.4521 auc=0.5643 
[2020-05-07 18:40:09,237]: length=3 f1=0.3985 accuarcy=0.4110 precision=0.3928 recall=0.4110 auc=0.5257 
[2020-05-07 18:40:09,672]: length=4 f1=0.3221 accuarcy=0.3288 precision=0.3200 recall=0.3288 auc=0.4630 
[2020-05-07 18:40:10,106]: length=5 f1=0.3905 accuarcy=0.3973 precision=0.3881 recall=0.3973 auc=0.5155 
[2020-05-07 18:40:10,509]: length=6 f1=0.4117 accuarcy=0.4247 precision=0.4100 recall=0.4247 auc=0.5311 
[2020-05-07 18:40:10,931]: length=7 f1=0.4309 accuarcy=0.4384 precision=0.4274 recall=0.4384 auc=0.5452 
[2020-05-07 18:40:11,364]: length=8 f1=0.4712 accuarcy=0.4795 precision=0.4750 recall=0.4795 auc=0.5743 
[2020-05-07 18:40:11,766]: length=9 f1=0.4809 accuarcy=0.4932 precision=0.4733 recall=0.4932 auc=0.5869 
[2020-05-07 18:40:12,202]: length=10 f1=0.5219 accuarcy=0.5205 precision=0.5263 recall=0.5205 auc=0.6184 
[2020-05-07 18:40:12,597]: length=11 f1=0.5130 accuarcy=0.5205 precision=0.5093 recall=0.5205 auc=0.6130 
[2020-05-07 18:40:13,010]: length=12 f1=0.4823 accuarcy=0.4932 precision=0.4796 recall=0.4932 auc=0.5833 
[2020-05-07 18:40:13,419]: length=13 f1=0.4884 accuarcy=0.4932 precision=0.4879 recall=0.4932 auc=0.5898 
[2020-05-07 18:40:13,857]: length=14 f1=0.4948 accuarcy=0.5068 precision=0.4880 recall=0.5068 auc=0.5968 
[2020-05-07 18:40:14,298]: length=15 f1=0.5383 accuarcy=0.5479 precision=0.5363 recall=0.5479 auc=0.6287 
[2020-05-07 18:40:14,730]: length=16 f1=0.4807 accuarcy=0.4932 precision=0.4793 recall=0.4932 auc=0.5819 
[2020-05-07 18:40:15,157]: length=17 f1=0.4492 accuarcy=0.4658 precision=0.4416 recall=0.4658 auc=0.5629 
[2020-05-07 18:40:15,595]: length=18 f1=0.4854 accuarcy=0.5068 precision=0.5020 recall=0.5068 auc=0.5793 
[2020-05-07 18:40:16,034]: length=19 f1=0.4660 accuarcy=0.4932 precision=0.4677 recall=0.4932 auc=0.5706 
[2020-05-07 18:40:16,465]: length=20 f1=0.4517 accuarcy=0.4795 precision=0.4401 recall=0.4795 auc=0.5613 
[2020-05-07 18:40:16,466]: ----------
[2020-05-07 18:40:16,466]: the max f1 = 0.5383
[2020-05-07 18:40:16,466]: ['K' 'T' 'R' 'I' 'Q' 'A' 'E' 'V' 'G' 'Y' 'P' 'S' 'C' 'W' 'N'],length = 15
[2020-05-07 18:40:16,466]: -----------
[2020-05-07 18:40:16,863]: ***confusion matrix***
[2020-05-07 18:40:16,863]:                pos_class      neg_class      
[2020-05-07 18:40:16,863]: pos_class      TP:14             FN:0              
[2020-05-07 18:40:16,863]: neg_class      FP:1              TN:4              
[2020-05-07 18:40:16,865]: f1 =0.5383 
[2020-05-07 18:40:16,866]: accuarcy = 0.5479 
[2020-05-07 18:40:16,868]: precision =0.5363 
[2020-05-07 18:40:16,870]: recall =0.5479
[2020-05-07 18:40:16,875]: auc = 0.6287
[2020-05-07 18:40:16,882]: -----------
[2020-05-07 18:40:16,882]: The output by the terminal's log has been saved in the /home/heshida/pycharm_tmp2/Logs/202005071840.log.
[2020-05-07 18:40:16,882]: metrics have been saved in the /home/heshida/pycharm_tmp2/Results/b.csv.
[2020-05-07 18:40:18,040]: Scatter charts visualized by t-SNE dataset has been saved in the /home/heshida/pycharm_tmp2/Results/test.csv.png.
[2020-05-07 18:40:18,040]: Reduced dimensional dataset has been saved in the /home/heshida/pycharm_tmp2/Results/a.csv.
[2020-05-07 18:40:18,040]: ---mrmd 2.0 end---
