[2020-05-08 17:37:07,232]: ---mrmd 2.0 start----
[2020-05-08 17:37:07,971]: ANOVA start...
[2020-05-08 17:37:07,973]: ANOVA end.
[2020-05-08 17:37:07,974]: mic start...
[2020-05-08 17:37:08,183]: mic end.
[2020-05-08 17:37:08,183]: mrmd start...
[2020-05-08 17:37:08,209]: mrmd end.
[2020-05-08 17:37:08,210]: mRMR start...
[2020-05-08 17:37:08,248]: mRMR end.
[2020-05-08 17:37:08,248]: lasso start...
[2020-05-08 17:37:08,265]: lasso end.
[2020-05-08 17:37:08,266]: chi2 start...
[2020-05-08 17:37:08,282]: chi2 end.
[2020-05-08 17:37:08,282]: ref start...
[2020-05-08 17:37:08,356]: ref end.
[2020-05-08 17:37:08,357]: rank start ...
[2020-05-08 17:37:08,360]: The final  rank is
[2020-05-08 17:37:08,361]: K : 0.0657
[2020-05-08 17:37:08,361]: T : 0.0634
[2020-05-08 17:37:08,361]: R : 0.0602
[2020-05-08 17:37:08,361]: I : 0.0582
[2020-05-08 17:37:08,361]: Q : 0.0574
[2020-05-08 17:37:08,361]: A : 0.0569
[2020-05-08 17:37:08,361]: E : 0.0557
[2020-05-08 17:37:08,361]: V : 0.0541
[2020-05-08 17:37:08,362]: G : 0.0517
[2020-05-08 17:37:08,362]: Y : 0.0508
[2020-05-08 17:37:08,362]: P : 0.0497
[2020-05-08 17:37:08,362]: S : 0.0474
[2020-05-08 17:37:08,362]: C : 0.0472
[2020-05-08 17:37:08,362]: W : 0.0463
[2020-05-08 17:37:08,362]: N : 0.0440
[2020-05-08 17:37:08,362]: D : 0.0427
[2020-05-08 17:37:08,362]: M : 0.0397
[2020-05-08 17:37:08,363]: L : 0.0384
[2020-05-08 17:37:08,363]: H : 0.0360
[2020-05-08 17:37:08,363]: F : 0.0347
[2020-05-08 17:37:08,363]: feature_rank end
[2020-05-08 17:37:08,363]: ANOVA start...
[2020-05-08 17:37:08,366]: ANOVA end.
[2020-05-08 17:37:08,366]: mic start...
[2020-05-08 17:37:08,560]: mic end.
[2020-05-08 17:37:08,560]: mrmd start...
[2020-05-08 17:37:08,586]: mrmd end.
[2020-05-08 17:37:08,587]: mRMR start...
[2020-05-08 17:37:08,625]: mRMR end.
[2020-05-08 17:37:08,625]: lasso start...
[2020-05-08 17:37:08,642]: lasso end.
[2020-05-08 17:37:08,643]: chi2 start...
[2020-05-08 17:37:08,658]: chi2 end.
[2020-05-08 17:37:08,658]: ref start...
[2020-05-08 17:37:08,732]: ref end.
[2020-05-08 17:37:08,745]: Start dimension reduction ...
[2020-05-08 17:37:12,174]: length=1 f1=0.4422 accuarcy=0.4521 precision=0.4432 recall=0.4521 auc=0.5539 
[2020-05-08 17:37:12,995]: length=2 f1=0.4471 accuarcy=0.4521 precision=0.4441 recall=0.4521 auc=0.5643 
[2020-05-08 17:37:13,796]: length=3 f1=0.3985 accuarcy=0.4110 precision=0.3928 recall=0.4110 auc=0.5257 
[2020-05-08 17:37:14,125]: length=4 f1=0.3221 accuarcy=0.3288 precision=0.3200 recall=0.3288 auc=0.4630 
[2020-05-08 17:37:14,422]: length=5 f1=0.3905 accuarcy=0.3973 precision=0.3881 recall=0.3973 auc=0.5155 
[2020-05-08 17:37:14,732]: length=6 f1=0.4117 accuarcy=0.4247 precision=0.4100 recall=0.4247 auc=0.5311 
[2020-05-08 17:37:15,032]: length=7 f1=0.4309 accuarcy=0.4384 precision=0.4274 recall=0.4384 auc=0.5452 
[2020-05-08 17:37:15,329]: length=8 f1=0.4712 accuarcy=0.4795 precision=0.4750 recall=0.4795 auc=0.5743 
[2020-05-08 17:37:15,627]: length=9 f1=0.4809 accuarcy=0.4932 precision=0.4733 recall=0.4932 auc=0.5869 
[2020-05-08 17:37:15,932]: length=10 f1=0.5219 accuarcy=0.5205 precision=0.5263 recall=0.5205 auc=0.6184 
[2020-05-08 17:37:16,230]: length=11 f1=0.5130 accuarcy=0.5205 precision=0.5093 recall=0.5205 auc=0.6130 
[2020-05-08 17:37:16,529]: length=12 f1=0.4823 accuarcy=0.4932 precision=0.4796 recall=0.4932 auc=0.5833 
[2020-05-08 17:37:16,900]: length=13 f1=0.4884 accuarcy=0.4932 precision=0.4879 recall=0.4932 auc=0.5898 
[2020-05-08 17:37:17,201]: length=14 f1=0.4948 accuarcy=0.5068 precision=0.4880 recall=0.5068 auc=0.5968 
[2020-05-08 17:37:17,500]: length=15 f1=0.5383 accuarcy=0.5479 precision=0.5363 recall=0.5479 auc=0.6287 
[2020-05-08 17:37:17,807]: length=16 f1=0.4807 accuarcy=0.4932 precision=0.4793 recall=0.4932 auc=0.5819 
[2020-05-08 17:37:18,114]: length=17 f1=0.4492 accuarcy=0.4658 precision=0.4416 recall=0.4658 auc=0.5629 
[2020-05-08 17:37:18,410]: length=18 f1=0.4854 accuarcy=0.5068 precision=0.5020 recall=0.5068 auc=0.5793 
[2020-05-08 17:37:18,710]: length=19 f1=0.4660 accuarcy=0.4932 precision=0.4677 recall=0.4932 auc=0.5706 
[2020-05-08 17:37:19,022]: length=20 f1=0.4517 accuarcy=0.4795 precision=0.4401 recall=0.4795 auc=0.5613 
[2020-05-08 17:37:19,022]: ----------
[2020-05-08 17:37:19,022]: the max f1 = 0.5383
[2020-05-08 17:37:19,022]: ['K' 'T' 'R' 'I' 'Q' 'A' 'E' 'V' 'G' 'Y' 'P' 'S' 'C' 'W' 'N'],length = 15
[2020-05-08 17:37:19,023]: -----------
[2020-05-08 17:37:19,312]: ***confusion matrix***
[2020-05-08 17:37:19,312]:                pos_class      neg_class      
[2020-05-08 17:37:19,312]: pos_class      TP:14             FN:0              
[2020-05-08 17:37:19,312]: neg_class      FP:1              TN:4              
[2020-05-08 17:37:19,314]: f1 =0.5383 
[2020-05-08 17:37:19,315]: accuarcy = 0.5479 
[2020-05-08 17:37:19,317]: precision =0.5363 
[2020-05-08 17:37:19,318]: recall =0.5479
[2020-05-08 17:37:19,323]: auc = 0.6287
[2020-05-08 17:37:19,330]: -----------
[2020-05-08 17:37:19,330]: The output by the terminal's log has been saved in the /home/heshida/pycharm_tmp2/Logs/202005081737.log.
[2020-05-08 17:37:19,331]: metrics have been saved in the /home/heshida/pycharm_tmp2/Results/b.csv.
[2020-05-08 17:37:20,462]: Scatter charts visualized by t-SNE dataset has been saved in the /home/heshida/pycharm_tmp2/Results/test.csv.png.
[2020-05-08 17:37:20,462]: Reduced dimensional dataset has been saved in the /home/heshida/pycharm_tmp2/Results/a.csv.
[2020-05-08 17:37:20,462]: ---mrmd 2.0 end---
