[2020-05-08 19:31:50,848]: ---mrmd 2.0 start----
[2020-05-08 19:31:51,609]: ANOVA start...
[2020-05-08 19:31:51,611]: ANOVA end.
[2020-05-08 19:31:51,612]: mic start...
[2020-05-08 19:31:51,824]: mic end.
[2020-05-08 19:31:51,825]: mrmd start...
[2020-05-08 19:31:51,852]: mrmd end.
[2020-05-08 19:31:51,852]: mRMR start...
[2020-05-08 19:31:51,890]: mRMR end.
[2020-05-08 19:31:51,891]: lasso start...
[2020-05-08 19:31:51,908]: lasso end.
[2020-05-08 19:31:51,908]: chi2 start...
[2020-05-08 19:31:51,924]: chi2 end.
[2020-05-08 19:31:51,924]: ref start...
[2020-05-08 19:31:51,998]: ref end.
[2020-05-08 19:31:51,999]: rank start ...
[2020-05-08 19:31:52,002]: The final  rank is
[2020-05-08 19:31:52,003]: K : 0.0657
[2020-05-08 19:31:52,003]: T : 0.0634
[2020-05-08 19:31:52,003]: R : 0.0602
[2020-05-08 19:31:52,003]: I : 0.0582
[2020-05-08 19:31:52,003]: Q : 0.0574
[2020-05-08 19:31:52,003]: A : 0.0569
[2020-05-08 19:31:52,003]: E : 0.0557
[2020-05-08 19:31:52,003]: V : 0.0541
[2020-05-08 19:31:52,004]: G : 0.0517
[2020-05-08 19:31:52,004]: Y : 0.0508
[2020-05-08 19:31:52,004]: P : 0.0497
[2020-05-08 19:31:52,004]: S : 0.0474
[2020-05-08 19:31:52,004]: C : 0.0472
[2020-05-08 19:31:52,004]: W : 0.0463
[2020-05-08 19:31:52,004]: N : 0.0440
[2020-05-08 19:31:52,004]: D : 0.0427
[2020-05-08 19:31:52,004]: M : 0.0397
[2020-05-08 19:31:52,005]: L : 0.0384
[2020-05-08 19:31:52,005]: H : 0.0360
[2020-05-08 19:31:52,005]: F : 0.0347
[2020-05-08 19:31:52,005]: feature_rank end
[2020-05-08 19:31:52,005]: ANOVA start...
[2020-05-08 19:31:52,008]: ANOVA end.
[2020-05-08 19:31:52,008]: mic start...
[2020-05-08 19:31:52,200]: mic end.
[2020-05-08 19:31:52,201]: mrmd start...
[2020-05-08 19:31:52,227]: mrmd end.
[2020-05-08 19:31:52,228]: mRMR start...
[2020-05-08 19:31:52,266]: mRMR end.
[2020-05-08 19:31:52,267]: lasso start...
[2020-05-08 19:31:52,284]: lasso end.
[2020-05-08 19:31:52,284]: chi2 start...
[2020-05-08 19:31:52,299]: chi2 end.
[2020-05-08 19:31:52,300]: ref start...
[2020-05-08 19:31:52,373]: ref end.
[2020-05-08 19:31:52,403]: Start dimension reduction ...
[2020-05-08 19:31:55,806]: length=1 f1=0.4422 accuarcy=0.4521 precision=0.4432 recall=0.4521 auc=0.5539 
[2020-05-08 19:31:56,606]: length=2 f1=0.4471 accuarcy=0.4521 precision=0.4441 recall=0.4521 auc=0.5643 
[2020-05-08 19:31:57,412]: length=3 f1=0.3985 accuarcy=0.4110 precision=0.3928 recall=0.4110 auc=0.5257 
[2020-05-08 19:31:58,189]: length=4 f1=0.3221 accuarcy=0.3288 precision=0.3200 recall=0.3288 auc=0.4630 
[2020-05-08 19:31:58,504]: length=5 f1=0.3905 accuarcy=0.3973 precision=0.3881 recall=0.3973 auc=0.5155 
[2020-05-08 19:31:58,804]: length=6 f1=0.4117 accuarcy=0.4247 precision=0.4100 recall=0.4247 auc=0.5311 
[2020-05-08 19:31:59,100]: length=7 f1=0.4309 accuarcy=0.4384 precision=0.4274 recall=0.4384 auc=0.5452 
[2020-05-08 19:31:59,397]: length=8 f1=0.4712 accuarcy=0.4795 precision=0.4750 recall=0.4795 auc=0.5743 
