[2020-05-08 21:56:55,132]: ---mrmd 2.0 start----
[2020-05-08 21:56:55,872]: ANOVA start...
[2020-05-08 21:56:55,875]: ANOVA end.
[2020-05-08 21:56:55,875]: mic start...
[2020-05-08 21:56:56,091]: mic end.
[2020-05-08 21:56:56,091]: mrmd start...
[2020-05-08 21:56:56,118]: mrmd end.
[2020-05-08 21:56:56,118]: mRMR start...
[2020-05-08 21:56:56,157]: mRMR end.
[2020-05-08 21:56:56,158]: lasso start...
[2020-05-08 21:56:56,175]: lasso end.
[2020-05-08 21:56:56,176]: chi2 start...
[2020-05-08 21:56:56,191]: chi2 end.
[2020-05-08 21:56:56,192]: ref start...
[2020-05-08 21:56:56,257]: ref end.
[2020-05-08 21:56:56,271]: The final  rank is
[2020-05-08 21:56:56,272]: N : 1.2733
[2020-05-08 21:56:56,272]: L : 9.5977
[2020-05-08 21:56:56,272]: H : 9.5977
[2020-05-08 21:56:56,272]: M : 9.5977
[2020-05-08 21:56:56,272]: G : 9.5977
[2020-05-08 21:56:56,272]: F : 9.5977
[2020-05-08 21:56:56,272]: D : 9.5977
[2020-05-08 21:56:56,273]: T : 3.3255
[2020-05-08 21:56:56,273]: R : 3.3255
[2020-05-08 21:56:56,273]: S : 3.3255
[2020-05-08 21:56:56,273]: C : 3.3255
[2020-05-08 21:56:56,273]: Y : 3.3255
[2020-05-08 21:56:56,273]: E : 3.3255
[2020-05-08 21:56:56,273]: Q : 3.3255
[2020-05-08 21:56:56,273]: W : 3.3255
[2020-05-08 21:56:56,273]: A : 3.3255
[2020-05-08 21:56:56,273]: K : 3.3255
[2020-05-08 21:56:56,274]: I : 3.3255
[2020-05-08 21:56:56,274]: P : 3.3255
[2020-05-08 21:56:56,274]: V : 3.3255
[2020-05-08 21:56:56,296]: Start dimension reduction ...
[2020-05-08 21:56:59,807]: length=1 f1=0.4142 accuarcy=0.4384 precision=0.4053 recall=0.4384 auc=0.5295 
[2020-05-08 21:57:00,617]: length=2 f1=0.5034 accuarcy=0.5205 precision=0.4954 recall=0.5205 auc=0.6029 
[2020-05-08 21:57:01,418]: length=3 f1=0.4200 accuarcy=0.4521 precision=0.4062 recall=0.4521 auc=0.5368 
[2020-05-08 21:57:01,736]: length=4 f1=0.4253 accuarcy=0.4521 precision=0.4197 recall=0.4521 auc=0.5377 
[2020-05-08 21:57:02,037]: length=5 f1=0.4701 accuarcy=0.4932 precision=0.4720 recall=0.4932 auc=0.5692 
[2020-05-08 21:57:02,336]: length=6 f1=0.4464 accuarcy=0.4795 precision=0.4471 recall=0.4795 auc=0.5533 
[2020-05-08 21:57:02,639]: length=7 f1=0.3404 accuarcy=0.3836 precision=0.3446 recall=0.3836 auc=0.4731 
[2020-05-08 21:57:02,940]: length=8 f1=0.4550 accuarcy=0.4795 precision=0.4773 recall=0.4795 auc=0.5547 
[2020-05-08 21:57:03,238]: length=9 f1=0.4395 accuarcy=0.4521 precision=0.4416 recall=0.4521 auc=0.5465 
[2020-05-08 21:57:03,537]: length=10 f1=0.4485 accuarcy=0.4658 precision=0.4581 recall=0.4658 auc=0.5499 
[2020-05-08 21:57:03,835]: length=11 f1=0.4517 accuarcy=0.4795 precision=0.4401 recall=0.4795 auc=0.5613 
[2020-05-08 21:57:04,135]: length=12 f1=0.4242 accuarcy=0.4521 precision=0.4181 recall=0.4521 auc=0.5366 
[2020-05-08 21:57:04,429]: length=13 f1=0.4126 accuarcy=0.4521 precision=0.4135 recall=0.4521 auc=0.5275 
[2020-05-08 21:57:04,726]: length=14 f1=0.4165 accuarcy=0.4384 precision=0.4197 recall=0.4384 auc=0.5276 
[2020-05-08 21:57:05,025]: length=15 f1=0.4642 accuarcy=0.4932 precision=0.4706 recall=0.4932 auc=0.5663 
[2020-05-08 21:57:05,324]: length=16 f1=0.4488 accuarcy=0.4658 precision=0.4422 recall=0.4658 auc=0.5598 
[2020-05-08 21:57:05,621]: length=17 f1=0.5267 accuarcy=0.5479 precision=0.5364 recall=0.5479 auc=0.6087 
[2020-05-08 21:57:05,996]: length=18 f1=0.4406 accuarcy=0.4658 precision=0.4310 recall=0.4658 auc=0.5504 
[2020-05-08 21:57:06,298]: length=19 f1=0.4445 accuarcy=0.4658 precision=0.4454 recall=0.4658 auc=0.5508 
[2020-05-08 21:57:06,600]: length=20 f1=0.4244 accuarcy=0.4384 precision=0.4246 recall=0.4384 auc=0.5353 
[2020-05-08 21:57:06,600]: ----------
[2020-05-08 21:57:06,600]: the max f1 = 0.5267
[2020-05-08 21:57:06,601]: ['N' 'L' 'H' 'M' 'G' 'F' 'D' 'T' 'R' 'S' 'C' 'Y' 'E' 'Q' 'W' 'A' 'K'],length = 17
[2020-05-08 21:57:06,601]: -----------
[2020-05-08 21:57:06,895]: ***confusion matrix***
[2020-05-08 21:57:06,895]:                pos_class      neg_class      
[2020-05-08 21:57:06,896]: pos_class      TP:12             FN:1              
[2020-05-08 21:57:06,896]: neg_class      FP:1              TN:2              
[2020-05-08 21:57:06,898]: f1 =0.5267 
[2020-05-08 21:57:06,898]: accuarcy = 0.5479 
[2020-05-08 21:57:06,900]: precision =0.5364 
[2020-05-08 21:57:06,902]: recall =0.5479
[2020-05-08 21:57:06,907]: auc = 0.6087
[2020-05-08 21:57:06,914]: -----------
[2020-05-08 21:57:06,914]: The output by the terminal's log has been saved in the /home/heshida/pycharm_tmp2/Logs/202005082156.log.
[2020-05-08 21:57:06,914]: metrics have been saved in the /home/heshida/pycharm_tmp2/Results/b.csv.
[2020-05-08 21:57:08,036]: Scatter charts visualized by t-SNE dataset has been saved in the /home/heshida/pycharm_tmp2/Results/test.csv.png.
[2020-05-08 21:57:08,037]: Reduced dimensional dataset has been saved in the /home/heshida/pycharm_tmp2/Results/a.csv.
[2020-05-08 21:57:08,037]: ---mrmd 2.0 end---
