[2020-05-15 20:16:50,228]: ---mrmd 2.0 start----
[2020-05-15 20:17:51,674]: ANOVA start...
[2020-05-15 20:17:51,887]: ANOVA  end.
[2020-05-15 20:17:51,887]: mic start...
[2020-05-15 20:17:54,165]: mic  end.
[2020-05-15 20:17:54,165]: mrmd start...
[2020-05-15 20:17:54,850]: mrmd end.
[2020-05-15 20:17:54,850]: mRMR start...
[2020-05-15 20:17:56,815]: mRMR end.
[2020-05-15 20:17:56,816]: linear model start...
[2020-05-15 20:17:57,186]: linear model end.
[2020-05-15 20:17:57,186]: chi2 start...
[2020-05-15 20:17:57,398]: chi2 end.
[2020-05-15 20:17:57,399]: tree feature importance start...
[2020-05-15 20:17:58,911]: tree feature importance  end.
[2020-05-15 20:17:58,911]: F_value start...
[2020-05-15 20:17:59,134]: F_value  end.
[2020-05-15 20:17:59,134]: ref start...
[2020-05-15 20:18:56,914]: ref end.
[2020-05-15 20:18:57,207]: The final  rank is
[2020-05-15 20:18:57,207]: Pos3.ZSCALE1 : 0.025959964923593887
[2020-05-15 20:18:57,207]: Pos8.ZSCALE5 : 0.025158110953983286
[2020-05-15 20:18:57,207]: Pos7.ZSCALE1 : 0.02501075172671276
[2020-05-15 20:18:57,208]: Pos11.ZSCALE4 : 0.024664030300803948
[2020-05-15 20:18:57,208]: Pos2.ZSCALE3 : 0.023852843466775676
[2020-05-15 20:18:57,208]: Pos10.ZSCALE2 : 0.02356334242699826
[2020-05-15 20:18:57,208]: Pos9.ZSCALE1 : 0.023324086533958552
[2020-05-15 20:18:57,208]: Pos5.ZSCALE4 : 0.02216505395840044
[2020-05-15 20:18:57,208]: Pos9.ZSCALE2 : 0.021918080133329604
[2020-05-15 20:18:57,208]: Pos5.ZSCALE5 : 0.02187477123853704
[2020-05-15 20:18:57,208]: Pos11.ZSCALE5 : 0.021827484418789497
[2020-05-15 20:18:57,209]: Pos7.ZSCALE3 : 0.021755305821082208
[2020-05-15 20:18:57,209]: Pos11.ZSCALE2 : 0.02175246927290769
[2020-05-15 20:18:57,209]: Pos11.ZSCALE3 : 0.021536708044321236
[2020-05-15 20:18:57,209]: Pos7.ZSCALE5 : 0.021508021486794992
[2020-05-15 20:18:57,209]: Pos2.ZSCALE4 : 0.021401036028685143
[2020-05-15 20:18:57,209]: Pos4.ZSCALE3 : 0.021386385483266452
[2020-05-15 20:18:57,209]: Pos9.ZSCALE5 : 0.02127424332235368
[2020-05-15 20:18:57,209]: Pos7.ZSCALE4 : 0.02119987609208389
[2020-05-15 20:18:57,209]: Pos10.ZSCALE4 : 0.021097315492309986
[2020-05-15 20:18:57,209]: Pos3.ZSCALE2 : 0.02098244383553224
[2020-05-15 20:18:57,210]: Pos1.ZSCALE3 : 0.02072402167943998
[2020-05-15 20:18:57,210]: Pos2.ZSCALE2 : 0.020624313489097573
[2020-05-15 20:18:57,210]: Pos3.ZSCALE5 : 0.020378579912206048
[2020-05-15 20:18:57,210]: Pos5.ZSCALE3 : 0.020238034396051086
[2020-05-15 20:18:57,210]: Pos2.ZSCALE1 : 0.01980590805031591
[2020-05-15 20:18:57,210]: Pos9.ZSCALE4 : 0.019744344762120957
[2020-05-15 20:18:57,210]: Pos10.ZSCALE5 : 0.0195928398579016
[2020-05-15 20:18:57,210]: Pos3.ZSCALE3 : 0.01951779094811451
[2020-05-15 20:18:57,210]: Pos10.ZSCALE1 : 0.01950958590007263
[2020-05-15 20:18:57,211]: Pos1.ZSCALE1 : 0.019441272420235696
[2020-05-15 20:18:57,211]: Pos1.ZSCALE4 : 0.019077659338138545
[2020-05-15 20:18:57,211]: Pos5.ZSCALE1 : 0.018723482253744678
[2020-05-15 20:18:57,211]: Pos8.ZSCALE1 : 0.01863826022664702
[2020-05-15 20:18:57,211]: Pos11.ZSCALE1 : 0.018625524742620487
[2020-05-15 20:18:57,211]: Pos7.ZSCALE2 : 0.01850709442980342
[2020-05-15 20:18:57,211]: Pos8.ZSCALE3 : 0.018086972651729104
[2020-05-15 20:18:57,211]: Pos1.ZSCALE5 : 0.017882336216700136
[2020-05-15 20:18:57,211]: Pos8.ZSCALE2 : 0.017801587186943787
[2020-05-15 20:18:57,212]: Pos4.ZSCALE2 : 0.017658137981188936
[2020-05-15 20:18:57,212]: Pos4.ZSCALE4 : 0.017617826283371465
[2020-05-15 20:18:57,212]: Pos8.ZSCALE4 : 0.017455419100780467
[2020-05-15 20:18:57,212]: Pos10.ZSCALE3 : 0.01712672167419356
[2020-05-15 20:18:57,212]: Pos9.ZSCALE3 : 0.016780628212465197
[2020-05-15 20:18:57,212]: Pos4.ZSCALE1 : 0.015467174725345001
[2020-05-15 20:18:57,212]: Pos1.ZSCALE2 : 0.01508992140036784
[2020-05-15 20:18:57,212]: Pos3.ZSCALE4 : 0.014282118097639327
[2020-05-15 20:18:57,212]: Pos5.ZSCALE2 : 0.014260488532980389
[2020-05-15 20:18:57,212]: Pos2.ZSCALE5 : 0.014127761462845381
[2020-05-15 20:18:57,213]: Pos4.ZSCALE5 : 0.013872731407354247
[2020-05-15 20:18:57,213]: Pos6.ZSCALE2 : 0.0061291376983642195
[2020-05-15 20:18:57,613]: Start dimension reduction ...
[2020-05-15 20:19:01,490]: length=1 f1=0.6049 accuarcy=0.6055 precision=0.6060 recall=0.6055 auc=0.6055 
[2020-05-15 20:19:02,514]: length=2 f1=0.6370 accuarcy=0.6372 precision=0.6376 recall=0.6372 auc=0.6372 
[2020-05-15 20:19:03,534]: length=3 f1=0.7471 accuarcy=0.7471 precision=0.7471 recall=0.7471 auc=0.7471 
[2020-05-15 20:19:04,127]: length=4 f1=0.7543 accuarcy=0.7546 precision=0.7557 recall=0.7546 auc=0.7546 
[2020-05-15 20:19:04,723]: length=5 f1=0.7727 accuarcy=0.7730 precision=0.7747 recall=0.7730 auc=0.7730 
[2020-05-15 20:19:05,324]: length=6 f1=0.7817 accuarcy=0.7819 precision=0.7833 recall=0.7819 auc=0.7819 
[2020-05-15 20:19:05,936]: length=7 f1=0.7967 accuarcy=0.7969 precision=0.7981 recall=0.7969 auc=0.7969 
[2020-05-15 20:19:06,548]: length=8 f1=0.8019 accuarcy=0.8020 precision=0.8029 recall=0.8020 auc=0.8020 
[2020-05-15 20:19:07,230]: length=9 f1=0.8011 accuarcy=0.8014 precision=0.8028 recall=0.8014 auc=0.8014 
[2020-05-15 20:19:07,921]: length=10 f1=0.8009 accuarcy=0.8010 precision=0.8019 recall=0.8010 auc=0.8010 
[2020-05-15 20:19:08,616]: length=11 f1=0.8050 accuarcy=0.8051 precision=0.8062 recall=0.8051 auc=0.8051 
[2020-05-15 20:19:09,289]: length=12 f1=0.7997 accuarcy=0.8000 precision=0.8017 recall=0.8000 auc=0.8000 
[2020-05-15 20:19:09,968]: length=13 f1=0.8016 accuarcy=0.8020 precision=0.8047 recall=0.8020 auc=0.8020 
[2020-05-15 20:19:10,653]: length=14 f1=0.8017 accuarcy=0.8020 precision=0.8042 recall=0.8020 auc=0.8020 
[2020-05-15 20:19:11,340]: length=15 f1=0.8063 accuarcy=0.8068 precision=0.8099 recall=0.8068 auc=0.8068 
[2020-05-15 20:19:12,083]: length=16 f1=0.8067 accuarcy=0.8072 precision=0.8100 recall=0.8072 auc=0.8072 
[2020-05-15 20:19:12,838]: length=17 f1=0.8073 accuarcy=0.8078 precision=0.8112 recall=0.8078 auc=0.8078 
[2020-05-15 20:19:13,588]: length=18 f1=0.8056 accuarcy=0.8061 precision=0.8098 recall=0.8061 auc=0.8061 
[2020-05-15 20:19:14,335]: length=19 f1=0.8108 accuarcy=0.8113 precision=0.8144 recall=0.8113 auc=0.8113 
[2020-05-15 20:19:15,086]: length=20 f1=0.8070 accuarcy=0.8075 precision=0.8107 recall=0.8075 auc=0.8075 
[2020-05-15 20:19:15,837]: length=21 f1=0.8083 accuarcy=0.8089 precision=0.8124 recall=0.8089 auc=0.8089 
[2020-05-15 20:19:16,593]: length=22 f1=0.8041 accuarcy=0.8048 precision=0.8087 recall=0.8048 auc=0.8048 
[2020-05-15 20:19:17,351]: length=23 f1=0.8075 accuarcy=0.8082 precision=0.8124 recall=0.8082 auc=0.8082 
[2020-05-15 20:19:18,116]: length=24 f1=0.7991 accuarcy=0.7997 precision=0.8031 recall=0.7997 auc=0.7997 
[2020-05-15 20:19:18,955]: length=25 f1=0.8083 accuarcy=0.8089 precision=0.8125 recall=0.8089 auc=0.8089 
[2020-05-15 20:19:19,936]: length=26 f1=0.8113 accuarcy=0.8119 precision=0.8160 recall=0.8119 auc=0.8119 
[2020-05-15 20:19:20,984]: length=27 f1=0.8107 accuarcy=0.8113 precision=0.8151 recall=0.8113 auc=0.8113 
[2020-05-15 20:19:22,207]: length=28 f1=0.8087 accuarcy=0.8092 precision=0.8124 recall=0.8092 auc=0.8092 
[2020-05-15 20:19:23,179]: length=29 f1=0.8146 accuarcy=0.8150 precision=0.8181 recall=0.8150 auc=0.8150 
[2020-05-15 20:19:24,032]: length=30 f1=0.8156 accuarcy=0.8160 precision=0.8193 recall=0.8160 auc=0.8160 
[2020-05-15 20:19:24,875]: length=31 f1=0.8194 accuarcy=0.8198 precision=0.8225 recall=0.8198 auc=0.8198 
[2020-05-15 20:19:25,718]: length=32 f1=0.8234 accuarcy=0.8239 precision=0.8275 recall=0.8239 auc=0.8239 
[2020-05-15 20:19:26,577]: length=33 f1=0.8193 accuarcy=0.8198 precision=0.8234 recall=0.8198 auc=0.8198 
[2020-05-15 20:19:27,417]: length=34 f1=0.8179 accuarcy=0.8184 precision=0.8223 recall=0.8184 auc=0.8184 
[2020-05-15 20:19:28,269]: length=35 f1=0.8193 accuarcy=0.8198 precision=0.8232 recall=0.8198 auc=0.8198 
[2020-05-15 20:19:29,188]: length=36 f1=0.8200 accuarcy=0.8205 precision=0.8242 recall=0.8205 auc=0.8205 
[2020-05-15 20:19:30,123]: length=37 f1=0.8144 accuarcy=0.8150 precision=0.8190 recall=0.8150 auc=0.8150 
[2020-05-15 20:19:31,045]: length=38 f1=0.8169 accuarcy=0.8174 precision=0.8209 recall=0.8174 auc=0.8174 
[2020-05-15 20:19:31,969]: length=39 f1=0.8185 accuarcy=0.8191 precision=0.8232 recall=0.8191 auc=0.8191 
[2020-05-15 20:19:32,898]: length=40 f1=0.8199 accuarcy=0.8205 precision=0.8247 recall=0.8205 auc=0.8205 
[2020-05-15 20:19:33,827]: length=41 f1=0.8217 accuarcy=0.8222 precision=0.8256 recall=0.8222 auc=0.8222 
[2020-05-15 20:19:34,750]: length=42 f1=0.8213 accuarcy=0.8218 precision=0.8260 recall=0.8218 auc=0.8218 
[2020-05-15 20:19:35,678]: length=43 f1=0.8216 accuarcy=0.8222 precision=0.8261 recall=0.8222 auc=0.8222 
[2020-05-15 20:19:36,600]: length=44 f1=0.8193 accuarcy=0.8198 precision=0.8234 recall=0.8198 auc=0.8198 
[2020-05-15 20:19:37,533]: length=45 f1=0.8223 accuarcy=0.8229 precision=0.8272 recall=0.8229 auc=0.8229 
[2020-05-15 20:19:38,465]: length=46 f1=0.8179 accuarcy=0.8184 precision=0.8220 recall=0.8184 auc=0.8184 
[2020-05-15 20:19:39,394]: length=47 f1=0.8240 accuarcy=0.8246 precision=0.8285 recall=0.8246 auc=0.8246 
[2020-05-15 20:19:40,317]: length=48 f1=0.8210 accuarcy=0.8215 precision=0.8254 recall=0.8215 auc=0.8215 
[2020-05-15 20:19:41,328]: length=49 f1=0.8224 accuarcy=0.8229 precision=0.8262 recall=0.8229 auc=0.8229 
[2020-05-15 20:19:42,338]: length=50 f1=0.8168 accuarcy=0.8174 precision=0.8217 recall=0.8174 auc=0.8174 
[2020-05-15 20:19:43,337]: length=51 f1=0.8220 accuarcy=0.8225 precision=0.8262 recall=0.8225 auc=0.8225 
[2020-05-15 20:19:43,338]: ----------
[2020-05-15 20:19:43,338]: the max f1 = 0.8240
[2020-05-15 20:19:43,339]: ['Pos3.ZSCALE1' 'Pos8.ZSCALE5' 'Pos7.ZSCALE1' 'Pos11.ZSCALE4'
 'Pos2.ZSCALE3' 'Pos10.ZSCALE2' 'Pos9.ZSCALE1' 'Pos5.ZSCALE4'
 'Pos9.ZSCALE2' 'Pos5.ZSCALE5' 'Pos11.ZSCALE5' 'Pos7.ZSCALE3'
 'Pos11.ZSCALE2' 'Pos11.ZSCALE3' 'Pos7.ZSCALE5' 'Pos2.ZSCALE4'
 'Pos4.ZSCALE3' 'Pos9.ZSCALE5' 'Pos7.ZSCALE4' 'Pos10.ZSCALE4'
 'Pos3.ZSCALE2' 'Pos1.ZSCALE3' 'Pos2.ZSCALE2' 'Pos3.ZSCALE5'
 'Pos5.ZSCALE3' 'Pos2.ZSCALE1' 'Pos9.ZSCALE4' 'Pos10.ZSCALE5'
 'Pos3.ZSCALE3' 'Pos10.ZSCALE1' 'Pos1.ZSCALE1' 'Pos1.ZSCALE4'
 'Pos5.ZSCALE1' 'Pos8.ZSCALE1' 'Pos11.ZSCALE1' 'Pos7.ZSCALE2'
 'Pos8.ZSCALE3' 'Pos1.ZSCALE5' 'Pos8.ZSCALE2' 'Pos4.ZSCALE2'
 'Pos4.ZSCALE4' 'Pos8.ZSCALE4' 'Pos10.ZSCALE3' 'Pos9.ZSCALE3'
 'Pos4.ZSCALE1' 'Pos1.ZSCALE2' 'Pos3.ZSCALE4'],length = 47
[2020-05-15 20:19:43,339]: -----------
[2020-05-15 20:19:44,297]: ***confusion matrix***
Predicted   0.0   1.0
Actual               
0.0        1288   177
1.0         337  1128
[2020-05-15 20:19:44,301]: f1 =0.8240 
[2020-05-15 20:19:44,302]: accuarcy = 0.8246 
[2020-05-15 20:19:44,306]: precision =0.8285 
[2020-05-15 20:19:44,309]: recall =0.8246
[2020-05-15 20:19:44,315]: auc = 0.8246
[2020-05-15 20:19:44,582]: -----------
[2020-05-15 20:19:44,582]: The output by the terminal's log has been saved in the /home/heshida/pycharm_tmp2/Logs/202005152016.log.
[2020-05-15 20:19:44,582]: metrics have been saved in the /home/heshida/pycharm_tmp2/Results/zscale.metrics.csv.
[2020-05-15 20:21:03,652]: Scatter charts visualized by t-SNE dataset has been saved in the /home/heshida/pycharm_tmp2/Results/zscale.csv.png.
[2020-05-15 20:21:03,652]: Reduced dimensional dataset has been saved in the /home/heshida/pycharm_tmp2/Results/onehot_out.csv.
[2020-05-15 20:21:03,652]: ---mrmd 2.0 end---
