[2020-05-15 18:08:01,681]: ---mrmd 2.0 start----
[2020-05-15 18:09:01,092]: ANOVA start...
[2020-05-15 18:09:01,292]: ANOVA  end.
[2020-05-15 18:09:01,293]: mic start...
[2020-05-15 18:09:03,545]: mic  end.
[2020-05-15 18:09:03,546]: mrmd start...
[2020-05-15 18:09:04,215]: mrmd end.
[2020-05-15 18:09:04,216]: mRMR start...
[2020-05-15 18:09:06,185]: mRMR end.
[2020-05-15 18:09:06,185]: linear model start...
[2020-05-15 18:09:06,553]: linear model end.
[2020-05-15 18:09:06,553]: chi2 start...
[2020-05-15 18:09:06,762]: chi2 end.
[2020-05-15 18:09:06,762]: tree feature importance start...
[2020-05-15 18:09:08,292]: tree feature importance  end.
[2020-05-15 18:09:08,292]: F_value start...
[2020-05-15 18:09:08,487]: F_value  end.
[2020-05-15 18:09:08,488]: ref start...
[2020-05-15 18:10:06,330]: ref end.
[2020-05-15 18:10:06,587]: The final  rank is
[2020-05-15 18:10:06,588]: Pos1.ZSCALE5 : 0.02372495981819372
[2020-05-15 18:10:06,588]: Pos10.ZSCALE5 : 0.023249423767945754
[2020-05-15 18:10:06,588]: Pos11.ZSCALE4 : 0.02311031503395028
[2020-05-15 18:10:06,588]: Pos9.ZSCALE2 : 0.022427735891969502
[2020-05-15 18:10:06,588]: Pos11.ZSCALE3 : 0.022328921360182215
[2020-05-15 18:10:06,588]: Pos2.ZSCALE4 : 0.022290342414318955
[2020-05-15 18:10:06,588]: Pos11.ZSCALE2 : 0.022141853976584108
[2020-05-15 18:10:06,588]: Pos3.ZSCALE1 : 0.022060159278826517
[2020-05-15 18:10:06,589]: Pos8.ZSCALE2 : 0.021904577529037156
[2020-05-15 18:10:06,589]: Pos11.ZSCALE1 : 0.02178993670296133
[2020-05-15 18:10:06,589]: Pos4.ZSCALE3 : 0.02178008843203489
[2020-05-15 18:10:06,589]: Pos9.ZSCALE5 : 0.021706441984946315
[2020-05-15 18:10:06,589]: Pos8.ZSCALE5 : 0.021701974108493303
[2020-05-15 18:10:06,589]: Pos5.ZSCALE3 : 0.021649323565948984
[2020-05-15 18:10:06,589]: Pos1.ZSCALE4 : 0.02162607802421508
[2020-05-15 18:10:06,589]: Pos7.ZSCALE4 : 0.02134988457751174
[2020-05-15 18:10:06,589]: Pos8.ZSCALE1 : 0.02103023967291581
[2020-05-15 18:10:06,590]: Pos2.ZSCALE1 : 0.02095843584943981
[2020-05-15 18:10:06,590]: Pos10.ZSCALE2 : 0.020864207815673226
[2020-05-15 18:10:06,590]: Pos5.ZSCALE5 : 0.020699535712400345
[2020-05-15 18:10:06,590]: Pos10.ZSCALE3 : 0.020689665284044947
[2020-05-15 18:10:06,590]: Pos2.ZSCALE3 : 0.02068569064254107
[2020-05-15 18:10:06,590]: Pos7.ZSCALE1 : 0.020629478229812537
[2020-05-15 18:10:06,590]: Pos10.ZSCALE1 : 0.020626314265434452
[2020-05-15 18:10:06,590]: Pos3.ZSCALE3 : 0.020514095923432202
[2020-05-15 18:10:06,590]: Pos7.ZSCALE5 : 0.020248142395022168
[2020-05-15 18:10:06,591]: Pos4.ZSCALE1 : 0.01992275184900217
[2020-05-15 18:10:06,591]: Pos4.ZSCALE2 : 0.01975302590188263
[2020-05-15 18:10:06,591]: Pos8.ZSCALE3 : 0.019712775126202047
[2020-05-15 18:10:06,591]: Pos2.ZSCALE2 : 0.019266170547846184
[2020-05-15 18:10:06,591]: Pos7.ZSCALE3 : 0.019225070206966753
[2020-05-15 18:10:06,591]: Pos9.ZSCALE4 : 0.019150795309459474
[2020-05-15 18:10:06,591]: Pos5.ZSCALE1 : 0.018882643971759837
[2020-05-15 18:10:06,591]: Pos5.ZSCALE4 : 0.0186873119900701
[2020-05-15 18:10:06,591]: Pos1.ZSCALE3 : 0.018574984552326722
[2020-05-15 18:10:06,592]: Pos8.ZSCALE4 : 0.018490490524042242
[2020-05-15 18:10:06,592]: Pos11.ZSCALE5 : 0.018429774042375145
[2020-05-15 18:10:06,592]: Pos3.ZSCALE4 : 0.018348262555221904
[2020-05-15 18:10:06,592]: Pos3.ZSCALE2 : 0.018073996777336628
[2020-05-15 18:10:06,592]: Pos10.ZSCALE4 : 0.018062223001629792
[2020-05-15 18:10:06,592]: Pos4.ZSCALE5 : 0.018026642383332365
[2020-05-15 18:10:06,592]: Pos3.ZSCALE5 : 0.017822720746149517
[2020-05-15 18:10:06,592]: Pos9.ZSCALE1 : 0.017790990710517603
[2020-05-15 18:10:06,592]: Pos1.ZSCALE1 : 0.01776019965217326
[2020-05-15 18:10:06,593]: Pos4.ZSCALE4 : 0.0169056629815089
[2020-05-15 18:10:06,593]: Pos2.ZSCALE5 : 0.016351532690872098
[2020-05-15 18:10:06,593]: Pos9.ZSCALE3 : 0.016209727057511506
[2020-05-15 18:10:06,593]: Pos5.ZSCALE2 : 0.016152194468986983
[2020-05-15 18:10:06,593]: Pos1.ZSCALE2 : 0.015311637183698226
[2020-05-15 18:10:06,593]: Pos7.ZSCALE2 : 0.01419115635231696
[2020-05-15 18:10:06,593]: Pos6.ZSCALE2 : 0.0071094371589742154
[2020-05-15 18:10:06,986]: Start dimension reduction ...
[2020-05-15 18:10:10,690]: length=1 f1=0.5768 accuarcy=0.5795 precision=0.5816 recall=0.5795 auc=0.5795 
[2020-05-15 18:10:11,684]: length=2 f1=0.6143 accuarcy=0.6150 precision=0.6159 recall=0.6150 auc=0.6150 
[2020-05-15 18:10:12,764]: length=3 f1=0.6331 accuarcy=0.6331 precision=0.6331 recall=0.6331 auc=0.6331 
[2020-05-15 18:10:13,403]: length=4 f1=0.6640 accuarcy=0.6642 precision=0.6644 recall=0.6642 auc=0.6642 
[2020-05-15 18:10:14,040]: length=5 f1=0.6545 accuarcy=0.6546 precision=0.6548 recall=0.6546 auc=0.6546 
[2020-05-15 18:10:14,681]: length=6 f1=0.6723 accuarcy=0.6724 precision=0.6724 recall=0.6724 auc=0.6724 
[2020-05-15 18:10:15,315]: length=7 f1=0.6662 accuarcy=0.6662 precision=0.6662 recall=0.6662 auc=0.6662 
[2020-05-15 18:10:15,955]: length=8 f1=0.6832 accuarcy=0.6833 precision=0.6835 recall=0.6833 auc=0.6833 
[2020-05-15 18:10:16,668]: length=9 f1=0.7097 accuarcy=0.7099 precision=0.7104 recall=0.7099 auc=0.7099 
[2020-05-15 18:10:17,387]: length=10 f1=0.7101 accuarcy=0.7102 precision=0.7106 recall=0.7102 auc=0.7102 
[2020-05-15 18:10:18,098]: length=11 f1=0.7152 accuarcy=0.7154 precision=0.7160 recall=0.7154 auc=0.7154 
[2020-05-15 18:10:18,813]: length=12 f1=0.7213 accuarcy=0.7215 precision=0.7221 recall=0.7215 auc=0.7215 
[2020-05-15 18:10:19,536]: length=13 f1=0.7213 accuarcy=0.7215 precision=0.7222 recall=0.7215 auc=0.7215 
[2020-05-15 18:10:20,255]: length=14 f1=0.7515 accuarcy=0.7515 precision=0.7518 recall=0.7515 auc=0.7515 
[2020-05-15 18:10:20,967]: length=15 f1=0.7652 accuarcy=0.7652 precision=0.7653 recall=0.7652 auc=0.7652 
[2020-05-15 18:10:21,741]: length=16 f1=0.8042 accuarcy=0.8044 precision=0.8059 recall=0.8044 auc=0.8044 
[2020-05-15 18:10:22,529]: length=17 f1=0.8039 accuarcy=0.8041 precision=0.8056 recall=0.8041 auc=0.8041 
[2020-05-15 18:10:23,307]: length=18 f1=0.8161 accuarcy=0.8164 precision=0.8184 recall=0.8164 auc=0.8164 
[2020-05-15 18:10:24,088]: length=19 f1=0.8103 accuarcy=0.8106 precision=0.8126 recall=0.8106 auc=0.8106 
[2020-05-15 18:10:24,867]: length=20 f1=0.8124 accuarcy=0.8126 precision=0.8139 recall=0.8126 auc=0.8126 
[2020-05-15 18:10:25,649]: length=21 f1=0.8158 accuarcy=0.8160 precision=0.8174 recall=0.8160 auc=0.8160 
[2020-05-15 18:10:26,432]: length=22 f1=0.8046 accuarcy=0.8048 precision=0.8058 recall=0.8048 auc=0.8048 
[2020-05-15 18:10:27,213]: length=23 f1=0.8216 accuarcy=0.8218 precision=0.8234 recall=0.8218 auc=0.8218 
[2020-05-15 18:10:27,994]: length=24 f1=0.8223 accuarcy=0.8225 precision=0.8242 recall=0.8225 auc=0.8225 
[2020-05-15 18:10:28,852]: length=25 f1=0.8199 accuarcy=0.8201 precision=0.8221 recall=0.8201 auc=0.8201 
[2020-05-15 18:10:29,688]: length=26 f1=0.8170 accuarcy=0.8174 precision=0.8204 recall=0.8174 auc=0.8174 
[2020-05-15 18:10:30,534]: length=27 f1=0.8214 accuarcy=0.8218 precision=0.8248 recall=0.8218 auc=0.8218 
[2020-05-15 18:10:31,380]: length=28 f1=0.8215 accuarcy=0.8218 precision=0.8244 recall=0.8218 auc=0.8218 
[2020-05-15 18:10:32,222]: length=29 f1=0.8126 accuarcy=0.8130 precision=0.8157 recall=0.8130 auc=0.8130 
[2020-05-15 18:10:33,073]: length=30 f1=0.8122 accuarcy=0.8126 precision=0.8157 recall=0.8126 auc=0.8126 
[2020-05-15 18:10:33,920]: length=31 f1=0.8159 accuarcy=0.8164 precision=0.8194 recall=0.8164 auc=0.8164 
[2020-05-15 18:10:34,768]: length=32 f1=0.8139 accuarcy=0.8143 precision=0.8176 recall=0.8143 auc=0.8143 
[2020-05-15 18:10:35,618]: length=33 f1=0.8148 accuarcy=0.8154 precision=0.8189 recall=0.8154 auc=0.8154 
[2020-05-15 18:10:36,459]: length=34 f1=0.8126 accuarcy=0.8130 precision=0.8158 recall=0.8130 auc=0.8130 
[2020-05-15 18:10:37,303]: length=35 f1=0.8144 accuarcy=0.8150 precision=0.8189 recall=0.8150 auc=0.8150 
[2020-05-15 18:10:38,217]: length=36 f1=0.8103 accuarcy=0.8109 precision=0.8149 recall=0.8109 auc=0.8109 
[2020-05-15 18:10:39,153]: length=37 f1=0.8159 accuarcy=0.8164 precision=0.8199 recall=0.8164 auc=0.8164 
[2020-05-15 18:10:40,090]: length=38 f1=0.8172 accuarcy=0.8177 precision=0.8218 recall=0.8177 auc=0.8177 
[2020-05-15 18:10:41,027]: length=39 f1=0.8152 accuarcy=0.8157 precision=0.8191 recall=0.8157 auc=0.8157 
[2020-05-15 18:10:41,959]: length=40 f1=0.8149 accuarcy=0.8154 precision=0.8187 recall=0.8154 auc=0.8154 
[2020-05-15 18:10:42,895]: length=41 f1=0.8198 accuarcy=0.8201 precision=0.8226 recall=0.8201 auc=0.8201 
[2020-05-15 18:10:43,823]: length=42 f1=0.8213 accuarcy=0.8218 precision=0.8255 recall=0.8218 auc=0.8218 
[2020-05-15 18:10:44,763]: length=43 f1=0.8187 accuarcy=0.8191 precision=0.8221 recall=0.8191 auc=0.8191 
[2020-05-15 18:10:45,703]: length=44 f1=0.8204 accuarcy=0.8208 precision=0.8241 recall=0.8208 auc=0.8208 
[2020-05-15 18:10:46,635]: length=45 f1=0.8221 accuarcy=0.8225 precision=0.8257 recall=0.8225 auc=0.8225 
[2020-05-15 18:10:47,579]: length=46 f1=0.8221 accuarcy=0.8225 precision=0.8259 recall=0.8225 auc=0.8225 
[2020-05-15 18:10:48,521]: length=47 f1=0.8134 accuarcy=0.8140 precision=0.8179 recall=0.8140 auc=0.8140 
[2020-05-15 18:10:49,455]: length=48 f1=0.8207 accuarcy=0.8212 precision=0.8242 recall=0.8212 auc=0.8212 
[2020-05-15 18:10:50,476]: length=49 f1=0.8211 accuarcy=0.8215 precision=0.8247 recall=0.8215 auc=0.8215 
[2020-05-15 18:10:51,483]: length=50 f1=0.8203 accuarcy=0.8208 precision=0.8246 recall=0.8208 auc=0.8208 
[2020-05-15 18:10:52,479]: length=51 f1=0.8230 accuarcy=0.8235 precision=0.8275 recall=0.8235 auc=0.8235 
[2020-05-15 18:10:52,480]: ----------
[2020-05-15 18:10:52,480]: the max f1 = 0.8230
[2020-05-15 18:10:52,480]: ['Pos1.ZSCALE5' 'Pos10.ZSCALE5' 'Pos11.ZSCALE4' 'Pos9.ZSCALE2'
 'Pos11.ZSCALE3' 'Pos2.ZSCALE4' 'Pos11.ZSCALE2' 'Pos3.ZSCALE1'
 'Pos8.ZSCALE2' 'Pos11.ZSCALE1' 'Pos4.ZSCALE3' 'Pos9.ZSCALE5'
 'Pos8.ZSCALE5' 'Pos5.ZSCALE3' 'Pos1.ZSCALE4' 'Pos7.ZSCALE4'
 'Pos8.ZSCALE1' 'Pos2.ZSCALE1' 'Pos10.ZSCALE2' 'Pos5.ZSCALE5'
 'Pos10.ZSCALE3' 'Pos2.ZSCALE3' 'Pos7.ZSCALE1' 'Pos10.ZSCALE1'
 'Pos3.ZSCALE3' 'Pos7.ZSCALE5' 'Pos4.ZSCALE1' 'Pos4.ZSCALE2'
 'Pos8.ZSCALE3' 'Pos2.ZSCALE2' 'Pos7.ZSCALE3' 'Pos9.ZSCALE4'
 'Pos5.ZSCALE1' 'Pos5.ZSCALE4' 'Pos1.ZSCALE3' 'Pos8.ZSCALE4'
 'Pos11.ZSCALE5' 'Pos3.ZSCALE4' 'Pos3.ZSCALE2' 'Pos10.ZSCALE4'
 'Pos4.ZSCALE5' 'Pos3.ZSCALE5' 'Pos9.ZSCALE1' 'Pos1.ZSCALE1'
 'Pos4.ZSCALE4' 'Pos2.ZSCALE5' 'Pos9.ZSCALE3' 'Pos5.ZSCALE2'
 'Pos1.ZSCALE2' 'Pos7.ZSCALE2' 'Pos6.ZSCALE2'],length = 51
[2020-05-15 18:10:52,481]: -----------
[2020-05-15 18:10:53,517]: ***confusion matrix***
Predicted   0.0   1.0
Actual               
0.0        1287   178
1.0         339  1126
[2020-05-15 18:10:53,521]: f1 =0.8230 
[2020-05-15 18:10:53,522]: accuarcy = 0.8235 
[2020-05-15 18:10:53,525]: precision =0.8275 
[2020-05-15 18:10:53,529]: recall =0.8235
[2020-05-15 18:10:53,534]: auc = 0.8235
[2020-05-15 18:10:53,824]: -----------
[2020-05-15 18:10:53,825]: The output by the terminal's log has been saved in the /home/heshida/pycharm_tmp2/Logs/202005151808.log.
[2020-05-15 18:10:53,825]: metrics have been saved in the /home/heshida/pycharm_tmp2/Results/m.csv.
[2020-05-15 18:12:00,816]: Scatter charts visualized by t-SNE dataset has been saved in the /home/heshida/pycharm_tmp2/Results/zscale.csv.png.
[2020-05-15 18:12:00,831]: Reduced dimensional dataset has been saved in the /home/heshida/pycharm_tmp2/Results/onehot_out.csv.
[2020-05-15 18:12:00,831]: ---mrmd 2.0 end---
