[2020-05-07 19:07:03,099]: ---mrmd 2.0 start----
[2020-05-07 19:07:04,322]: ANOVA start...
[2020-05-07 19:07:04,324]: ANOVA end.
[2020-05-07 19:07:04,325]: mic start...
[2020-05-07 19:07:14,149]: mic end.
[2020-05-07 19:07:14,149]: mrmd start...
[2020-05-07 19:07:14,163]: mrmd end.
[2020-05-07 19:07:14,163]: mRMR start...
[2020-05-07 19:07:14,353]: mRMR end.
[2020-05-07 19:07:14,353]: lasso start...
[2020-05-07 19:07:14,362]: lasso end.
[2020-05-07 19:07:14,362]: chi2 start...
[2020-05-07 19:07:14,371]: chi2 end.
[2020-05-07 19:07:14,371]: ref start...
[2020-05-07 19:07:14,423]: ref end.
[2020-05-07 19:07:14,425]: rank start ...
[2020-05-07 19:07:14,428]: The final  rank is
[2020-05-07 19:07:14,429]: K : 0.0657
[2020-05-07 19:07:14,429]: T : 0.0634
[2020-05-07 19:07:14,429]: R : 0.0602
[2020-05-07 19:07:14,429]: I : 0.0582
[2020-05-07 19:07:14,429]: Q : 0.0574
[2020-05-07 19:07:14,429]: A : 0.0569
[2020-05-07 19:07:14,429]: E : 0.0557
[2020-05-07 19:07:14,429]: V : 0.0541
[2020-05-07 19:07:14,429]: G : 0.0517
[2020-05-07 19:07:14,429]: Y : 0.0508
[2020-05-07 19:07:14,429]: P : 0.0497
[2020-05-07 19:07:14,429]: S : 0.0474
[2020-05-07 19:07:14,430]: C : 0.0472
[2020-05-07 19:07:14,430]: W : 0.0463
[2020-05-07 19:07:14,430]: N : 0.0440
[2020-05-07 19:07:14,430]: D : 0.0427
[2020-05-07 19:07:14,430]: M : 0.0397
[2020-05-07 19:07:14,430]: L : 0.0384
[2020-05-07 19:07:14,430]: H : 0.0360
[2020-05-07 19:07:14,430]: F : 0.0347
[2020-05-07 19:07:14,430]: feature_rank end
[2020-05-07 19:07:14,448]: Start dimension reduction ...
[2020-05-07 19:07:23,334]: length=1 f1=0.4422 accuarcy=0.4521 precision=0.4432 recall=0.4521 auc=0.5539 
