[2020-07-25 11:08:33,475]: ---mrmd 2.0 start----
[2020-07-25 11:08:33,492]: ANOVA start...
[2020-07-25 11:08:33,503]: ANOVA  end.
[2020-07-25 11:08:33,503]: mic start...
[2020-07-25 11:08:33,553]: mic  end.
[2020-07-25 11:08:33,553]: mrmd start...
[2020-07-25 11:08:33,581]: mrmd end.
[2020-07-25 11:08:33,581]: mRMR start...
[2020-07-25 11:08:33,794]: mRMR end.
[2020-07-25 11:08:33,794]: linear model start...
[2020-07-25 11:08:33,822]: linear model end.
[2020-07-25 11:08:33,822]: chi2 start...
[2020-07-25 11:08:33,831]: chi2 end.
[2020-07-25 11:08:33,831]: tree feature importance start...
[2020-07-25 11:08:34,030]: tree feature importance  end.
[2020-07-25 11:08:34,030]: F_value start...
[2020-07-25 11:08:34,038]: F_value  end.
[2020-07-25 11:08:34,038]: ref start...
[2020-07-25 11:08:37,847]: ref end.
[2020-07-25 11:08:37,861]: The final  rank is
[2020-07-25 11:08:37,861]: S : 0.06173479959876525
[2020-07-25 11:08:37,861]: A : 0.05722541760684625
[2020-07-25 11:08:37,861]: G : 0.054169685162883625
[2020-07-25 11:08:37,861]: K : 0.05395807269562651
[2020-07-25 11:08:37,861]: C : 0.05394693871161556
[2020-07-25 11:08:37,861]: E : 0.053575748597234414
[2020-07-25 11:08:37,861]: L : 0.05352565032536709
[2020-07-25 11:08:37,861]: Q : 0.052370570609922465
[2020-07-25 11:08:37,862]: P : 0.05104644751753979
[2020-07-25 11:08:37,862]: T : 0.05046079482841742
[2020-07-25 11:08:37,862]: I : 0.04952732744400706
[2020-07-25 11:08:37,862]: R : 0.04922079006979495
[2020-07-25 11:08:37,862]: H : 0.0482780544456635
[2020-07-25 11:08:37,862]: W : 0.0477413257838113
[2020-07-25 11:08:37,862]: Y : 0.04714824298025759
[2020-07-25 11:08:37,862]: N : 0.04686575947206623
[2020-07-25 11:08:37,862]: V : 0.0465620232518821
[2020-07-25 11:08:37,862]: M : 0.04427515316229175
[2020-07-25 11:08:37,862]: F : 0.04297842104313909
[2020-07-25 11:08:37,862]: D : 0.03538877669286818
[2020-07-25 11:08:37,877]: Start dimension reduction ...
[2020-07-25 11:08:40,892]: length=1 f1=0.4004 accuarcy=0.3973 precision=0.4351 recall=0.3973 auc=0.5148 
[2020-07-25 11:08:43,908]: length=2 f1=0.4983 accuarcy=0.5068 precision=0.4986 recall=0.5068 auc=0.5943 
[2020-07-25 11:08:47,435]: length=3 f1=0.5188 accuarcy=0.5205 precision=0.5290 recall=0.5205 auc=0.6059 
[2020-07-25 11:08:50,402]: length=4 f1=0.4764 accuarcy=0.4795 precision=0.4791 recall=0.4795 auc=0.5771 
[2020-07-25 11:08:53,757]: length=5 f1=0.4607 accuarcy=0.4658 precision=0.4571 recall=0.4658 auc=0.5684 
[2020-07-25 11:08:56,698]: length=6 f1=0.4824 accuarcy=0.4795 precision=0.4865 recall=0.4795 auc=0.5863 
[2020-07-25 11:09:00,135]: length=7 f1=0.4915 accuarcy=0.4932 precision=0.4936 recall=0.4932 auc=0.5878 
[2020-07-25 11:09:03,236]: length=8 f1=0.4412 accuarcy=0.4384 precision=0.4443 recall=0.4384 auc=0.5564 
[2020-07-25 11:09:06,219]: length=9 f1=0.4143 accuarcy=0.4110 precision=0.4200 recall=0.4110 auc=0.5469 
[2020-07-25 11:09:09,156]: length=10 f1=0.4900 accuarcy=0.4932 precision=0.4897 recall=0.4932 auc=0.5912 
[2020-07-25 11:09:12,207]: length=11 f1=0.5236 accuarcy=0.5342 precision=0.5194 recall=0.5342 auc=0.6188 
[2020-07-25 11:09:15,474]: length=12 f1=0.4590 accuarcy=0.4658 precision=0.4559 recall=0.4658 auc=0.5704 
[2020-07-25 11:09:18,679]: length=13 f1=0.4540 accuarcy=0.4658 precision=0.4501 recall=0.4658 auc=0.5660 
[2020-07-25 11:09:21,971]: length=14 f1=0.4807 accuarcy=0.4932 precision=0.4793 recall=0.4932 auc=0.5819 
[2020-07-25 11:09:25,169]: length=15 f1=0.4258 accuarcy=0.4384 precision=0.4204 recall=0.4384 auc=0.5429 
[2020-07-25 11:09:28,133]: length=16 f1=0.4355 accuarcy=0.4658 precision=0.4214 recall=0.4658 auc=0.5531 
[2020-07-25 11:09:31,718]: length=17 f1=0.4868 accuarcy=0.5068 precision=0.4752 recall=0.5068 auc=0.5935 
[2020-07-25 11:09:34,844]: length=18 f1=0.4218 accuarcy=0.4384 precision=0.4097 recall=0.4384 auc=0.5424 
[2020-07-25 11:09:38,386]: length=19 f1=0.4832 accuarcy=0.5068 precision=0.4846 recall=0.5068 auc=0.5820 
[2020-07-25 11:09:41,402]: length=20 f1=0.4428 accuarcy=0.4658 precision=0.4472 recall=0.4658 auc=0.5494 
[2020-07-25 11:09:41,402]: ----------
[2020-07-25 11:09:41,402]: the max f1 = 0.5236
[2020-07-25 11:09:41,403]: ['S' 'A' 'G' 'K' 'C' 'E' 'L' 'Q' 'P' 'T' 'I'],length = 11
[2020-07-25 11:09:41,403]: -----------
[2020-07-25 11:09:44,392]: ***confusion matrix***
Predicted  0.0  1.0  2.0
Actual                  
0.0          4    1   12
1.0          2   13    6
2.0          6    7   22
[2020-07-25 11:09:44,393]: f1 =0.5236 
[2020-07-25 11:09:44,393]: accuarcy = 0.5342 
[2020-07-25 11:09:44,394]: precision =0.5194 
[2020-07-25 11:09:44,395]: recall =0.5342
[2020-07-25 11:09:44,396]: auc = 0.6188
[2020-07-25 11:09:44,402]: -----------
[2020-07-25 11:09:44,402]: The output by the terminal's log has been saved in the C:\Users\Administer\Desktop\工作\MRMD3.0\Logs\202007251108.log.
[2020-07-25 11:09:44,402]: metrics have been saved in the C:\Users\Administer\Desktop\工作\MRMD3.0\Results\test.metrics.csv.
[2020-07-25 11:09:44,402]: Reduced dimensional dataset has been saved in the C:\Users\Administer\Desktop\工作\MRMD3.0\Results\onehot_out.csv.
[2020-07-25 11:09:44,402]: ---mrmd 2.0 end---
