[2020-05-13 11:01:06,328]: ---mrmd 2.0 start----
[2020-05-13 11:01:07,093]: ANOVA start...
[2020-05-13 11:01:07,110]: ANOVA  end.
[2020-05-13 11:01:07,110]: ANOVA start...
[2020-05-13 11:01:07,243]: ANOVA  end.
[2020-05-13 11:01:07,243]: mrmd start...
[2020-05-13 11:01:07,269]: mrmd end.
[2020-05-13 11:01:07,270]: mRMR start...
[2020-05-13 11:01:07,313]: mRMR end.
[2020-05-13 11:01:07,313]: lasso start...
[2020-05-13 11:01:07,335]: lasso end.
[2020-05-13 11:01:07,335]: chi2 start...
[2020-05-13 11:01:07,352]: chi2 end.
[2020-05-13 11:01:07,353]: ANOVA start...
[2020-05-13 11:01:07,366]: ANOVA  end.
[2020-05-13 11:01:07,366]: ref start...
[2020-05-13 11:01:15,740]: ref end.
[2020-05-13 11:01:15,767]: The final  rank is
[2020-05-13 11:01:15,768]: K : 0.06443383256792193
[2020-05-13 11:01:15,768]: C : 0.06296924857209127
[2020-05-13 11:01:15,768]: Q : 0.0584331184704919
[2020-05-13 11:01:15,768]: R : 0.058309567743694155
[2020-05-13 11:01:15,768]: T : 0.05736820094255137
[2020-05-13 11:01:15,768]: E : 0.055738778552276554
[2020-05-13 11:01:15,768]: P : 0.055716553476250895
[2020-05-13 11:01:15,768]: A : 0.054695055811130745
[2020-05-13 11:01:15,768]: H : 0.054438428362576605
[2020-05-13 11:01:15,768]: G : 0.054053569804372294
[2020-05-13 11:01:15,768]: W : 0.0540283377980304
[2020-05-13 11:01:15,768]: Y : 0.05093496328862461
[2020-05-13 11:01:15,768]: I : 0.04844620108218868
[2020-05-13 11:01:15,769]: S : 0.04828011327132782
[2020-05-13 11:01:15,769]: V : 0.046287305049004204
[2020-05-13 11:01:15,769]: L : 0.045409374005775174
[2020-05-13 11:01:15,769]: N : 0.041397071246842054
[2020-05-13 11:01:15,769]: M : 0.03370671718495359
[2020-05-13 11:01:15,769]: F : 0.028322452589061062
[2020-05-13 11:01:15,769]: D : 0.027031110180834504
[2020-05-13 11:01:15,786]: Start dimension reduction ...
[2020-05-13 11:01:19,204]: length=1 f1=0.4422 accuarcy=0.4521 precision=0.4432 recall=0.4521 auc=0.5539 
[2020-05-13 11:01:20,001]: length=2 f1=0.3717 accuarcy=0.3699 precision=0.3736 recall=0.3699 auc=0.5058 
[2020-05-13 11:01:20,780]: length=3 f1=0.4611 accuarcy=0.4658 precision=0.4572 recall=0.4658 auc=0.5716 
[2020-05-13 11:01:21,564]: length=4 f1=0.5370 accuarcy=0.5342 precision=0.5418 recall=0.5342 auc=0.6414 
[2020-05-13 11:01:21,860]: length=5 f1=0.4601 accuarcy=0.4658 precision=0.4564 recall=0.4658 auc=0.5762 
[2020-05-13 11:01:22,154]: length=6 f1=0.4084 accuarcy=0.4110 precision=0.4065 recall=0.4110 auc=0.5309 
[2020-05-13 11:01:22,447]: length=7 f1=0.4470 accuarcy=0.4521 precision=0.4436 recall=0.4521 auc=0.5639 
[2020-05-13 11:01:22,740]: length=8 f1=0.4669 accuarcy=0.4658 precision=0.4689 recall=0.4658 auc=0.5898 
[2020-05-13 11:01:23,036]: length=9 f1=0.4753 accuarcy=0.4795 precision=0.4732 recall=0.4795 auc=0.5858 
[2020-05-13 11:01:23,332]: length=10 f1=0.4077 accuarcy=0.4110 precision=0.4053 recall=0.4110 auc=0.5388 
[2020-05-13 11:01:23,631]: length=11 f1=0.4248 accuarcy=0.4247 precision=0.4266 recall=0.4247 auc=0.5544 
[2020-05-13 11:01:23,926]: length=12 f1=0.4533 accuarcy=0.4521 precision=0.4560 recall=0.4521 auc=0.5785 
[2020-05-13 11:01:24,223]: length=13 f1=0.4571 accuarcy=0.4658 precision=0.4542 recall=0.4658 auc=0.5644 
[2020-05-13 11:01:24,519]: length=14 f1=0.4395 accuarcy=0.4521 precision=0.4416 recall=0.4521 auc=0.5465 
[2020-05-13 11:01:24,814]: length=15 f1=0.5278 accuarcy=0.5342 precision=0.5341 recall=0.5342 auc=0.6169 
[2020-05-13 11:01:25,110]: length=16 f1=0.4538 accuarcy=0.4658 precision=0.4488 recall=0.4658 auc=0.5614 
[2020-05-13 11:01:25,407]: length=17 f1=0.4432 accuarcy=0.4658 precision=0.4261 recall=0.4658 auc=0.5637 
[2020-05-13 11:01:25,704]: length=18 f1=0.5004 accuarcy=0.5342 precision=0.5133 recall=0.5342 auc=0.6028 
[2020-05-13 11:01:26,000]: length=19 f1=0.4660 accuarcy=0.4932 precision=0.4677 recall=0.4932 auc=0.5706 
[2020-05-13 11:01:26,300]: length=20 f1=0.4527 accuarcy=0.4932 precision=0.4688 recall=0.4932 auc=0.5545 
[2020-05-13 11:01:26,300]: ----------
[2020-05-13 11:01:26,301]: the max f1 = 0.5370
[2020-05-13 11:01:26,301]: ['K' 'C' 'Q' 'R'],length = 4
[2020-05-13 11:01:26,301]: -----------
[2020-05-13 11:01:26,585]: ***confusion matrix***
[2020-05-13 11:01:26,585]:                pos_class      neg_class      
[2020-05-13 11:01:26,585]: pos_class      TP:12             FN:2              
[2020-05-13 11:01:26,585]: neg_class      FP:2              TN:8              
[2020-05-13 11:01:26,587]: f1 =0.5370 
[2020-05-13 11:01:26,588]: accuarcy = 0.5342 
[2020-05-13 11:01:26,590]: precision =0.5418 
[2020-05-13 11:01:26,591]: recall =0.5342
[2020-05-13 11:01:26,596]: auc = 0.6414
[2020-05-13 11:01:26,606]: -----------
[2020-05-13 11:01:26,606]: The output by the terminal's log has been saved in the /home/heshida/pycharm_tmp2/Logs/202005131101.log.
[2020-05-13 11:01:26,606]: metrics have been saved in the /home/heshida/pycharm_tmp2/Results/m.csv.
[2020-05-13 11:01:27,751]: Scatter charts visualized by t-SNE dataset has been saved in the /home/heshida/pycharm_tmp2/Results/test.csv.png.
[2020-05-13 11:01:27,751]: Reduced dimensional dataset has been saved in the /home/heshida/pycharm_tmp2/Results/out.csv.
[2020-05-13 11:01:27,751]: ---mrmd 2.0 end---
