[2020-05-13 17:50:45,011]: ---mrmd 2.0 start----
[2020-05-13 17:50:45,797]: ANOVA start...
[2020-05-13 17:50:45,815]: ANOVA  end.
[2020-05-13 17:50:45,815]: ANOVA start...
[2020-05-13 17:50:45,965]: ANOVA  end.
[2020-05-13 17:50:45,965]: mrmd start...
[2020-05-13 17:50:45,992]: mrmd end.
[2020-05-13 17:50:45,992]: mRMR start...
[2020-05-13 17:50:46,038]: mRMR end.
[2020-05-13 17:50:46,039]: lasso start...
[2020-05-13 17:50:46,064]: lasso end.
[2020-05-13 17:50:46,065]: chi2 start...
[2020-05-13 17:50:46,099]: chi2 end.
[2020-05-13 17:50:46,099]: ANOVA start...
[2020-05-13 17:50:46,133]: ANOVA  end.
[2020-05-13 17:50:46,133]: ref start...
[2020-05-13 17:51:01,597]: ref end.
[2020-05-13 17:51:01,735]: The final  rank is
[2020-05-13 17:51:01,737]: Q : 0.06356895315161015
[2020-05-13 17:51:01,737]: T : 0.061981182423654614
[2020-05-13 17:51:01,738]: G : 0.059831713325885695
[2020-05-13 17:51:01,739]: C : 0.05890412987241946
[2020-05-13 17:51:01,740]: V : 0.05785738526394165
[2020-05-13 17:51:01,741]: W : 0.05706010251286167
[2020-05-13 17:51:01,741]: A : 0.055033156214809094
[2020-05-13 17:51:01,742]: R : 0.05379284425730324
[2020-05-13 17:51:01,742]: P : 0.053549661235284124
[2020-05-13 17:51:01,743]: E : 0.05354746891929243
[2020-05-13 17:51:01,743]: S : 0.051494840286103294
[2020-05-13 17:51:01,744]: I : 0.05023132903474295
[2020-05-13 17:51:01,745]: K : 0.04971130384238413
[2020-05-13 17:51:01,745]: H : 0.04781659835954139
[2020-05-13 17:51:01,746]: Y : 0.04583193161482721
[2020-05-13 17:51:01,746]: M : 0.04112115361456239
[2020-05-13 17:51:01,747]: N : 0.037603122168612474
[2020-05-13 17:51:01,748]: F : 0.035957647385623445
[2020-05-13 17:51:01,749]: L : 0.03284861456337517
[2020-05-13 17:51:01,749]: D : 0.03225686195316544
[2020-05-13 17:51:01,880]: Start dimension reduction ...
[2020-05-13 17:51:07,435]: length=1 f1=0.3174 accuarcy=0.3562 precision=0.2906 recall=0.3562 auc=0.4605 
[2020-05-13 17:51:10,886]: length=2 f1=0.3833 accuarcy=0.3836 precision=0.3905 recall=0.3836 auc=0.5371 
[2020-05-13 17:51:12,487]: length=3 f1=0.3748 accuarcy=0.3699 precision=0.3857 recall=0.3699 auc=0.5094 
[2020-05-13 17:51:12,918]: length=4 f1=0.3884 accuarcy=0.3836 precision=0.3967 recall=0.3836 auc=0.5307 
[2020-05-13 17:51:14,041]: length=5 f1=0.4896 accuarcy=0.4932 precision=0.4895 recall=0.4932 auc=0.5942 
[2020-05-13 17:51:15,522]: length=6 f1=0.3977 accuarcy=0.3973 precision=0.3983 recall=0.3973 auc=0.5350 
[2020-05-13 17:51:16,441]: length=7 f1=0.4631 accuarcy=0.4658 precision=0.4612 recall=0.4658 auc=0.5781 
[2020-05-13 17:51:17,345]: length=8 f1=0.4390 accuarcy=0.4384 precision=0.4412 recall=0.4384 auc=0.5576 
[2020-05-13 17:51:18,340]: length=9 f1=0.4511 accuarcy=0.4521 precision=0.4528 recall=0.4521 auc=0.5637 
[2020-05-13 17:51:19,019]: length=10 f1=0.5344 accuarcy=0.5342 precision=0.5353 recall=0.5342 auc=0.6396 
[2020-05-13 17:51:19,605]: length=11 f1=0.4490 accuarcy=0.4521 precision=0.4474 recall=0.4521 auc=0.5629 
[2020-05-13 17:51:20,769]: length=12 f1=0.3682 accuarcy=0.3699 precision=0.3702 recall=0.3699 auc=0.4981 
[2020-05-13 17:51:21,746]: length=13 f1=0.4543 accuarcy=0.4521 precision=0.4688 recall=0.4521 auc=0.5578 
[2020-05-13 17:51:22,771]: length=14 f1=0.5055 accuarcy=0.5205 precision=0.5402 recall=0.5205 auc=0.5896 
[2020-05-13 17:51:23,348]: length=15 f1=0.5034 accuarcy=0.5068 precision=0.5046 recall=0.5068 auc=0.6026 
[2020-05-13 17:51:24,345]: length=16 f1=0.4745 accuarcy=0.4795 precision=0.4808 recall=0.4795 auc=0.5749 
[2020-05-13 17:51:25,266]: length=17 f1=0.4766 accuarcy=0.4932 precision=0.4789 recall=0.4932 auc=0.5745 
[2020-05-13 17:51:26,536]: length=18 f1=0.4995 accuarcy=0.5068 precision=0.5112 recall=0.5068 auc=0.5922 
[2020-05-13 17:51:27,356]: length=19 f1=0.4628 accuarcy=0.4795 precision=0.4688 recall=0.4795 auc=0.5622 
[2020-05-13 17:51:27,812]: length=20 f1=0.4675 accuarcy=0.4932 precision=0.4951 recall=0.4932 auc=0.5677 
[2020-05-13 17:51:27,812]: ----------
[2020-05-13 17:51:27,812]: the max f1 = 0.5344
[2020-05-13 17:51:27,813]: ['Q' 'T' 'G' 'C' 'V' 'W' 'A' 'R' 'P' 'E'],length = 10
[2020-05-13 17:51:27,813]: -----------
[2020-05-13 17:51:28,653]: ***confusion matrix***
[2020-05-13 17:51:28,723]: Predicted  0.0  1.0  2.0
Actual                  
0.0          6    0   11
1.0          2   15    4
2.0         10    7   18
[2020-05-13 17:51:28,816]: f1 =0.5344 
[2020-05-13 17:51:28,816]: accuarcy = 0.5342 
[2020-05-13 17:51:28,818]: precision =0.5353 
[2020-05-13 17:51:28,824]: recall =0.5342
[2020-05-13 17:51:28,830]: auc = 0.6396
[2020-05-13 17:51:28,856]: -----------
[2020-05-13 17:51:28,857]: The output by the terminal's log has been saved in the /home/heshida/pycharm_tmp2/Logs/202005131750.log.
[2020-05-13 17:51:28,857]: metrics have been saved in the /home/heshida/pycharm_tmp2/Results/m.csv.
[2020-05-13 17:51:31,686]: Scatter charts visualized by t-SNE dataset has been saved in the /home/heshida/pycharm_tmp2/Results/test.csv.png.
[2020-05-13 17:51:31,686]: Reduced dimensional dataset has been saved in the /home/heshida/pycharm_tmp2/Results/out.csv.
[2020-05-13 17:51:31,686]: ---mrmd 2.0 end---
