[2020-05-15 19:31:59,400]: ---mrmd 2.0 start----
[2020-05-15 19:32:58,779]: ANOVA start...
[2020-05-15 19:32:58,981]: ANOVA  end.
[2020-05-15 19:32:58,981]: mic start...
[2020-05-15 19:33:01,238]: mic  end.
[2020-05-15 19:33:01,238]: mrmd start...
[2020-05-15 19:33:01,926]: mrmd end.
[2020-05-15 19:33:01,926]: mRMR start...
[2020-05-15 19:33:03,898]: mRMR end.
[2020-05-15 19:33:03,898]: linear model start...
[2020-05-15 19:33:04,260]: linear model end.
[2020-05-15 19:33:04,263]: chi2 start...
[2020-05-15 19:33:04,477]: chi2 end.
[2020-05-15 19:33:04,477]: tree feature importance start...
[2020-05-15 19:33:06,002]: tree feature importance  end.
[2020-05-15 19:33:06,002]: F_value start...
[2020-05-15 19:33:06,200]: F_value  end.
[2020-05-15 19:33:06,200]: ref start...
[2020-05-15 19:34:03,377]: ref end.
[2020-05-15 19:34:03,634]: The final  rank is
[2020-05-15 19:34:03,634]: Pos10.ZSCALE5 : 0.02455275483815535
[2020-05-15 19:34:03,634]: Pos9.ZSCALE5 : 0.02379265197097127
[2020-05-15 19:34:03,634]: Pos11.ZSCALE5 : 0.02262406540951458
[2020-05-15 19:34:03,635]: Pos11.ZSCALE4 : 0.02251417412247418
[2020-05-15 19:34:03,635]: Pos2.ZSCALE3 : 0.02234646663133554
[2020-05-15 19:34:03,635]: Pos9.ZSCALE2 : 0.022312711678502566
[2020-05-15 19:34:03,635]: Pos3.ZSCALE2 : 0.022247705158139973
[2020-05-15 19:34:03,635]: Pos3.ZSCALE1 : 0.022194476981468536
[2020-05-15 19:34:03,635]: Pos8.ZSCALE5 : 0.02199387543694814
[2020-05-15 19:34:03,635]: Pos11.ZSCALE1 : 0.02197063670093973
[2020-05-15 19:34:03,635]: Pos5.ZSCALE5 : 0.02196862815438157
[2020-05-15 19:34:03,635]: Pos1.ZSCALE4 : 0.021790006613030478
[2020-05-15 19:34:03,636]: Pos4.ZSCALE3 : 0.021707051696978615
[2020-05-15 19:34:03,636]: Pos8.ZSCALE1 : 0.021563555285219
[2020-05-15 19:34:03,636]: Pos9.ZSCALE4 : 0.021495350087565906
[2020-05-15 19:34:03,636]: Pos10.ZSCALE1 : 0.021463785216818725
[2020-05-15 19:34:03,636]: Pos11.ZSCALE2 : 0.02125604754770235
[2020-05-15 19:34:03,636]: Pos8.ZSCALE3 : 0.02123458059672153
[2020-05-15 19:34:03,636]: Pos11.ZSCALE3 : 0.021214116520469343
[2020-05-15 19:34:03,636]: Pos7.ZSCALE1 : 0.021213812514035306
[2020-05-15 19:34:03,637]: Pos2.ZSCALE1 : 0.02117107300748878
[2020-05-15 19:34:03,637]: Pos5.ZSCALE4 : 0.021081434280617626
[2020-05-15 19:34:03,637]: Pos2.ZSCALE4 : 0.02101749328487584
[2020-05-15 19:34:03,637]: Pos7.ZSCALE5 : 0.020935332991449236
[2020-05-15 19:34:03,637]: Pos3.ZSCALE5 : 0.020866340173839783
[2020-05-15 19:34:03,637]: Pos5.ZSCALE3 : 0.02069762588738125
[2020-05-15 19:34:03,637]: Pos2.ZSCALE2 : 0.020276485570861674
[2020-05-15 19:34:03,637]: Pos1.ZSCALE5 : 0.0201929185786215
[2020-05-15 19:34:03,637]: Pos5.ZSCALE1 : 0.019951278183111567
[2020-05-15 19:34:03,638]: Pos10.ZSCALE3 : 0.019868491179858408
[2020-05-15 19:34:03,638]: Pos1.ZSCALE3 : 0.01911565001780035
[2020-05-15 19:34:03,638]: Pos10.ZSCALE2 : 0.01905563461652744
[2020-05-15 19:34:03,638]: Pos10.ZSCALE4 : 0.01878146515368972
[2020-05-15 19:34:03,638]: Pos7.ZSCALE4 : 0.018699180178608464
[2020-05-15 19:34:03,638]: Pos8.ZSCALE2 : 0.018679737090637447
[2020-05-15 19:34:03,638]: Pos7.ZSCALE3 : 0.0185587849386952
[2020-05-15 19:34:03,638]: Pos4.ZSCALE2 : 0.018336601015399693
[2020-05-15 19:34:03,638]: Pos3.ZSCALE3 : 0.018288096256076
[2020-05-15 19:34:03,639]: Pos9.ZSCALE1 : 0.018282447349133424
[2020-05-15 19:34:03,639]: Pos4.ZSCALE1 : 0.018256652787578334
[2020-05-15 19:34:03,639]: Pos4.ZSCALE4 : 0.01796786557941517
[2020-05-15 19:34:03,639]: Pos1.ZSCALE1 : 0.01720120946328084
[2020-05-15 19:34:03,639]: Pos8.ZSCALE4 : 0.017142166629717105
[2020-05-15 19:34:03,639]: Pos1.ZSCALE2 : 0.016778047256697574
[2020-05-15 19:34:03,639]: Pos9.ZSCALE3 : 0.016135132631056474
[2020-05-15 19:34:03,639]: Pos4.ZSCALE5 : 0.015869894072730983
[2020-05-15 19:34:03,639]: Pos3.ZSCALE4 : 0.014888660447163542
[2020-05-15 19:34:03,640]: Pos7.ZSCALE2 : 0.014647916217610323
[2020-05-15 19:34:03,640]: Pos2.ZSCALE5 : 0.013987105334272375
[2020-05-15 19:34:03,640]: Pos5.ZSCALE2 : 0.013568812744785354
[2020-05-15 19:34:03,640]: Pos6.ZSCALE2 : 0.008244013919645774
[2020-05-15 19:34:04,027]: Start dimension reduction ...
