[2020-05-09 18:02:32,397]: ---mrmd 2.0 start----
[2020-05-09 18:02:33,143]: ANOVA start...
[2020-05-09 18:02:33,145]: ANOVA end.
[2020-05-09 18:02:33,145]: mic start...
[2020-05-09 18:02:33,357]: mic end.
[2020-05-09 18:02:33,357]: mrmd start...
[2020-05-09 18:02:33,383]: mrmd end.
[2020-05-09 18:02:33,384]: mRMR start...
[2020-05-09 18:02:33,422]: mRMR end.
[2020-05-09 18:02:33,422]: lasso start...
[2020-05-09 18:02:33,439]: lasso end.
[2020-05-09 18:02:33,440]: chi2 start...
[2020-05-09 18:02:33,455]: chi2 end.
[2020-05-09 18:02:33,456]: ref start...
[2020-05-09 18:02:33,528]: ref end.
[2020-05-09 18:02:33,572]: The final  rank is
[2020-05-09 18:02:33,572]: N : 8.896277669344935e-07
[2020-05-09 18:02:33,572]: Q : 8.774553542430362e-07
[2020-05-09 18:02:33,572]: G : 8.400279374753388e-07
[2020-05-09 18:02:33,572]: Y : 8.004841766973889e-07
[2020-05-09 18:02:33,573]: E : 7.983883400804845e-07
[2020-05-09 18:02:33,573]: W : 7.865116254288492e-07
[2020-05-09 18:02:33,573]: V : 7.796212290844912e-07
[2020-05-09 18:02:33,573]: A : 7.325046505030269e-07
[2020-05-09 18:02:33,573]: I : 7.169448524361264e-07
[2020-05-09 18:02:33,573]: K : 7.037451739424396e-07
[2020-05-09 18:02:33,573]: F : 6.852660036115918e-07
[2020-05-09 18:02:33,573]: H : 6.83744794602374e-07
[2020-05-09 18:02:33,573]: C : 6.799460892622544e-07
[2020-05-09 18:02:33,574]: M : 6.759813485002972e-07
[2020-05-09 18:02:33,574]: S : 6.718748758347174e-07
[2020-05-09 18:02:33,574]: P : 6.709083860144994e-07
[2020-05-09 18:02:33,574]: T : 6.695721487011348e-07
[2020-05-09 18:02:33,574]: D : 6.348931860200025e-07
[2020-05-09 18:02:33,574]: L : 6.010831992441259e-07
[2020-05-09 18:02:33,574]: R : 5.718097860205398e-07
[2020-05-09 18:02:33,596]: Start dimension reduction ...
[2020-05-09 18:02:37,073]: length=1 f1=0.4142 accuarcy=0.4384 precision=0.4053 recall=0.4384 auc=0.5295 
[2020-05-09 18:02:37,875]: length=2 f1=0.3985 accuarcy=0.4110 precision=0.3914 recall=0.4110 auc=0.5181 
[2020-05-09 18:02:38,668]: length=3 f1=0.4918 accuarcy=0.4932 precision=0.4906 recall=0.4932 auc=0.6006 
[2020-05-09 18:02:38,988]: length=4 f1=0.5131 accuarcy=0.5205 precision=0.5097 recall=0.5205 auc=0.6191 
[2020-05-09 18:02:39,281]: length=5 f1=0.4596 accuarcy=0.4658 precision=0.4562 recall=0.4658 auc=0.5687 
[2020-05-09 18:02:39,577]: length=6 f1=0.4867 accuarcy=0.4932 precision=0.4934 recall=0.4932 auc=0.5819 
[2020-05-09 18:02:39,872]: length=7 f1=0.4157 accuarcy=0.4384 precision=0.4169 recall=0.4384 auc=0.5307 
[2020-05-09 18:02:40,170]: length=8 f1=0.5033 accuarcy=0.5205 precision=0.5044 recall=0.5205 auc=0.5941 
[2020-05-09 18:02:40,462]: length=9 f1=0.4246 accuarcy=0.4384 precision=0.4305 recall=0.4384 auc=0.5340 
[2020-05-09 18:02:40,754]: length=10 f1=0.4409 accuarcy=0.4658 precision=0.4353 recall=0.4658 auc=0.5500 
[2020-05-09 18:02:41,052]: length=11 f1=0.4409 accuarcy=0.4521 precision=0.4373 recall=0.4521 auc=0.5501 
[2020-05-09 18:02:41,352]: length=12 f1=0.4011 accuarcy=0.4110 precision=0.4013 recall=0.4110 auc=0.5209 
[2020-05-09 18:02:41,716]: length=13 f1=0.3992 accuarcy=0.4110 precision=0.3916 recall=0.4110 auc=0.5232 
[2020-05-09 18:02:42,012]: length=14 f1=0.4347 accuarcy=0.4521 precision=0.4367 recall=0.4521 auc=0.5430 
[2020-05-09 18:02:42,314]: length=15 f1=0.3938 accuarcy=0.4247 precision=0.4007 recall=0.4247 auc=0.5107 
[2020-05-09 18:02:42,613]: length=16 f1=0.4401 accuarcy=0.4521 precision=0.4349 recall=0.4521 auc=0.5592 
[2020-05-09 18:02:42,909]: length=17 f1=0.3765 accuarcy=0.3836 precision=0.3790 recall=0.3836 auc=0.5026 
[2020-05-09 18:02:43,209]: length=18 f1=0.4657 accuarcy=0.4795 precision=0.4748 recall=0.4795 auc=0.5666 
[2020-05-09 18:02:43,508]: length=19 f1=0.3640 accuarcy=0.3836 precision=0.3617 recall=0.3836 auc=0.4911 
[2020-05-09 18:02:43,815]: length=20 f1=0.4258 accuarcy=0.4521 precision=0.4301 recall=0.4521 auc=0.5380 
[2020-05-09 18:02:43,815]: ----------
[2020-05-09 18:02:43,815]: the max f1 = 0.5131
[2020-05-09 18:02:43,815]: ['N' 'Q' 'G' 'Y'],length = 4
[2020-05-09 18:02:43,816]: -----------
[2020-05-09 18:02:44,104]: ***confusion matrix***
[2020-05-09 18:02:44,104]:                pos_class      neg_class      
[2020-05-09 18:02:44,104]: pos_class      TP:14             FN:1              
[2020-05-09 18:02:44,104]: neg_class      FP:5              TN:4              
[2020-05-09 18:02:44,106]: f1 =0.5131 
[2020-05-09 18:02:44,107]: accuarcy = 0.5205 
[2020-05-09 18:02:44,109]: precision =0.5097 
[2020-05-09 18:02:44,110]: recall =0.5205
[2020-05-09 18:02:44,115]: auc = 0.6191
[2020-05-09 18:02:44,120]: -----------
[2020-05-09 18:02:44,121]: The output by the terminal's log has been saved in the /home/heshida/pycharm_tmp2/Logs/202005091802.log.
[2020-05-09 18:02:44,121]: metrics have been saved in the /home/heshida/pycharm_tmp2/Results/b.csv.
[2020-05-09 18:02:45,244]: Scatter charts visualized by t-SNE dataset has been saved in the /home/heshida/pycharm_tmp2/Results/test.csv.png.
[2020-05-09 18:02:45,244]: Reduced dimensional dataset has been saved in the /home/heshida/pycharm_tmp2/Results/a.csv.
[2020-05-09 18:02:45,244]: ---mrmd 2.0 end---
