[2020-05-13 17:55:50,845]: ---mrmd 2.0 start----
[2020-05-13 17:55:52,642]: ANOVA start...
[2020-05-13 17:55:52,715]: ANOVA  end.
[2020-05-13 17:55:52,715]: ANOVA start...
[2020-05-13 17:55:53,138]: ANOVA  end.
[2020-05-13 17:55:53,138]: mrmd start...
[2020-05-13 17:55:53,165]: mrmd end.
[2020-05-13 17:55:53,165]: mRMR start...
[2020-05-13 17:55:53,211]: mRMR end.
[2020-05-13 17:55:53,211]: lasso start...
[2020-05-13 17:55:53,236]: lasso end.
[2020-05-13 17:55:53,236]: chi2 start...
[2020-05-13 17:55:53,254]: chi2 end.
[2020-05-13 17:55:53,254]: ANOVA start...
[2020-05-13 17:55:53,267]: ANOVA  end.
[2020-05-13 17:55:53,268]: ref start...
[2020-05-13 17:56:11,001]: ref end.
[2020-05-13 17:56:11,031]: The final  rank is
[2020-05-13 17:56:11,032]: C : 0.06522238848408952
[2020-05-13 17:56:11,032]: K : 0.05948799458179365
[2020-05-13 17:56:11,032]: T : 0.05837601708496909
[2020-05-13 17:56:11,032]: V : 0.05821449069732676
[2020-05-13 17:56:11,032]: P : 0.057731072661661643
[2020-05-13 17:56:11,033]: W : 0.05689348727309503
[2020-05-13 17:56:11,033]: Y : 0.05591148672138449
[2020-05-13 17:56:11,033]: Q : 0.055806056215794264
[2020-05-13 17:56:11,033]: G : 0.054045893674213724
[2020-05-13 17:56:11,033]: R : 0.05255164630615385
[2020-05-13 17:56:11,034]: E : 0.05229720562488365
[2020-05-13 17:56:11,034]: A : 0.051925775121664436
[2020-05-13 17:56:11,034]: S : 0.0504384597473645
[2020-05-13 17:56:11,034]: I : 0.044988541370965376
[2020-05-13 17:56:11,034]: L : 0.04386281612719956
[2020-05-13 17:56:11,035]: H : 0.04085753524097218
[2020-05-13 17:56:11,035]: M : 0.038959564466410766
[2020-05-13 17:56:11,035]: N : 0.03672036157136937
[2020-05-13 17:56:11,035]: F : 0.03506825265976051
[2020-05-13 17:56:11,035]: D : 0.030640954368927446
[2020-05-13 17:56:11,060]: Start dimension reduction ...
[2020-05-13 17:56:17,505]: length=1 f1=0.4780 accuarcy=0.5205 precision=0.4976 recall=0.5205 auc=0.5731 
[2020-05-13 17:56:19,736]: length=2 f1=0.3577 accuarcy=0.3562 precision=0.3594 recall=0.3562 auc=0.4935 
[2020-05-13 17:56:22,378]: length=3 f1=0.4745 accuarcy=0.4795 precision=0.4713 recall=0.4795 auc=0.5814 
[2020-05-13 17:56:23,074]: length=4 f1=0.4112 accuarcy=0.4110 precision=0.4117 recall=0.4110 auc=0.5385 
[2020-05-13 17:56:23,791]: length=5 f1=0.4636 accuarcy=0.4658 precision=0.4633 recall=0.4658 auc=0.5804 
[2020-05-13 17:56:24,769]: length=6 f1=0.4741 accuarcy=0.4795 precision=0.4727 recall=0.4795 auc=0.5824 
[2020-05-13 17:56:26,142]: length=7 f1=0.4850 accuarcy=0.4932 precision=0.4816 recall=0.4932 auc=0.5876 
[2020-05-13 17:56:26,810]: length=8 f1=0.5071 accuarcy=0.5205 precision=0.5073 recall=0.5205 auc=0.6060 
[2020-05-13 17:56:27,463]: length=9 f1=0.4503 accuarcy=0.4521 precision=0.4489 recall=0.4521 auc=0.5723 
[2020-05-13 17:56:28,484]: length=10 f1=0.4770 accuarcy=0.4795 precision=0.4756 recall=0.4795 auc=0.5974 
[2020-05-13 17:56:29,832]: length=11 f1=0.4560 accuarcy=0.4658 precision=0.4491 recall=0.4658 auc=0.5751 
[2020-05-13 17:56:30,892]: length=12 f1=0.5015 accuarcy=0.5068 precision=0.4980 recall=0.5068 auc=0.6053 
[2020-05-13 17:56:31,854]: length=13 f1=0.4978 accuarcy=0.5068 precision=0.4943 recall=0.5068 auc=0.6036 
[2020-05-13 17:56:32,688]: length=14 f1=0.5143 accuarcy=0.5205 precision=0.5128 recall=0.5205 auc=0.6118 
[2020-05-13 17:56:33,565]: length=15 f1=0.4866 accuarcy=0.5068 precision=0.4758 recall=0.5068 auc=0.5904 
[2020-05-13 17:56:34,544]: length=16 f1=0.4383 accuarcy=0.4521 precision=0.4318 recall=0.4521 auc=0.5520 
[2020-05-13 17:56:35,701]: length=17 f1=0.4864 accuarcy=0.4932 precision=0.4833 recall=0.4932 auc=0.5927 
[2020-05-13 17:56:36,754]: length=18 f1=0.4393 accuarcy=0.4658 precision=0.4350 recall=0.4658 auc=0.5478 
[2020-05-13 17:56:37,452]: length=19 f1=0.4610 accuarcy=0.4932 precision=0.4496 recall=0.4932 auc=0.5690 
[2020-05-13 17:56:38,339]: length=20 f1=0.4129 accuarcy=0.4247 precision=0.4203 recall=0.4247 auc=0.5265 
[2020-05-13 17:56:38,339]: ----------
[2020-05-13 17:56:38,340]: the max f1 = 0.5143
[2020-05-13 17:56:38,340]: ['C' 'K' 'T' 'V' 'P' 'W' 'Y' 'Q' 'G' 'R' 'E' 'A' 'S' 'I'],length = 14
[2020-05-13 17:56:38,341]: -----------
[2020-05-13 17:56:39,423]: ***confusion matrix***
Predicted  0.0  1.0  2.0
Actual                  
0.0          4    0   13
1.0          0   14    7
2.0          9    6   20
[2020-05-13 17:56:39,425]: f1 =0.5143 
[2020-05-13 17:56:39,426]: accuarcy = 0.5205 
[2020-05-13 17:56:39,428]: precision =0.5128 
[2020-05-13 17:56:39,430]: recall =0.5205
[2020-05-13 17:56:39,435]: auc = 0.6118
[2020-05-13 17:56:39,444]: -----------
[2020-05-13 17:56:39,444]: The output by the terminal's log has been saved in the /home/heshida/pycharm_tmp2/Logs/202005131755.log.
[2020-05-13 17:56:39,445]: metrics have been saved in the /home/heshida/pycharm_tmp2/Results/m.csv.
[2020-05-13 17:56:42,484]: Scatter charts visualized by t-SNE dataset has been saved in the /home/heshida/pycharm_tmp2/Results/test.csv.png.
[2020-05-13 17:56:42,484]: Reduced dimensional dataset has been saved in the /home/heshida/pycharm_tmp2/Results/out.csv.
[2020-05-13 17:56:42,490]: ---mrmd 2.0 end---
