[2020-05-07 18:33:47,366]: ---mrmd 2.0 start----
[2020-05-07 18:33:48,144]: ANOVA start...
[2020-05-07 18:33:48,147]: ANOVA end.
[2020-05-07 18:33:48,147]: mic start...
[2020-05-07 18:33:48,352]: mic end.
[2020-05-07 18:33:48,353]: mrmd start...
[2020-05-07 18:33:48,380]: mrmd end.
[2020-05-07 18:33:48,380]: mRMR start...
[2020-05-07 18:33:48,417]: mRMR end.
[2020-05-07 18:33:48,418]: lasso start...
[2020-05-07 18:33:48,439]: lasso end.
[2020-05-07 18:33:48,439]: chi2 start...
[2020-05-07 18:33:48,455]: chi2 end.
[2020-05-07 18:33:48,455]: ref start...
[2020-05-07 18:33:48,530]: ref end.
[2020-05-07 18:33:48,532]: rank start ...
[2020-05-07 18:33:48,534]: The final  rank is
[2020-05-07 18:33:48,535]: K : 0.0657
[2020-05-07 18:33:48,535]: T : 0.0634
[2020-05-07 18:33:48,535]: R : 0.0602
[2020-05-07 18:33:48,535]: I : 0.0582
[2020-05-07 18:33:48,535]: Q : 0.0574
[2020-05-07 18:33:48,535]: A : 0.0569
[2020-05-07 18:33:48,535]: E : 0.0557
[2020-05-07 18:33:48,536]: V : 0.0541
[2020-05-07 18:33:48,536]: G : 0.0517
[2020-05-07 18:33:48,536]: Y : 0.0508
[2020-05-07 18:33:48,536]: P : 0.0497
[2020-05-07 18:33:48,536]: S : 0.0474
[2020-05-07 18:33:48,536]: C : 0.0472
[2020-05-07 18:33:48,536]: W : 0.0463
[2020-05-07 18:33:48,536]: N : 0.0440
[2020-05-07 18:33:48,536]: D : 0.0427
[2020-05-07 18:33:48,537]: M : 0.0397
[2020-05-07 18:33:48,537]: L : 0.0384
[2020-05-07 18:33:48,537]: H : 0.0360
[2020-05-07 18:33:48,537]: F : 0.0347
[2020-05-07 18:33:48,537]: feature_rank end
[2020-05-07 18:33:48,559]: Start dimension reduction ...
