[2020-05-09 10:32:16,008]: ---mrmd 2.0 start----
[2020-05-09 10:32:16,769]: ANOVA start...
[2020-05-09 10:32:16,772]: ANOVA end.
[2020-05-09 10:32:16,772]: mic start...
[2020-05-09 10:32:16,983]: mic end.
[2020-05-09 10:32:16,983]: mrmd start...
[2020-05-09 10:32:17,010]: mrmd end.
[2020-05-09 10:32:17,011]: mRMR start...
[2020-05-09 10:32:17,048]: mRMR end.
[2020-05-09 10:32:17,049]: lasso start...
[2020-05-09 10:32:17,066]: lasso end.
[2020-05-09 10:32:17,066]: chi2 start...
[2020-05-09 10:32:17,082]: chi2 end.
[2020-05-09 10:32:17,082]: ref start...
[2020-05-09 10:32:17,153]: ref end.
[2020-05-09 10:32:17,161]: The final  rank is
[2020-05-09 10:32:17,161]: K : 0.06566595104269639
[2020-05-09 10:32:17,161]: T : 0.06339261540164184
[2020-05-09 10:32:17,161]: R : 0.06020700537981864
[2020-05-09 10:32:17,161]: I : 0.058177766886225966
[2020-05-09 10:32:17,161]: Q : 0.05737336252759957
[2020-05-09 10:32:17,162]: A : 0.05688271106589001
[2020-05-09 10:32:17,162]: E : 0.055688947436472847
[2020-05-09 10:32:17,162]: V : 0.05405356165252246
[2020-05-09 10:32:17,162]: G : 0.05167204508960999
[2020-05-09 10:32:17,162]: Y : 0.05082428885367298
[2020-05-09 10:32:17,162]: P : 0.049749367167922394
[2020-05-09 10:32:17,162]: S : 0.04744410488916077
[2020-05-09 10:32:17,162]: C : 0.047157102612140525
[2020-05-09 10:32:17,162]: W : 0.04631907946115574
[2020-05-09 10:32:17,163]: N : 0.043966383576045154
[2020-05-09 10:32:17,163]: D : 0.04265258350730826
[2020-05-09 10:32:17,163]: M : 0.039666191257128586
[2020-05-09 10:32:17,163]: L : 0.03841233054717881
[2020-05-09 10:32:17,163]: H : 0.03603422465649547
[2020-05-09 10:32:17,163]: F : 0.03466037698931362
[2020-05-09 10:32:17,185]: Start dimension reduction ...
[2020-05-09 10:32:20,719]: length=1 f1=0.4422 accuarcy=0.4521 precision=0.4432 recall=0.4521 auc=0.5539 
[2020-05-09 10:32:21,510]: length=2 f1=0.4471 accuarcy=0.4521 precision=0.4441 recall=0.4521 auc=0.5643 
[2020-05-09 10:32:22,310]: length=3 f1=0.3985 accuarcy=0.4110 precision=0.3928 recall=0.4110 auc=0.5257 
[2020-05-09 10:32:22,617]: length=4 f1=0.3221 accuarcy=0.3288 precision=0.3200 recall=0.3288 auc=0.4630 
[2020-05-09 10:32:22,911]: length=5 f1=0.3905 accuarcy=0.3973 precision=0.3881 recall=0.3973 auc=0.5155 
[2020-05-09 10:32:23,213]: length=6 f1=0.4117 accuarcy=0.4247 precision=0.4100 recall=0.4247 auc=0.5311 
[2020-05-09 10:32:23,509]: length=7 f1=0.4309 accuarcy=0.4384 precision=0.4274 recall=0.4384 auc=0.5452 
[2020-05-09 10:32:23,809]: length=8 f1=0.4712 accuarcy=0.4795 precision=0.4750 recall=0.4795 auc=0.5743 
[2020-05-09 10:32:24,108]: length=9 f1=0.4809 accuarcy=0.4932 precision=0.4733 recall=0.4932 auc=0.5869 
[2020-05-09 10:32:24,404]: length=10 f1=0.5219 accuarcy=0.5205 precision=0.5263 recall=0.5205 auc=0.6184 
[2020-05-09 10:32:24,700]: length=11 f1=0.5130 accuarcy=0.5205 precision=0.5093 recall=0.5205 auc=0.6130 
[2020-05-09 10:32:24,995]: length=12 f1=0.4823 accuarcy=0.4932 precision=0.4796 recall=0.4932 auc=0.5833 
[2020-05-09 10:32:25,288]: length=13 f1=0.4884 accuarcy=0.4932 precision=0.4879 recall=0.4932 auc=0.5898 
[2020-05-09 10:32:25,584]: length=14 f1=0.4948 accuarcy=0.5068 precision=0.4880 recall=0.5068 auc=0.5968 
[2020-05-09 10:32:25,877]: length=15 f1=0.5383 accuarcy=0.5479 precision=0.5363 recall=0.5479 auc=0.6287 
[2020-05-09 10:32:26,173]: length=16 f1=0.4807 accuarcy=0.4932 precision=0.4793 recall=0.4932 auc=0.5819 
[2020-05-09 10:32:26,471]: length=17 f1=0.4492 accuarcy=0.4658 precision=0.4416 recall=0.4658 auc=0.5629 
[2020-05-09 10:32:26,842]: length=18 f1=0.4854 accuarcy=0.5068 precision=0.5020 recall=0.5068 auc=0.5793 
[2020-05-09 10:32:27,136]: length=19 f1=0.4660 accuarcy=0.4932 precision=0.4677 recall=0.4932 auc=0.5706 
[2020-05-09 10:32:27,430]: length=20 f1=0.4517 accuarcy=0.4795 precision=0.4401 recall=0.4795 auc=0.5613 
[2020-05-09 10:32:27,430]: ----------
[2020-05-09 10:32:27,431]: the max f1 = 0.5383
[2020-05-09 10:32:27,431]: ['K' 'T' 'R' 'I' 'Q' 'A' 'E' 'V' 'G' 'Y' 'P' 'S' 'C' 'W' 'N'],length = 15
[2020-05-09 10:32:27,431]: -----------
[2020-05-09 10:32:27,723]: ***confusion matrix***
[2020-05-09 10:32:27,724]:                pos_class      neg_class      
[2020-05-09 10:32:27,724]: pos_class      TP:14             FN:0              
[2020-05-09 10:32:27,724]: neg_class      FP:1              TN:4              
[2020-05-09 10:32:27,726]: f1 =0.5383 
[2020-05-09 10:32:27,726]: accuarcy = 0.5479 
[2020-05-09 10:32:27,728]: precision =0.5363 
[2020-05-09 10:32:27,730]: recall =0.5479
[2020-05-09 10:32:27,735]: auc = 0.6287
[2020-05-09 10:32:27,742]: -----------
[2020-05-09 10:32:27,742]: The output by the terminal's log has been saved in the /home/heshida/pycharm_tmp2/Logs/202005091032.log.
[2020-05-09 10:32:27,742]: metrics have been saved in the /home/heshida/pycharm_tmp2/Results/b.csv.
[2020-05-09 10:32:28,878]: Scatter charts visualized by t-SNE dataset has been saved in the /home/heshida/pycharm_tmp2/Results/test.csv.png.
[2020-05-09 10:32:28,878]: Reduced dimensional dataset has been saved in the /home/heshida/pycharm_tmp2/Results/a.csv.
[2020-05-09 10:32:28,878]: ---mrmd 2.0 end---
