[2020-05-15 20:11:26,463]: ---mrmd 2.0 start----
[2020-05-15 20:12:29,232]: ANOVA start...
[2020-05-15 20:12:29,444]: ANOVA  end.
[2020-05-15 20:12:29,445]: mic start...
[2020-05-15 20:12:31,697]: mic  end.
[2020-05-15 20:12:31,697]: mrmd start...
[2020-05-15 20:12:32,401]: mrmd end.
[2020-05-15 20:12:32,401]: mRMR start...
[2020-05-15 20:12:34,367]: mRMR end.
[2020-05-15 20:12:34,367]: linear model start...
[2020-05-15 20:12:34,722]: linear model end.
[2020-05-15 20:12:34,726]: chi2 start...
[2020-05-15 20:12:34,939]: chi2 end.
[2020-05-15 20:12:34,939]: tree feature importance start...
[2020-05-15 20:12:36,447]: tree feature importance  end.
[2020-05-15 20:12:36,448]: F_value start...
[2020-05-15 20:12:36,663]: F_value  end.
[2020-05-15 20:12:36,664]: ref start...
[2020-05-15 20:13:34,939]: ref end.
[2020-05-15 20:13:35,201]: The final  rank is
[2020-05-15 20:13:35,201]: Pos11.ZSCALE4 : 0.02570934140818076
[2020-05-15 20:13:35,201]: Pos7.ZSCALE1 : 0.024984636141885466
[2020-05-15 20:13:35,201]: Pos5.ZSCALE3 : 0.024073841746795957
[2020-05-15 20:13:35,201]: Pos8.ZSCALE5 : 0.023614896752092936
[2020-05-15 20:13:35,201]: Pos9.ZSCALE2 : 0.022952010812612857
[2020-05-15 20:13:35,201]: Pos2.ZSCALE1 : 0.022479333252385422
[2020-05-15 20:13:35,202]: Pos11.ZSCALE1 : 0.022429147508486326
[2020-05-15 20:13:35,202]: Pos3.ZSCALE1 : 0.022268563946398052
[2020-05-15 20:13:35,202]: Pos2.ZSCALE2 : 0.022143430034665176
[2020-05-15 20:13:35,202]: Pos9.ZSCALE5 : 0.02178072321833663
[2020-05-15 20:13:35,202]: Pos8.ZSCALE3 : 0.02170870960598268
[2020-05-15 20:13:35,202]: Pos1.ZSCALE4 : 0.02164332204291705
[2020-05-15 20:13:35,202]: Pos4.ZSCALE3 : 0.021452087378907567
[2020-05-15 20:13:35,202]: Pos11.ZSCALE3 : 0.02139046171263067
[2020-05-15 20:13:35,202]: Pos5.ZSCALE5 : 0.021265550430518528
[2020-05-15 20:13:35,203]: Pos7.ZSCALE3 : 0.021239691328380318
[2020-05-15 20:13:35,203]: Pos3.ZSCALE3 : 0.021165881960534736
[2020-05-15 20:13:35,203]: Pos7.ZSCALE4 : 0.02073015793978002
[2020-05-15 20:13:35,203]: Pos5.ZSCALE1 : 0.02060845776318898
[2020-05-15 20:13:35,203]: Pos10.ZSCALE2 : 0.020548382737474585
[2020-05-15 20:13:35,203]: Pos7.ZSCALE5 : 0.020450596387600134
[2020-05-15 20:13:35,203]: Pos10.ZSCALE5 : 0.02030375550307937
[2020-05-15 20:13:35,203]: Pos10.ZSCALE1 : 0.020291344249186917
[2020-05-15 20:13:35,203]: Pos4.ZSCALE4 : 0.0200419718869834
[2020-05-15 20:13:35,203]: Pos2.ZSCALE3 : 0.019982001700918718
[2020-05-15 20:13:35,204]: Pos4.ZSCALE1 : 0.01997376743967427
[2020-05-15 20:13:35,204]: Pos10.ZSCALE3 : 0.01949925857583625
[2020-05-15 20:13:35,204]: Pos8.ZSCALE2 : 0.01946609080091792
[2020-05-15 20:13:35,204]: Pos8.ZSCALE1 : 0.019343916228127096
[2020-05-15 20:13:35,204]: Pos11.ZSCALE2 : 0.01928138605977003
[2020-05-15 20:13:35,204]: Pos2.ZSCALE4 : 0.019261619077068103
[2020-05-15 20:13:35,204]: Pos5.ZSCALE4 : 0.019221658830515378
[2020-05-15 20:13:35,204]: Pos3.ZSCALE2 : 0.019043310636170815
[2020-05-15 20:13:35,205]: Pos1.ZSCALE3 : 0.018817772937859138
[2020-05-15 20:13:35,205]: Pos4.ZSCALE2 : 0.018751981029685373
[2020-05-15 20:13:35,205]: Pos9.ZSCALE4 : 0.018441478063302198
[2020-05-15 20:13:35,205]: Pos11.ZSCALE5 : 0.01841966092441168
[2020-05-15 20:13:35,205]: Pos9.ZSCALE1 : 0.01840699027369429
[2020-05-15 20:13:35,205]: Pos10.ZSCALE4 : 0.018342736809322944
[2020-05-15 20:13:35,205]: Pos1.ZSCALE5 : 0.018018267675496816
[2020-05-15 20:13:35,205]: Pos9.ZSCALE3 : 0.017931500168030072
[2020-05-15 20:13:35,205]: Pos3.ZSCALE5 : 0.01777064991426422
[2020-05-15 20:13:35,206]: Pos1.ZSCALE2 : 0.01729189576199819
[2020-05-15 20:13:35,206]: Pos8.ZSCALE4 : 0.017192745401341667
[2020-05-15 20:13:35,206]: Pos5.ZSCALE2 : 0.01696193830802059
[2020-05-15 20:13:35,206]: Pos1.ZSCALE1 : 0.016851734196579718
[2020-05-15 20:13:35,206]: Pos2.ZSCALE5 : 0.01562988483200479
[2020-05-15 20:13:35,206]: Pos4.ZSCALE5 : 0.014831864326844607
[2020-05-15 20:13:35,206]: Pos7.ZSCALE2 : 0.014020485315027805
[2020-05-15 20:13:35,206]: Pos3.ZSCALE4 : 0.012529813200484661
[2020-05-15 20:13:35,206]: Pos6.ZSCALE2 : 0.009439295763628265
[2020-05-15 20:13:35,604]: Start dimension reduction ...
[2020-05-15 20:13:39,381]: length=1 f1=0.5889 accuarcy=0.5908 precision=0.5925 recall=0.5908 auc=0.5908 
[2020-05-15 20:13:40,373]: length=2 f1=0.7269 accuarcy=0.7270 precision=0.7272 recall=0.7270 auc=0.7270 
[2020-05-15 20:13:41,386]: length=3 f1=0.7638 accuarcy=0.7638 precision=0.7639 recall=0.7638 auc=0.7638 
[2020-05-15 20:13:41,978]: length=4 f1=0.7699 accuarcy=0.7700 precision=0.7703 recall=0.7700 auc=0.7700 
[2020-05-15 20:13:42,569]: length=5 f1=0.7886 accuarcy=0.7887 precision=0.7895 recall=0.7887 auc=0.7887 
[2020-05-15 20:13:43,161]: length=6 f1=0.7940 accuarcy=0.7942 precision=0.7951 recall=0.7942 auc=0.7942 
[2020-05-15 20:13:43,756]: length=7 f1=0.7875 accuarcy=0.7877 precision=0.7886 recall=0.7877 auc=0.7877 
[2020-05-15 20:13:44,376]: length=8 f1=0.7913 accuarcy=0.7915 precision=0.7925 recall=0.7915 auc=0.7915 
[2020-05-15 20:13:45,055]: length=9 f1=0.7922 accuarcy=0.7925 precision=0.7940 recall=0.7925 auc=0.7925 
[2020-05-15 20:13:45,731]: length=10 f1=0.8015 accuarcy=0.8017 precision=0.8031 recall=0.8017 auc=0.8017 
[2020-05-15 20:13:46,411]: length=11 f1=0.7930 accuarcy=0.7932 precision=0.7944 recall=0.7932 auc=0.7932 
[2020-05-15 20:13:47,090]: length=12 f1=0.8026 accuarcy=0.8027 precision=0.8038 recall=0.8027 auc=0.8027 
[2020-05-15 20:13:47,783]: length=13 f1=0.8091 accuarcy=0.8092 precision=0.8100 recall=0.8092 auc=0.8092 
[2020-05-15 20:13:48,471]: length=14 f1=0.8094 accuarcy=0.8096 precision=0.8107 recall=0.8096 auc=0.8096 
[2020-05-15 20:13:49,159]: length=15 f1=0.8057 accuarcy=0.8058 precision=0.8066 recall=0.8058 auc=0.8058 
[2020-05-15 20:13:49,907]: length=16 f1=0.8068 accuarcy=0.8072 precision=0.8098 recall=0.8072 auc=0.8072 
[2020-05-15 20:13:50,663]: length=17 f1=0.8112 accuarcy=0.8116 precision=0.8140 recall=0.8116 auc=0.8116 
[2020-05-15 20:13:51,411]: length=18 f1=0.8095 accuarcy=0.8099 precision=0.8123 recall=0.8099 auc=0.8099 
[2020-05-15 20:13:52,155]: length=19 f1=0.8047 accuarcy=0.8051 precision=0.8080 recall=0.8051 auc=0.8051 
[2020-05-15 20:13:52,902]: length=20 f1=0.8054 accuarcy=0.8058 precision=0.8085 recall=0.8058 auc=0.8058 
[2020-05-15 20:13:53,654]: length=21 f1=0.8111 accuarcy=0.8116 precision=0.8151 recall=0.8116 auc=0.8116 
[2020-05-15 20:13:54,406]: length=22 f1=0.8060 accuarcy=0.8065 precision=0.8097 recall=0.8065 auc=0.8065 
[2020-05-15 20:13:55,159]: length=23 f1=0.8161 accuarcy=0.8164 precision=0.8186 recall=0.8164 auc=0.8164 
[2020-05-15 20:13:55,916]: length=24 f1=0.8167 accuarcy=0.8171 precision=0.8194 recall=0.8171 auc=0.8171 
[2020-05-15 20:13:56,748]: length=25 f1=0.8121 accuarcy=0.8126 precision=0.8160 recall=0.8126 auc=0.8126 
[2020-05-15 20:13:57,583]: length=26 f1=0.8147 accuarcy=0.8150 precision=0.8174 recall=0.8150 auc=0.8150 
[2020-05-15 20:13:58,417]: length=27 f1=0.8211 accuarcy=0.8215 precision=0.8247 recall=0.8215 auc=0.8215 
[2020-05-15 20:13:59,252]: length=28 f1=0.8105 accuarcy=0.8109 precision=0.8137 recall=0.8109 auc=0.8109 
[2020-05-15 20:14:00,090]: length=29 f1=0.8146 accuarcy=0.8150 precision=0.8179 recall=0.8150 auc=0.8150 
[2020-05-15 20:14:00,929]: length=30 f1=0.8118 accuarcy=0.8123 precision=0.8155 recall=0.8123 auc=0.8123 
[2020-05-15 20:14:01,762]: length=31 f1=0.8098 accuarcy=0.8102 precision=0.8130 recall=0.8102 auc=0.8102 
[2020-05-15 20:14:02,605]: length=32 f1=0.8142 accuarcy=0.8147 precision=0.8182 recall=0.8147 auc=0.8147 
[2020-05-15 20:14:03,445]: length=33 f1=0.8153 accuarcy=0.8157 precision=0.8185 recall=0.8157 auc=0.8157 
[2020-05-15 20:14:04,304]: length=34 f1=0.8187 accuarcy=0.8191 precision=0.8222 recall=0.8191 auc=0.8191 
[2020-05-15 20:14:05,151]: length=35 f1=0.8176 accuarcy=0.8181 precision=0.8215 recall=0.8181 auc=0.8181 
[2020-05-15 20:14:06,065]: length=36 f1=0.8122 accuarcy=0.8126 precision=0.8156 recall=0.8126 auc=0.8126 
[2020-05-15 20:14:06,991]: length=37 f1=0.8171 accuarcy=0.8177 precision=0.8220 recall=0.8177 auc=0.8177 
[2020-05-15 20:14:07,923]: length=38 f1=0.8187 accuarcy=0.8191 precision=0.8223 recall=0.8191 auc=0.8191 
[2020-05-15 20:14:08,869]: length=39 f1=0.8163 accuarcy=0.8167 precision=0.8194 recall=0.8167 auc=0.8167 
[2020-05-15 20:14:09,797]: length=40 f1=0.8193 accuarcy=0.8198 precision=0.8231 recall=0.8198 auc=0.8198 
[2020-05-15 20:14:10,736]: length=41 f1=0.8204 accuarcy=0.8208 precision=0.8240 recall=0.8208 auc=0.8208 
[2020-05-15 20:14:11,676]: length=42 f1=0.8211 accuarcy=0.8215 precision=0.8245 recall=0.8215 auc=0.8215 
[2020-05-15 20:14:12,612]: length=43 f1=0.8224 accuarcy=0.8229 precision=0.8265 recall=0.8229 auc=0.8229 
[2020-05-15 20:14:13,550]: length=44 f1=0.8265 accuarcy=0.8270 precision=0.8304 recall=0.8270 auc=0.8270 
[2020-05-15 20:14:14,493]: length=45 f1=0.8213 accuarcy=0.8218 precision=0.8255 recall=0.8218 auc=0.8218 
[2020-05-15 20:14:15,439]: length=46 f1=0.8180 accuarcy=0.8184 precision=0.8215 recall=0.8184 auc=0.8184 
[2020-05-15 20:14:16,372]: length=47 f1=0.8257 accuarcy=0.8263 precision=0.8305 recall=0.8263 auc=0.8263 
[2020-05-15 20:14:17,308]: length=48 f1=0.8197 accuarcy=0.8201 precision=0.8232 recall=0.8201 auc=0.8201 
[2020-05-15 20:14:18,319]: length=49 f1=0.8231 accuarcy=0.8235 precision=0.8271 recall=0.8235 auc=0.8235 
[2020-05-15 20:14:19,334]: length=50 f1=0.8250 accuarcy=0.8256 precision=0.8298 recall=0.8256 auc=0.8256 
[2020-05-15 20:14:20,336]: length=51 f1=0.8226 accuarcy=0.8232 precision=0.8277 recall=0.8232 auc=0.8232 
[2020-05-15 20:14:20,336]: ----------
[2020-05-15 20:14:20,336]: the max f1 = 0.8265
[2020-05-15 20:14:20,337]: ['Pos11.ZSCALE4' 'Pos7.ZSCALE1' 'Pos5.ZSCALE3' 'Pos8.ZSCALE5'
 'Pos9.ZSCALE2' 'Pos2.ZSCALE1' 'Pos11.ZSCALE1' 'Pos3.ZSCALE1'
 'Pos2.ZSCALE2' 'Pos9.ZSCALE5' 'Pos8.ZSCALE3' 'Pos1.ZSCALE4'
 'Pos4.ZSCALE3' 'Pos11.ZSCALE3' 'Pos5.ZSCALE5' 'Pos7.ZSCALE3'
 'Pos3.ZSCALE3' 'Pos7.ZSCALE4' 'Pos5.ZSCALE1' 'Pos10.ZSCALE2'
 'Pos7.ZSCALE5' 'Pos10.ZSCALE5' 'Pos10.ZSCALE1' 'Pos4.ZSCALE4'
 'Pos2.ZSCALE3' 'Pos4.ZSCALE1' 'Pos10.ZSCALE3' 'Pos8.ZSCALE2'
 'Pos8.ZSCALE1' 'Pos11.ZSCALE2' 'Pos2.ZSCALE4' 'Pos5.ZSCALE4'
 'Pos3.ZSCALE2' 'Pos1.ZSCALE3' 'Pos4.ZSCALE2' 'Pos9.ZSCALE4'
 'Pos11.ZSCALE5' 'Pos9.ZSCALE1' 'Pos10.ZSCALE4' 'Pos1.ZSCALE5'
 'Pos9.ZSCALE3' 'Pos3.ZSCALE5' 'Pos1.ZSCALE2' 'Pos8.ZSCALE4'],length = 44
[2020-05-15 20:14:20,337]: -----------
[2020-05-15 20:14:21,309]: ***confusion matrix***
Predicted   0.0   1.0
Actual               
0.0        1286   179
1.0         328  1137
[2020-05-15 20:14:21,313]: f1 =0.8265 
[2020-05-15 20:14:21,314]: accuarcy = 0.8270 
[2020-05-15 20:14:21,318]: precision =0.8304 
[2020-05-15 20:14:21,321]: recall =0.8270
[2020-05-15 20:14:21,327]: auc = 0.8270
[2020-05-15 20:14:21,575]: -----------
[2020-05-15 20:14:21,576]: The output by the terminal's log has been saved in the /home/heshida/pycharm_tmp2/Logs/202005152011.log.
[2020-05-15 20:14:21,576]: metrics have been saved in the /home/heshida/pycharm_tmp2/Results/zscale.metrics.csv.
[2020-05-15 20:15:28,368]: Scatter charts visualized by t-SNE dataset has been saved in the /home/heshida/pycharm_tmp2/Results/zscale.csv.png.
[2020-05-15 20:15:28,368]: Reduced dimensional dataset has been saved in the /home/heshida/pycharm_tmp2/Results/onehot_out.csv.
[2020-05-15 20:15:28,368]: ---mrmd 2.0 end---
