[2020-05-10 22:01:01,922]: ---mrmd 2.0 start----
[2020-05-10 22:01:02,640]: ANOVA start...
[2020-05-10 22:01:02,643]: ANOVA end.
[2020-05-10 22:01:02,643]: mic start...
[2020-05-10 22:01:02,851]: mic end.
[2020-05-10 22:01:02,851]: mrmd start...
[2020-05-10 22:01:02,877]: mrmd end.
[2020-05-10 22:01:02,878]: mRMR start...
[2020-05-10 22:01:02,914]: mRMR end.
[2020-05-10 22:01:02,915]: lasso start...
[2020-05-10 22:01:02,932]: lasso end.
[2020-05-10 22:01:02,932]: chi2 start...
[2020-05-10 22:01:02,947]: chi2 end.
[2020-05-10 22:01:02,948]: ref start...
[2020-05-10 22:01:03,020]: ref end.
[2020-05-10 22:01:03,034]: The final  rank is
[2020-05-10 22:01:03,034]: K : 0.0690785632503797
[2020-05-10 22:01:03,034]: T : 0.06596555106877368
[2020-05-10 22:01:03,034]: R : 0.06242359193006594
[2020-05-10 22:01:03,034]: Q : 0.05925577100144449
[2020-05-10 22:01:03,034]: I : 0.058947516924739284
[2020-05-10 22:01:03,034]: A : 0.05800764254679676
[2020-05-10 22:01:03,035]: E : 0.05769967990753704
[2020-05-10 22:01:03,035]: V : 0.05534103970805543
[2020-05-10 22:01:03,035]: Y : 0.05244160805337384
[2020-05-10 22:01:03,035]: G : 0.0509468742195343
[2020-05-10 22:01:03,035]: P : 0.049519504745027774
[2020-05-10 22:01:03,035]: C : 0.04765237774114939
[2020-05-10 22:01:03,035]: S : 0.04749410510572205
[2020-05-10 22:01:03,035]: W : 0.046058731561151034
[2020-05-10 22:01:03,035]: N : 0.04186750312365192
[2020-05-10 22:01:03,035]: D : 0.04050797445694472
[2020-05-10 22:01:03,036]: M : 0.036770006395781624
[2020-05-10 22:01:03,036]: L : 0.03540961962154634
[2020-05-10 22:01:03,036]: H : 0.032800989537869606
[2020-05-10 22:01:03,036]: F : 0.03181134910045505
[2020-05-10 22:01:03,057]: Start dimension reduction ...
[2020-05-10 22:01:06,562]: length=1 f1=0.4422 accuarcy=0.4521 precision=0.4432 recall=0.4521 auc=0.5539 
[2020-05-10 22:01:07,351]: length=2 f1=0.4471 accuarcy=0.4521 precision=0.4441 recall=0.4521 auc=0.5643 
[2020-05-10 22:01:08,154]: length=3 f1=0.3985 accuarcy=0.4110 precision=0.3928 recall=0.4110 auc=0.5257 
[2020-05-10 22:01:08,459]: length=4 f1=0.4336 accuarcy=0.4384 precision=0.4318 recall=0.4384 auc=0.5500 
[2020-05-10 22:01:08,753]: length=5 f1=0.4045 accuarcy=0.4110 precision=0.4025 recall=0.4110 auc=0.5267 
[2020-05-10 22:01:09,054]: length=6 f1=0.4427 accuarcy=0.4521 precision=0.4460 recall=0.4521 auc=0.5574 
[2020-05-10 22:01:09,346]: length=7 f1=0.3932 accuarcy=0.4110 precision=0.3898 recall=0.4110 auc=0.5129 
[2020-05-10 22:01:09,640]: length=8 f1=0.4300 accuarcy=0.4521 precision=0.4280 recall=0.4521 auc=0.5407 
[2020-05-10 22:01:09,945]: length=9 f1=0.4807 accuarcy=0.4795 precision=0.4862 recall=0.4795 auc=0.5835 
[2020-05-10 22:01:10,240]: length=10 f1=0.5529 accuarcy=0.5616 precision=0.5530 recall=0.5616 auc=0.6395 
[2020-05-10 22:01:10,552]: length=11 f1=0.4698 accuarcy=0.4795 precision=0.4659 recall=0.4795 auc=0.5736 
[2020-05-10 22:01:10,848]: length=12 f1=0.4609 accuarcy=0.4658 precision=0.4580 recall=0.4658 auc=0.5738 
[2020-05-10 22:01:11,146]: length=13 f1=0.5245 accuarcy=0.5342 precision=0.5211 recall=0.5342 auc=0.6207 
[2020-05-10 22:01:11,439]: length=14 f1=0.4957 accuarcy=0.5068 precision=0.4897 recall=0.5068 auc=0.5988 
[2020-05-10 22:01:11,735]: length=15 f1=0.4518 accuarcy=0.4658 precision=0.4580 recall=0.4658 auc=0.5559 
[2020-05-10 22:01:12,033]: length=16 f1=0.4721 accuarcy=0.4932 precision=0.4640 recall=0.4932 auc=0.5798 
[2020-05-10 22:01:12,328]: length=17 f1=0.4724 accuarcy=0.4795 precision=0.4764 recall=0.4795 auc=0.5746 
[2020-05-10 22:01:12,626]: length=18 f1=0.4777 accuarcy=0.4932 precision=0.4801 recall=0.4932 auc=0.5773 
[2020-05-10 22:01:12,920]: length=19 f1=0.4931 accuarcy=0.5205 precision=0.4980 recall=0.5205 auc=0.5898 
[2020-05-10 22:01:13,214]: length=20 f1=0.4787 accuarcy=0.4932 precision=0.4853 recall=0.4932 auc=0.5761 
[2020-05-10 22:01:13,214]: ----------
[2020-05-10 22:01:13,215]: the max f1 = 0.5529
[2020-05-10 22:01:13,215]: ['K' 'T' 'R' 'Q' 'I' 'A' 'E' 'V' 'Y' 'G'],length = 10
[2020-05-10 22:01:13,215]: -----------
[2020-05-10 22:01:13,501]: ***confusion matrix***
[2020-05-10 22:01:13,501]:                pos_class      neg_class      
[2020-05-10 22:01:13,501]: pos_class      TP:13             FN:2              
[2020-05-10 22:01:13,501]: neg_class      FP:0              TN:5              
[2020-05-10 22:01:13,503]: f1 =0.5529 
[2020-05-10 22:01:13,504]: accuarcy = 0.5616 
[2020-05-10 22:01:13,505]: precision =0.5530 
[2020-05-10 22:01:13,507]: recall =0.5616
[2020-05-10 22:01:13,512]: auc = 0.6395
[2020-05-10 22:01:13,519]: -----------
