[2020-05-09 20:17:24,223]: ---mrmd 2.0 start----
[2020-05-09 20:17:24,953]: ANOVA start...
[2020-05-09 20:17:24,956]: ANOVA end.
[2020-05-09 20:17:24,956]: mic start...
[2020-05-09 20:17:25,171]: mic end.
[2020-05-09 20:17:25,171]: mrmd start...
[2020-05-09 20:17:25,197]: mrmd end.
[2020-05-09 20:17:25,198]: mRMR start...
[2020-05-09 20:17:25,236]: mRMR end.
[2020-05-09 20:17:25,237]: lasso start...
[2020-05-09 20:17:25,254]: lasso end.
[2020-05-09 20:17:25,254]: chi2 start...
[2020-05-09 20:17:25,269]: chi2 end.
[2020-05-09 20:17:25,270]: ref start...
[2020-05-09 20:17:25,340]: ref end.
[2020-05-09 20:17:25,354]: The final  rank is
[2020-05-09 20:17:25,354]: K : 0.0690785632503797
[2020-05-09 20:17:25,354]: T : 0.06596555106877368
[2020-05-09 20:17:25,355]: R : 0.06242359193006594
[2020-05-09 20:17:25,355]: Q : 0.05925577100144449
[2020-05-09 20:17:25,355]: I : 0.058947516924739284
[2020-05-09 20:17:25,355]: A : 0.05800764254679676
[2020-05-09 20:17:25,355]: E : 0.05769967990753704
[2020-05-09 20:17:25,355]: V : 0.05534103970805543
[2020-05-09 20:17:25,355]: Y : 0.05244160805337384
[2020-05-09 20:17:25,355]: G : 0.0509468742195343
[2020-05-09 20:17:25,355]: P : 0.049519504745027774
[2020-05-09 20:17:25,355]: C : 0.04765237774114939
[2020-05-09 20:17:25,356]: S : 0.04749410510572205
[2020-05-09 20:17:25,356]: W : 0.046058731561151034
[2020-05-09 20:17:25,356]: N : 0.04186750312365192
[2020-05-09 20:17:25,356]: D : 0.04050797445694472
[2020-05-09 20:17:25,356]: M : 0.036770006395781624
[2020-05-09 20:17:25,356]: L : 0.03540961962154634
[2020-05-09 20:17:25,356]: H : 0.032800989537869606
[2020-05-09 20:17:25,356]: F : 0.03181134910045505
[2020-05-09 20:17:25,378]: Start dimension reduction ...
