[2020-05-09 20:27:49,770]: ---mrmd 2.0 start----
[2020-05-09 20:27:50,521]: ANOVA start...
[2020-05-09 20:27:50,524]: ANOVA end.
[2020-05-09 20:27:50,524]: mic start...
[2020-05-09 20:27:50,734]: mic end.
[2020-05-09 20:27:50,735]: mrmd start...
[2020-05-09 20:27:50,760]: mrmd end.
[2020-05-09 20:27:50,761]: mRMR start...
[2020-05-09 20:27:50,798]: mRMR end.
[2020-05-09 20:27:50,799]: lasso start...
[2020-05-09 20:27:50,816]: lasso end.
[2020-05-09 20:27:50,816]: chi2 start...
[2020-05-09 20:27:50,831]: chi2 end.
[2020-05-09 20:27:50,832]: ref start...
[2020-05-09 20:27:50,903]: ref end.
[2020-05-09 20:27:50,926]: The final  rank is
[2020-05-09 20:27:50,926]: R : 0.0743512305530921
[2020-05-09 20:27:50,926]: T : 0.06884952702223077
[2020-05-09 20:27:50,926]: K : 0.0662221238345784
[2020-05-09 20:27:50,926]: P : 0.06508716603111708
[2020-05-09 20:27:50,926]: V : 0.06341603422449169
[2020-05-09 20:27:50,927]: E : 0.062023921565027465
[2020-05-09 20:27:50,927]: Q : 0.05858590086388968
[2020-05-09 20:27:50,927]: A : 0.05529769910127908
[2020-05-09 20:27:50,927]: W : 0.05220064635653847
[2020-05-09 20:27:50,927]: Y : 0.051047963591525615
[2020-05-09 20:27:50,927]: C : 0.05029783431965944
[2020-05-09 20:27:50,927]: I : 0.04866869565615899
[2020-05-09 20:27:50,927]: S : 0.047064877964105765
[2020-05-09 20:27:50,927]: D : 0.044779462144828266
[2020-05-09 20:27:50,928]: N : 0.04331815964930798
[2020-05-09 20:27:50,928]: H : 0.039385658027168105
[2020-05-09 20:27:50,928]: G : 0.03190283188959601
[2020-05-09 20:27:50,928]: L : 0.030890751461250296
[2020-05-09 20:27:50,928]: M : 0.026179945174534487
[2020-05-09 20:27:50,928]: F : 0.020429570569620373
[2020-05-09 20:27:50,943]: Start dimension reduction ...
[2020-05-09 20:27:54,365]: length=1 f1=0.3200 accuarcy=0.3288 precision=0.3285 recall=0.3288 auc=0.4518 
[2020-05-09 20:27:55,142]: length=2 f1=0.4251 accuarcy=0.4247 precision=0.4257 recall=0.4247 auc=0.5573 
[2020-05-09 20:27:55,935]: length=3 f1=0.4145 accuarcy=0.4247 precision=0.4157 recall=0.4247 auc=0.5324 
[2020-05-09 20:27:56,239]: length=4 f1=0.4876 accuarcy=0.4932 precision=0.4893 recall=0.4932 auc=0.5896 
[2020-05-09 20:27:56,531]: length=5 f1=0.3731 accuarcy=0.3836 precision=0.3801 recall=0.3836 auc=0.4954 
[2020-05-09 20:27:56,829]: length=6 f1=0.4081 accuarcy=0.4110 precision=0.4092 recall=0.4110 auc=0.5308 
[2020-05-09 20:27:57,128]: length=7 f1=0.4234 accuarcy=0.4247 precision=0.4227 recall=0.4247 auc=0.5473 
[2020-05-09 20:27:57,418]: length=8 f1=0.4372 accuarcy=0.4384 precision=0.4362 recall=0.4384 auc=0.5580 
[2020-05-09 20:27:57,719]: length=9 f1=0.5050 accuarcy=0.5068 precision=0.5067 recall=0.5068 auc=0.6022 
[2020-05-09 20:27:58,017]: length=10 f1=0.5567 accuarcy=0.5616 precision=0.5550 recall=0.5616 auc=0.6443 
[2020-05-09 20:27:58,309]: length=11 f1=0.5048 accuarcy=0.5068 precision=0.5043 recall=0.5068 auc=0.6071 
[2020-05-09 20:27:58,598]: length=12 f1=0.4454 accuarcy=0.4521 precision=0.4402 recall=0.4521 auc=0.5642 
[2020-05-09 20:27:58,891]: length=13 f1=0.4409 accuarcy=0.4521 precision=0.4386 recall=0.4521 auc=0.5537 
[2020-05-09 20:27:59,185]: length=14 f1=0.4476 accuarcy=0.4658 precision=0.4420 recall=0.4658 auc=0.5566 
[2020-05-09 20:27:59,476]: length=15 f1=0.4297 accuarcy=0.4384 precision=0.4269 recall=0.4384 auc=0.5459 
[2020-05-09 20:27:59,767]: length=16 f1=0.4784 accuarcy=0.4932 precision=0.4733 recall=0.4932 auc=0.5803 
[2020-05-09 20:28:00,132]: length=17 f1=0.4540 accuarcy=0.4658 precision=0.4501 recall=0.4658 auc=0.5660 
[2020-05-09 20:28:00,429]: length=18 f1=0.4393 accuarcy=0.4658 precision=0.4350 recall=0.4658 auc=0.5478 
[2020-05-09 20:28:00,721]: length=19 f1=0.4258 accuarcy=0.4521 precision=0.4114 recall=0.4521 auc=0.5453 
[2020-05-09 20:28:01,016]: length=20 f1=0.4620 accuarcy=0.4932 precision=0.4723 recall=0.4932 auc=0.5661 
[2020-05-09 20:28:01,017]: ----------
[2020-05-09 20:28:01,017]: the max f1 = 0.5567
[2020-05-09 20:28:01,017]: ['R' 'T' 'K' 'P' 'V' 'E' 'Q' 'A' 'W' 'Y'],length = 10
[2020-05-09 20:28:01,017]: -----------
[2020-05-09 20:28:01,304]: ***confusion matrix***
[2020-05-09 20:28:01,304]:                pos_class      neg_class      
[2020-05-09 20:28:01,305]: pos_class      TP:14             FN:2              
[2020-05-09 20:28:01,305]: neg_class      FP:0              TN:5              
[2020-05-09 20:28:01,306]: f1 =0.5567 
[2020-05-09 20:28:01,307]: accuarcy = 0.5616 
[2020-05-09 20:28:01,309]: precision =0.5550 
[2020-05-09 20:28:01,311]: recall =0.5616
[2020-05-09 20:28:01,316]: auc = 0.6443
[2020-05-09 20:28:01,321]: -----------
[2020-05-09 20:28:01,322]: The output by the terminal's log has been saved in the /home/heshida/pycharm_tmp2/Logs/202005092027.log.
[2020-05-09 20:28:01,322]: metrics have been saved in the /home/heshida/pycharm_tmp2/Results/b.csv.
[2020-05-09 20:28:02,443]: Scatter charts visualized by t-SNE dataset has been saved in the /home/heshida/pycharm_tmp2/Results/test.csv.png.
[2020-05-09 20:28:02,443]: Reduced dimensional dataset has been saved in the /home/heshida/pycharm_tmp2/Results/a.csv.
[2020-05-09 20:28:02,443]: ---mrmd 2.0 end---
