[2020-05-09 20:26:38,282]: ---mrmd 2.0 start----
[2020-05-09 20:26:39,034]: ANOVA start...
[2020-05-09 20:26:39,037]: ANOVA end.
[2020-05-09 20:26:39,037]: mic start...
[2020-05-09 20:26:39,246]: mic end.
[2020-05-09 20:26:39,247]: mrmd start...
[2020-05-09 20:26:39,273]: mrmd end.
[2020-05-09 20:26:39,273]: mRMR start...
[2020-05-09 20:26:39,311]: mRMR end.
[2020-05-09 20:26:39,311]: lasso start...
[2020-05-09 20:26:39,328]: lasso end.
[2020-05-09 20:26:39,329]: chi2 start...
[2020-05-09 20:26:39,344]: chi2 end.
[2020-05-09 20:26:39,345]: ref start...
[2020-05-09 20:26:39,416]: ref end.
[2020-05-09 20:26:39,440]: The final  rank is
[2020-05-09 20:26:39,440]: R : 0.0743512305530921
[2020-05-09 20:26:39,440]: T : 0.06884952702223077
[2020-05-09 20:26:39,441]: K : 0.0662221238345784
[2020-05-09 20:26:39,441]: P : 0.06508716603111708
[2020-05-09 20:26:39,441]: V : 0.06341603422449169
[2020-05-09 20:26:39,441]: E : 0.062023921565027465
[2020-05-09 20:26:39,441]: Q : 0.05858590086388968
[2020-05-09 20:26:39,441]: A : 0.05529769910127908
[2020-05-09 20:26:39,441]: W : 0.05220064635653847
[2020-05-09 20:26:39,441]: Y : 0.051047963591525615
[2020-05-09 20:26:39,441]: C : 0.05029783431965944
[2020-05-09 20:26:39,441]: I : 0.04866869565615899
[2020-05-09 20:26:39,442]: S : 0.047064877964105765
[2020-05-09 20:26:39,442]: D : 0.044779462144828266
[2020-05-09 20:26:39,442]: N : 0.04331815964930798
[2020-05-09 20:26:39,442]: H : 0.039385658027168105
[2020-05-09 20:26:39,442]: G : 0.03190283188959601
[2020-05-09 20:26:39,442]: L : 0.030890751461250296
[2020-05-09 20:26:39,442]: M : 0.026179945174534487
[2020-05-09 20:26:39,442]: F : 0.020429570569620373
[2020-05-09 20:26:39,464]: Start dimension reduction ...
[2020-05-09 20:26:42,850]: length=1 f1=0.3200 accuarcy=0.3288 precision=0.3285 recall=0.3288 auc=0.4518 
[2020-05-09 20:26:43,626]: length=2 f1=0.4251 accuarcy=0.4247 precision=0.4257 recall=0.4247 auc=0.5573 
[2020-05-09 20:26:44,431]: length=3 f1=0.4145 accuarcy=0.4247 precision=0.4157 recall=0.4247 auc=0.5324 
[2020-05-09 20:26:44,734]: length=4 f1=0.4876 accuarcy=0.4932 precision=0.4893 recall=0.4932 auc=0.5896 
[2020-05-09 20:26:45,027]: length=5 f1=0.3731 accuarcy=0.3836 precision=0.3801 recall=0.3836 auc=0.4954 
[2020-05-09 20:26:45,317]: length=6 f1=0.4081 accuarcy=0.4110 precision=0.4092 recall=0.4110 auc=0.5308 
[2020-05-09 20:26:45,605]: length=7 f1=0.4234 accuarcy=0.4247 precision=0.4227 recall=0.4247 auc=0.5473 
[2020-05-09 20:26:45,895]: length=8 f1=0.4372 accuarcy=0.4384 precision=0.4362 recall=0.4384 auc=0.5580 
[2020-05-09 20:26:46,190]: length=9 f1=0.5050 accuarcy=0.5068 precision=0.5067 recall=0.5068 auc=0.6022 
[2020-05-09 20:26:46,481]: length=10 f1=0.5567 accuarcy=0.5616 precision=0.5550 recall=0.5616 auc=0.6443 
[2020-05-09 20:26:46,770]: length=11 f1=0.5048 accuarcy=0.5068 precision=0.5043 recall=0.5068 auc=0.6071 
[2020-05-09 20:26:47,061]: length=12 f1=0.4454 accuarcy=0.4521 precision=0.4402 recall=0.4521 auc=0.5642 
[2020-05-09 20:26:47,352]: length=13 f1=0.4409 accuarcy=0.4521 precision=0.4386 recall=0.4521 auc=0.5537 
[2020-05-09 20:26:47,644]: length=14 f1=0.4476 accuarcy=0.4658 precision=0.4420 recall=0.4658 auc=0.5566 
[2020-05-09 20:26:47,937]: length=15 f1=0.4297 accuarcy=0.4384 precision=0.4269 recall=0.4384 auc=0.5459 
[2020-05-09 20:26:48,228]: length=16 f1=0.4784 accuarcy=0.4932 precision=0.4733 recall=0.4932 auc=0.5803 
[2020-05-09 20:26:48,589]: length=17 f1=0.4540 accuarcy=0.4658 precision=0.4501 recall=0.4658 auc=0.5660 
[2020-05-09 20:26:48,881]: length=18 f1=0.4393 accuarcy=0.4658 precision=0.4350 recall=0.4658 auc=0.5478 
[2020-05-09 20:26:49,172]: length=19 f1=0.4258 accuarcy=0.4521 precision=0.4114 recall=0.4521 auc=0.5453 
[2020-05-09 20:26:49,467]: length=20 f1=0.4620 accuarcy=0.4932 precision=0.4723 recall=0.4932 auc=0.5661 
[2020-05-09 20:26:49,467]: ----------
[2020-05-09 20:26:49,467]: the max f1 = 0.5567
[2020-05-09 20:26:49,468]: ['R' 'T' 'K' 'P' 'V' 'E' 'Q' 'A' 'W' 'Y'],length = 10
[2020-05-09 20:26:49,468]: -----------
[2020-05-09 20:26:49,749]: ***confusion matrix***
[2020-05-09 20:26:49,749]:                pos_class      neg_class      
[2020-05-09 20:26:49,749]: pos_class      TP:14             FN:2              
[2020-05-09 20:26:49,749]: neg_class      FP:0              TN:5              
[2020-05-09 20:26:49,752]: f1 =0.5567 
[2020-05-09 20:26:49,752]: accuarcy = 0.5616 
[2020-05-09 20:26:49,754]: precision =0.5550 
[2020-05-09 20:26:49,756]: recall =0.5616
[2020-05-09 20:26:49,761]: auc = 0.6443
[2020-05-09 20:26:49,767]: -----------
[2020-05-09 20:26:49,767]: The output by the terminal's log has been saved in the /home/heshida/pycharm_tmp2/Logs/202005092026.log.
[2020-05-09 20:26:49,767]: metrics have been saved in the /home/heshida/pycharm_tmp2/Results/b.csv.
[2020-05-09 20:26:50,895]: Scatter charts visualized by t-SNE dataset has been saved in the /home/heshida/pycharm_tmp2/Results/test.csv.png.
[2020-05-09 20:26:50,895]: Reduced dimensional dataset has been saved in the /home/heshida/pycharm_tmp2/Results/a.csv.
[2020-05-09 20:26:50,895]: ---mrmd 2.0 end---
