[2020-05-14 21:02:32,860]: ---mrmd 2.0 start----
[2020-05-14 21:02:33,647]: ANOVA start...
[2020-05-14 21:02:33,664]: ANOVA  end.
[2020-05-14 21:02:33,664]: ANOVA start...
[2020-05-14 21:02:33,808]: ANOVA  end.
[2020-05-14 21:02:33,808]: mrmd start...
[2020-05-14 21:02:33,869]: mrmd end.
[2020-05-14 21:02:33,869]: mRMR start...
[2020-05-14 21:02:33,912]: mRMR end.
[2020-05-14 21:02:33,912]: lasso start...
[2020-05-14 21:02:33,935]: lasso end.
[2020-05-14 21:02:33,935]: chi2 start...
[2020-05-14 21:02:33,953]: chi2 end.
[2020-05-14 21:02:33,953]: ANOVA start...
[2020-05-14 21:02:33,966]: ANOVA  end.
[2020-05-14 21:02:33,966]: ref start...
[2020-05-14 21:02:42,889]: ref end.
[2020-05-14 21:02:42,918]: The final  rank is
[2020-05-14 21:02:42,918]: K : 0.06613680671807241
[2020-05-14 21:02:42,918]: A : 0.06514744678583441
[2020-05-14 21:02:42,918]: Q : 0.05731198668041242
[2020-05-14 21:02:42,918]: G : 0.057049318547882054
[2020-05-14 21:02:42,918]: P : 0.05617756782048922
[2020-05-14 21:02:42,918]: T : 0.05608813205498766
[2020-05-14 21:02:42,918]: L : 0.0558514984578722
[2020-05-14 21:02:42,919]: H : 0.055646917709040254
[2020-05-14 21:02:42,919]: C : 0.05370782804546202
[2020-05-14 21:02:42,919]: I : 0.05269053747477114
[2020-05-14 21:02:42,919]: S : 0.052581609347787994
[2020-05-14 21:02:42,919]: R : 0.05142006735337241
[2020-05-14 21:02:42,919]: N : 0.04860927910315203
[2020-05-14 21:02:42,919]: E : 0.04668674095574912
[2020-05-14 21:02:42,919]: V : 0.043666049871389744
[2020-05-14 21:02:42,919]: W : 0.04356170849299781
[2020-05-14 21:02:42,920]: Y : 0.041531736267820585
[2020-05-14 21:02:42,920]: M : 0.04058124560294511
[2020-05-14 21:02:42,920]: D : 0.030499721458295742
[2020-05-14 21:02:42,920]: F : 0.025053801251665713
[2020-05-14 21:02:42,946]: Start dimension reduction ...
[2020-05-14 21:02:46,633]: length=1 f1=0.4422 accuarcy=0.4521 precision=0.4432 recall=0.4521 auc=0.5539 
[2020-05-14 21:02:47,457]: length=2 f1=0.5732 accuarcy=0.5753 precision=0.5726 recall=0.5753 auc=0.6637 
[2020-05-14 21:02:48,281]: length=3 f1=0.3842 accuarcy=0.3973 precision=0.3762 recall=0.3973 auc=0.5130 
[2020-05-14 21:02:48,599]: length=4 f1=0.4478 accuarcy=0.4658 precision=0.4419 recall=0.4658 auc=0.5548 
[2020-05-14 21:02:48,902]: length=5 f1=0.4153 accuarcy=0.4247 precision=0.4103 recall=0.4247 auc=0.5403 
[2020-05-14 21:02:49,203]: length=6 f1=0.4507 accuarcy=0.4521 precision=0.4525 recall=0.4521 auc=0.5795 
[2020-05-14 21:02:49,505]: length=7 f1=0.3996 accuarcy=0.4110 precision=0.3916 recall=0.4110 auc=0.5264 
[2020-05-14 21:02:49,806]: length=8 f1=0.4153 accuarcy=0.4247 precision=0.4110 recall=0.4247 auc=0.5360 
[2020-05-14 21:02:50,111]: length=9 f1=0.4707 accuarcy=0.4795 precision=0.4673 recall=0.4795 auc=0.5845 
[2020-05-14 21:02:50,414]: length=10 f1=0.4302 accuarcy=0.4384 precision=0.4247 recall=0.4384 auc=0.5497 
[2020-05-14 21:02:50,716]: length=11 f1=0.4870 accuarcy=0.5205 precision=0.4749 recall=0.5205 auc=0.5893 
[2020-05-14 21:02:51,020]: length=12 f1=0.4648 accuarcy=0.4795 precision=0.4576 recall=0.4795 auc=0.5723 
[2020-05-14 21:02:51,320]: length=13 f1=0.4528 accuarcy=0.4795 precision=0.4398 recall=0.4795 auc=0.5644 
[2020-05-14 21:02:51,631]: length=14 f1=0.4997 accuarcy=0.5205 precision=0.5072 recall=0.5205 auc=0.5902 
[2020-05-14 21:02:51,933]: length=15 f1=0.4289 accuarcy=0.4658 precision=0.4285 recall=0.4658 auc=0.5382 
[2020-05-14 21:02:52,239]: length=16 f1=0.4591 accuarcy=0.4795 precision=0.4532 recall=0.4795 auc=0.5675 
[2020-05-14 21:02:52,548]: length=17 f1=0.4384 accuarcy=0.4658 precision=0.4221 recall=0.4658 auc=0.5577 
[2020-05-14 21:02:52,852]: length=18 f1=0.4912 accuarcy=0.5068 precision=0.4834 recall=0.5068 auc=0.5926 
[2020-05-14 21:02:53,154]: length=19 f1=0.4648 accuarcy=0.4795 precision=0.4576 recall=0.4795 auc=0.5723 
[2020-05-14 21:02:53,457]: length=20 f1=0.4566 accuarcy=0.4795 precision=0.4464 recall=0.4795 auc=0.5647 
[2020-05-14 21:02:53,457]: ----------
[2020-05-14 21:02:53,457]: the max f1 = 0.5732
[2020-05-14 21:02:53,458]: ['K' 'A'],length = 2
[2020-05-14 21:02:53,458]: -----------
[2020-05-14 21:02:53,797]: ***confusion matrix***
Predicted  0.0  1.0  2.0
Actual                  
0.0          7    3    7
1.0          2   13    6
2.0          6    7   22
[2020-05-14 21:02:53,800]: f1 =0.5732 
[2020-05-14 21:02:53,800]: accuarcy = 0.5753 
[2020-05-14 21:02:53,802]: precision =0.5726 
[2020-05-14 21:02:53,804]: recall =0.5753
[2020-05-14 21:02:53,809]: auc = 0.6637
[2020-05-14 21:02:53,817]: -----------
[2020-05-14 21:02:53,817]: The output by the terminal's log has been saved in the /home/heshida/pycharm_tmp2/Logs/202005142102.log.
[2020-05-14 21:02:53,817]: metrics have been saved in the /home/heshida/pycharm_tmp2/Results/m.csv.
[2020-05-14 21:02:54,957]: Scatter charts visualized by t-SNE dataset has been saved in the /home/heshida/pycharm_tmp2/Results/test.csv.png.
[2020-05-14 21:02:54,957]: Reduced dimensional dataset has been saved in the /home/heshida/pycharm_tmp2/Results/out.csv.
[2020-05-14 21:02:54,958]: ---mrmd 2.0 end---
