[2020-05-07 18:57:57,469]: ---mrmd 2.0 start----
[2020-05-07 18:57:58,234]: ANOVA start...
[2020-05-07 18:57:58,236]: ANOVA end.
[2020-05-07 18:57:58,237]: mic start...
[2020-05-07 18:57:58,445]: mic end.
[2020-05-07 18:57:58,445]: mrmd start...
[2020-05-07 18:57:58,472]: mrmd end.
[2020-05-07 18:57:58,472]: mRMR start...
[2020-05-07 18:57:58,510]: mRMR end.
[2020-05-07 18:57:58,510]: lasso start...
[2020-05-07 18:57:58,531]: lasso end.
[2020-05-07 18:57:58,531]: chi2 start...
[2020-05-07 18:57:58,547]: chi2 end.
[2020-05-07 18:57:58,547]: ref start...
[2020-05-07 18:57:58,621]: ref end.
[2020-05-07 18:57:58,622]: rank start ...
[2020-05-07 18:57:58,625]: The final  rank is
[2020-05-07 18:57:58,626]: K : 0.0657
[2020-05-07 18:57:58,626]: T : 0.0634
[2020-05-07 18:57:58,626]: R : 0.0602
[2020-05-07 18:57:58,626]: I : 0.0582
[2020-05-07 18:57:58,626]: Q : 0.0574
[2020-05-07 18:57:58,626]: A : 0.0569
[2020-05-07 18:57:58,626]: E : 0.0557
[2020-05-07 18:57:58,626]: V : 0.0541
[2020-05-07 18:57:58,627]: G : 0.0517
[2020-05-07 18:57:58,627]: Y : 0.0508
[2020-05-07 18:57:58,627]: P : 0.0497
[2020-05-07 18:57:58,627]: S : 0.0474
[2020-05-07 18:57:58,627]: C : 0.0472
[2020-05-07 18:57:58,627]: W : 0.0463
[2020-05-07 18:57:58,627]: N : 0.0440
[2020-05-07 18:57:58,627]: D : 0.0427
[2020-05-07 18:57:58,627]: M : 0.0397
[2020-05-07 18:57:58,628]: L : 0.0384
[2020-05-07 18:57:58,628]: H : 0.0360
[2020-05-07 18:57:58,628]: F : 0.0347
[2020-05-07 18:57:58,628]: feature_rank end
[2020-05-07 18:57:58,650]: Start dimension reduction ...
