[2020-08-07 17:31:29,275]: ---mrmd 2.0 start----
[2020-08-07 17:31:29,294]: ANOVA start...
[2020-08-07 17:31:29,408]: ANOVA  end.
[2020-08-07 17:31:29,408]: MI start...
[2020-08-07 17:31:29,849]: MI end.
[2020-08-07 17:31:29,849]: mrmd start...
[2020-08-07 17:31:29,889]: mrmd end.
[2020-08-07 17:31:29,889]: mRMR start...
[2020-08-07 17:31:30,089]: linear model start...
[2020-08-07 17:31:30,118]: linear model end.
[2020-08-07 17:31:30,118]: chi2 start...
[2020-08-07 17:31:30,132]: chi2 end.
[2020-08-07 17:31:30,133]: tree feature importance start...
[2020-08-07 17:31:30,562]: tree feature importance  end.
[2020-08-07 17:31:30,562]: F_value start...
[2020-08-07 17:31:30,570]: F_value  end.
[2020-08-07 17:31:30,570]: ref start...
[2020-08-07 17:31:37,609]: ref end.
[2020-08-07 17:31:37,621]: The final  rank is
[2020-08-07 17:31:37,621]: G : 0.060568492320049294
[2020-08-07 17:31:37,621]: P : 0.05837914571126021
[2020-08-07 17:31:37,621]: C : 0.05739675919009132
[2020-08-07 17:31:37,622]: Q : 0.056672637789412075
[2020-08-07 17:31:37,622]: S : 0.05627200238773844
[2020-08-07 17:31:37,622]: K : 0.053945284110377925
[2020-08-07 17:31:37,622]: L : 0.05300246301869314
[2020-08-07 17:31:37,622]: M : 0.05192305180690064
[2020-08-07 17:31:37,622]: V : 0.05165730096922154
[2020-08-07 17:31:37,622]: Y : 0.051448025227541216
[2020-08-07 17:31:37,622]: R : 0.05023263265705308
[2020-08-07 17:31:37,622]: N : 0.04897334034543563
[2020-08-07 17:31:37,622]: T : 0.04814601719402963
[2020-08-07 17:31:37,622]: I : 0.04783770076036455
[2020-08-07 17:31:37,622]: E : 0.04645822276919448
[2020-08-07 17:31:37,622]: H : 0.04511860018636518
[2020-08-07 17:31:37,622]: W : 0.04440825113723167
[2020-08-07 17:31:37,623]: A : 0.04416884384964298
[2020-08-07 17:31:37,623]: D : 0.042012980243723685
[2020-08-07 17:31:37,623]: F : 0.03137824832567314
[2020-08-07 17:31:37,638]: Start dimension reduction ...
[2020-08-07 17:31:39,717]: length=1 f1=0.4045 accuarcy=0.4521 precision=0.3678 recall=0.4521 auc=0.5327 
[2020-08-07 17:31:40,014]: length=2 f1=0.4555 accuarcy=0.4658 precision=0.4533 recall=0.4658 auc=0.5835 
[2020-08-07 17:31:40,301]: length=3 f1=0.4778 accuarcy=0.4795 precision=0.4773 recall=0.4795 auc=0.5988 
[2020-08-07 17:31:40,581]: length=4 f1=0.3953 accuarcy=0.4110 precision=0.3871 recall=0.4110 auc=0.5279 
[2020-08-07 17:31:40,856]: length=5 f1=0.3589 accuarcy=0.3562 precision=0.3643 recall=0.3562 auc=0.5082 
[2020-08-07 17:31:41,134]: length=6 f1=0.3699 accuarcy=0.3699 precision=0.3699 recall=0.3699 auc=0.5064 
[2020-08-07 17:31:41,461]: length=7 f1=0.3801 accuarcy=0.3836 precision=0.3771 recall=0.3836 auc=0.5139 
[2020-08-07 17:31:41,753]: length=8 f1=0.3974 accuarcy=0.4110 precision=0.3898 recall=0.4110 auc=0.5218 
[2020-08-07 17:31:42,047]: length=9 f1=0.3713 accuarcy=0.3836 precision=0.3654 recall=0.3836 auc=0.4985 
[2020-08-07 17:31:42,337]: length=10 f1=0.4436 accuarcy=0.4521 precision=0.4378 recall=0.4521 auc=0.5608 
[2020-08-07 17:31:42,625]: length=11 f1=0.4707 accuarcy=0.4795 precision=0.4673 recall=0.4795 auc=0.5845 
[2020-08-07 17:31:42,898]: length=12 f1=0.4285 accuarcy=0.4521 precision=0.4128 recall=0.4521 auc=0.5499 
[2020-08-07 17:31:43,246]: length=13 f1=0.4616 accuarcy=0.4658 precision=0.4615 recall=0.4658 auc=0.5741 
[2020-08-07 17:31:43,584]: length=14 f1=0.4218 accuarcy=0.4384 precision=0.4142 recall=0.4384 auc=0.5406 
[2020-08-07 17:31:44,101]: length=15 f1=0.4783 accuarcy=0.4932 precision=0.4766 recall=0.4932 auc=0.5817 
[2020-08-07 17:31:44,420]: length=16 f1=0.4531 accuarcy=0.4658 precision=0.4474 recall=0.4658 auc=0.5703 
[2020-08-07 17:31:44,738]: length=17 f1=0.4381 accuarcy=0.4658 precision=0.4459 recall=0.4658 auc=0.5501 
[2020-08-07 17:31:45,021]: length=18 f1=0.4703 accuarcy=0.4932 precision=0.4533 recall=0.4932 auc=0.5828 
[2020-08-07 17:31:45,299]: length=19 f1=0.4521 accuarcy=0.4795 precision=0.4561 recall=0.4795 auc=0.5583 
[2020-08-07 17:31:45,588]: length=20 f1=0.4773 accuarcy=0.4932 precision=0.4914 recall=0.4932 auc=0.5718 
[2020-08-07 17:31:45,589]: ----------
[2020-08-07 17:31:45,589]: the max f1 = 0.4783
[2020-08-07 17:31:45,589]: ['G' 'P' 'C' 'Q' 'S' 'K' 'L' 'M' 'V' 'Y' 'R' 'N' 'T' 'I' 'E'],length = 15
[2020-08-07 17:31:45,589]: -----------
[2020-08-07 17:31:45,908]: ***confusion matrix***
Predicted  0.0  1.0  2.0
Actual                  
0.0          3    1   13
1.0          0   12    9
2.0          7    7   21
[2020-08-07 17:31:45,909]: f1 =0.4783 
[2020-08-07 17:31:45,910]: accuarcy = 0.4932 
[2020-08-07 17:31:45,910]: precision =0.4766 
[2020-08-07 17:31:45,911]: recall =0.4932
[2020-08-07 17:31:45,913]: auc = 0.5817
[2020-08-07 17:31:45,920]: -----------
[2020-08-07 17:31:45,920]: The output by the terminal's log has been saved in the C:\Users\Administer\Desktop\工作\MRMD3.0\Logs\202008071731.log.
[2020-08-07 17:31:45,920]: metrics have been saved in the C:\Users\Administer\Desktop\工作\MRMD3.0\Results\test.metrics.csv.
[2020-08-07 17:31:45,920]: Reduced dimensional dataset has been saved in the C:\Users\Administer\Desktop\工作\MRMD3.0\Results\out.csv.
[2020-08-07 17:31:45,920]: ---mrmd 2.0 end---
