[2020-05-07 20:58:56,433]: ---mrmd 2.0 start----
[2020-05-07 20:58:57,190]: ANOVA start...
[2020-05-07 20:58:57,192]: ANOVA end.
[2020-05-07 20:58:57,193]: mic start...
[2020-05-07 20:58:57,401]: mic end.
[2020-05-07 20:58:57,401]: mrmd start...
[2020-05-07 20:58:57,428]: mrmd end.
[2020-05-07 20:58:57,428]: mRMR start...
[2020-05-07 20:58:57,465]: mRMR end.
[2020-05-07 20:58:57,465]: lasso start...
[2020-05-07 20:58:57,483]: lasso end.
[2020-05-07 20:58:57,483]: chi2 start...
[2020-05-07 20:58:57,499]: chi2 end.
[2020-05-07 20:58:57,500]: ref start...
[2020-05-07 20:58:57,576]: ref end.
[2020-05-07 20:58:57,577]: rank start ...
[2020-05-07 20:58:57,580]: The final  rank is
[2020-05-07 20:58:57,581]: K : 0.0657
[2020-05-07 20:58:57,581]: T : 0.0634
[2020-05-07 20:58:57,581]: R : 0.0602
[2020-05-07 20:58:57,581]: I : 0.0582
[2020-05-07 20:58:57,581]: Q : 0.0574
[2020-05-07 20:58:57,581]: A : 0.0569
[2020-05-07 20:58:57,581]: E : 0.0557
[2020-05-07 20:58:57,582]: V : 0.0541
[2020-05-07 20:58:57,582]: G : 0.0517
[2020-05-07 20:58:57,582]: Y : 0.0508
[2020-05-07 20:58:57,582]: P : 0.0497
[2020-05-07 20:58:57,582]: S : 0.0474
[2020-05-07 20:58:57,582]: C : 0.0472
[2020-05-07 20:58:57,582]: W : 0.0463
[2020-05-07 20:58:57,582]: N : 0.0440
[2020-05-07 20:58:57,582]: D : 0.0427
[2020-05-07 20:58:57,583]: M : 0.0397
[2020-05-07 20:58:57,583]: L : 0.0384
[2020-05-07 20:58:57,583]: H : 0.0360
[2020-05-07 20:58:57,583]: F : 0.0347
[2020-05-07 20:58:57,583]: feature_rank end
[2020-05-07 20:58:57,605]: Start dimension reduction ...
[2020-05-07 20:59:01,330]: length=1 f1=0.4422 accuarcy=0.4521 precision=0.4432 recall=0.4521 auc=0.5539 
[2020-05-07 20:59:02,425]: length=2 f1=0.4471 accuarcy=0.4521 precision=0.4441 recall=0.4521 auc=0.5643 
[2020-05-07 20:59:03,245]: length=3 f1=0.3985 accuarcy=0.4110 precision=0.3928 recall=0.4110 auc=0.5257 
[2020-05-07 20:59:03,693]: length=4 f1=0.3221 accuarcy=0.3288 precision=0.3200 recall=0.3288 auc=0.4630 
[2020-05-07 20:59:04,124]: length=5 f1=0.3905 accuarcy=0.3973 precision=0.3881 recall=0.3973 auc=0.5155 
[2020-05-07 20:59:04,512]: length=6 f1=0.4117 accuarcy=0.4247 precision=0.4100 recall=0.4247 auc=0.5311 
[2020-05-07 20:59:04,948]: length=7 f1=0.4309 accuarcy=0.4384 precision=0.4274 recall=0.4384 auc=0.5452 
[2020-05-07 20:59:05,386]: length=8 f1=0.4712 accuarcy=0.4795 precision=0.4750 recall=0.4795 auc=0.5743 
[2020-05-07 20:59:05,829]: length=9 f1=0.4809 accuarcy=0.4932 precision=0.4733 recall=0.4932 auc=0.5869 
[2020-05-07 20:59:06,275]: length=10 f1=0.5219 accuarcy=0.5205 precision=0.5263 recall=0.5205 auc=0.6184 
[2020-05-07 20:59:06,718]: length=11 f1=0.5130 accuarcy=0.5205 precision=0.5093 recall=0.5205 auc=0.6130 
[2020-05-07 20:59:07,154]: length=12 f1=0.4823 accuarcy=0.4932 precision=0.4796 recall=0.4932 auc=0.5833 
[2020-05-07 20:59:07,592]: length=13 f1=0.4884 accuarcy=0.4932 precision=0.4879 recall=0.4932 auc=0.5898 
[2020-05-07 20:59:08,022]: length=14 f1=0.4948 accuarcy=0.5068 precision=0.4880 recall=0.5068 auc=0.5968 
[2020-05-07 20:59:08,420]: length=15 f1=0.5383 accuarcy=0.5479 precision=0.5363 recall=0.5479 auc=0.6287 
[2020-05-07 20:59:08,864]: length=16 f1=0.4807 accuarcy=0.4932 precision=0.4793 recall=0.4932 auc=0.5819 
[2020-05-07 20:59:09,302]: length=17 f1=0.4492 accuarcy=0.4658 precision=0.4416 recall=0.4658 auc=0.5629 
[2020-05-07 20:59:09,749]: length=18 f1=0.4854 accuarcy=0.5068 precision=0.5020 recall=0.5068 auc=0.5793 
[2020-05-07 20:59:10,187]: length=19 f1=0.4660 accuarcy=0.4932 precision=0.4677 recall=0.4932 auc=0.5706 
[2020-05-07 20:59:10,627]: length=20 f1=0.4517 accuarcy=0.4795 precision=0.4401 recall=0.4795 auc=0.5613 
[2020-05-07 20:59:10,627]: ----------
[2020-05-07 20:59:10,628]: the max f1 = 0.5383
[2020-05-07 20:59:10,628]: ['K' 'T' 'R' 'I' 'Q' 'A' 'E' 'V' 'G' 'Y' 'P' 'S' 'C' 'W' 'N'],length = 15
[2020-05-07 20:59:10,628]: -----------
[2020-05-07 20:59:11,025]: ***confusion matrix***
[2020-05-07 20:59:11,026]:                pos_class      neg_class      
[2020-05-07 20:59:11,026]: pos_class      TP:14             FN:0              
[2020-05-07 20:59:11,026]: neg_class      FP:1              TN:4              
[2020-05-07 20:59:11,028]: f1 =0.5383 
[2020-05-07 20:59:11,028]: accuarcy = 0.5479 
[2020-05-07 20:59:11,030]: precision =0.5363 
[2020-05-07 20:59:11,032]: recall =0.5479
[2020-05-07 20:59:11,037]: auc = 0.6287
[2020-05-07 20:59:11,045]: -----------
[2020-05-07 20:59:11,045]: The output by the terminal's log has been saved in the /home/heshida/pycharm_tmp2/Logs/202005072058.log.
[2020-05-07 20:59:11,045]: metrics have been saved in the /home/heshida/pycharm_tmp2/Results/b.csv.
[2020-05-07 20:59:12,215]: Scatter charts visualized by t-SNE dataset has been saved in the /home/heshida/pycharm_tmp2/Results/test.csv.png.
[2020-05-07 20:59:12,215]: Reduced dimensional dataset has been saved in the /home/heshida/pycharm_tmp2/Results/a.csv.
[2020-05-07 20:59:12,215]: ---mrmd 2.0 end---
