[2020-05-09 20:24:00,611]: ---mrmd 2.0 start----
[2020-05-09 20:24:01,353]: ANOVA start...
[2020-05-09 20:24:01,356]: ANOVA end.
[2020-05-09 20:24:01,356]: mic start...
[2020-05-09 20:24:01,569]: mic end.
[2020-05-09 20:24:01,569]: mrmd start...
[2020-05-09 20:24:01,596]: mrmd end.
[2020-05-09 20:24:01,596]: mRMR start...
[2020-05-09 20:24:01,634]: mRMR end.
[2020-05-09 20:24:01,634]: lasso start...
[2020-05-09 20:24:01,651]: lasso end.
[2020-05-09 20:24:01,652]: chi2 start...
[2020-05-09 20:24:01,668]: chi2 end.
[2020-05-09 20:24:01,668]: ref start...
[2020-05-09 20:24:01,739]: ref end.
[2020-05-09 20:24:01,753]: The final  rank is
[2020-05-09 20:24:01,753]: K : 0.0690785632503797
[2020-05-09 20:24:01,753]: T : 0.06596555106877368
[2020-05-09 20:24:01,754]: R : 0.06242359193006594
[2020-05-09 20:24:01,754]: Q : 0.05925577100144449
[2020-05-09 20:24:01,754]: I : 0.058947516924739284
[2020-05-09 20:24:01,754]: A : 0.05800764254679676
[2020-05-09 20:24:01,754]: E : 0.05769967990753704
[2020-05-09 20:24:01,754]: V : 0.05534103970805543
[2020-05-09 20:24:01,754]: Y : 0.05244160805337384
[2020-05-09 20:24:01,754]: G : 0.0509468742195343
[2020-05-09 20:24:01,754]: P : 0.049519504745027774
[2020-05-09 20:24:01,755]: C : 0.04765237774114939
[2020-05-09 20:24:01,755]: S : 0.04749410510572205
[2020-05-09 20:24:01,755]: W : 0.046058731561151034
[2020-05-09 20:24:01,755]: N : 0.04186750312365192
[2020-05-09 20:24:01,755]: D : 0.04050797445694472
[2020-05-09 20:24:01,755]: M : 0.036770006395781624
[2020-05-09 20:24:01,755]: L : 0.03540961962154634
[2020-05-09 20:24:01,755]: H : 0.032800989537869606
[2020-05-09 20:24:01,755]: F : 0.03181134910045505
[2020-05-09 20:24:01,777]: Start dimension reduction ...
