[2020-05-14 20:08:35,063]: ---mrmd 2.0 start----
[2020-05-14 20:08:35,837]: ANOVA start...
[2020-05-14 20:08:35,854]: ANOVA  end.
[2020-05-14 20:08:35,854]: ANOVA start...
[2020-05-14 20:08:35,992]: ANOVA  end.
[2020-05-14 20:08:35,992]: mrmd start...
[2020-05-14 20:08:36,036]: mrmd end.
[2020-05-14 20:08:36,037]: mRMR start...
[2020-05-14 20:08:36,077]: mRMR end.
[2020-05-14 20:08:36,077]: lasso start...
[2020-05-14 20:08:36,102]: lasso end.
[2020-05-14 20:08:36,102]: chi2 start...
[2020-05-14 20:08:36,119]: chi2 end.
[2020-05-14 20:08:36,120]: ANOVA start...
[2020-05-14 20:08:36,133]: ANOVA  end.
[2020-05-14 20:08:36,133]: ref start...
[2020-05-14 20:08:44,800]: ref end.
[2020-05-14 20:08:44,829]: The final  rank is
[2020-05-14 20:08:44,829]: E : 0.06242454418711293
[2020-05-14 20:08:44,829]: A : 0.061219219149351446
[2020-05-14 20:08:44,829]: W : 0.0583914909132138
[2020-05-14 20:08:44,830]: K : 0.057615670793992546
[2020-05-14 20:08:44,830]: C : 0.05701357825414786
[2020-05-14 20:08:44,830]: Q : 0.05641165091655709
[2020-05-14 20:08:44,830]: T : 0.056157012860981584
[2020-05-14 20:08:44,830]: Y : 0.05548574062044488
[2020-05-14 20:08:44,830]: R : 0.054284466806724024
[2020-05-14 20:08:44,830]: P : 0.05396539797993531
[2020-05-14 20:08:44,830]: V : 0.051706012799785074
[2020-05-14 20:08:44,830]: H : 0.051204243261409675
[2020-05-14 20:08:44,831]: S : 0.050323378150680345
[2020-05-14 20:08:44,831]: G : 0.04998068222421573
[2020-05-14 20:08:44,831]: L : 0.047903049079289786
[2020-05-14 20:08:44,831]: I : 0.04455194247180873
[2020-05-14 20:08:44,831]: N : 0.042175844095233506
[2020-05-14 20:08:44,831]: M : 0.03430541455530707
[2020-05-14 20:08:44,831]: D : 0.02993151726186296
[2020-05-14 20:08:44,831]: F : 0.02494914361794566
[2020-05-14 20:08:44,857]: Start dimension reduction ...
[2020-05-14 20:08:48,433]: length=1 f1=0.3366 accuarcy=0.3425 precision=0.3319 recall=0.3425 auc=0.4707 
[2020-05-14 20:08:49,262]: length=2 f1=0.4760 accuarcy=0.4795 precision=0.4790 recall=0.4795 auc=0.5784 
[2020-05-14 20:08:50,095]: length=3 f1=0.4463 accuarcy=0.4658 precision=0.4357 recall=0.4658 auc=0.5526 
[2020-05-14 20:08:50,418]: length=4 f1=0.5421 accuarcy=0.5479 precision=0.5416 recall=0.5479 auc=0.6266 
[2020-05-14 20:08:50,720]: length=5 f1=0.4821 accuarcy=0.4795 precision=0.4857 recall=0.4795 auc=0.5953 
[2020-05-14 20:08:51,023]: length=6 f1=0.4639 accuarcy=0.4658 precision=0.4623 recall=0.4658 auc=0.5758 
[2020-05-14 20:08:51,324]: length=7 f1=0.5023 accuarcy=0.5068 precision=0.4986 recall=0.5068 auc=0.6027 
[2020-05-14 20:08:51,630]: length=8 f1=0.5315 accuarcy=0.5342 precision=0.5328 recall=0.5342 auc=0.6189 
[2020-05-14 20:08:51,932]: length=9 f1=0.5696 accuarcy=0.5753 precision=0.5695 recall=0.5753 auc=0.6469 
[2020-05-14 20:08:52,242]: length=10 f1=0.5290 accuarcy=0.5342 precision=0.5246 recall=0.5342 auc=0.6282 
[2020-05-14 20:08:52,546]: length=11 f1=0.5082 accuarcy=0.5068 precision=0.5126 recall=0.5068 auc=0.6056 
[2020-05-14 20:08:52,844]: length=12 f1=0.4877 accuarcy=0.4932 precision=0.4849 recall=0.4932 auc=0.5913 
[2020-05-14 20:08:53,143]: length=13 f1=0.4727 accuarcy=0.4795 precision=0.4696 recall=0.4795 auc=0.5816 
[2020-05-14 20:08:53,451]: length=14 f1=0.4637 accuarcy=0.4658 precision=0.4619 recall=0.4658 auc=0.5770 
[2020-05-14 20:08:53,754]: length=15 f1=0.4620 accuarcy=0.4795 precision=0.4571 recall=0.4795 auc=0.5677 
[2020-05-14 20:08:54,059]: length=16 f1=0.5076 accuarcy=0.5205 precision=0.4994 recall=0.5205 auc=0.6091 
[2020-05-14 20:08:54,366]: length=17 f1=0.4733 accuarcy=0.4932 precision=0.4728 recall=0.4932 auc=0.5743 
[2020-05-14 20:08:54,668]: length=18 f1=0.4382 accuarcy=0.4658 precision=0.4293 recall=0.4658 auc=0.5489 
[2020-05-14 20:08:54,971]: length=19 f1=0.4154 accuarcy=0.4247 precision=0.4210 recall=0.4247 auc=0.5264 
[2020-05-14 20:08:55,274]: length=20 f1=0.4751 accuarcy=0.5068 precision=0.4712 recall=0.5068 auc=0.5758 
[2020-05-14 20:08:55,275]: ----------
[2020-05-14 20:08:55,275]: the max f1 = 0.5696
[2020-05-14 20:08:55,275]: ['E' 'A' 'W' 'K' 'C' 'Q' 'T' 'Y' 'R'],length = 9
[2020-05-14 20:08:55,275]: -----------
[2020-05-14 20:08:55,618]: ***confusion matrix***
Predicted  0.0  1.0  2.0
Actual                  
0.0          4    2   11
1.0          4   13    4
2.0          7    3   25
[2020-05-14 20:08:55,620]: f1 =0.5696 
[2020-05-14 20:08:55,621]: accuarcy = 0.5753 
[2020-05-14 20:08:55,622]: precision =0.5695 
[2020-05-14 20:08:55,624]: recall =0.5753
[2020-05-14 20:08:55,629]: auc = 0.6469
[2020-05-14 20:08:55,638]: -----------
[2020-05-14 20:08:55,638]: The output by the terminal's log has been saved in the /home/heshida/pycharm_tmp2/Logs/202005142008.log.
[2020-05-14 20:08:55,638]: metrics have been saved in the /home/heshida/pycharm_tmp2/Results/m.csv.
[2020-05-14 20:08:56,766]: Scatter charts visualized by t-SNE dataset has been saved in the /home/heshida/pycharm_tmp2/Results/test.csv.png.
[2020-05-14 20:08:56,767]: Reduced dimensional dataset has been saved in the /home/heshida/pycharm_tmp2/Results/out.csv.
[2020-05-14 20:08:56,767]: ---mrmd 2.0 end---
