[2020-05-08 21:57:54,107]: ---mrmd 2.0 start----
[2020-05-08 21:57:54,854]: ANOVA start...
[2020-05-08 21:57:54,856]: ANOVA end.
[2020-05-08 21:57:54,857]: mic start...
[2020-05-08 21:57:55,071]: mic end.
[2020-05-08 21:57:55,071]: mrmd start...
[2020-05-08 21:57:55,098]: mrmd end.
[2020-05-08 21:57:55,098]: mRMR start...
[2020-05-08 21:57:55,138]: mRMR end.
[2020-05-08 21:57:55,138]: lasso start...
[2020-05-08 21:57:55,156]: lasso end.
[2020-05-08 21:57:55,156]: chi2 start...
[2020-05-08 21:57:55,172]: chi2 end.
[2020-05-08 21:57:55,172]: ref start...
[2020-05-08 21:57:55,244]: ref end.
[2020-05-08 21:57:55,252]: The final  rank is
[2020-05-08 21:57:55,252]: N : 1.2733
[2020-05-08 21:57:55,252]: L : 9.5977
[2020-05-08 21:57:55,252]: H : 9.5977
[2020-05-08 21:57:55,252]: M : 9.5977
[2020-05-08 21:57:55,252]: G : 9.5977
[2020-05-08 21:57:55,252]: F : 9.5977
[2020-05-08 21:57:55,252]: D : 9.5977
[2020-05-08 21:57:55,252]: T : 3.3255
[2020-05-08 21:57:55,252]: R : 3.3255
[2020-05-08 21:57:55,252]: S : 3.3255
[2020-05-08 21:57:55,252]: C : 3.3255
[2020-05-08 21:57:55,252]: Y : 3.3255
[2020-05-08 21:57:55,253]: E : 3.3255
[2020-05-08 21:57:55,253]: Q : 3.3255
[2020-05-08 21:57:55,253]: W : 3.3255
[2020-05-08 21:57:55,253]: A : 3.3255
[2020-05-08 21:57:55,253]: K : 3.3255
[2020-05-08 21:57:55,253]: I : 3.3255
[2020-05-08 21:57:55,253]: P : 3.3255
[2020-05-08 21:57:55,253]: V : 3.3255
[2020-05-08 21:57:55,273]: Start dimension reduction ...
[2020-05-08 21:57:58,708]: length=1 f1=0.4142 accuarcy=0.4384 precision=0.4053 recall=0.4384 auc=0.5295 
[2020-05-08 21:57:59,501]: length=2 f1=0.5034 accuarcy=0.5205 precision=0.4954 recall=0.5205 auc=0.6029 
[2020-05-08 21:58:00,298]: length=3 f1=0.4200 accuarcy=0.4521 precision=0.4062 recall=0.4521 auc=0.5368 
[2020-05-08 21:58:01,086]: length=4 f1=0.4253 accuarcy=0.4521 precision=0.4197 recall=0.4521 auc=0.5377 
[2020-05-08 21:58:01,396]: length=5 f1=0.4701 accuarcy=0.4932 precision=0.4720 recall=0.4932 auc=0.5692 
[2020-05-08 21:58:01,692]: length=6 f1=0.4464 accuarcy=0.4795 precision=0.4471 recall=0.4795 auc=0.5533 
[2020-05-08 21:58:01,994]: length=7 f1=0.3404 accuarcy=0.3836 precision=0.3446 recall=0.3836 auc=0.4731 
[2020-05-08 21:58:02,290]: length=8 f1=0.4550 accuarcy=0.4795 precision=0.4773 recall=0.4795 auc=0.5547 
[2020-05-08 21:58:02,606]: length=9 f1=0.4395 accuarcy=0.4521 precision=0.4416 recall=0.4521 auc=0.5465 
[2020-05-08 21:58:02,904]: length=10 f1=0.4485 accuarcy=0.4658 precision=0.4581 recall=0.4658 auc=0.5499 
[2020-05-08 21:58:03,206]: length=11 f1=0.4517 accuarcy=0.4795 precision=0.4401 recall=0.4795 auc=0.5613 
[2020-05-08 21:58:03,501]: length=12 f1=0.4242 accuarcy=0.4521 precision=0.4181 recall=0.4521 auc=0.5366 
[2020-05-08 21:58:03,797]: length=13 f1=0.4126 accuarcy=0.4521 precision=0.4135 recall=0.4521 auc=0.5275 
[2020-05-08 21:58:04,099]: length=14 f1=0.4165 accuarcy=0.4384 precision=0.4197 recall=0.4384 auc=0.5276 
[2020-05-08 21:58:04,394]: length=15 f1=0.4642 accuarcy=0.4932 precision=0.4706 recall=0.4932 auc=0.5663 
[2020-05-08 21:58:04,693]: length=16 f1=0.4488 accuarcy=0.4658 precision=0.4422 recall=0.4658 auc=0.5598 
[2020-05-08 21:58:04,988]: length=17 f1=0.5267 accuarcy=0.5479 precision=0.5364 recall=0.5479 auc=0.6087 
[2020-05-08 21:58:05,357]: length=18 f1=0.4406 accuarcy=0.4658 precision=0.4310 recall=0.4658 auc=0.5504 
[2020-05-08 21:58:05,653]: length=19 f1=0.4445 accuarcy=0.4658 precision=0.4454 recall=0.4658 auc=0.5508 
[2020-05-08 21:58:05,948]: length=20 f1=0.4244 accuarcy=0.4384 precision=0.4246 recall=0.4384 auc=0.5353 
[2020-05-08 21:58:05,948]: ----------
[2020-05-08 21:58:05,948]: the max f1 = 0.5267
[2020-05-08 21:58:05,949]: ['N' 'L' 'H' 'M' 'G' 'F' 'D' 'T' 'R' 'S' 'C' 'Y' 'E' 'Q' 'W' 'A' 'K'],length = 17
[2020-05-08 21:58:05,949]: -----------
[2020-05-08 21:58:06,246]: ***confusion matrix***
[2020-05-08 21:58:06,246]:                pos_class      neg_class      
[2020-05-08 21:58:06,247]: pos_class      TP:12             FN:1              
[2020-05-08 21:58:06,247]: neg_class      FP:1              TN:2              
[2020-05-08 21:58:06,249]: f1 =0.5267 
[2020-05-08 21:58:06,249]: accuarcy = 0.5479 
[2020-05-08 21:58:06,251]: precision =0.5364 
[2020-05-08 21:58:06,253]: recall =0.5479
[2020-05-08 21:58:06,258]: auc = 0.6087
[2020-05-08 21:58:06,265]: -----------
[2020-05-08 21:58:06,265]: The output by the terminal's log has been saved in the /home/heshida/pycharm_tmp2/Logs/202005082157.log.
[2020-05-08 21:58:06,265]: metrics have been saved in the /home/heshida/pycharm_tmp2/Results/b.csv.
[2020-05-08 21:58:07,386]: Scatter charts visualized by t-SNE dataset has been saved in the /home/heshida/pycharm_tmp2/Results/test.csv.png.
[2020-05-08 21:58:07,387]: Reduced dimensional dataset has been saved in the /home/heshida/pycharm_tmp2/Results/a.csv.
[2020-05-08 21:58:07,387]: ---mrmd 2.0 end---
