[2022-07-30 16:13:47,176]: ---mrmd 3.0 start----
[2022-07-30 16:13:47,918]: ANOVA start...
[2022-07-30 16:13:47,921]: ANOVA  end.
[2022-07-30 16:13:47,921]: MI start...
[2022-07-30 16:13:49,123]: MI end.
[2022-07-30 16:13:50,267]: tree feature importance start...
[2022-07-30 16:13:53,315]: tree feature importance end.
[2022-07-30 16:13:53,315]: linear model start...
[2022-07-30 16:13:53,324]: linear model end.
[2022-07-30 16:13:53,324]: chi2 start...
[2022-07-30 16:13:53,326]: chi2 end.
[2022-07-30 16:13:53,326]: tree feature importance start...
[2022-07-30 16:13:55,830]: tree feature importance  end.
[2022-07-30 16:13:55,830]: ref start...
[2022-07-30 16:13:55,861]: ref end.
[2022-07-30 16:13:55,864]: The final  rank is
[2022-07-30 16:13:55,864]: A : 0.06138699177393214
[2022-07-30 16:13:55,864]: G : 0.059570559661877805
[2022-07-30 16:13:55,864]: I : 0.05679449447311973
[2022-07-30 16:13:55,864]: Q : 0.05598165173199787
[2022-07-30 16:13:55,864]: E : 0.05584395140637125
[2022-07-30 16:13:55,864]: D : 0.055215519817610394
[2022-07-30 16:13:55,864]: Y : 0.053299409688748314
[2022-07-30 16:13:55,865]: V : 0.05273026484724619
[2022-07-30 16:13:55,865]: H : 0.052506984116085634
[2022-07-30 16:13:55,865]: R : 0.052041146528055506
[2022-07-30 16:13:55,865]: K : 0.05091254499807043
[2022-07-30 16:13:55,865]: C : 0.05054728557227326
[2022-07-30 16:13:55,865]: P : 0.04858022312744412
[2022-07-30 16:13:55,865]: T : 0.04772431284336179
[2022-07-30 16:13:55,865]: N : 0.04659286358543818
[2022-07-30 16:13:55,865]: S : 0.04510811000552301
[2022-07-30 16:13:55,865]: W : 0.04155916151166326
[2022-07-30 16:13:55,865]: F : 0.039897495267687606
[2022-07-30 16:13:55,865]: L : 0.03879093918885714
[2022-07-30 16:13:55,865]: M : 0.034916089854636276
[2022-07-30 16:13:55,867]: Start dimension reduction ...
[2022-07-30 16:13:56,668]: length=1 f1=0.6005 accuarcy=0.6027 precision=0.6002 recall=0.6027 auc=0.5951 
[2022-07-30 16:13:56,913]: length=2 f1=0.6685 accuarcy=0.6712 precision=0.6698 recall=0.6712 auc=0.6629 
[2022-07-30 16:13:57,147]: length=3 f1=0.6986 accuarcy=0.6986 precision=0.6986 recall=0.6986 auc=0.6958 
[2022-07-30 16:13:57,255]: length=4 f1=0.7933 accuarcy=0.7945 precision=0.7949 recall=0.7945 auc=0.7886 
[2022-07-30 16:13:57,356]: length=5 f1=0.8076 accuarcy=0.8082 precision=0.8081 recall=0.8082 auc=0.8038 
[2022-07-30 16:13:57,450]: length=6 f1=0.7801 accuarcy=0.7808 precision=0.7805 recall=0.7808 auc=0.7761 
[2022-07-30 16:13:57,546]: length=7 f1=0.7658 accuarcy=0.7671 precision=0.7671 recall=0.7671 auc=0.7610 
[2022-07-30 16:13:57,649]: length=8 f1=0.7942 accuarcy=0.7945 precision=0.7942 recall=0.7945 auc=0.7913 
[2022-07-30 16:13:57,906]: length=9 f1=0.7942 accuarcy=0.7945 precision=0.7942 recall=0.7945 auc=0.7913 
[2022-07-30 16:13:58,014]: length=10 f1=0.8318 accuarcy=0.8356 precision=0.8497 recall=0.8356 auc=0.8235 
[2022-07-30 16:13:58,109]: length=11 f1=0.8199 accuarcy=0.8219 precision=0.8258 recall=0.8219 auc=0.8136 
[2022-07-30 16:13:58,211]: length=12 f1=0.8356 accuarcy=0.8356 precision=0.8356 recall=0.8356 auc=0.8341 
[2022-07-30 16:13:58,307]: length=13 f1=0.8760 accuarcy=0.8767 precision=0.8783 recall=0.8767 auc=0.8716 
[2022-07-30 16:13:58,406]: length=14 f1=0.8625 accuarcy=0.8630 precision=0.8634 recall=0.8630 auc=0.8591 
[2022-07-30 16:13:58,512]: length=15 f1=0.8485 accuarcy=0.8493 precision=0.8505 recall=0.8493 auc=0.8439 
[2022-07-30 16:13:58,614]: length=16 f1=0.8199 accuarcy=0.8219 precision=0.8258 recall=0.8219 auc=0.8136 
[2022-07-30 16:13:58,715]: length=17 f1=0.8765 accuarcy=0.8767 precision=0.8767 recall=0.8767 auc=0.8742 
[2022-07-30 16:13:58,816]: length=18 f1=0.8476 accuarcy=0.8493 precision=0.8542 recall=0.8493 auc=0.8413 
[2022-07-30 16:13:58,917]: length=19 f1=0.8351 accuarcy=0.8356 precision=0.8358 recall=0.8356 auc=0.8314 
[2022-07-30 16:13:59,016]: length=20 f1=0.8625 accuarcy=0.8630 precision=0.8634 recall=0.8630 auc=0.8591 
[2022-07-30 16:13:59,016]: ----------
[2022-07-30 16:13:59,016]: the max f1 = 0.8765
[2022-07-30 16:13:59,016]: ['A' 'G' 'I' 'Q' 'E' 'D' 'Y' 'V' 'H' 'R' 'K' 'C' 'P' 'T' 'N' 'S' 'W'],length = 17
[2022-07-30 16:13:59,016]: -----------
[2022-07-30 16:13:59,123]: ***confusion matrix***
Predicted  0.0  1.0
Actual             
0.0         36    4
1.0          5   28
[2022-07-30 16:13:59,124]: f1 =0.8765 
[2022-07-30 16:13:59,124]: accuarcy = 0.8767 
[2022-07-30 16:13:59,124]: precision =0.8767 
[2022-07-30 16:13:59,124]: recall =0.8767
[2022-07-30 16:13:59,125]: auc = 0.8742
[2022-07-30 16:13:59,127]: -----------
[2022-07-30 16:13:59,127]: The output by the terminal's log has been saved in the /Users/shida/Desktop/电子科大/MRMD/MRMD3.0-master/Logs/202207301613.log.
[2022-07-30 16:13:59,127]: metrics have been saved in the /Users/shida/Desktop/电子科大/MRMD/MRMD3.0-master/Results/test.metrics.csv.
[2022-07-30 16:14:00,059]: Scatter charts visualized by t-SNE dataset has been saved in the /Users/shida/Desktop/电子科大/MRMD/MRMD3.0-master/Results/test.tsne.png.
[2022-07-30 16:14:00,059]: Reduced dimensional dataset has been saved in the /Users/shida/Desktop/电子科大/MRMD/MRMD3.0-master/Results/out.csv.
[2022-07-30 16:14:01,089]: ---mrmd 3.0 end---
